#
# There is insufficient memory for the Java Runtime Environment to continue.
# Native memory allocation (malloc) failed to allocate 1830240 bytes for Chunk::new
# Possible reasons:
#   The system is out of physical RAM or swap space
#   The process is running with CompressedOops enabled, and the Java Heap may be blocking the growth of the native heap
# Possible solutions:
#   Reduce memory load on the system
#   Increase physical memory or swap space
#   Check if swap backing store is full
#   Decrease Java heap size (-Xmx/-Xms)
#   Decrease number of Java threads
#   Decrease Java thread stack sizes (-Xss)
#   Set larger code cache with -XX:ReservedCodeCacheSize=
#   JVM is running with Unscaled Compressed Oops mode in which the Java heap is
#     placed in the first 4GB address space. The Java Heap base address is the
#     maximum limit for the native heap growth. Please use -XX:HeapBaseMinAddress
#     to set the Java Heap base and to place the Java Heap above 4GB virtual address.
# This output file may be truncated or incomplete.
#
#  Out of Memory Error (arena.cpp:189), pid=16840, tid=15096
#
# JRE version: Java(TM) SE Runtime Environment (17.0.17+8) (build 17.0.17+8-LTS-360)
# Java VM: Java HotSpot(TM) 64-Bit Server VM (17.0.17+8-LTS-360, mixed mode, sharing, tiered, compressed oops, compressed class ptrs, g1 gc, windows-amd64)
# No core dump will be written. Minidumps are not enabled by default on client versions of Windows
#

---------------  S U M M A R Y ------------

Command Line: --add-opens=java.base/java.lang=ALL-UNNAMED --add-opens=java.base/java.lang.invoke=ALL-UNNAMED --add-opens=java.base/java.util=ALL-UNNAMED --add-opens=java.prefs/java.util.prefs=ALL-UNNAMED --add-exports=jdk.compiler/com.sun.tools.javac.api=ALL-UNNAMED --add-exports=jdk.compiler/com.sun.tools.javac.util=ALL-UNNAMED --add-opens=java.base/java.util=ALL-UNNAMED --add-opens=java.prefs/java.util.prefs=ALL-UNNAMED --add-opens=java.base/java.nio.charset=ALL-UNNAMED --add-opens=java.base/java.net=ALL-UNNAMED --add-opens=java.base/java.util.concurrent.atomic=ALL-UNNAMED --add-opens=java.xml/javax.xml.namespace=ALL-UNNAMED -XX:MaxMetaspaceSize=512m -XX:ReservedCodeCacheSize=256m -XX:+HeapDumpOnOutOfMemoryError -Xmx1024m -Dfile.encoding=UTF-8 -Duser.country=IN -Duser.language=en -Duser.variant -javaagent:C:\Users\aavi7\.gradle\wrapper\dists\gradle-8.14-all\c2qonpi39x1mddn7hk5gh9iqj\gradle-8.14\lib\agents\gradle-instrumentation-agent-8.14.jar org.gradle.launcher.daemon.bootstrap.GradleDaemon 8.14

Host: AMD Ryzen 5 5500U with Radeon Graphics         , 12 cores, 5G,  Windows 11 , 64 bit Build 26100 (10.0.26100.7920)
Time: Fri Apr  3 11:46:09 2026 India Standard Time elapsed time: 160.708395 seconds (0d 0h 2m 40s)

---------------  T H R E A D  ---------------

Current thread (0x000001eed7cad270):  JavaThread "C2 CompilerThread0" daemon [_thread_in_native, id=15096, stack(0x000000ba48e00000,0x000000ba48f00000)]


Current CompileTask:
C2: 160717 12468   !   4       com.google.common.reflect.TypeVisitor::visit (225 bytes)

Stack: [0x000000ba48e00000,0x000000ba48f00000]
Native frames: (J=compiled Java code, j=interpreted, Vv=VM code, C=native code)
V  [jvm.dll+0x67a0ea]
V  [jvm.dll+0x7da56d]
V  [jvm.dll+0x7dbeb3]
V  [jvm.dll+0x7dc523]
V  [jvm.dll+0x2453af]
V  [jvm.dll+0xab763]
V  [jvm.dll+0xabd2c]
V  [jvm.dll+0x36211e]
V  [jvm.dll+0x1ba69a]
V  [jvm.dll+0x216cb7]
V  [jvm.dll+0x215f8f]
V  [jvm.dll+0x1a2b50]
V  [jvm.dll+0x22642b]
V  [jvm.dll+0x2245cb]
V  [jvm.dll+0x790964]
V  [jvm.dll+0x78af4a]
V  [jvm.dll+0x678fd5]
C  [ucrtbase.dll+0x37b0]
C  [KERNEL32.DLL+0x2e8d7]
C  [ntdll.dll+0x8c48c]


---------------  P R O C E S S  ---------------

Threads class SMR info:
_java_thread_list=0x000001eefcd7fe20, length=68, elements={
0x000001eebac36670, 0x000001eed7c8ff40, 0x000001eed7c90a00, 0x000001eed7caac40,
0x000001eed7cab500, 0x000001eed7cabdc0, 0x000001eed7cac680, 0x000001eed7cad270,
0x000001eed7cadc20, 0x000001eed7cae520, 0x000001eed7c7fb00, 0x000001eef712d7e0,
0x000001eef88960f0, 0x000001eef88965c0, 0x000001eef88982a0, 0x000001eef8898c40,
0x000001eef8896a90, 0x000001eef8898770, 0x000001eef8896f60, 0x000001eef8899110,
0x000001eef88995e0, 0x000001eef8899ab0, 0x000001eef8897900, 0x000001eef8897430,
0x000001eef8897dd0, 0x000001eefae9c080, 0x000001eefae9c550, 0x000001eefae9bbb0,
0x000001eefae9ca20, 0x000001eefae9d890, 0x000001eefae9ad40, 0x000001eefae9cef0,
0x000001eefae9dd60, 0x000001eefae9a3a0, 0x000001eefae9a870, 0x000001eefae9b6e0,
0x000001eefae9b210, 0x000001eefae9ff10, 0x000001eefae9f0a0, 0x000001eefae9f570,
0x000001eefae9fa40, 0x000001eefaea03e0, 0x000001eefaea1250, 0x000001eefaea1720,
0x000001eefaea0d80, 0x000001eef73357f0, 0x000001eef73379a0, 0x000001eef7337e70,
0x000001eef7335320, 0x000001eef7338340, 0x000001eef7334e50, 0x000001eef7339b50,
0x000001eef7336190, 0x000001eef733a020, 0x000001eef7337000, 0x000001eef7336660,
0x000001eef733a4f0, 0x000001eef733b360, 0x000001eefae99ed0, 0x000001eef915f070,
0x000001eef91603b0, 0x000001eef915d860, 0x000001eef915dd30, 0x000001eef915e200,
0x000001eef915fee0, 0x000001eef915fa10, 0x000001eef9162a30, 0x000001eef8cf7cf0
}

Java Threads: ( => current thread )
  0x000001eebac36670 JavaThread "main" [_thread_blocked, id=19044, stack(0x000000ba48100000,0x000000ba48200000)]
  0x000001eed7c8ff40 JavaThread "Reference Handler" daemon [_thread_blocked, id=24336, stack(0x000000ba48800000,0x000000ba48900000)]
  0x000001eed7c90a00 JavaThread "Finalizer" daemon [_thread_blocked, id=6588, stack(0x000000ba48900000,0x000000ba48a00000)]
  0x000001eed7caac40 JavaThread "Signal Dispatcher" daemon [_thread_blocked, id=18564, stack(0x000000ba48a00000,0x000000ba48b00000)]
  0x000001eed7cab500 JavaThread "Attach Listener" daemon [_thread_blocked, id=22788, stack(0x000000ba48b00000,0x000000ba48c00000)]
  0x000001eed7cabdc0 JavaThread "Service Thread" daemon [_thread_blocked, id=16408, stack(0x000000ba48c00000,0x000000ba48d00000)]
  0x000001eed7cac680 JavaThread "Monitor Deflation Thread" daemon [_thread_blocked, id=26448, stack(0x000000ba48d00000,0x000000ba48e00000)]
=>0x000001eed7cad270 JavaThread "C2 CompilerThread0" daemon [_thread_in_native, id=15096, stack(0x000000ba48e00000,0x000000ba48f00000)]
  0x000001eed7cadc20 JavaThread "C1 CompilerThread0" daemon [_thread_blocked, id=14940, stack(0x000000ba48f00000,0x000000ba49000000)]
  0x000001eed7cae520 JavaThread "Sweeper thread" daemon [_thread_blocked, id=17108, stack(0x000000ba49000000,0x000000ba49100000)]
  0x000001eed7c7fb00 JavaThread "Common-Cleaner" daemon [_thread_blocked, id=11952, stack(0x000000ba49100000,0x000000ba49200000)]
  0x000001eef712d7e0 JavaThread "Notification Thread" daemon [_thread_blocked, id=25096, stack(0x000000ba49200000,0x000000ba49300000)]
  0x000001eef88960f0 JavaThread "Daemon health stats" [_thread_blocked, id=25724, stack(0x000000ba49900000,0x000000ba49a00000)]
  0x000001eef88965c0 JavaThread "Incoming local TCP Connector on port 65306" [_thread_in_native, id=6964, stack(0x000000ba49600000,0x000000ba49700000)]
  0x000001eef88982a0 JavaThread "Daemon periodic checks" [_thread_blocked, id=21188, stack(0x000000ba49a00000,0x000000ba49b00000)]
  0x000001eef8898c40 JavaThread "Daemon" [_thread_blocked, id=23592, stack(0x000000ba49b00000,0x000000ba49c00000)]
  0x000001eef8896a90 JavaThread "Handler for socket connection from /127.0.0.1:65306 to /127.0.0.1:65307" [_thread_in_native, id=14800, stack(0x000000ba49c00000,0x000000ba49d00000)]
  0x000001eef8898770 JavaThread "Cancel handler" [_thread_blocked, id=20720, stack(0x000000ba49d00000,0x000000ba49e00000)]
  0x000001eef8896f60 JavaThread "Daemon worker" [_thread_in_native, id=24456, stack(0x000000ba49e00000,0x000000ba49f00000)]
  0x000001eef8899110 JavaThread "Asynchronous log dispatcher for DefaultDaemonConnection: socket connection from /127.0.0.1:65306 to /127.0.0.1:65307" [_thread_blocked, id=8960, stack(0x000000ba49f00000,0x000000ba4a000000)]
  0x000001eef88995e0 JavaThread "Stdin handler" [_thread_blocked, id=25016, stack(0x000000ba4a000000,0x000000ba4a100000)]
  0x000001eef8899ab0 JavaThread "Daemon client event forwarder" [_thread_blocked, id=26120, stack(0x000000ba4a100000,0x000000ba4a200000)]
  0x000001eef8897900 JavaThread "Cache worker for journal cache (C:\Users\aavi7\.gradle\caches\journal-1)" [_thread_blocked, id=2216, stack(0x000000ba4a800000,0x000000ba4a900000)]
  0x000001eef8897430 JavaThread "File lock request listener" [_thread_in_native, id=11964, stack(0x000000ba4a900000,0x000000ba4aa00000)]
  0x000001eef8897dd0 JavaThread "Cache worker for file hash cache (C:\Users\aavi7\.gradle\caches\8.14\fileHashes)" [_thread_blocked, id=24872, stack(0x000000ba4aa00000,0x000000ba4ab00000)]
  0x000001eefae9c080 JavaThread "Cache worker for file hash cache (C:\Users\aavi7\OneDrive\Desktop\project\project_witspace\android\.gradle\8.14\fileHashes)" [_thread_blocked, id=5644, stack(0x000000ba4ab00000,0x000000ba4ac00000)]
  0x000001eefae9c550 JavaThread "Cache worker for Build Output Cleanup Cache (C:\Users\aavi7\OneDrive\Desktop\project\project_witspace\android\.gradle\buildOutputCleanup)" [_thread_blocked, id=24508, stack(0x000000ba4ac00000,0x000000ba4ad00000)]
  0x000001eefae9bbb0 JavaThread "File watcher server" daemon [_thread_in_native, id=8628, stack(0x000000ba4af00000,0x000000ba4b000000)]
  0x000001eefae9ca20 JavaThread "File watcher consumer" daemon [_thread_blocked, id=24708, stack(0x000000ba4b000000,0x000000ba4b100000)]
  0x000001eefae9d890 JavaThread "jar transforms" [_thread_blocked, id=25224, stack(0x000000ba4b100000,0x000000ba4b200000)]
  0x000001eefae9ad40 JavaThread "jar transforms Thread 2" [_thread_blocked, id=15916, stack(0x000000ba4b200000,0x000000ba4b300000)]
  0x000001eefae9cef0 JavaThread "jar transforms Thread 3" [_thread_blocked, id=24812, stack(0x000000ba4b300000,0x000000ba4b400000)]
  0x000001eefae9dd60 JavaThread "jar transforms Thread 4" [_thread_blocked, id=25320, stack(0x000000ba4b500000,0x000000ba4b600000)]
  0x000001eefae9a3a0 JavaThread "jar transforms Thread 5" [_thread_blocked, id=15896, stack(0x000000ba4b600000,0x000000ba4b700000)]
  0x000001eefae9a870 JavaThread "Cache worker for checksums cache (C:\Users\aavi7\OneDrive\Desktop\project\project_witspace\android\.gradle\8.14\checksums)" [_thread_blocked, id=1028, stack(0x000000ba4b700000,0x000000ba4b800000)]
  0x000001eefae9b6e0 JavaThread "Cache worker for file content cache (C:\Users\aavi7\.gradle\caches\8.14\fileContent)" [_thread_blocked, id=25796, stack(0x000000ba4b800000,0x000000ba4b900000)]
  0x000001eefae9b210 JavaThread "jar transforms Thread 6" [_thread_blocked, id=6080, stack(0x000000ba4b900000,0x000000ba4ba00000)]
  0x000001eefae9ff10 JavaThread "jar transforms Thread 7" [_thread_blocked, id=23708, stack(0x000000ba4ba00000,0x000000ba4bb00000)]
  0x000001eefae9f0a0 JavaThread "jar transforms Thread 8" [_thread_blocked, id=22920, stack(0x000000ba4bb00000,0x000000ba4bc00000)]
  0x000001eefae9f570 JavaThread "jar transforms Thread 9" [_thread_blocked, id=16940, stack(0x000000ba4bc00000,0x000000ba4bd00000)]
  0x000001eefae9fa40 JavaThread "jar transforms Thread 10" [_thread_blocked, id=24960, stack(0x000000ba4bd00000,0x000000ba4be00000)]
  0x000001eefaea03e0 JavaThread "jar transforms Thread 11" [_thread_blocked, id=13636, stack(0x000000ba4be00000,0x000000ba4bf00000)]
  0x000001eefaea1250 JavaThread "jar transforms Thread 12" [_thread_blocked, id=25772, stack(0x000000ba4bf00000,0x000000ba4c000000)]
  0x000001eefaea1720 JavaThread "Cache worker for cache directory md-supplier (C:\Users\aavi7\.gradle\caches\8.14\md-supplier)" [_thread_blocked, id=25400, stack(0x000000ba4c000000,0x000000ba4c100000)]
  0x000001eefaea0d80 JavaThread "Cache worker for cache directory md-rule (C:\Users\aavi7\.gradle\caches\8.14\md-rule)" [_thread_blocked, id=24652, stack(0x000000ba4c100000,0x000000ba4c200000)]
  0x000001eef73357f0 JavaThread "Cache worker for Build Output Cleanup Cache (C:\src\flutter\packages\flutter_tools\gradle\.gradle\buildOutputCleanup)" [_thread_blocked, id=9740, stack(0x000000ba4c200000,0x000000ba4c300000)]
  0x000001eef73379a0 JavaThread "Unconstrained build operations" [_thread_blocked, id=25280, stack(0x000000ba4a200000,0x000000ba4a300000)]
  0x000001eef7337e70 JavaThread "Unconstrained build operations Thread 2" [_thread_blocked, id=25548, stack(0x000000ba4c300000,0x000000ba4c400000)]
  0x000001eef7335320 JavaThread "Unconstrained build operations Thread 3" [_thread_blocked, id=19780, stack(0x000000ba4c400000,0x000000ba4c500000)]
  0x000001eef7338340 JavaThread "Memory manager" [_thread_blocked, id=21968, stack(0x000000ba4c500000,0x000000ba4c600000)]
  0x000001eef7334e50 JavaThread "build event listener" [_thread_blocked, id=26540, stack(0x000000ba4c600000,0x000000ba4c700000)]
  0x000001eef7339b50 JavaThread "included builds" [_thread_blocked, id=23784, stack(0x000000ba4c800000,0x000000ba4c900000)]
  0x000001eef7336190 JavaThread "Cache worker for execution history cache (C:\src\flutter\packages\flutter_tools\gradle\.gradle\8.14\executionHistory)" [_thread_blocked, id=24596, stack(0x000000ba4c900000,0x000000ba4ca00000)]
  0x000001eef733a020 JavaThread "Unconstrained build operations Thread 4" [_thread_blocked, id=26600, stack(0x000000ba4ca00000,0x000000ba4cb00000)]
  0x000001eef7337000 JavaThread "Unconstrained build operations Thread 5" [_thread_blocked, id=25716, stack(0x000000ba4cb00000,0x000000ba4cc00000)]
  0x000001eef7336660 JavaThread "Unconstrained build operations Thread 6" [_thread_blocked, id=9356, stack(0x000000ba4cc00000,0x000000ba4cd00000)]
  0x000001eef733a4f0 JavaThread "Unconstrained build operations Thread 7" [_thread_blocked, id=16904, stack(0x000000ba4cd00000,0x000000ba4ce00000)]
  0x000001eef733b360 JavaThread "WorkerExecutor Queue" [_thread_blocked, id=7184, stack(0x000000ba4ce00000,0x000000ba4cf00000)]
  0x000001eefae99ed0 JavaThread "RMI Scheduler(0)" daemon [_thread_blocked, id=23296, stack(0x000000ba47f00000,0x000000ba48000000)]
  0x000001eef915f070 JavaThread "RMI GC Daemon" daemon [_thread_blocked, id=6816, stack(0x000000ba4cf00000,0x000000ba4d000000)]
  0x000001eef91603b0 JavaThread "RMI TCP Accept-0" daemon [_thread_in_native, id=16212, stack(0x000000ba4d000000,0x000000ba4d100000)]
  0x000001eef915d860 JavaThread "RMI Reaper" [_thread_blocked, id=2768, stack(0x000000ba4d100000,0x000000ba4d200000)]
  0x000001eef915dd30 JavaThread "RMI TCP Connection(2)-127.0.0.1" daemon [_thread_in_native, id=15020, stack(0x000000ba4d200000,0x000000ba4d300000)]
  0x000001eef915e200 JavaThread "Unconstrained build operations Thread 8" [_thread_blocked, id=8944, stack(0x000000ba47e00000,0x000000ba47f00000)]
  0x000001eef915fee0 JavaThread "Unconstrained build operations Thread 9" [_thread_blocked, id=11700, stack(0x000000ba48000000,0x000000ba48100000)]
  0x000001eef915fa10 JavaThread "Unconstrained build operations Thread 10" [_thread_blocked, id=25172, stack(0x000000ba4d300000,0x000000ba4d400000)]
  0x000001eef9162a30 JavaThread "build event listener" [_thread_blocked, id=19036, stack(0x000000ba4d400000,0x000000ba4d500000)]
  0x000001eef8cf7cf0 JavaThread "C2 CompilerThread1" daemon [_thread_blocked, id=24984, stack(0x000000ba4d500000,0x000000ba4d600000)]

Other Threads:
  0x000001eed7c8e900 VMThread "VM Thread" [stack: 0x000000ba48700000,0x000000ba48800000] [id=26124]
  0x000001eebac88670 WatcherThread [stack: 0x000000ba49300000,0x000000ba49400000] [id=19448]
  0x000001eebac76cd0 GCTaskThread "GC Thread#0" [stack: 0x000000ba48200000,0x000000ba48300000] [id=25088]
  0x000001eef7422a80 GCTaskThread "GC Thread#1" [stack: 0x000000ba49400000,0x000000ba49500000] [id=18848]
  0x000001eef7342270 GCTaskThread "GC Thread#2" [stack: 0x000000ba49500000,0x000000ba49600000] [id=9044]
  0x000001eef820bce0 GCTaskThread "GC Thread#3" [stack: 0x000000ba49700000,0x000000ba49800000] [id=24528]
  0x000001eef73d8250 GCTaskThread "GC Thread#4" [stack: 0x000000ba49800000,0x000000ba49900000] [id=13820]
  0x000001eef7e20a20 GCTaskThread "GC Thread#5" [stack: 0x000000ba4a300000,0x000000ba4a400000] [id=19908]
  0x000001eef7d07b80 GCTaskThread "GC Thread#6" [stack: 0x000000ba4a400000,0x000000ba4a500000] [id=16164]
  0x000001eef8f02140 GCTaskThread "GC Thread#7" [stack: 0x000000ba4a500000,0x000000ba4a600000] [id=24748]
  0x000001eef7152330 GCTaskThread "GC Thread#8" [stack: 0x000000ba4a600000,0x000000ba4a700000] [id=25340]
  0x000001eef7152b70 GCTaskThread "GC Thread#9" [stack: 0x000000ba4a700000,0x000000ba4a800000] [id=25452]
  0x000001eebac7fc90 ConcurrentGCThread "G1 Main Marker" [stack: 0x000000ba48300000,0x000000ba48400000] [id=7028]
  0x000001eebac81130 ConcurrentGCThread "G1 Conc#0" [stack: 0x000000ba48400000,0x000000ba48500000] [id=21284]
  0x000001eef7151570 ConcurrentGCThread "G1 Conc#1" [stack: 0x000000ba4ad00000,0x000000ba4ae00000] [id=22412]
  0x000001eef7151db0 ConcurrentGCThread "G1 Conc#2" [stack: 0x000000ba4ae00000,0x000000ba4af00000] [id=11728]
  0x000001eed7b50090 ConcurrentGCThread "G1 Refine#0" [stack: 0x000000ba48500000,0x000000ba48600000] [id=23132]
  0x000001eefcc5bce0 ConcurrentGCThread "G1 Refine#1" [stack: 0x000000ba4b400000,0x000000ba4b500000] [id=24476]
  0x000001eed7b51880 ConcurrentGCThread "G1 Service" [stack: 0x000000ba48600000,0x000000ba48700000] [id=15240]

Threads with active compile tasks:
C2 CompilerThread0   161790 12468   !   4       com.google.common.reflect.TypeVisitor::visit (225 bytes)

VM state: not at safepoint (normal execution)

VM Mutex/Monitor currently owned by a thread: None

Heap address: 0x00000000c0000000, size: 1024 MB, Compressed Oops mode: 32-bit

CDS archive(s) mapped at: [0x000001eed8000000-0x000001eed8bd0000-0x000001eed8bd0000), size 12386304, SharedBaseAddress: 0x000001eed8000000, ArchiveRelocationMode: 1.
Compressed class space mapped at: 0x000001eed9000000-0x000001eef3000000, reserved size: 436207616
Narrow klass base: 0x000001eed8000000, Narrow klass shift: 0, Narrow klass range: 0x100000000

GC Precious Log:
 CPUs: 12 total, 12 available
 Memory: 5989M
 Large Page Support: Disabled
 NUMA Support: Disabled
 Compressed Oops: Enabled (32-bit)
 Heap Region Size: 1M
 Heap Min Capacity: 8M
 Heap Initial Capacity: 94M
 Heap Max Capacity: 1G
 Pre-touch: Disabled
 Parallel Workers: 10
 Concurrent Workers: 3
 Concurrent Refinement Workers: 10
 Periodic GC: Disabled

Heap:
 garbage-first heap   total 228352K, used 169869K [0x00000000c0000000, 0x0000000100000000)
  region size 1024K, 50 young (51200K), 7 survivors (7168K)
 Metaspace       used 96620K, committed 97600K, reserved 557056K
  class space    used 13791K, committed 14272K, reserved 425984K

Heap Regions: E=young(eden), S=young(survivor), O=old, HS=humongous(starts), HC=humongous(continues), CS=collection set, F=free, OA=open archive, CA=closed archive, TAMS=top-at-mark-start (previous, next)
|   0|0x00000000c0000000, 0x00000000c0100000, 0x00000000c0100000|100%|HS|  |TAMS 0x00000000c0100000, 0x00000000c0000000| Complete 
|   1|0x00000000c0100000, 0x00000000c0200000, 0x00000000c0200000|100%|HC|  |TAMS 0x00000000c0200000, 0x00000000c0100000| Complete 
|   2|0x00000000c0200000, 0x00000000c0300000, 0x00000000c0300000|100%|HC|  |TAMS 0x00000000c0300000, 0x00000000c0200000| Complete 
|   3|0x00000000c0300000, 0x00000000c0400000, 0x00000000c0400000|100%| O|  |TAMS 0x00000000c0400000, 0x00000000c0300000| Untracked 
|   4|0x00000000c0400000, 0x00000000c0500000, 0x00000000c0500000|100%| O|  |TAMS 0x00000000c0500000, 0x00000000c0400000| Untracked 
|   5|0x00000000c0500000, 0x00000000c0600000, 0x00000000c0600000|100%| O|  |TAMS 0x00000000c0600000, 0x00000000c0500000| Untracked 
|   6|0x00000000c0600000, 0x00000000c0700000, 0x00000000c0700000|100%|HS|  |TAMS 0x00000000c0700000, 0x00000000c0600000| Complete 
|   7|0x00000000c0700000, 0x00000000c0800000, 0x00000000c0800000|100%| O|  |TAMS 0x00000000c0800000, 0x00000000c0700000| Untracked 
|   8|0x00000000c0800000, 0x00000000c0900000, 0x00000000c0900000|100%| O|  |TAMS 0x00000000c0900000, 0x00000000c0800000| Untracked 
|   9|0x00000000c0900000, 0x00000000c0a00000, 0x00000000c0a00000|100%| O|  |TAMS 0x00000000c0a00000, 0x00000000c0900000| Untracked 
|  10|0x00000000c0a00000, 0x00000000c0b00000, 0x00000000c0b00000|100%| O|  |TAMS 0x00000000c0b00000, 0x00000000c0a00000| Untracked 
|  11|0x00000000c0b00000, 0x00000000c0c00000, 0x00000000c0c00000|100%| O|  |TAMS 0x00000000c0c00000, 0x00000000c0b00000| Untracked 
|  12|0x00000000c0c00000, 0x00000000c0d00000, 0x00000000c0d00000|100%| O|  |TAMS 0x00000000c0d00000, 0x00000000c0c00000| Untracked 
|  13|0x00000000c0d00000, 0x00000000c0e00000, 0x00000000c0e00000|100%| O|  |TAMS 0x00000000c0e00000, 0x00000000c0d00000| Untracked 
|  14|0x00000000c0e00000, 0x00000000c0f00000, 0x00000000c0f00000|100%| O|  |TAMS 0x00000000c0f00000, 0x00000000c0e00000| Untracked 
|  15|0x00000000c0f00000, 0x00000000c1000000, 0x00000000c1000000|100%| O|  |TAMS 0x00000000c1000000, 0x00000000c0f00000| Untracked 
|  16|0x00000000c1000000, 0x00000000c1100000, 0x00000000c1100000|100%| O|  |TAMS 0x00000000c1100000, 0x00000000c1000000| Untracked 
|  17|0x00000000c1100000, 0x00000000c1200000, 0x00000000c1200000|100%| O|  |TAMS 0x00000000c1200000, 0x00000000c1100000| Untracked 
|  18|0x00000000c1200000, 0x00000000c1300000, 0x00000000c1300000|100%| O|  |TAMS 0x00000000c1300000, 0x00000000c1200000| Untracked 
|  19|0x00000000c1300000, 0x00000000c13f8c00, 0x00000000c1400000| 97%| O|  |TAMS 0x00000000c13f8c00, 0x00000000c1300000| Untracked 
|  20|0x00000000c1400000, 0x00000000c1500000, 0x00000000c1500000|100%| O|  |TAMS 0x00000000c1500000, 0x00000000c1400000| Untracked 
|  21|0x00000000c1500000, 0x00000000c1600000, 0x00000000c1600000|100%| O|  |TAMS 0x00000000c1600000, 0x00000000c1500000| Untracked 
|  22|0x00000000c1600000, 0x00000000c1700000, 0x00000000c1700000|100%| O|  |TAMS 0x00000000c1700000, 0x00000000c1600000| Untracked 
|  23|0x00000000c1700000, 0x00000000c1800000, 0x00000000c1800000|100%| O|  |TAMS 0x00000000c1800000, 0x00000000c1700000| Untracked 
|  24|0x00000000c1800000, 0x00000000c1900000, 0x00000000c1900000|100%| O|  |TAMS 0x00000000c1900000, 0x00000000c1800000| Untracked 
|  25|0x00000000c1900000, 0x00000000c1a00000, 0x00000000c1a00000|100%| O|  |TAMS 0x00000000c1a00000, 0x00000000c1900000| Untracked 
|  26|0x00000000c1a00000, 0x00000000c1b00000, 0x00000000c1b00000|100%| O|  |TAMS 0x00000000c1b00000, 0x00000000c1a00000| Untracked 
|  27|0x00000000c1b00000, 0x00000000c1c00000, 0x00000000c1c00000|100%| O|  |TAMS 0x00000000c1c00000, 0x00000000c1b00000| Untracked 
|  28|0x00000000c1c00000, 0x00000000c1d00000, 0x00000000c1d00000|100%| O|  |TAMS 0x00000000c1d00000, 0x00000000c1c00000| Untracked 
|  29|0x00000000c1d00000, 0x00000000c1e00000, 0x00000000c1e00000|100%| O|  |TAMS 0x00000000c1e00000, 0x00000000c1d00000| Untracked 
|  30|0x00000000c1e00000, 0x00000000c1f00000, 0x00000000c1f00000|100%| O|  |TAMS 0x00000000c1f00000, 0x00000000c1e00000| Untracked 
|  31|0x00000000c1f00000, 0x00000000c2000000, 0x00000000c2000000|100%| O|  |TAMS 0x00000000c2000000, 0x00000000c1f00000| Untracked 
|  32|0x00000000c2000000, 0x00000000c2100000, 0x00000000c2100000|100%| O|  |TAMS 0x00000000c2100000, 0x00000000c2000000| Untracked 
|  33|0x00000000c2100000, 0x00000000c2200000, 0x00000000c2200000|100%| O|  |TAMS 0x00000000c2200000, 0x00000000c2100000| Untracked 
|  34|0x00000000c2200000, 0x00000000c2300000, 0x00000000c2300000|100%| O|  |TAMS 0x00000000c2300000, 0x00000000c2200000| Untracked 
|  35|0x00000000c2300000, 0x00000000c2400000, 0x00000000c2400000|100%| O|  |TAMS 0x00000000c2400000, 0x00000000c2300000| Untracked 
|  36|0x00000000c2400000, 0x00000000c2500000, 0x00000000c2500000|100%| O|  |TAMS 0x00000000c2500000, 0x00000000c2400000| Untracked 
|  37|0x00000000c2500000, 0x00000000c25ffff8, 0x00000000c2600000| 99%| O|  |TAMS 0x00000000c25ffff8, 0x00000000c2500000| Untracked 
|  38|0x00000000c2600000, 0x00000000c2700000, 0x00000000c2700000|100%| O|  |TAMS 0x00000000c2700000, 0x00000000c2600000| Untracked 
|  39|0x00000000c2700000, 0x00000000c2800000, 0x00000000c2800000|100%| O|  |TAMS 0x00000000c2800000, 0x00000000c2700000| Untracked 
|  40|0x00000000c2800000, 0x00000000c2900000, 0x00000000c2900000|100%| O|  |TAMS 0x00000000c2900000, 0x00000000c2800000| Untracked 
|  41|0x00000000c2900000, 0x00000000c2a00000, 0x00000000c2a00000|100%| O|  |TAMS 0x00000000c2a00000, 0x00000000c2900000| Untracked 
|  42|0x00000000c2a00000, 0x00000000c2b00000, 0x00000000c2b00000|100%| O|  |TAMS 0x00000000c2b00000, 0x00000000c2a00000| Untracked 
|  43|0x00000000c2b00000, 0x00000000c2c00000, 0x00000000c2c00000|100%| O|  |TAMS 0x00000000c2c00000, 0x00000000c2b00000| Untracked 
|  44|0x00000000c2c00000, 0x00000000c2d00000, 0x00000000c2d00000|100%| O|  |TAMS 0x00000000c2d00000, 0x00000000c2c00000| Untracked 
|  45|0x00000000c2d00000, 0x00000000c2e00000, 0x00000000c2e00000|100%| O|  |TAMS 0x00000000c2e00000, 0x00000000c2d00000| Untracked 
|  46|0x00000000c2e00000, 0x00000000c2f00000, 0x00000000c2f00000|100%| O|  |TAMS 0x00000000c2f00000, 0x00000000c2e00000| Untracked 
|  47|0x00000000c2f00000, 0x00000000c3000000, 0x00000000c3000000|100%| O|  |TAMS 0x00000000c3000000, 0x00000000c2f00000| Untracked 
|  48|0x00000000c3000000, 0x00000000c3100000, 0x00000000c3100000|100%| O|  |TAMS 0x00000000c3000000, 0x00000000c3000000| Untracked 
|  49|0x00000000c3100000, 0x00000000c3200000, 0x00000000c3200000|100%| O|  |TAMS 0x00000000c3100000, 0x00000000c3100000| Untracked 
|  50|0x00000000c3200000, 0x00000000c3300000, 0x00000000c3300000|100%| O|  |TAMS 0x00000000c3300000, 0x00000000c3200000| Untracked 
|  51|0x00000000c3300000, 0x00000000c3400000, 0x00000000c3400000|100%|HS|  |TAMS 0x00000000c3400000, 0x00000000c3300000| Complete 
|  52|0x00000000c3400000, 0x00000000c3500000, 0x00000000c3500000|100%|HC|  |TAMS 0x00000000c3500000, 0x00000000c3400000| Complete 
|  53|0x00000000c3500000, 0x00000000c3600000, 0x00000000c3600000|100%|HS|  |TAMS 0x00000000c3600000, 0x00000000c3500000| Complete 
|  54|0x00000000c3600000, 0x00000000c3700000, 0x00000000c3700000|100%|HC|  |TAMS 0x00000000c3700000, 0x00000000c3600000| Complete 
|  55|0x00000000c3700000, 0x00000000c3800000, 0x00000000c3800000|100%|HS|  |TAMS 0x00000000c3800000, 0x00000000c3700000| Complete 
|  56|0x00000000c3800000, 0x00000000c3900000, 0x00000000c3900000|100%|HC|  |TAMS 0x00000000c3900000, 0x00000000c3800000| Complete 
|  57|0x00000000c3900000, 0x00000000c3a00000, 0x00000000c3a00000|100%|HC|  |TAMS 0x00000000c3a00000, 0x00000000c3900000| Complete 
|  58|0x00000000c3a00000, 0x00000000c3b00000, 0x00000000c3b00000|100%| O|  |TAMS 0x00000000c3b00000, 0x00000000c3a00000| Untracked 
|  59|0x00000000c3b00000, 0x00000000c3c00000, 0x00000000c3c00000|100%|HS|  |TAMS 0x00000000c3c00000, 0x00000000c3b00000| Complete 
|  60|0x00000000c3c00000, 0x00000000c3d00000, 0x00000000c3d00000|100%|HC|  |TAMS 0x00000000c3d00000, 0x00000000c3c00000| Complete 
|  61|0x00000000c3d00000, 0x00000000c3e00000, 0x00000000c3e00000|100%|HC|  |TAMS 0x00000000c3e00000, 0x00000000c3d00000| Complete 
|  62|0x00000000c3e00000, 0x00000000c3f00000, 0x00000000c3f00000|100%| O|  |TAMS 0x00000000c3f00000, 0x00000000c3e00000| Untracked 
|  63|0x00000000c3f00000, 0x00000000c4000000, 0x00000000c4000000|100%| O|  |TAMS 0x00000000c4000000, 0x00000000c3f00000| Untracked 
|  64|0x00000000c4000000, 0x00000000c4100000, 0x00000000c4100000|100%| O|  |TAMS 0x00000000c4100000, 0x00000000c4000000| Untracked 
|  65|0x00000000c4100000, 0x00000000c4200000, 0x00000000c4200000|100%| O|  |TAMS 0x00000000c4200000, 0x00000000c4100000| Untracked 
|  66|0x00000000c4200000, 0x00000000c4300000, 0x00000000c4300000|100%| O|  |TAMS 0x00000000c4300000, 0x00000000c4200000| Untracked 
|  67|0x00000000c4300000, 0x00000000c4400000, 0x00000000c4400000|100%| O|  |TAMS 0x00000000c4400000, 0x00000000c4300000| Untracked 
|  68|0x00000000c4400000, 0x00000000c4500000, 0x00000000c4500000|100%| O|  |TAMS 0x00000000c4400000, 0x00000000c4400000| Untracked 
|  69|0x00000000c4500000, 0x00000000c4600000, 0x00000000c4600000|100%| O|  |TAMS 0x00000000c4600000, 0x00000000c4500000| Untracked 
|  70|0x00000000c4600000, 0x00000000c4700000, 0x00000000c4700000|100%| O|  |TAMS 0x00000000c4700000, 0x00000000c4600000| Untracked 
|  71|0x00000000c4700000, 0x00000000c4800000, 0x00000000c4800000|100%| O|  |TAMS 0x00000000c4800000, 0x00000000c4700000| Untracked 
|  72|0x00000000c4800000, 0x00000000c4900000, 0x00000000c4900000|100%| O|  |TAMS 0x00000000c4900000, 0x00000000c4800000| Untracked 
|  73|0x00000000c4900000, 0x00000000c4a00000, 0x00000000c4a00000|100%| O|  |TAMS 0x00000000c4a00000, 0x00000000c4900000| Untracked 
|  74|0x00000000c4a00000, 0x00000000c4b00000, 0x00000000c4b00000|100%| O|  |TAMS 0x00000000c4b00000, 0x00000000c4a00000| Untracked 
|  75|0x00000000c4b00000, 0x00000000c4c00000, 0x00000000c4c00000|100%| O|  |TAMS 0x00000000c4c00000, 0x00000000c4b00000| Untracked 
|  76|0x00000000c4c00000, 0x00000000c4d00000, 0x00000000c4d00000|100%|HS|  |TAMS 0x00000000c4c00000, 0x00000000c4c00000| Complete 
|  77|0x00000000c4d00000, 0x00000000c4e00000, 0x00000000c4e00000|100%| O|  |TAMS 0x00000000c4d00000, 0x00000000c4d00000| Untracked 
|  78|0x00000000c4e00000, 0x00000000c4f00000, 0x00000000c4f00000|100%| O|  |TAMS 0x00000000c4f00000, 0x00000000c4e00000| Untracked 
|  79|0x00000000c4f00000, 0x00000000c5000000, 0x00000000c5000000|100%| O|  |TAMS 0x00000000c5000000, 0x00000000c4f00000| Untracked 
|  80|0x00000000c5000000, 0x00000000c5100000, 0x00000000c5100000|100%| O|  |TAMS 0x00000000c5100000, 0x00000000c5000000| Untracked 
|  81|0x00000000c5100000, 0x00000000c5200000, 0x00000000c5200000|100%| O|  |TAMS 0x00000000c5200000, 0x00000000c5100000| Untracked 
|  82|0x00000000c5200000, 0x00000000c5300000, 0x00000000c5300000|100%| O|  |TAMS 0x00000000c5300000, 0x00000000c5200000| Untracked 
|  83|0x00000000c5300000, 0x00000000c5400000, 0x00000000c5400000|100%| O|  |TAMS 0x00000000c5400000, 0x00000000c5300000| Untracked 
|  84|0x00000000c5400000, 0x00000000c5500000, 0x00000000c5500000|100%| O|  |TAMS 0x00000000c5500000, 0x00000000c5400000| Untracked 
|  85|0x00000000c5500000, 0x00000000c5600000, 0x00000000c5600000|100%| O|  |TAMS 0x00000000c5600000, 0x00000000c5500000| Untracked 
|  86|0x00000000c5600000, 0x00000000c5700000, 0x00000000c5700000|100%|HS|  |TAMS 0x00000000c5600000, 0x00000000c5600000| Complete 
|  87|0x00000000c5700000, 0x00000000c5800000, 0x00000000c5800000|100%|HC|  |TAMS 0x00000000c5700000, 0x00000000c5700000| Complete 
|  88|0x00000000c5800000, 0x00000000c5900000, 0x00000000c5900000|100%|HS|  |TAMS 0x00000000c5800000, 0x00000000c5800000| Complete 
|  89|0x00000000c5900000, 0x00000000c5900000, 0x00000000c5a00000|  0%| F|  |TAMS 0x00000000c5900000, 0x00000000c5900000| Untracked 
|  90|0x00000000c5a00000, 0x00000000c5b00000, 0x00000000c5b00000|100%| O|  |TAMS 0x00000000c5b00000, 0x00000000c5a00000| Untracked 
|  91|0x00000000c5b00000, 0x00000000c5c00000, 0x00000000c5c00000|100%| O|  |TAMS 0x00000000c5b00000, 0x00000000c5b00000| Untracked 
|  92|0x00000000c5c00000, 0x00000000c5d00000, 0x00000000c5d00000|100%| O|  |TAMS 0x00000000c5d00000, 0x00000000c5c00000| Untracked 
|  93|0x00000000c5d00000, 0x00000000c5e00000, 0x00000000c5e00000|100%| O|  |TAMS 0x00000000c5d00000, 0x00000000c5d00000| Untracked 
|  94|0x00000000c5e00000, 0x00000000c5f00000, 0x00000000c5f00000|100%| O|  |TAMS 0x00000000c5e00000, 0x00000000c5e00000| Untracked 
|  95|0x00000000c5f00000, 0x00000000c6000000, 0x00000000c6000000|100%| O|  |TAMS 0x00000000c5f00000, 0x00000000c5f00000| Untracked 
|  96|0x00000000c6000000, 0x00000000c6100000, 0x00000000c6100000|100%| O|  |TAMS 0x00000000c6000000, 0x00000000c6000000| Untracked 
|  97|0x00000000c6100000, 0x00000000c6200000, 0x00000000c6200000|100%| O|  |TAMS 0x00000000c6100000, 0x00000000c6100000| Untracked 
|  98|0x00000000c6200000, 0x00000000c6200000, 0x00000000c6300000|  0%| F|  |TAMS 0x00000000c6200000, 0x00000000c6200000| Untracked 
|  99|0x00000000c6300000, 0x00000000c6300000, 0x00000000c6400000|  0%| F|  |TAMS 0x00000000c6300000, 0x00000000c6300000| Untracked 
| 100|0x00000000c6400000, 0x00000000c6400000, 0x00000000c6500000|  0%| F|  |TAMS 0x00000000c6400000, 0x00000000c6400000| Untracked 
| 101|0x00000000c6500000, 0x00000000c6600000, 0x00000000c6600000|100%|HS|  |TAMS 0x00000000c6500000, 0x00000000c6500000| Complete 
| 102|0x00000000c6600000, 0x00000000c6700000, 0x00000000c6700000|100%| O|  |TAMS 0x00000000c6600000, 0x00000000c6600000| Untracked 
| 103|0x00000000c6700000, 0x00000000c6800000, 0x00000000c6800000|100%| O|  |TAMS 0x00000000c6700000, 0x00000000c6700000| Untracked 
| 104|0x00000000c6800000, 0x00000000c6900000, 0x00000000c6900000|100%| O|  |TAMS 0x00000000c6800000, 0x00000000c6800000| Untracked 
| 105|0x00000000c6900000, 0x00000000c69db600, 0x00000000c6a00000| 85%| O|  |TAMS 0x00000000c6900000, 0x00000000c6900000| Untracked 
| 106|0x00000000c6a00000, 0x00000000c6a00000, 0x00000000c6b00000|  0%| F|  |TAMS 0x00000000c6a00000, 0x00000000c6a00000| Untracked 
| 107|0x00000000c6b00000, 0x00000000c6b00000, 0x00000000c6c00000|  0%| F|  |TAMS 0x00000000c6b00000, 0x00000000c6b00000| Untracked 
| 108|0x00000000c6c00000, 0x00000000c6c00000, 0x00000000c6d00000|  0%| F|  |TAMS 0x00000000c6c00000, 0x00000000c6c00000| Untracked 
| 109|0x00000000c6d00000, 0x00000000c6e00000, 0x00000000c6e00000|100%| O|  |TAMS 0x00000000c6d00000, 0x00000000c6d00000| Untracked 
| 110|0x00000000c6e00000, 0x00000000c6f00000, 0x00000000c6f00000|100%| O|  |TAMS 0x00000000c6e00000, 0x00000000c6e00000| Untracked 
| 111|0x00000000c6f00000, 0x00000000c7000000, 0x00000000c7000000|100%|HS|  |TAMS 0x00000000c6f00000, 0x00000000c6f00000| Complete 
| 112|0x00000000c7000000, 0x00000000c7100000, 0x00000000c7100000|100%|HS|  |TAMS 0x00000000c7000000, 0x00000000c7000000| Complete 
| 113|0x00000000c7100000, 0x00000000c7200000, 0x00000000c7200000|100%| O|  |TAMS 0x00000000c7100000, 0x00000000c7100000| Untracked 
| 114|0x00000000c7200000, 0x00000000c7300000, 0x00000000c7300000|100%|HS|  |TAMS 0x00000000c7200000, 0x00000000c7200000| Complete 
| 115|0x00000000c7300000, 0x00000000c7400000, 0x00000000c7400000|100%|HC|  |TAMS 0x00000000c7300000, 0x00000000c7300000| Complete 
| 116|0x00000000c7400000, 0x00000000c7500000, 0x00000000c7500000|100%|HS|  |TAMS 0x00000000c7400000, 0x00000000c7400000| Complete 
| 117|0x00000000c7500000, 0x00000000c7600000, 0x00000000c7600000|100%|HS|  |TAMS 0x00000000c7500000, 0x00000000c7500000| Complete 
| 118|0x00000000c7600000, 0x00000000c7600000, 0x00000000c7700000|  0%| F|  |TAMS 0x00000000c7600000, 0x00000000c7600000| Untracked 
| 119|0x00000000c7700000, 0x00000000c7800000, 0x00000000c7800000|100%| O|  |TAMS 0x00000000c7700000, 0x00000000c7700000| Untracked 
| 120|0x00000000c7800000, 0x00000000c7900000, 0x00000000c7900000|100%| O|  |TAMS 0x00000000c7800000, 0x00000000c7800000| Untracked 
| 121|0x00000000c7900000, 0x00000000c7a00000, 0x00000000c7a00000|100%| O|  |TAMS 0x00000000c7900000, 0x00000000c7900000| Untracked 
| 122|0x00000000c7a00000, 0x00000000c7b00000, 0x00000000c7b00000|100%| O|  |TAMS 0x00000000c7a00000, 0x00000000c7a00000| Untracked 
| 123|0x00000000c7b00000, 0x00000000c7c00000, 0x00000000c7c00000|100%| O|  |TAMS 0x00000000c7b00000, 0x00000000c7b00000| Untracked 
| 124|0x00000000c7c00000, 0x00000000c7d00000, 0x00000000c7d00000|100%| O|  |TAMS 0x00000000c7c00000, 0x00000000c7c00000| Untracked 
| 125|0x00000000c7d00000, 0x00000000c7e00000, 0x00000000c7e00000|100%| O|  |TAMS 0x00000000c7d00000, 0x00000000c7d00000| Untracked 
| 126|0x00000000c7e00000, 0x00000000c7e00000, 0x00000000c7f00000|  0%| F|  |TAMS 0x00000000c7e00000, 0x00000000c7e00000| Untracked 
| 127|0x00000000c7f00000, 0x00000000c7f00000, 0x00000000c8000000|  0%| F|  |TAMS 0x00000000c7f00000, 0x00000000c7f00000| Untracked 
| 128|0x00000000c8000000, 0x00000000c8000000, 0x00000000c8100000|  0%| F|  |TAMS 0x00000000c8000000, 0x00000000c8000000| Untracked 
| 129|0x00000000c8100000, 0x00000000c8100000, 0x00000000c8200000|  0%| F|  |TAMS 0x00000000c8100000, 0x00000000c8100000| Untracked 
| 130|0x00000000c8200000, 0x00000000c8200000, 0x00000000c8300000|  0%| F|  |TAMS 0x00000000c8200000, 0x00000000c8200000| Untracked 
| 131|0x00000000c8300000, 0x00000000c8300000, 0x00000000c8400000|  0%| F|  |TAMS 0x00000000c8300000, 0x00000000c8300000| Untracked 
| 132|0x00000000c8400000, 0x00000000c8400000, 0x00000000c8500000|  0%| F|  |TAMS 0x00000000c8400000, 0x00000000c8400000| Untracked 
| 133|0x00000000c8500000, 0x00000000c8500000, 0x00000000c8600000|  0%| F|  |TAMS 0x00000000c8500000, 0x00000000c8500000| Untracked 
| 134|0x00000000c8600000, 0x00000000c8600000, 0x00000000c8700000|  0%| F|  |TAMS 0x00000000c8600000, 0x00000000c8600000| Untracked 
| 135|0x00000000c8700000, 0x00000000c8700000, 0x00000000c8800000|  0%| F|  |TAMS 0x00000000c8700000, 0x00000000c8700000| Untracked 
| 136|0x00000000c8800000, 0x00000000c8800000, 0x00000000c8900000|  0%| F|  |TAMS 0x00000000c8800000, 0x00000000c8800000| Untracked 
| 137|0x00000000c8900000, 0x00000000c8900000, 0x00000000c8a00000|  0%| F|  |TAMS 0x00000000c8900000, 0x00000000c8900000| Untracked 
| 138|0x00000000c8a00000, 0x00000000c8a00000, 0x00000000c8b00000|  0%| F|  |TAMS 0x00000000c8a00000, 0x00000000c8a00000| Untracked 
| 139|0x00000000c8b00000, 0x00000000c8b00000, 0x00000000c8c00000|  0%| F|  |TAMS 0x00000000c8b00000, 0x00000000c8b00000| Untracked 
| 140|0x00000000c8c00000, 0x00000000c8c00000, 0x00000000c8d00000|  0%| F|  |TAMS 0x00000000c8c00000, 0x00000000c8c00000| Untracked 
| 141|0x00000000c8d00000, 0x00000000c8d00000, 0x00000000c8e00000|  0%| F|  |TAMS 0x00000000c8d00000, 0x00000000c8d00000| Untracked 
| 142|0x00000000c8e00000, 0x00000000c8e00000, 0x00000000c8f00000|  0%| F|  |TAMS 0x00000000c8e00000, 0x00000000c8e00000| Untracked 
| 143|0x00000000c8f00000, 0x00000000c8f00000, 0x00000000c9000000|  0%| F|  |TAMS 0x00000000c8f00000, 0x00000000c8f00000| Untracked 
| 144|0x00000000c9000000, 0x00000000c9000000, 0x00000000c9100000|  0%| F|  |TAMS 0x00000000c9000000, 0x00000000c9000000| Untracked 
| 145|0x00000000c9100000, 0x00000000c9100000, 0x00000000c9200000|  0%| F|  |TAMS 0x00000000c9100000, 0x00000000c9100000| Untracked 
| 146|0x00000000c9200000, 0x00000000c9200000, 0x00000000c9300000|  0%| F|  |TAMS 0x00000000c9200000, 0x00000000c9200000| Untracked 
| 147|0x00000000c9300000, 0x00000000c9300000, 0x00000000c9400000|  0%| F|  |TAMS 0x00000000c9300000, 0x00000000c9300000| Untracked 
| 148|0x00000000c9400000, 0x00000000c9400000, 0x00000000c9500000|  0%| F|  |TAMS 0x00000000c9400000, 0x00000000c9400000| Untracked 
| 149|0x00000000c9500000, 0x00000000c9500000, 0x00000000c9600000|  0%| F|  |TAMS 0x00000000c9500000, 0x00000000c9500000| Untracked 
| 150|0x00000000c9600000, 0x00000000c9600000, 0x00000000c9700000|  0%| F|  |TAMS 0x00000000c9600000, 0x00000000c9600000| Untracked 
| 151|0x00000000c9700000, 0x00000000c9700000, 0x00000000c9800000|  0%| F|  |TAMS 0x00000000c9700000, 0x00000000c9700000| Untracked 
| 152|0x00000000c9800000, 0x00000000c9800000, 0x00000000c9900000|  0%| F|  |TAMS 0x00000000c9800000, 0x00000000c9800000| Untracked 
| 153|0x00000000c9900000, 0x00000000c9900000, 0x00000000c9a00000|  0%| F|  |TAMS 0x00000000c9900000, 0x00000000c9900000| Untracked 
| 154|0x00000000c9a00000, 0x00000000c9a00000, 0x00000000c9b00000|  0%| F|  |TAMS 0x00000000c9a00000, 0x00000000c9a00000| Untracked 
| 155|0x00000000c9b00000, 0x00000000c9b00000, 0x00000000c9c00000|  0%| F|  |TAMS 0x00000000c9b00000, 0x00000000c9b00000| Untracked 
| 156|0x00000000c9c00000, 0x00000000c9c00000, 0x00000000c9d00000|  0%| F|  |TAMS 0x00000000c9c00000, 0x00000000c9c00000| Untracked 
| 157|0x00000000c9d00000, 0x00000000c9d00000, 0x00000000c9e00000|  0%| F|  |TAMS 0x00000000c9d00000, 0x00000000c9d00000| Untracked 
| 158|0x00000000c9e00000, 0x00000000c9e00000, 0x00000000c9f00000|  0%| F|  |TAMS 0x00000000c9e00000, 0x00000000c9e00000| Untracked 
| 159|0x00000000c9f00000, 0x00000000c9f0f328, 0x00000000ca000000|  5%| S|CS|TAMS 0x00000000c9f00000, 0x00000000c9f00000| Complete 
| 160|0x00000000ca000000, 0x00000000ca100000, 0x00000000ca100000|100%| S|CS|TAMS 0x00000000ca000000, 0x00000000ca000000| Complete 
| 161|0x00000000ca100000, 0x00000000ca200000, 0x00000000ca200000|100%| S|CS|TAMS 0x00000000ca100000, 0x00000000ca100000| Complete 
| 162|0x00000000ca200000, 0x00000000ca200000, 0x00000000ca300000|  0%| F|  |TAMS 0x00000000ca200000, 0x00000000ca200000| Untracked 
| 163|0x00000000ca300000, 0x00000000ca300000, 0x00000000ca400000|  0%| F|  |TAMS 0x00000000ca300000, 0x00000000ca300000| Untracked 
| 164|0x00000000ca400000, 0x00000000ca400000, 0x00000000ca500000|  0%| F|  |TAMS 0x00000000ca400000, 0x00000000ca400000| Untracked 
| 165|0x00000000ca500000, 0x00000000ca500000, 0x00000000ca600000|  0%| F|  |TAMS 0x00000000ca500000, 0x00000000ca500000| Untracked 
| 166|0x00000000ca600000, 0x00000000ca700000, 0x00000000ca700000|100%| S|CS|TAMS 0x00000000ca600000, 0x00000000ca600000| Complete 
| 167|0x00000000ca700000, 0x00000000ca800000, 0x00000000ca800000|100%| S|CS|TAMS 0x00000000ca700000, 0x00000000ca700000| Complete 
| 168|0x00000000ca800000, 0x00000000ca900000, 0x00000000ca900000|100%| S|CS|TAMS 0x00000000ca800000, 0x00000000ca800000| Complete 
| 169|0x00000000ca900000, 0x00000000caa00000, 0x00000000caa00000|100%| S|CS|TAMS 0x00000000ca900000, 0x00000000ca900000| Complete 
| 170|0x00000000caa00000, 0x00000000caa00000, 0x00000000cab00000|  0%| F|  |TAMS 0x00000000caa00000, 0x00000000caa00000| Untracked 
| 171|0x00000000cab00000, 0x00000000cab00000, 0x00000000cac00000|  0%| F|  |TAMS 0x00000000cab00000, 0x00000000cab00000| Untracked 
| 172|0x00000000cac00000, 0x00000000cac00000, 0x00000000cad00000|  0%| F|  |TAMS 0x00000000cac00000, 0x00000000cac00000| Untracked 
| 173|0x00000000cad00000, 0x00000000cad00000, 0x00000000cae00000|  0%| F|  |TAMS 0x00000000cad00000, 0x00000000cad00000| Untracked 
| 174|0x00000000cae00000, 0x00000000cae00000, 0x00000000caf00000|  0%| F|  |TAMS 0x00000000cae00000, 0x00000000cae00000| Untracked 
| 175|0x00000000caf00000, 0x00000000caf00000, 0x00000000cb000000|  0%| F|  |TAMS 0x00000000caf00000, 0x00000000caf00000| Untracked 
| 176|0x00000000cb000000, 0x00000000cb000000, 0x00000000cb100000|  0%| F|  |TAMS 0x00000000cb000000, 0x00000000cb000000| Untracked 
| 177|0x00000000cb100000, 0x00000000cb100000, 0x00000000cb200000|  0%| F|  |TAMS 0x00000000cb100000, 0x00000000cb100000| Untracked 
| 178|0x00000000cb200000, 0x00000000cb200000, 0x00000000cb300000|  0%| F|  |TAMS 0x00000000cb200000, 0x00000000cb200000| Untracked 
| 179|0x00000000cb300000, 0x00000000cb300000, 0x00000000cb400000|  0%| F|  |TAMS 0x00000000cb300000, 0x00000000cb300000| Untracked 
| 180|0x00000000cb400000, 0x00000000cb480800, 0x00000000cb500000| 50%| E|  |TAMS 0x00000000cb400000, 0x00000000cb400000| Complete 
| 181|0x00000000cb500000, 0x00000000cb600000, 0x00000000cb600000|100%| E|CS|TAMS 0x00000000cb500000, 0x00000000cb500000| Complete 
| 182|0x00000000cb600000, 0x00000000cb700000, 0x00000000cb700000|100%| E|CS|TAMS 0x00000000cb600000, 0x00000000cb600000| Complete 
| 183|0x00000000cb700000, 0x00000000cb800000, 0x00000000cb800000|100%| E|CS|TAMS 0x00000000cb700000, 0x00000000cb700000| Complete 
| 184|0x00000000cb800000, 0x00000000cb900000, 0x00000000cb900000|100%| E|CS|TAMS 0x00000000cb800000, 0x00000000cb800000| Complete 
| 185|0x00000000cb900000, 0x00000000cba00000, 0x00000000cba00000|100%| E|CS|TAMS 0x00000000cb900000, 0x00000000cb900000| Complete 
| 186|0x00000000cba00000, 0x00000000cbb00000, 0x00000000cbb00000|100%| E|CS|TAMS 0x00000000cba00000, 0x00000000cba00000| Complete 
| 187|0x00000000cbb00000, 0x00000000cbc00000, 0x00000000cbc00000|100%| E|CS|TAMS 0x00000000cbb00000, 0x00000000cbb00000| Complete 
| 188|0x00000000cbc00000, 0x00000000cbd00000, 0x00000000cbd00000|100%| E|CS|TAMS 0x00000000cbc00000, 0x00000000cbc00000| Complete 
| 189|0x00000000cbd00000, 0x00000000cbe00000, 0x00000000cbe00000|100%| E|CS|TAMS 0x00000000cbd00000, 0x00000000cbd00000| Complete 
| 190|0x00000000cbe00000, 0x00000000cbf00000, 0x00000000cbf00000|100%| E|CS|TAMS 0x00000000cbe00000, 0x00000000cbe00000| Complete 
| 191|0x00000000cbf00000, 0x00000000cc000000, 0x00000000cc000000|100%| E|CS|TAMS 0x00000000cbf00000, 0x00000000cbf00000| Complete 
| 192|0x00000000cc000000, 0x00000000cc100000, 0x00000000cc100000|100%| E|CS|TAMS 0x00000000cc000000, 0x00000000cc000000| Complete 
| 193|0x00000000cc100000, 0x00000000cc200000, 0x00000000cc200000|100%| E|CS|TAMS 0x00000000cc100000, 0x00000000cc100000| Complete 
| 194|0x00000000cc200000, 0x00000000cc300000, 0x00000000cc300000|100%| E|CS|TAMS 0x00000000cc200000, 0x00000000cc200000| Complete 
| 195|0x00000000cc300000, 0x00000000cc400000, 0x00000000cc400000|100%| E|CS|TAMS 0x00000000cc300000, 0x00000000cc300000| Complete 
| 196|0x00000000cc400000, 0x00000000cc500000, 0x00000000cc500000|100%| E|CS|TAMS 0x00000000cc400000, 0x00000000cc400000| Complete 
| 197|0x00000000cc500000, 0x00000000cc600000, 0x00000000cc600000|100%| E|CS|TAMS 0x00000000cc500000, 0x00000000cc500000| Complete 
| 198|0x00000000cc600000, 0x00000000cc700000, 0x00000000cc700000|100%| E|CS|TAMS 0x00000000cc600000, 0x00000000cc600000| Complete 
| 199|0x00000000cc700000, 0x00000000cc800000, 0x00000000cc800000|100%| E|CS|TAMS 0x00000000cc700000, 0x00000000cc700000| Complete 
| 200|0x00000000cc800000, 0x00000000cc900000, 0x00000000cc900000|100%| E|CS|TAMS 0x00000000cc800000, 0x00000000cc800000| Complete 
| 201|0x00000000cc900000, 0x00000000cca00000, 0x00000000cca00000|100%| E|CS|TAMS 0x00000000cc900000, 0x00000000cc900000| Complete 
| 202|0x00000000cca00000, 0x00000000ccb00000, 0x00000000ccb00000|100%| E|CS|TAMS 0x00000000cca00000, 0x00000000cca00000| Complete 
| 203|0x00000000ccb00000, 0x00000000ccc00000, 0x00000000ccc00000|100%| E|CS|TAMS 0x00000000ccb00000, 0x00000000ccb00000| Complete 
| 204|0x00000000ccc00000, 0x00000000ccd00000, 0x00000000ccd00000|100%| E|CS|TAMS 0x00000000ccc00000, 0x00000000ccc00000| Complete 
| 205|0x00000000ccd00000, 0x00000000cce00000, 0x00000000cce00000|100%| E|CS|TAMS 0x00000000ccd00000, 0x00000000ccd00000| Complete 
| 206|0x00000000cce00000, 0x00000000ccf00000, 0x00000000ccf00000|100%| E|CS|TAMS 0x00000000cce00000, 0x00000000cce00000| Complete 
| 207|0x00000000ccf00000, 0x00000000cd000000, 0x00000000cd000000|100%| E|CS|TAMS 0x00000000ccf00000, 0x00000000ccf00000| Complete 
| 208|0x00000000cd000000, 0x00000000cd100000, 0x00000000cd100000|100%| E|CS|TAMS 0x00000000cd000000, 0x00000000cd000000| Complete 
| 209|0x00000000cd100000, 0x00000000cd200000, 0x00000000cd200000|100%| E|CS|TAMS 0x00000000cd100000, 0x00000000cd100000| Complete 
| 210|0x00000000cd200000, 0x00000000cd300000, 0x00000000cd300000|100%| E|CS|TAMS 0x00000000cd200000, 0x00000000cd200000| Complete 
| 211|0x00000000cd300000, 0x00000000cd400000, 0x00000000cd400000|100%| E|CS|TAMS 0x00000000cd300000, 0x00000000cd300000| Complete 
| 212|0x00000000cd400000, 0x00000000cd500000, 0x00000000cd500000|100%| E|CS|TAMS 0x00000000cd400000, 0x00000000cd400000| Complete 
| 213|0x00000000cd500000, 0x00000000cd600000, 0x00000000cd600000|100%| E|CS|TAMS 0x00000000cd500000, 0x00000000cd500000| Complete 
| 214|0x00000000cd600000, 0x00000000cd700000, 0x00000000cd700000|100%| E|CS|TAMS 0x00000000cd600000, 0x00000000cd600000| Complete 
| 215|0x00000000cd700000, 0x00000000cd800000, 0x00000000cd800000|100%| E|CS|TAMS 0x00000000cd700000, 0x00000000cd700000| Complete 
| 216|0x00000000cd800000, 0x00000000cd900000, 0x00000000cd900000|100%| E|CS|TAMS 0x00000000cd800000, 0x00000000cd800000| Complete 
| 217|0x00000000cd900000, 0x00000000cda00000, 0x00000000cda00000|100%| E|CS|TAMS 0x00000000cd900000, 0x00000000cd900000| Complete 
| 218|0x00000000cda00000, 0x00000000cdb00000, 0x00000000cdb00000|100%| E|CS|TAMS 0x00000000cda00000, 0x00000000cda00000| Complete 
| 219|0x00000000cdb00000, 0x00000000cdc00000, 0x00000000cdc00000|100%| E|CS|TAMS 0x00000000cdb00000, 0x00000000cdb00000| Complete 
| 220|0x00000000cdc00000, 0x00000000cdd00000, 0x00000000cdd00000|100%| E|CS|TAMS 0x00000000cdc00000, 0x00000000cdc00000| Complete 
| 221|0x00000000cdd00000, 0x00000000cde00000, 0x00000000cde00000|100%| E|CS|TAMS 0x00000000cdd00000, 0x00000000cdd00000| Complete 
| 222|0x00000000cde00000, 0x00000000cdf00000, 0x00000000cdf00000|100%| E|CS|TAMS 0x00000000cde00000, 0x00000000cde00000| Complete 

Card table byte_map: [0x000001eed2ca0000,0x000001eed2ea0000] _byte_map_base: 0x000001eed26a0000

Marking Bits (Prev, Next): (CMBitMap*) 0x000001eebac77200, (CMBitMap*) 0x000001eebac77240
 Prev Bits: [0x000001eed30a0000, 0x000001eed40a0000)
 Next Bits: [0x000001eed40a0000, 0x000001eed50a0000)

Polling page: 0x000001eeb8fa0000

Metaspace:

Usage:
  Non-class:     80.89 MB used.
      Class:     13.47 MB used.
       Both:     94.36 MB used.

Virtual space:
  Non-class space:      128.00 MB reserved,      81.38 MB ( 64%) committed,  2 nodes.
      Class space:      416.00 MB reserved,      13.94 MB (  3%) committed,  1 nodes.
             Both:      544.00 MB reserved,      95.31 MB ( 18%) committed. 

Chunk freelists:
   Non-Class:  14.12 MB
       Class:  2.03 MB
        Both:  16.16 MB

MaxMetaspaceSize: 512.00 MB
CompressedClassSpaceSize: 416.00 MB
Initial GC threshold: 21.00 MB
Current GC threshold: 127.19 MB
CDS: on
MetaspaceReclaimPolicy: balanced
 - commit_granule_bytes: 65536.
 - commit_granule_words: 8192.
 - virtual_space_node_default_size: 8388608.
 - enlarge_chunks_in_place: 1.
 - new_chunks_are_fully_committed: 0.
 - uncommit_free_chunks: 1.
 - use_allocation_guard: 0.
 - handle_deallocations: 1.


Internal statistics:

num_allocs_failed_limit: 6.
num_arena_births: 1424.
num_arena_deaths: 0.
num_vsnodes_births: 3.
num_vsnodes_deaths: 0.
num_space_committed: 1525.
num_space_uncommitted: 0.
num_chunks_returned_to_freelist: 6.
num_chunks_taken_from_freelist: 5696.
num_chunk_merges: 6.
num_chunk_splits: 3683.
num_chunks_enlarged: 2348.
num_inconsistent_stats: 0.

CodeHeap 'non-profiled nmethods': size=128192Kb used=7036Kb max_used=7036Kb free=121155Kb
 bounds [0x000001eeca820000, 0x000001eecaf00000, 0x000001eed2550000]
CodeHeap 'profiled nmethods': size=128192Kb used=21914Kb max_used=21914Kb free=106277Kb
 bounds [0x000001eec2550000, 0x000001eec3ac0000, 0x000001eeca280000]
CodeHeap 'non-nmethods': size=5760Kb used=2432Kb max_used=2481Kb free=3327Kb
 bounds [0x000001eeca280000, 0x000001eeca500000, 0x000001eeca820000]
 total_blobs=12005 nmethods=11030 adapters=887
 compilation: enabled
              stopped_count=0, restarted_count=0
 full_count=0

Compilation events (20 events):
Event: 159.414 Thread 0x000001eed7cadc20 12543       3       org.gradle.internal.service.DefaultServiceRegistry$OwnServices::<init> (85 bytes)
Event: 159.416 Thread 0x000001eed7cadc20 nmethod 12543 0x000001eec3aa0510 code [0x000001eec3aa0820, 0x000001eec3aa1bc8]
Event: 159.416 Thread 0x000001eed7cadc20 12544       3       org.gradle.internal.service.DefaultServiceRegistry$ThisAsService::<init> (7 bytes)
Event: 159.417 Thread 0x000001eed7cadc20 nmethod 12544 0x000001eec3aa2190 code [0x000001eec3aa2340, 0x000001eec3aa25b8]
Event: 159.417 Thread 0x000001eed7cadc20 12545       3       org.gradle.internal.service.DefaultServiceRegistry$ThisAsService::<init> (15 bytes)
Event: 159.417 Thread 0x000001eed7cadc20 nmethod 12545 0x000001eec3aa2690 code [0x000001eec3aa2840, 0x000001eec3aa2a58]
Event: 159.417 Thread 0x000001eed7cadc20 12546       3       sun.reflect.generics.parser.SignatureParser::parseClassSignature (37 bytes)
Event: 159.418 Thread 0x000001eed7cadc20 nmethod 12546 0x000001eec3aa2b10 code [0x000001eec3aa2d00, 0x000001eec3aa3088]
Event: 160.438 Thread 0x000001eed7cadc20 12547       3       java.util.concurrent.locks.ReentrantReadWriteLock$ReadLock::lock (9 bytes)
Event: 160.438 Thread 0x000001eed7cadc20 nmethod 12547 0x000001eec3aa3210 code [0x000001eec3aa33c0, 0x000001eec3aa3508]
Event: 160.438 Thread 0x000001eed7cadc20 12548       3       java.util.concurrent.locks.AbstractQueuedSynchronizer::acquireShared (20 bytes)
Event: 160.438 Thread 0x000001eed7cadc20 nmethod 12548 0x000001eec3aa3610 code [0x000001eec3aa37c0, 0x000001eec3aa3a38]
Event: 160.438 Thread 0x000001eed7cadc20 12549       3       java.util.concurrent.locks.ReentrantReadWriteLock$Sync::tryAcquireShared (177 bytes)
Event: 160.439 Thread 0x000001eed7cadc20 nmethod 12549 0x000001eec3aa3b10 code [0x000001eec3aa3d60, 0x000001eec3aa48a8]
Event: 160.439 Thread 0x000001eed7cadc20 12550       3       java.util.concurrent.locks.ReentrantReadWriteLock$ReadLock::unlock (10 bytes)
Event: 160.440 Thread 0x000001eed7cadc20 nmethod 12550 0x000001eec3aa4c10 code [0x000001eec3aa4de0, 0x000001eec3aa50b8]
Event: 160.440 Thread 0x000001eed7cadc20 12551       3       java.util.concurrent.locks.ReentrantReadWriteLock$Sync::tryReleaseShared (146 bytes)
Event: 160.441 Thread 0x000001eed7cadc20 nmethod 12551 0x000001eec3aa5210 code [0x000001eec3aa5460, 0x000001eec3aa5f98]
Event: 160.441 Thread 0x000001eed7cadc20 12552       3       kotlin.collections.ArrayDeque::isEmpty (13 bytes)
Event: 160.441 Thread 0x000001eed7cadc20 nmethod 12552 0x000001eec3aa6390 code [0x000001eec3aa6520, 0x000001eec3aa66f8]

GC Heap History (20 events):
Event: 150.783 GC heap before
{Heap before GC invocations=80 (full 0):
 garbage-first heap   total 129024K, used 116458K [0x00000000c0000000, 0x0000000100000000)
  region size 1024K, 6 young (6144K), 1 survivors (1024K)
 Metaspace       used 77198K, committed 78080K, reserved 557056K
  class space    used 10872K, committed 11328K, reserved 425984K
}
Event: 150.786 GC heap after
{Heap after GC invocations=81 (full 0):
 garbage-first heap   total 129024K, used 112608K [0x00000000c0000000, 0x0000000100000000)
  region size 1024K, 1 young (1024K), 1 survivors (1024K)
 Metaspace       used 77198K, committed 78080K, reserved 557056K
  class space    used 10872K, committed 11328K, reserved 425984K
}
Event: 150.939 GC heap before
{Heap before GC invocations=81 (full 0):
 garbage-first heap   total 129024K, used 117728K [0x00000000c0000000, 0x0000000100000000)
  region size 1024K, 6 young (6144K), 1 survivors (1024K)
 Metaspace       used 77198K, committed 78080K, reserved 557056K
  class space    used 10872K, committed 11328K, reserved 425984K
}
Event: 150.961 GC heap after
{Heap after GC invocations=82 (full 0):
 garbage-first heap   total 129024K, used 113769K [0x00000000c0000000, 0x0000000100000000)
  region size 1024K, 1 young (1024K), 1 survivors (1024K)
 Metaspace       used 77198K, committed 78080K, reserved 557056K
  class space    used 10872K, committed 11328K, reserved 425984K
}
Event: 151.181 GC heap before
{Heap before GC invocations=82 (full 0):
 garbage-first heap   total 129024K, used 118889K [0x00000000c0000000, 0x0000000100000000)
  region size 1024K, 6 young (6144K), 1 survivors (1024K)
 Metaspace       used 77200K, committed 78080K, reserved 557056K
  class space    used 10872K, committed 11328K, reserved 425984K
}
Event: 151.186 GC heap after
{Heap after GC invocations=83 (full 0):
 garbage-first heap   total 129024K, used 114658K [0x00000000c0000000, 0x0000000100000000)
  region size 1024K, 1 young (1024K), 1 survivors (1024K)
 Metaspace       used 77200K, committed 78080K, reserved 557056K
  class space    used 10872K, committed 11328K, reserved 425984K
}
Event: 151.799 GC heap before
{Heap before GC invocations=84 (full 0):
 garbage-first heap   total 193536K, used 124898K [0x00000000c0000000, 0x0000000100000000)
  region size 1024K, 9 young (9216K), 1 survivors (1024K)
 Metaspace       used 77403K, committed 78336K, reserved 557056K
  class space    used 10895K, committed 11328K, reserved 425984K
}
Event: 151.805 GC heap after
{Heap after GC invocations=85 (full 0):
 garbage-first heap   total 193536K, used 118608K [0x00000000c0000000, 0x0000000100000000)
  region size 1024K, 2 young (2048K), 2 survivors (2048K)
 Metaspace       used 77403K, committed 78336K, reserved 557056K
  class space    used 10895K, committed 11328K, reserved 425984K
}
Event: 152.185 GC heap before
{Heap before GC invocations=85 (full 0):
 garbage-first heap   total 193536K, used 129872K [0x00000000c0000000, 0x0000000100000000)
  region size 1024K, 9 young (9216K), 2 survivors (2048K)
 Metaspace       used 77409K, committed 78336K, reserved 557056K
  class space    used 10895K, committed 11328K, reserved 425984K
}
Event: 152.190 GC heap after
{Heap after GC invocations=86 (full 0):
 garbage-first heap   total 193536K, used 110334K [0x00000000c0000000, 0x0000000100000000)
  region size 1024K, 2 young (2048K), 2 survivors (2048K)
 Metaspace       used 77409K, committed 78336K, reserved 557056K
  class space    used 10895K, committed 11328K, reserved 425984K
}
Event: 152.465 GC heap before
{Heap before GC invocations=86 (full 0):
 garbage-first heap   total 193536K, used 117502K [0x00000000c0000000, 0x0000000100000000)
  region size 1024K, 9 young (9216K), 2 survivors (2048K)
 Metaspace       used 77500K, committed 78400K, reserved 557056K
  class space    used 10907K, committed 11328K, reserved 425984K
}
Event: 152.474 GC heap after
{Heap after GC invocations=87 (full 0):
 garbage-first heap   total 228352K, used 106954K [0x00000000c0000000, 0x0000000100000000)
  region size 1024K, 2 young (2048K), 2 survivors (2048K)
 Metaspace       used 77500K, committed 78400K, reserved 557056K
  class space    used 10907K, committed 11328K, reserved 425984K
}
Event: 154.724 GC heap before
{Heap before GC invocations=87 (full 0):
 garbage-first heap   total 228352K, used 168394K [0x00000000c0000000, 0x0000000100000000)
  region size 1024K, 58 young (59392K), 2 survivors (2048K)
 Metaspace       used 83358K, committed 84352K, reserved 557056K
  class space    used 12071K, committed 12544K, reserved 425984K
}
Event: 154.731 GC heap after
{Heap after GC invocations=88 (full 0):
 garbage-first heap   total 228352K, used 115336K [0x00000000c0000000, 0x0000000100000000)
  region size 1024K, 6 young (6144K), 6 survivors (6144K)
 Metaspace       used 83358K, committed 84352K, reserved 557056K
  class space    used 12071K, committed 12544K, reserved 425984K
}
Event: 156.185 GC heap before
{Heap before GC invocations=88 (full 0):
 garbage-first heap   total 228352K, used 169608K [0x00000000c0000000, 0x0000000100000000)
  region size 1024K, 58 young (59392K), 6 survivors (6144K)
 Metaspace       used 87302K, committed 88384K, reserved 557056K
  class space    used 12531K, committed 13056K, reserved 425984K
}
Event: 156.194 GC heap after
{Heap after GC invocations=89 (full 0):
 garbage-first heap   total 228352K, used 120994K [0x00000000c0000000, 0x0000000100000000)
  region size 1024K, 5 young (5120K), 5 survivors (5120K)
 Metaspace       used 87302K, committed 88384K, reserved 557056K
  class space    used 12531K, committed 13056K, reserved 425984K
}
Event: 157.290 GC heap before
{Heap before GC invocations=89 (full 0):
 garbage-first heap   total 228352K, used 178338K [0x00000000c0000000, 0x0000000100000000)
  region size 1024K, 57 young (58368K), 5 survivors (5120K)
 Metaspace       used 90551K, committed 91584K, reserved 557056K
  class space    used 12960K, committed 13440K, reserved 425984K
}
Event: 157.297 GC heap after
{Heap after GC invocations=90 (full 0):
 garbage-first heap   total 228352K, used 124019K [0x00000000c0000000, 0x0000000100000000)
  region size 1024K, 4 young (4096K), 4 survivors (4096K)
 Metaspace       used 90551K, committed 91584K, reserved 557056K
  class space    used 12960K, committed 13440K, reserved 425984K
}
Event: 158.562 GC heap before
{Heap before GC invocations=90 (full 0):
 garbage-first heap   total 228352K, used 178291K [0x00000000c0000000, 0x0000000100000000)
  region size 1024K, 57 young (58368K), 4 survivors (4096K)
 Metaspace       used 93903K, committed 94912K, reserved 557056K
  class space    used 13406K, committed 13888K, reserved 425984K
}
Event: 158.568 GC heap after
{Heap after GC invocations=91 (full 0):
 garbage-first heap   total 228352K, used 126861K [0x00000000c0000000, 0x0000000100000000)
  region size 1024K, 7 young (7168K), 7 survivors (7168K)
 Metaspace       used 93903K, committed 94912K, reserved 557056K
  class space    used 13406K, committed 13888K, reserved 425984K
}

Deoptimization events (20 events):
Event: 157.737 Thread 0x000001eef8896f60 DEOPT PACKING pc=0x000001eec2caf7b1 sp=0x000000ba49ef49f0
Event: 157.737 Thread 0x000001eef8896f60 DEOPT UNPACKING pc=0x000001eeca2d2b43 sp=0x000000ba49ef3ee0 mode 0
Event: 158.247 Thread 0x000001eef8896f60 Uncommon trap: trap_request=0xffffffd6 fr.pc=0x000001eecadab894 relative=0x0000000000000c54
Event: 158.247 Thread 0x000001eef8896f60 Uncommon trap: reason=array_check action=maybe_recompile pc=0x000001eecadab894 method=java.util.ComparableTimSort.binarySort([Ljava/lang/Object;III)V @ 215 c2
Event: 158.247 Thread 0x000001eef8896f60 DEOPT PACKING pc=0x000001eecadab894 sp=0x000000ba49ef41e0
Event: 158.247 Thread 0x000001eef8896f60 DEOPT UNPACKING pc=0x000001eeca2d23a3 sp=0x000000ba49ef41a0 mode 2
Event: 158.623 Thread 0x000001eef8896f60 DEOPT PACKING pc=0x000001eec370d53c sp=0x000000ba49ef4340
Event: 158.624 Thread 0x000001eef8896f60 DEOPT UNPACKING pc=0x000001eeca2d2b43 sp=0x000000ba49ef38c0 mode 0
Event: 158.631 Thread 0x000001eef8896f60 DEOPT PACKING pc=0x000001eec28b8ce6 sp=0x000000ba49ef4b50
Event: 158.631 Thread 0x000001eef8896f60 DEOPT UNPACKING pc=0x000001eeca2d2b43 sp=0x000000ba49ef4018 mode 0
Event: 159.113 Thread 0x000001eef8896f60 DEOPT PACKING pc=0x000001eec3861805 sp=0x000000ba49ef3a80
Event: 159.113 Thread 0x000001eef8896f60 DEOPT UNPACKING pc=0x000001eeca2d2b43 sp=0x000000ba49ef2fb8 mode 0
Event: 159.322 Thread 0x000001eef8896f60 Uncommon trap: trap_request=0xffffff45 fr.pc=0x000001eecae1b270 relative=0x0000000000000070
Event: 159.322 Thread 0x000001eef8896f60 Uncommon trap: reason=unstable_if action=reinterpret pc=0x000001eecae1b270 method=java.nio.ByteBuffer.order(Ljava/nio/ByteOrder;)Ljava/nio/ByteBuffer; @ 5 c2
Event: 159.322 Thread 0x000001eef8896f60 DEOPT PACKING pc=0x000001eecae1b270 sp=0x000000ba49ef2db0
Event: 159.322 Thread 0x000001eef8896f60 DEOPT UNPACKING pc=0x000001eeca2d23a3 sp=0x000000ba49ef2d40 mode 2
Event: 159.329 Thread 0x000001eef8896f60 Uncommon trap: trap_request=0xffffff45 fr.pc=0x000001eeca874394 relative=0x0000000000000554
Event: 159.329 Thread 0x000001eef8896f60 Uncommon trap: reason=unstable_if action=reinterpret pc=0x000001eeca874394 method=java.lang.StringLatin1.compareToCI([B[B)I @ 68 c2
Event: 159.329 Thread 0x000001eef8896f60 DEOPT PACKING pc=0x000001eeca874394 sp=0x000000ba49ef27f0
Event: 159.329 Thread 0x000001eef8896f60 DEOPT UNPACKING pc=0x000001eeca2d23a3 sp=0x000000ba49ef2670 mode 2

Classes unloaded (0 events):
No events

Classes redefined (0 events):
No events

Internal exceptions (20 events):
Event: 158.081 Thread 0x000001eef8896f60 Exception <a 'java/lang/NoSuchMethodError'{0x00000000cbcac390}: static Lorg/jetbrains/kotlin/gradle/plugin/internal/DefaultProjectIsolationStartParameterAccessor$Factory;.<clinit>()V> (0x00000000cbcac390) 
thrown [s\open\src\hotspot\share\prims\jni.cpp, line 1112]
Event: 158.088 Thread 0x000001eef8896f60 Exception <a 'java/lang/NoSuchMethodError'{0x00000000cbcf0190}: static Lorg/jetbrains/kotlin/gradle/plugin/internal/DefaultJavaExecTaskParametersCompatibility$Factory;.<clinit>()V> (0x00000000cbcf0190) 
thrown [s\open\src\hotspot\share\prims\jni.cpp, line 1112]
Event: 158.091 Thread 0x000001eef8896f60 Exception <a 'java/lang/NoSuchMethodError'{0x00000000cbb213c8}: static Lorg/jetbrains/kotlin/gradle/plugin/internal/DefaultMavenPublicationComponentAccessorFactory;.<clinit>()V> (0x00000000cbb213c8) 
thrown [s\open\src\hotspot\share\prims\jni.cpp, line 1112]
Event: 158.093 Thread 0x000001eef8896f60 Exception <a 'java/lang/NoSuchMethodError'{0x00000000cbb43d70}: static Lorg/jetbrains/kotlin/gradle/plugin/diagnostics/DefaultProblemsReporter$Factory;.<clinit>()V> (0x00000000cbb43d70) 
thrown [s\open\src\hotspot\share\prims\jni.cpp, line 1112]
Event: 158.096 Thread 0x000001eef8896f60 Exception <a 'java/lang/NoSuchMethodError'{0x00000000cbb68650}: static Lorg/jetbrains/kotlin/gradle/plugin/internal/DefaultCompatibilityConventionRegistrar$Factory;.<clinit>()V> (0x00000000cbb68650) 
thrown [s\open\src\hotspot\share\prims\jni.cpp, line 1112]
Event: 158.100 Thread 0x000001eef8896f60 Exception <a 'java/lang/NoSuchMethodError'{0x00000000cbb86d78}: static Lorg/jetbrains/kotlin/gradle/plugin/internal/DefaultConfigurationCacheStartParameterAccessorVariantFactory;.<clinit>()V> (0x00000000cbb86d78) 
thrown [s\open\src\hotspot\share\prims\jni.cpp, line 1112]
Event: 158.240 Thread 0x000001eef8896f60 Exception <a 'java/lang/NoSuchMethodError'{0x00000000cb6697f0}: static Ljava/lang/Object;.<clinit>()V> (0x00000000cb6697f0) 
thrown [s\open\src\hotspot\share\prims\jni.cpp, line 1112]
Event: 158.249 Thread 0x000001eef8896f60 Exception <a 'java/lang/NoSuchMethodError'{0x00000000cb6b9740}: static Lorg/jetbrains/kotlin/gradle/plugin/statistics/MetricContainer;.<clinit>()V> (0x00000000cb6b9740) 
thrown [s\open\src\hotspot\share\prims\jni.cpp, line 1112]
Event: 159.241 Thread 0x000001eef8896f60 Exception <a 'java/lang/ClassNotFoundException'{0x00000000cc6d82d0}: org/jetbrains/kotlin/gradle/targets/js/npm/DefaultNpmDependencyExtensionBeanInfo> (0x00000000cc6d82d0) 
thrown [s\open\src\hotspot\share\classfile\systemDictionary.cpp, line 256]
Event: 159.242 Thread 0x000001eef8896f60 Exception <a 'java/lang/ClassNotFoundException'{0x00000000cc6e3d70}: org/jetbrains/kotlin/gradle/targets/js/npm/DefaultNpmDependencyExtensionCustomizer> (0x00000000cc6e3d70) 
thrown [s\open\src\hotspot\share\classfile\systemDictionary.cpp, line 256]
Event: 159.254 Thread 0x000001eef8896f60 Exception <a 'java/lang/ClassNotFoundException'{0x00000000cc56ace8}: org/jetbrains/kotlin/gradle/targets/js/npm/NpmDependencyExtensionKt$defaultNpmDependencyDelegate$1BeanInfo> (0x00000000cc56ace8) 
thrown [s\open\src\hotspot\share\classfile\systemDictionary.cpp, line 256]
Event: 159.254 Thread 0x000001eef8896f60 Exception <a 'java/lang/ClassNotFoundException'{0x00000000cc5767d0}: org/jetbrains/kotlin/gradle/targets/js/npm/NpmDependencyExtensionDelegateBeanInfo> (0x00000000cc5767d0) 
thrown [s\open\src\hotspot\share\classfile\systemDictionary.cpp, line 256]
Event: 159.255 Thread 0x000001eef8896f60 Exception <a 'java/lang/ClassNotFoundException'{0x00000000cc5824d0}: org/jetbrains/kotlin/gradle/targets/js/npm/NpmDependencyExtensionDelegateCustomizer> (0x00000000cc5824d0) 
thrown [s\open\src\hotspot\share\classfile\systemDictionary.cpp, line 256]
Event: 159.257 Thread 0x000001eef8896f60 Exception <a 'java/lang/ClassNotFoundException'{0x00000000cc5b77d8}: org/jetbrains/kotlin/gradle/targets/js/npm/NpmDependencyExtensionKt$defaultNpmDependencyDelegate$1Customizer> (0x00000000cc5b77d8) 
thrown [s\open\src\hotspot\share\classfile\systemDictionary.cpp, line 256]
Event: 159.261 Thread 0x000001eef8896f60 Exception <a 'java/lang/ClassNotFoundException'{0x00000000cc5f38e8}: org/jetbrains/kotlin/gradle/targets/js/npm/DefaultDevNpmDependencyExtensionBeanInfo> (0x00000000cc5f38e8) 
thrown [s\open\src\hotspot\share\classfile\systemDictionary.cpp, line 256]
Event: 159.262 Thread 0x000001eef8896f60 Exception <a 'java/lang/ClassNotFoundException'{0x00000000cc5ff398}: org/jetbrains/kotlin/gradle/targets/js/npm/DefaultDevNpmDependencyExtensionCustomizer> (0x00000000cc5ff398) 
thrown [s\open\src\hotspot\share\classfile\systemDictionary.cpp, line 256]
Event: 159.269 Thread 0x000001eef8896f60 Exception <a 'java/lang/ClassNotFoundException'{0x00000000cc447758}: org/jetbrains/kotlin/gradle/targets/js/npm/DefaultPeerNpmDependencyExtensionBeanInfo> (0x00000000cc447758) 
thrown [s\open\src\hotspot\share\classfile\systemDictionary.cpp, line 256]
Event: 159.270 Thread 0x000001eef8896f60 Exception <a 'java/lang/ClassNotFoundException'{0x00000000cc453230}: org/jetbrains/kotlin/gradle/targets/js/npm/DefaultPeerNpmDependencyExtensionCustomizer> (0x00000000cc453230) 
thrown [s\open\src\hotspot\share\classfile\systemDictionary.cpp, line 256]
Event: 159.276 Thread 0x000001eef8896f60 Exception <a 'java/lang/ClassNotFoundException'{0x00000000cc4a4a48}: org/jetbrains/kotlin/gradle/targets/js/npm/DefaultPeerNpmDependencyExtension$delegate$1BeanInfo> (0x00000000cc4a4a48) 
thrown [s\open\src\hotspot\share\classfile\systemDictionary.cpp, line 256]
Event: 159.276 Thread 0x000001eef8896f60 Exception <a 'java/lang/ClassNotFoundException'{0x00000000cc4b07b8}: org/jetbrains/kotlin/gradle/targets/js/npm/DefaultPeerNpmDependencyExtension$delegate$1Customizer> (0x00000000cc4b07b8) 
thrown [s\open\src\hotspot\share\classfile\systemDictionary.cpp, line 256]

VM Operations (20 events):
Event: 152.860 Executing VM operation: HandshakeAllThreads
Event: 152.860 Executing VM operation: HandshakeAllThreads done
Event: 153.712 Executing VM operation: HandshakeAllThreads
Event: 153.713 Executing VM operation: HandshakeAllThreads done
Event: 153.713 Executing VM operation: Cleanup
Event: 153.713 Executing VM operation: Cleanup done
Event: 154.713 Executing VM operation: Cleanup
Event: 154.714 Executing VM operation: Cleanup done
Event: 154.724 Executing VM operation: G1CollectForAllocation
Event: 154.732 Executing VM operation: G1CollectForAllocation done
Event: 155.733 Executing VM operation: Cleanup
Event: 155.733 Executing VM operation: Cleanup done
Event: 156.185 Executing VM operation: G1CollectForAllocation
Event: 156.194 Executing VM operation: G1CollectForAllocation done
Event: 157.290 Executing VM operation: G1CollectForAllocation
Event: 157.297 Executing VM operation: G1CollectForAllocation done
Event: 158.561 Executing VM operation: G1CollectForAllocation
Event: 158.568 Executing VM operation: G1CollectForAllocation done
Event: 159.568 Executing VM operation: Cleanup
Event: 159.569 Executing VM operation: Cleanup done

Events (20 events):
Event: 157.723 loading class java/util/ArrayListCustomizer done
Event: 157.723 loading class java/util/ArrayListCustomizer
Event: 157.723 loading class java/util/ArrayListCustomizer done
Event: 158.274 Thread 0x000001eef9162a30 Thread added: 0x000001eef9162a30
Event: 159.318 loading class java/io/Console
Event: 159.319 loading class java/io/Console done
Event: 159.320 loading class java/nio/charset/Charset$ExtendedProviderHolder
Event: 159.320 loading class java/nio/charset/Charset$ExtendedProviderHolder done
Event: 159.320 loading class java/nio/charset/Charset$ExtendedProviderHolder$1
Event: 159.320 loading class java/nio/charset/Charset$ExtendedProviderHolder$1 done
Event: 159.334 loading class java/nio/charset/Charset$2
Event: 159.335 loading class java/nio/charset/Charset$2 done
Event: 159.335 loading class java/nio/charset/Charset$1
Event: 159.335 loading class java/nio/charset/Charset$1 done
Event: 159.337 loading class java/nio/charset/UnsupportedCharsetException
Event: 159.338 loading class java/nio/charset/UnsupportedCharsetException done
Event: 159.338 loading class java/io/Console$2
Event: 159.338 loading class jdk/internal/access/JavaIOAccess
Event: 159.339 loading class jdk/internal/access/JavaIOAccess done
Event: 159.339 loading class java/io/Console$2 done


Dynamic libraries:
0x00007ff71d960000 - 0x00007ff71d970000 	C:\Program Files\Java\jdk-17\bin\java.exe
0x00007ffd9ccc0000 - 0x00007ffd9cf27000 	C:\WINDOWS\SYSTEM32\ntdll.dll
0x00007ffd9c8e0000 - 0x00007ffd9c9a9000 	C:\WINDOWS\System32\KERNEL32.DLL
0x00007ffd99870000 - 0x00007ffd99c61000 	C:\WINDOWS\System32\KERNELBASE.dll
0x00007ffd9a910000 - 0x00007ffd9aa5b000 	C:\WINDOWS\System32\ucrtbase.dll
0x00007ffd78010000 - 0x00007ffd78029000 	C:\Program Files\Java\jdk-17\bin\jli.dll
0x00007ffd77c50000 - 0x00007ffd77c6b000 	C:\Program Files\Java\jdk-17\bin\VCRUNTIME140.dll
0x00007ffd9c9b0000 - 0x00007ffd9ca6b000 	C:\WINDOWS\System32\ADVAPI32.dll
0x00007ffd9cbd0000 - 0x00007ffd9cc79000 	C:\WINDOWS\System32\msvcrt.dll
0x00007ffd9c830000 - 0x00007ffd9c8d7000 	C:\WINDOWS\System32\sechost.dll
0x00007ffd9bbc0000 - 0x00007ffd9bcd8000 	C:\WINDOWS\System32\RPCRT4.dll
0x00007ffd9bfa0000 - 0x00007ffd9c165000 	C:\WINDOWS\System32\USER32.dll
0x00007ffd99c70000 - 0x00007ffd99c97000 	C:\WINDOWS\System32\win32u.dll
0x00007ffd890b0000 - 0x00007ffd89343000 	C:\WINDOWS\WinSxS\amd64_microsoft.windows.common-controls_6595b64144ccf1df_6.0.26100.8037_none_3e092faae333b53b\COMCTL32.dll
0x00007ffd9ad90000 - 0x00007ffd9adbb000 	C:\WINDOWS\System32\GDI32.dll
0x00007ffd9a730000 - 0x00007ffd9a85b000 	C:\WINDOWS\System32\gdi32full.dll
0x00007ffd99ca0000 - 0x00007ffd99d43000 	C:\WINDOWS\System32\msvcp_win.dll
0x00007ffd93520000 - 0x00007ffd9352b000 	C:\WINDOWS\SYSTEM32\VERSION.dll
0x00007ffd9ad50000 - 0x00007ffd9ad81000 	C:\WINDOWS\System32\IMM32.DLL
0x00007ffd948e0000 - 0x00007ffd948ec000 	C:\Program Files\Java\jdk-17\bin\vcruntime140_1.dll
0x00007ffd65370000 - 0x00007ffd653fe000 	C:\Program Files\Java\jdk-17\bin\msvcp140.dll
0x00007ffd1d3d0000 - 0x00007ffd1dfb0000 	C:\Program Files\Java\jdk-17\bin\server\jvm.dll
0x00007ffd9bbb0000 - 0x00007ffd9bbb8000 	C:\WINDOWS\System32\PSAPI.DLL
0x00007ffd92190000 - 0x00007ffd921c5000 	C:\WINDOWS\SYSTEM32\WINMM.dll
0x00007ffd91cb0000 - 0x00007ffd91cba000 	C:\WINDOWS\SYSTEM32\WSOCK32.dll
0x00007ffd9cb50000 - 0x00007ffd9cbc4000 	C:\WINDOWS\System32\WS2_32.dll
0x00007ffd98330000 - 0x00007ffd9834b000 	C:\WINDOWS\SYSTEM32\kernel.appcore.dll
0x00007ffd8a830000 - 0x00007ffd8a83a000 	C:\Program Files\Java\jdk-17\bin\jimage.dll
0x00007ffd97760000 - 0x00007ffd979a2000 	C:\WINDOWS\SYSTEM32\DBGHELP.DLL
0x00007ffd9b6d0000 - 0x00007ffd9ba52000 	C:\WINDOWS\System32\combase.dll
0x00007ffd9bce0000 - 0x00007ffd9bdb7000 	C:\WINDOWS\System32\OLEAUT32.dll
0x00007ffd88ed0000 - 0x00007ffd88f0b000 	C:\WINDOWS\SYSTEM32\dbgcore.DLL
0x00007ffd9a860000 - 0x00007ffd9a905000 	C:\WINDOWS\System32\bcryptPrimitives.dll
0x00007ffd77100000 - 0x00007ffd7710e000 	C:\Program Files\Java\jdk-17\bin\instrument.dll
0x00007ffd65340000 - 0x00007ffd65365000 	C:\Program Files\Java\jdk-17\bin\java.dll
0x00007ffd2bbf0000 - 0x00007ffd2bcc7000 	C:\Program Files\Java\jdk-17\bin\jsvml.dll
0x00007ffd9adc0000 - 0x00007ffd9b51f000 	C:\WINDOWS\System32\SHELL32.dll
0x00007ffd9a5c0000 - 0x00007ffd9a72a000 	C:\WINDOWS\System32\wintypes.dll
0x00007ffd99d50000 - 0x00007ffd9a5b4000 	C:\WINDOWS\System32\windows.storage.dll
0x00007ffd9abc0000 - 0x00007ffd9acb7000 	C:\WINDOWS\System32\SHCORE.dll
0x00007ffd9ca90000 - 0x00007ffd9caf7000 	C:\WINDOWS\System32\shlwapi.dll
0x00007ffd994c0000 - 0x00007ffd994e9000 	C:\WINDOWS\SYSTEM32\profapi.dll
0x00007ffd6b700000 - 0x00007ffd6b718000 	C:\Program Files\Java\jdk-17\bin\zip.dll
0x00007ffd61e40000 - 0x00007ffd61e59000 	C:\Program Files\Java\jdk-17\bin\net.dll
0x00007ffd92630000 - 0x00007ffd92757000 	C:\WINDOWS\SYSTEM32\WINHTTP.dll
0x00007ffd988a0000 - 0x00007ffd9890b000 	C:\WINDOWS\system32\mswsock.dll
0x00007ffd61e20000 - 0x00007ffd61e36000 	C:\Program Files\Java\jdk-17\bin\nio.dll
0x00007ffd770f0000 - 0x00007ffd77100000 	C:\Program Files\Java\jdk-17\bin\verify.dll
0x00007ffd69960000 - 0x00007ffd69987000 	C:\Users\aavi7\.gradle\native\1def1411415f61bf3af743bc5b6707747c0891f09f0c88961ee8f79bc544acac\windows-amd64\native-platform.dll
0x00007ffd28000000 - 0x00007ffd28078000 	C:\Users\aavi7\.gradle\native\0.2.7\x86_64-windows-gnu\gradle-fileevents.dll
0x00007ffd6df60000 - 0x00007ffd6df6a000 	C:\Program Files\Java\jdk-17\bin\management.dll
0x00007ffd6b690000 - 0x00007ffd6b69b000 	C:\Program Files\Java\jdk-17\bin\management_ext.dll
0x00007ffd97d00000 - 0x00007ffd97d33000 	C:\WINDOWS\SYSTEM32\IPHLPAPI.DLL
0x00007ffd9ca70000 - 0x00007ffd9ca7a000 	C:\WINDOWS\System32\NSI.dll
0x00007ffd92990000 - 0x00007ffd929ad000 	C:\WINDOWS\SYSTEM32\dhcpcsvc6.DLL
0x00007ffd92920000 - 0x00007ffd92943000 	C:\WINDOWS\SYSTEM32\dhcpcsvc.DLL
0x00007ffd97d40000 - 0x00007ffd97e6a000 	C:\WINDOWS\SYSTEM32\DNSAPI.dll
0x00007ffd98b80000 - 0x00007ffd98b9b000 	C:\WINDOWS\SYSTEM32\CRYPTSP.dll
0x00007ffd98290000 - 0x00007ffd982c9000 	C:\WINDOWS\system32\rsaenh.dll
0x00007ffd98950000 - 0x00007ffd98982000 	C:\WINDOWS\SYSTEM32\USERENV.dll
0x00007ffd99490000 - 0x00007ffd994ba000 	C:\WINDOWS\SYSTEM32\bcrypt.dll
0x00007ffd98ba0000 - 0x00007ffd98bac000 	C:\WINDOWS\SYSTEM32\CRYPTBASE.dll
0x00007ffd6ac30000 - 0x00007ffd6ac3e000 	C:\Program Files\Java\jdk-17\bin\sunmscapi.dll
0x00007ffd996f0000 - 0x00007ffd99867000 	C:\WINDOWS\System32\CRYPT32.dll
0x00007ffd98da0000 - 0x00007ffd98dd0000 	C:\WINDOWS\SYSTEM32\ncrypt.dll
0x00007ffd98d50000 - 0x00007ffd98d8f000 	C:\WINDOWS\SYSTEM32\NTASN1.dll
0x00007ffd5a030000 - 0x00007ffd5a038000 	C:\WINDOWS\system32\wshunix.dll
0x00007ffd7bcd0000 - 0x00007ffd7bce8000 	C:\WINDOWS\system32\napinsp.dll
0x00007ffd7b2d0000 - 0x00007ffd7b2e2000 	C:\WINDOWS\System32\winrnr.dll
0x00007ffd7b2a0000 - 0x00007ffd7b2c2000 	C:\WINDOWS\system32\nlansp_c.dll
0x00007ffd7b280000 - 0x00007ffd7b296000 	C:\WINDOWS\system32\wshbth.dll
0x00007ffd8c120000 - 0x00007ffd8c12b000 	C:\Windows\System32\rasadhlp.dll
0x00007ffd8f0c0000 - 0x00007ffd8f146000 	C:\WINDOWS\System32\fwpuclnt.dll
0x00007ffd8f2b0000 - 0x00007ffd8f2b7000 	C:\Program Files\Java\jdk-17\bin\rmi.dll

dbghelp: loaded successfully - version: 4.0.5 - missing functions: none
symbol engine: initialized successfully - sym options: 0x614 - pdb path: .;C:\Program Files\Java\jdk-17\bin;C:\WINDOWS\SYSTEM32;C:\WINDOWS\WinSxS\amd64_microsoft.windows.common-controls_6595b64144ccf1df_6.0.26100.8037_none_3e092faae333b53b;C:\Program Files\Java\jdk-17\bin\server;C:\Users\aavi7\.gradle\native\1def1411415f61bf3af743bc5b6707747c0891f09f0c88961ee8f79bc544acac\windows-amd64;C:\Users\aavi7\.gradle\native\0.2.7\x86_64-windows-gnu

VM Arguments:
jvm_args: --add-opens=java.base/java.lang=ALL-UNNAMED --add-opens=java.base/java.lang.invoke=ALL-UNNAMED --add-opens=java.base/java.util=ALL-UNNAMED --add-opens=java.prefs/java.util.prefs=ALL-UNNAMED --add-exports=jdk.compiler/com.sun.tools.javac.api=ALL-UNNAMED --add-exports=jdk.compiler/com.sun.tools.javac.util=ALL-UNNAMED --add-opens=java.base/java.util=ALL-UNNAMED --add-opens=java.prefs/java.util.prefs=ALL-UNNAMED --add-opens=java.base/java.nio.charset=ALL-UNNAMED --add-opens=java.base/java.net=ALL-UNNAMED --add-opens=java.base/java.util.concurrent.atomic=ALL-UNNAMED --add-opens=java.xml/javax.xml.namespace=ALL-UNNAMED -XX:MaxMetaspaceSize=512m -XX:ReservedCodeCacheSize=256m -XX:+HeapDumpOnOutOfMemoryError -Xmx1024m -Dfile.encoding=UTF-8 -Duser.country=IN -Duser.language=en -Duser.variant -javaagent:C:\Users\aavi7\.gradle\wrapper\dists\gradle-8.14-all\c2qonpi39x1mddn7hk5gh9iqj\gradle-8.14\lib\agents\gradle-instrumentation-agent-8.14.jar 
java_command: org.gradle.launcher.daemon.bootstrap.GradleDaemon 8.14
java_class_path (initial): C:\Users\aavi7\.gradle\wrapper\dists\gradle-8.14-all\c2qonpi39x1mddn7hk5gh9iqj\gradle-8.14\lib\gradle-daemon-main-8.14.jar
Launcher Type: SUN_STANDARD

[Global flags]
     intx CICompilerCount                          = 4                                         {product} {ergonomic}
   size_t CompressedClassSpaceSize                 = 436207616                                 {product} {ergonomic}
     uint ConcGCThreads                            = 3                                         {product} {ergonomic}
     uint G1ConcRefinementThreads                  = 10                                        {product} {ergonomic}
   size_t G1HeapRegionSize                         = 1048576                                   {product} {ergonomic}
    uintx GCDrainStackTargetSize                   = 64                                        {product} {ergonomic}
     bool HeapDumpOnOutOfMemoryError               = true                                   {manageable} {command line}
   size_t InitialHeapSize                          = 98566144                                  {product} {ergonomic}
   size_t MarkStackSize                            = 4194304                                   {product} {ergonomic}
   size_t MaxHeapSize                              = 1073741824                                {product} {command line}
   size_t MaxMetaspaceSize                         = 536870912                                 {product} {command line}
   size_t MaxNewSize                               = 643825664                                 {product} {ergonomic}
   size_t MinHeapDeltaBytes                        = 1048576                                   {product} {ergonomic}
   size_t MinHeapSize                              = 8388608                                   {product} {ergonomic}
    uintx NonNMethodCodeHeapSize                   = 5839372                                {pd product} {ergonomic}
    uintx NonProfiledCodeHeapSize                  = 131298042                              {pd product} {ergonomic}
    uintx ProfiledCodeHeapSize                     = 131298042                              {pd product} {ergonomic}
    uintx ReservedCodeCacheSize                    = 268435456                              {pd product} {command line}
     bool SegmentedCodeCache                       = true                                      {product} {ergonomic}
   size_t SoftMaxHeapSize                          = 1073741824                             {manageable} {ergonomic}
   double SweeperThreshold                         = 0.468750                                  {product} {ergonomic}
     bool UseCompressedClassPointers               = true                           {product lp64_product} {ergonomic}
     bool UseCompressedOops                        = true                           {product lp64_product} {ergonomic}
     bool UseG1GC                                  = true                                      {product} {ergonomic}
     bool UseLargePagesIndividualAllocation        = false                                  {pd product} {ergonomic}

Logging:
Log output configuration:
 #0: stdout all=warning uptime,level,tags
 #1: stderr all=off uptime,level,tags

Environment Variables:
JAVA_HOME=C:\Program Files\Java\jdk-17
PATH=C:\Ruby34-x64\bin;C:\Program Files\Java\jdk-17\bin;C:\oraclexe\app\oracle\product\10.2.0\server\bin;C:\WINDOWS\system32;C:\WINDOWS;C:\WINDOWS\System32\Wbem;C:\WINDOWS\System32\WindowsPowerShell\v1.0\;C:\WINDOWS\System32\OpenSSH\;C:\Program Files (x86)\Microsoft SQL Server\160\Tools\Binn\;C:\Program Files\Microsoft SQL Server\160\Tools\Binn\;C:\Program Files\Microsoft SQL Server\Client SDK\ODBC\170\Tools\Binn\;C:\Program Files\Microsoft SQL Server\160\DTS\Binn\;C:\Program Files\MongoDB\mongosh-2.2.6-win32-x64\bin;C:\Program Files\MongoDB\Server\7.0\bin\mongod.cfg;C:\Program Files\Git\cmd;C:\Program Files\MongoDB\Server\8.0\bin;C:\src\flutter\bin;C:\Users\aavi7\AppData\Local\nvm;C:\nvm4w\nodejs;C:\Users\aavi7\AppData\Local\Android\Sdk\platform-tools;C:\Ruby34-x64\bin;C:\Program Files\Java\jdk-17\bin;C:\oraclexe\app\oracle\product\10.2.0\server\bin;C:\WINDOWS\system32;C:\WINDOWS;C:\WINDOWS\System32\Wbem;C:\WINDOWS\System32\WindowsPowerShell\v1.0\;C:\WINDOWS\System32\OpenSSH\;C:\Program Files (x86)\Microsoft SQL Server\160\Tools\Binn\;C:\Program Files\Microsoft SQL Server\160\Tools\Binn\;C:\Program Files\Microsoft SQL Server\Client SDK\ODBC\170\Tools\Binn\;C:\Program Files\Microsoft SQL Server\160\DTS\Binn\;C:\Program Files\MongoDB\mongosh-2.2.6-win32-x64\bin;C:\Program Files\MongoDB\Server\7.0\bin\mongod.cfg;C:\Program Files\Git\cmd;C:\Program Files\MongoDB\Server\8.0\bin;C:\src\flutter\bin;C:\Users\aavi7\AppData\Local\nvm;C:\nvm4w\nodejs;C:\Users\aavi7\AppData\Local\Android\Sdk\platform-tools;;C:\Users\aavi7\AppData\Local\Pub\Cache\bin;C:\Users\aavi7\AppData\Local\Pub\Cache\bin;C:\Users\aavi7\AppData\Roaming\npm\node_modules\firebase-tools\lib\bin;C:\Users\aavi7\AppData\Roaming\npm\node_modules\firebase-tools\node_modules\.bin;C:\Users\aavi7\AppData\Local\nvm;C:\nvm4w\nodejs;C:\Users\aavi7\AppData\Local\nvm;C:\Users\aavi7\AppData\Local\Programs\Antigravity\bin;C:\Users\aavi7\AppData\Local\Android\Sdk\platform-tools;
USERNAME=aavi7
OS=Windows_NT
PROCESSOR_IDENTIFIER=AMD64 Family 23 Model 104 Stepping 1, AuthenticAMD



---------------  S Y S T E M  ---------------

OS:
 Windows 11 , 64 bit Build 26100 (10.0.26100.7920)
OS uptime: 0 days 1:15 hours
Hyper-V role detected

CPU: total 12 (initial active 12) (12 cores per cpu, 2 threads per core) family 23 model 104 stepping 1 microcode 0x8608109, cx8, cmov, fxsr, ht, mmx, 3dnowpref, sse, sse2, sse3, ssse3, sse4a, sse4.1, sse4.2, popcnt, lzcnt, tsc, tscinvbit, avx, avx2, aes, clmul, bmi1, bmi2, adx, sha, fma, vzeroupper, clflush, clflushopt, hv

Memory: 4k page, system-wide physical 5989M (478M free)
TotalPageFile size 24421M (AvailPageFile size 35M)
current process WorkingSet (physical memory assigned to process): 335M, peak: 367M
current process commit charge ("private bytes"): 537M, peak: 538M

vm_info: Java HotSpot(TM) 64-Bit Server VM (17.0.17+8-LTS-360) for windows-amd64 JRE (17.0.17+8-LTS-360), built on Sep 27 2025 05:17:01 by "mach5run" with MS VC++ 17.6 (VS2022)

END.
