#
# There is insufficient memory for the Java Runtime Environment to continue.
# Native memory allocation (malloc) failed to allocate 283728 bytes. Error detail: Chunk::new
# Possible reasons:
#   The system is out of physical RAM or swap space
#   This process is running with CompressedOops enabled, and the Java Heap may be blocking the growth of the native heap
# Possible solutions:
#   Reduce memory load on the system
#   Increase physical memory or swap space
#   Check if swap backing store is full
#   Decrease Java heap size (-Xmx/-Xms)
#   Decrease number of Java threads
#   Decrease Java thread stack sizes (-Xss)
#   Set larger code cache with -XX:ReservedCodeCacheSize=
#   JVM is running with Unscaled Compressed Oops mode in which the Java heap is
#     placed in the first 4GB address space. The Java Heap base address is the
#     maximum limit for the native heap growth. Please use -XX:HeapBaseMinAddress
#     to set the Java Heap base and to place the Java Heap above 4GB virtual address.
# This output file may be truncated or incomplete.
#
#  Out of Memory Error (arena.cpp:168), pid=10752, tid=17708
#
# JRE version: OpenJDK Runtime Environment Temurin-21.0.10+7 (21.0.10+7) (build 21.0.10+7-LTS)
# Java VM: OpenJDK 64-Bit Server VM Temurin-21.0.10+7 (21.0.10+7-LTS, mixed mode, sharing, tiered, compressed oops, compressed class ptrs, g1 gc, windows-amd64)
# No core dump will be written. Minidumps are not enabled by default on client versions of Windows
#

---------------  S U M M A R Y ------------

Command Line: --add-opens=java.base/java.lang=ALL-UNNAMED --add-opens=java.base/java.lang.invoke=ALL-UNNAMED --add-opens=java.base/java.util=ALL-UNNAMED --add-opens=java.prefs/java.util.prefs=ALL-UNNAMED --add-exports=jdk.compiler/com.sun.tools.javac.api=ALL-UNNAMED --add-exports=jdk.compiler/com.sun.tools.javac.util=ALL-UNNAMED --add-opens=java.base/java.util=ALL-UNNAMED --add-opens=java.prefs/java.util.prefs=ALL-UNNAMED --add-opens=java.base/java.nio.charset=ALL-UNNAMED --add-opens=java.base/java.net=ALL-UNNAMED --add-opens=java.base/java.util.concurrent.atomic=ALL-UNNAMED --add-opens=java.xml/javax.xml.namespace=ALL-UNNAMED -XX:MaxMetaspaceSize=512m -XX:ReservedCodeCacheSize=256m -XX:+HeapDumpOnOutOfMemoryError -Xmx1024m -Dfile.encoding=UTF-8 -Duser.country=IN -Duser.language=en -Duser.variant -javaagent:C:\Users\aavi7\.gradle\wrapper\dists\gradle-8.14-all\c2qonpi39x1mddn7hk5gh9iqj\gradle-8.14\lib\agents\gradle-instrumentation-agent-8.14.jar org.gradle.launcher.daemon.bootstrap.GradleDaemon 8.14

Host: AMD Ryzen 5 5500U with Radeon Graphics         , 12 cores, 5G,  Windows 11 , 64 bit Build 26100 (10.0.26100.7920)
Time: Tue Mar 31 12:00:48 2026 India Standard Time elapsed time: 20.905978 seconds (0d 0h 0m 20s)

---------------  T H R E A D  ---------------

Current thread (0x000002089a3eda00):  JavaThread "C2 CompilerThread0" daemon [_thread_in_native, id=17708, stack(0x00000049fb500000,0x00000049fb600000) (1024K)]


Current CompileTask:
C2:20906 2505       4       java.lang.invoke.LambdaForm$Name::replaceNames (175 bytes)

Stack: [0x00000049fb500000,0x00000049fb600000]
Native frames: (J=compiled Java code, j=interpreted, Vv=VM code, C=native code)
V  [jvm.dll+0x6d7a39]
V  [jvm.dll+0x8b4b26]
V  [jvm.dll+0x8b70de]
V  [jvm.dll+0x8b77c3]
V  [jvm.dll+0x284346]
V  [jvm.dll+0xc66ed]
V  [jvm.dll+0xc6c31]
V  [jvm.dll+0x3bec3b]
V  [jvm.dll+0x38b162]
V  [jvm.dll+0x38a5aa]
V  [jvm.dll+0x24c560]
V  [jvm.dll+0x24bb40]
V  [jvm.dll+0x1cb34e]
V  [jvm.dll+0x25b85d]
V  [jvm.dll+0x259dea]
V  [jvm.dll+0x3f857e]
V  [jvm.dll+0x85f59d]
V  [jvm.dll+0x6d626d]
C  [ucrtbase.dll+0x37b0]
C  [KERNEL32.DLL+0x2e8d7]
C  [ntdll.dll+0x8c48c]


---------------  P R O C E S S  ---------------

Threads class SMR info:
_java_thread_list=0x000002089a742040, length=21, elements={
0x0000020882c313c0, 0x000002089a3d6a50, 0x000002089a3d94c0, 0x000002089a3de230,
0x000002089a3dec90, 0x000002089a3e0260, 0x000002089a3e4c60, 0x000002089a3eda00,
0x000002089a410340, 0x000002089a6cf140, 0x000002089a6db420, 0x00000208bb82f4d0,
0x00000208bb533660, 0x000002089a7d1030, 0x00000208bac97ca0, 0x00000208bac968f0,
0x00000208bac96f80, 0x00000208bac97610, 0x00000208bac98330, 0x00000208bac99050,
0x00000208bac989c0
}

Java Threads: ( => current thread )
  0x0000020882c313c0 JavaThread "main"                              [_thread_blocked, id=132, stack(0x00000049fa700000,0x00000049fa800000) (1024K)]
  0x000002089a3d6a50 JavaThread "Reference Handler"          daemon [_thread_blocked, id=12524, stack(0x00000049faf00000,0x00000049fb000000) (1024K)]
  0x000002089a3d94c0 JavaThread "Finalizer"                  daemon [_thread_blocked, id=15528, stack(0x00000049fb000000,0x00000049fb100000) (1024K)]
  0x000002089a3de230 JavaThread "Signal Dispatcher"          daemon [_thread_blocked, id=17460, stack(0x00000049fb100000,0x00000049fb200000) (1024K)]
  0x000002089a3dec90 JavaThread "Attach Listener"            daemon [_thread_blocked, id=21900, stack(0x00000049fb200000,0x00000049fb300000) (1024K)]
  0x000002089a3e0260 JavaThread "Service Thread"             daemon [_thread_blocked, id=21748, stack(0x00000049fb300000,0x00000049fb400000) (1024K)]
  0x000002089a3e4c60 JavaThread "Monitor Deflation Thread"   daemon [_thread_blocked, id=17344, stack(0x00000049fb400000,0x00000049fb500000) (1024K)]
=>0x000002089a3eda00 JavaThread "C2 CompilerThread0"         daemon [_thread_in_native, id=17708, stack(0x00000049fb500000,0x00000049fb600000) (1024K)]
  0x000002089a410340 JavaThread "C1 CompilerThread0"         daemon [_thread_blocked, id=18372, stack(0x00000049fb600000,0x00000049fb700000) (1024K)]
  0x000002089a6cf140 JavaThread "Common-Cleaner"             daemon [_thread_blocked, id=19356, stack(0x00000049fb700000,0x00000049fb800000) (1024K)]
  0x000002089a6db420 JavaThread "Notification Thread"        daemon [_thread_blocked, id=10104, stack(0x00000049fb800000,0x00000049fb900000) (1024K)]
  0x00000208bb82f4d0 JavaThread "Daemon health stats"               [_thread_blocked, id=9160, stack(0x00000049fbe00000,0x00000049fbf00000) (1024K)]
  0x00000208bb533660 JavaThread "Incoming local TCP Connector on port 54236"        [_thread_in_native, id=3960, stack(0x00000049fb900000,0x00000049fba00000) (1024K)]
  0x000002089a7d1030 JavaThread "Daemon periodic checks"            [_thread_blocked, id=7096, stack(0x00000049fc000000,0x00000049fc100000) (1024K)]
  0x00000208bac97ca0 JavaThread "Daemon"                            [_thread_blocked, id=21072, stack(0x00000049fc100000,0x00000049fc200000) (1024K)]
  0x00000208bac968f0 JavaThread "Handler for socket connection from /127.0.0.1:54236 to /127.0.0.1:54237"        [_thread_in_native, id=6340, stack(0x00000049fc200000,0x00000049fc300000) (1024K)]
  0x00000208bac96f80 JavaThread "Cancel handler"                    [_thread_blocked, id=28464, stack(0x00000049fc300000,0x00000049fc400000) (1024K)]
  0x00000208bac97610 JavaThread "Daemon worker"                     [_thread_in_Java, id=16024, stack(0x00000049fc400000,0x00000049fc500000) (1024K)]
  0x00000208bac98330 JavaThread "Asynchronous log dispatcher for DefaultDaemonConnection: socket connection from /127.0.0.1:54236 to /127.0.0.1:54237"        [_thread_blocked, id=11568, stack(0x00000049fc500000,0x00000049fc600000) (1024K)]
  0x00000208bac99050 JavaThread "Stdin handler"                     [_thread_blocked, id=12020, stack(0x00000049fc600000,0x00000049fc700000) (1024K)]
  0x00000208bac989c0 JavaThread "Daemon client event forwarder"        [_thread_blocked, id=12076, stack(0x00000049fc700000,0x00000049fc800000) (1024K)]
Total: 21

Other Threads:
  0x000002089a3b75e0 VMThread "VM Thread"                           [id=5940, stack(0x00000049fae00000,0x00000049faf00000) (1024K)]
  0x000002089a3a75e0 WatcherThread "VM Periodic Task Thread"        [id=6448, stack(0x00000049fad00000,0x00000049fae00000) (1024K)]
  0x0000020882c6bbf0 WorkerThread "GC Thread#0"                     [id=14408, stack(0x00000049fa800000,0x00000049fa900000) (1024K)]
  0x00000208ba091c20 WorkerThread "GC Thread#1"                     [id=14752, stack(0x00000049fba00000,0x00000049fbb00000) (1024K)]
  0x00000208ba13f760 WorkerThread "GC Thread#2"                     [id=6188, stack(0x00000049fbb00000,0x00000049fbc00000) (1024K)]
  0x00000208baae3c40 WorkerThread "GC Thread#3"                     [id=17804, stack(0x00000049fbc00000,0x00000049fbd00000) (1024K)]
  0x00000208bada6fa0 WorkerThread "GC Thread#4"                     [id=14260, stack(0x00000049fbd00000,0x00000049fbe00000) (1024K)]
  0x00000208bb7cd460 WorkerThread "GC Thread#5"                     [id=24460, stack(0x00000049fc800000,0x00000049fc900000) (1024K)]
  0x00000208bb7ce170 WorkerThread "GC Thread#6"                     [id=16964, stack(0x00000049fc900000,0x00000049fca00000) (1024K)]
  0x00000208bb7ce520 WorkerThread "GC Thread#7"                     [id=16172, stack(0x00000049fca00000,0x00000049fcb00000) (1024K)]
  0x00000208bb7ce8d0 WorkerThread "GC Thread#8"                     [id=19236, stack(0x00000049fcb00000,0x00000049fcc00000) (1024K)]
  0x00000208bba333b0 WorkerThread "GC Thread#9"                     [id=20132, stack(0x00000049fcc00000,0x00000049fcd00000) (1024K)]
  0x0000020882c76110 ConcurrentGCThread "G1 Main Marker"            [id=13816, stack(0x00000049fa900000,0x00000049faa00000) (1024K)]
  0x0000020882c77340 WorkerThread "G1 Conc#0"                       [id=24988, stack(0x00000049faa00000,0x00000049fab00000) (1024K)]
  0x000002089a275590 ConcurrentGCThread "G1 Refine#0"               [id=23220, stack(0x00000049fab00000,0x00000049fac00000) (1024K)]
  0x000002089a276ed0 ConcurrentGCThread "G1 Service"                [id=4876, stack(0x00000049fac00000,0x00000049fad00000) (1024K)]
Total: 16

Threads with active compile tasks:
C2 CompilerThread0  20985 2505       4       java.lang.invoke.LambdaForm$Name::replaceNames (175 bytes)
Total: 1

VM state: not at safepoint (normal execution)

VM Mutex/Monitor currently owned by a thread: None

Heap address: 0x00000000c0000000, size: 1024 MB, Compressed Oops mode: 32-bit

CDS archive(s) mapped at: [0x000002089b000000-0x000002089bba0000-0x000002089bba0000), size 12189696, SharedBaseAddress: 0x000002089b000000, ArchiveRelocationMode: 1.
Compressed class space mapped at: 0x000002089c000000-0x00000208b6000000, reserved size: 436207616
Narrow klass base: 0x000002089b000000, Narrow klass shift: 0, Narrow klass range: 0x100000000

GC Precious Log:
 CardTable entry size: 512
 Card Set container configuration: InlinePtr #cards 5 size 8 Array Of Cards #cards 12 size 40 Howl #buckets 4 coarsen threshold 1843 Howl Bitmap #cards 512 size 80 coarsen threshold 460 Card regions per heap region 1 cards per card region 2048
 CPUs: 12 total, 12 available
 Memory: 5989M
 Large Page Support: Disabled
 NUMA Support: Disabled
 Compressed Oops: Enabled (32-bit)
 Heap Region Size: 1M
 Heap Min Capacity: 8M
 Heap Initial Capacity: 94M
 Heap Max Capacity: 1G
 Pre-touch: Disabled
 Parallel Workers: 10
 Concurrent Workers: 3
 Concurrent Refinement Workers: 10
 Periodic GC: Disabled

Heap:
 garbage-first heap   total 96256K, used 22742K [0x00000000c0000000, 0x0000000100000000)
  region size 1024K, 8 young (8192K), 6 survivors (6144K)
 Metaspace       used 14759K, committed 15168K, reserved 491520K
  class space    used 2066K, committed 2240K, reserved 425984K

Heap Regions: E=young(eden), S=young(survivor), O=old, HS=humongous(starts), HC=humongous(continues), CS=collection set, F=free, TAMS=top-at-mark-start, PB=parsable bottom
|   0|0x00000000c0000000, 0x00000000c0100000, 0x00000000c0100000|100%|HS|  |TAMS 0x00000000c0000000| PB 0x00000000c0000000| Complete 
|   1|0x00000000c0100000, 0x00000000c0200000, 0x00000000c0200000|100%|HC|  |TAMS 0x00000000c0100000| PB 0x00000000c0100000| Complete 
|   2|0x00000000c0200000, 0x00000000c0300000, 0x00000000c0300000|100%|HC|  |TAMS 0x00000000c0200000| PB 0x00000000c0200000| Complete 
|   3|0x00000000c0300000, 0x00000000c0400000, 0x00000000c0400000|100%| O|  |TAMS 0x00000000c0300000| PB 0x00000000c0300000| Untracked 
|   4|0x00000000c0400000, 0x00000000c0500000, 0x00000000c0500000|100%| O|  |TAMS 0x00000000c0400000| PB 0x00000000c0400000| Untracked 
|   5|0x00000000c0500000, 0x00000000c0600000, 0x00000000c0600000|100%| O|  |TAMS 0x00000000c0500000| PB 0x00000000c0500000| Untracked 
|   6|0x00000000c0600000, 0x00000000c0700000, 0x00000000c0700000|100%|HS|  |TAMS 0x00000000c0600000| PB 0x00000000c0600000| Complete 
|   7|0x00000000c0700000, 0x00000000c0800000, 0x00000000c0800000|100%| O|  |TAMS 0x00000000c0700000| PB 0x00000000c0700000| Untracked 
|   8|0x00000000c0800000, 0x00000000c0900000, 0x00000000c0900000|100%| O|  |TAMS 0x00000000c0800000| PB 0x00000000c0800000| Untracked 
|   9|0x00000000c0900000, 0x00000000c0a00000, 0x00000000c0a00000|100%| O|  |TAMS 0x00000000c0900000| PB 0x00000000c0900000| Untracked 
|  10|0x00000000c0a00000, 0x00000000c0b00000, 0x00000000c0b00000|100%| O|  |TAMS 0x00000000c0a00000| PB 0x00000000c0a00000| Untracked 
|  11|0x00000000c0b00000, 0x00000000c0c00000, 0x00000000c0c00000|100%| O|  |TAMS 0x00000000c0b00000| PB 0x00000000c0b00000| Untracked 
|  12|0x00000000c0c00000, 0x00000000c0d00000, 0x00000000c0d00000|100%| O|  |TAMS 0x00000000c0c00000| PB 0x00000000c0c00000| Untracked 
|  13|0x00000000c0d00000, 0x00000000c0e00000, 0x00000000c0e00000|100%| O|  |TAMS 0x00000000c0d00000| PB 0x00000000c0d00000| Untracked 
|  14|0x00000000c0e00000, 0x00000000c0f00000, 0x00000000c0f00000|100%| O|  |TAMS 0x00000000c0e00000| PB 0x00000000c0e00000| Untracked 
|  15|0x00000000c0f00000, 0x00000000c0ffb488, 0x00000000c1000000| 98%| O|  |TAMS 0x00000000c0f00000| PB 0x00000000c0f00000| Untracked 
|  16|0x00000000c1000000, 0x00000000c1000000, 0x00000000c1100000|  0%| F|  |TAMS 0x00000000c1000000| PB 0x00000000c1000000| Untracked 
|  17|0x00000000c1100000, 0x00000000c1100000, 0x00000000c1200000|  0%| F|  |TAMS 0x00000000c1100000| PB 0x00000000c1100000| Untracked 
|  18|0x00000000c1200000, 0x00000000c1200000, 0x00000000c1300000|  0%| F|  |TAMS 0x00000000c1200000| PB 0x00000000c1200000| Untracked 
|  19|0x00000000c1300000, 0x00000000c1300000, 0x00000000c1400000|  0%| F|  |TAMS 0x00000000c1300000| PB 0x00000000c1300000| Untracked 
|  20|0x00000000c1400000, 0x00000000c1400000, 0x00000000c1500000|  0%| F|  |TAMS 0x00000000c1400000| PB 0x00000000c1400000| Untracked 
|  21|0x00000000c1500000, 0x00000000c1500000, 0x00000000c1600000|  0%| F|  |TAMS 0x00000000c1500000| PB 0x00000000c1500000| Untracked 
|  22|0x00000000c1600000, 0x00000000c1600000, 0x00000000c1700000|  0%| F|  |TAMS 0x00000000c1600000| PB 0x00000000c1600000| Untracked 
|  23|0x00000000c1700000, 0x00000000c1700000, 0x00000000c1800000|  0%| F|  |TAMS 0x00000000c1700000| PB 0x00000000c1700000| Untracked 
|  24|0x00000000c1800000, 0x00000000c1800000, 0x00000000c1900000|  0%| F|  |TAMS 0x00000000c1800000| PB 0x00000000c1800000| Untracked 
|  25|0x00000000c1900000, 0x00000000c1900000, 0x00000000c1a00000|  0%| F|  |TAMS 0x00000000c1900000| PB 0x00000000c1900000| Untracked 
|  26|0x00000000c1a00000, 0x00000000c1a00000, 0x00000000c1b00000|  0%| F|  |TAMS 0x00000000c1a00000| PB 0x00000000c1a00000| Untracked 
|  27|0x00000000c1b00000, 0x00000000c1b00000, 0x00000000c1c00000|  0%| F|  |TAMS 0x00000000c1b00000| PB 0x00000000c1b00000| Untracked 
|  28|0x00000000c1c00000, 0x00000000c1c00000, 0x00000000c1d00000|  0%| F|  |TAMS 0x00000000c1c00000| PB 0x00000000c1c00000| Untracked 
|  29|0x00000000c1d00000, 0x00000000c1d00000, 0x00000000c1e00000|  0%| F|  |TAMS 0x00000000c1d00000| PB 0x00000000c1d00000| Untracked 
|  30|0x00000000c1e00000, 0x00000000c1e00000, 0x00000000c1f00000|  0%| F|  |TAMS 0x00000000c1e00000| PB 0x00000000c1e00000| Untracked 
|  31|0x00000000c1f00000, 0x00000000c1f00000, 0x00000000c2000000|  0%| F|  |TAMS 0x00000000c1f00000| PB 0x00000000c1f00000| Untracked 
|  32|0x00000000c2000000, 0x00000000c203a420, 0x00000000c2100000| 22%| S|CS|TAMS 0x00000000c2000000| PB 0x00000000c2000000| Complete 
|  33|0x00000000c2100000, 0x00000000c2200000, 0x00000000c2200000|100%| S|CS|TAMS 0x00000000c2100000| PB 0x00000000c2100000| Complete 
|  34|0x00000000c2200000, 0x00000000c2300000, 0x00000000c2300000|100%| S|CS|TAMS 0x00000000c2200000| PB 0x00000000c2200000| Complete 
|  35|0x00000000c2300000, 0x00000000c2400000, 0x00000000c2400000|100%| S|CS|TAMS 0x00000000c2300000| PB 0x00000000c2300000| Complete 
|  36|0x00000000c2400000, 0x00000000c2500000, 0x00000000c2500000|100%| S|CS|TAMS 0x00000000c2400000| PB 0x00000000c2400000| Complete 
|  37|0x00000000c2500000, 0x00000000c2600000, 0x00000000c2600000|100%| S|CS|TAMS 0x00000000c2500000| PB 0x00000000c2500000| Complete 
|  38|0x00000000c2600000, 0x00000000c2600000, 0x00000000c2700000|  0%| F|  |TAMS 0x00000000c2600000| PB 0x00000000c2600000| Untracked 
|  39|0x00000000c2700000, 0x00000000c2700000, 0x00000000c2800000|  0%| F|  |TAMS 0x00000000c2700000| PB 0x00000000c2700000| Untracked 
|  40|0x00000000c2800000, 0x00000000c2800000, 0x00000000c2900000|  0%| F|  |TAMS 0x00000000c2800000| PB 0x00000000c2800000| Untracked 
|  41|0x00000000c2900000, 0x00000000c2900000, 0x00000000c2a00000|  0%| F|  |TAMS 0x00000000c2900000| PB 0x00000000c2900000| Untracked 
|  42|0x00000000c2a00000, 0x00000000c2a00000, 0x00000000c2b00000|  0%| F|  |TAMS 0x00000000c2a00000| PB 0x00000000c2a00000| Untracked 
|  43|0x00000000c2b00000, 0x00000000c2b00000, 0x00000000c2c00000|  0%| F|  |TAMS 0x00000000c2b00000| PB 0x00000000c2b00000| Untracked 
|  44|0x00000000c2c00000, 0x00000000c2c00000, 0x00000000c2d00000|  0%| F|  |TAMS 0x00000000c2c00000| PB 0x00000000c2c00000| Untracked 
|  45|0x00000000c2d00000, 0x00000000c2d00000, 0x00000000c2e00000|  0%| F|  |TAMS 0x00000000c2d00000| PB 0x00000000c2d00000| Untracked 
|  46|0x00000000c2e00000, 0x00000000c2e00000, 0x00000000c2f00000|  0%| F|  |TAMS 0x00000000c2e00000| PB 0x00000000c2e00000| Untracked 
|  47|0x00000000c2f00000, 0x00000000c2f00000, 0x00000000c3000000|  0%| F|  |TAMS 0x00000000c2f00000| PB 0x00000000c2f00000| Untracked 
|  48|0x00000000c3000000, 0x00000000c3000000, 0x00000000c3100000|  0%| F|  |TAMS 0x00000000c3000000| PB 0x00000000c3000000| Untracked 
|  49|0x00000000c3100000, 0x00000000c3100000, 0x00000000c3200000|  0%| F|  |TAMS 0x00000000c3100000| PB 0x00000000c3100000| Untracked 
|  50|0x00000000c3200000, 0x00000000c3200000, 0x00000000c3300000|  0%| F|  |TAMS 0x00000000c3200000| PB 0x00000000c3200000| Untracked 
|  51|0x00000000c3300000, 0x00000000c3300000, 0x00000000c3400000|  0%| F|  |TAMS 0x00000000c3300000| PB 0x00000000c3300000| Untracked 
|  52|0x00000000c3400000, 0x00000000c3400000, 0x00000000c3500000|  0%| F|  |TAMS 0x00000000c3400000| PB 0x00000000c3400000| Untracked 
|  53|0x00000000c3500000, 0x00000000c3500000, 0x00000000c3600000|  0%| F|  |TAMS 0x00000000c3500000| PB 0x00000000c3500000| Untracked 
|  54|0x00000000c3600000, 0x00000000c3600000, 0x00000000c3700000|  0%| F|  |TAMS 0x00000000c3600000| PB 0x00000000c3600000| Untracked 
|  55|0x00000000c3700000, 0x00000000c3700000, 0x00000000c3800000|  0%| F|  |TAMS 0x00000000c3700000| PB 0x00000000c3700000| Untracked 
|  56|0x00000000c3800000, 0x00000000c3800000, 0x00000000c3900000|  0%| F|  |TAMS 0x00000000c3800000| PB 0x00000000c3800000| Untracked 
|  57|0x00000000c3900000, 0x00000000c3900000, 0x00000000c3a00000|  0%| F|  |TAMS 0x00000000c3900000| PB 0x00000000c3900000| Untracked 
|  58|0x00000000c3a00000, 0x00000000c3a00000, 0x00000000c3b00000|  0%| F|  |TAMS 0x00000000c3a00000| PB 0x00000000c3a00000| Untracked 
|  59|0x00000000c3b00000, 0x00000000c3b00000, 0x00000000c3c00000|  0%| F|  |TAMS 0x00000000c3b00000| PB 0x00000000c3b00000| Untracked 
|  60|0x00000000c3c00000, 0x00000000c3c00000, 0x00000000c3d00000|  0%| F|  |TAMS 0x00000000c3c00000| PB 0x00000000c3c00000| Untracked 
|  61|0x00000000c3d00000, 0x00000000c3d00000, 0x00000000c3e00000|  0%| F|  |TAMS 0x00000000c3d00000| PB 0x00000000c3d00000| Untracked 
|  62|0x00000000c3e00000, 0x00000000c3e00000, 0x00000000c3f00000|  0%| F|  |TAMS 0x00000000c3e00000| PB 0x00000000c3e00000| Untracked 
|  63|0x00000000c3f00000, 0x00000000c3f00000, 0x00000000c4000000|  0%| F|  |TAMS 0x00000000c3f00000| PB 0x00000000c3f00000| Untracked 
|  64|0x00000000c4000000, 0x00000000c4000000, 0x00000000c4100000|  0%| F|  |TAMS 0x00000000c4000000| PB 0x00000000c4000000| Untracked 
|  65|0x00000000c4100000, 0x00000000c4100000, 0x00000000c4200000|  0%| F|  |TAMS 0x00000000c4100000| PB 0x00000000c4100000| Untracked 
|  66|0x00000000c4200000, 0x00000000c4200000, 0x00000000c4300000|  0%| F|  |TAMS 0x00000000c4200000| PB 0x00000000c4200000| Untracked 
|  67|0x00000000c4300000, 0x00000000c4300000, 0x00000000c4400000|  0%| F|  |TAMS 0x00000000c4300000| PB 0x00000000c4300000| Untracked 
|  68|0x00000000c4400000, 0x00000000c4400000, 0x00000000c4500000|  0%| F|  |TAMS 0x00000000c4400000| PB 0x00000000c4400000| Untracked 
|  69|0x00000000c4500000, 0x00000000c4500000, 0x00000000c4600000|  0%| F|  |TAMS 0x00000000c4500000| PB 0x00000000c4500000| Untracked 
|  70|0x00000000c4600000, 0x00000000c4600000, 0x00000000c4700000|  0%| F|  |TAMS 0x00000000c4600000| PB 0x00000000c4600000| Untracked 
|  71|0x00000000c4700000, 0x00000000c4700000, 0x00000000c4800000|  0%| F|  |TAMS 0x00000000c4700000| PB 0x00000000c4700000| Untracked 
|  72|0x00000000c4800000, 0x00000000c4800000, 0x00000000c4900000|  0%| F|  |TAMS 0x00000000c4800000| PB 0x00000000c4800000| Untracked 
|  73|0x00000000c4900000, 0x00000000c4900000, 0x00000000c4a00000|  0%| F|  |TAMS 0x00000000c4900000| PB 0x00000000c4900000| Untracked 
|  74|0x00000000c4a00000, 0x00000000c4a00000, 0x00000000c4b00000|  0%| F|  |TAMS 0x00000000c4a00000| PB 0x00000000c4a00000| Untracked 
|  75|0x00000000c4b00000, 0x00000000c4b00000, 0x00000000c4c00000|  0%| F|  |TAMS 0x00000000c4b00000| PB 0x00000000c4b00000| Untracked 
|  76|0x00000000c4c00000, 0x00000000c4c00000, 0x00000000c4d00000|  0%| F|  |TAMS 0x00000000c4c00000| PB 0x00000000c4c00000| Untracked 
|  77|0x00000000c4d00000, 0x00000000c4d00000, 0x00000000c4e00000|  0%| F|  |TAMS 0x00000000c4d00000| PB 0x00000000c4d00000| Untracked 
|  78|0x00000000c4e00000, 0x00000000c4e00000, 0x00000000c4f00000|  0%| F|  |TAMS 0x00000000c4e00000| PB 0x00000000c4e00000| Untracked 
|  79|0x00000000c4f00000, 0x00000000c4f00000, 0x00000000c5000000|  0%| F|  |TAMS 0x00000000c4f00000| PB 0x00000000c4f00000| Untracked 
|  80|0x00000000c5000000, 0x00000000c5000000, 0x00000000c5100000|  0%| F|  |TAMS 0x00000000c5000000| PB 0x00000000c5000000| Untracked 
|  81|0x00000000c5100000, 0x00000000c5100000, 0x00000000c5200000|  0%| F|  |TAMS 0x00000000c5100000| PB 0x00000000c5100000| Untracked 
|  82|0x00000000c5200000, 0x00000000c5200000, 0x00000000c5300000|  0%| F|  |TAMS 0x00000000c5200000| PB 0x00000000c5200000| Untracked 
|  83|0x00000000c5300000, 0x00000000c5300000, 0x00000000c5400000|  0%| F|  |TAMS 0x00000000c5300000| PB 0x00000000c5300000| Untracked 
|  84|0x00000000c5400000, 0x00000000c5400000, 0x00000000c5500000|  0%| F|  |TAMS 0x00000000c5400000| PB 0x00000000c5400000| Untracked 
|  85|0x00000000c5500000, 0x00000000c5500000, 0x00000000c5600000|  0%| F|  |TAMS 0x00000000c5500000| PB 0x00000000c5500000| Untracked 
|  86|0x00000000c5600000, 0x00000000c5600000, 0x00000000c5700000|  0%| F|  |TAMS 0x00000000c5600000| PB 0x00000000c5600000| Untracked 
|  87|0x00000000c5700000, 0x00000000c5700000, 0x00000000c5800000|  0%| F|  |TAMS 0x00000000c5700000| PB 0x00000000c5700000| Untracked 
|  88|0x00000000c5800000, 0x00000000c5800000, 0x00000000c5900000|  0%| F|  |TAMS 0x00000000c5800000| PB 0x00000000c5800000| Untracked 
|  89|0x00000000c5900000, 0x00000000c5900000, 0x00000000c5a00000|  0%| F|  |TAMS 0x00000000c5900000| PB 0x00000000c5900000| Untracked 
|  90|0x00000000c5a00000, 0x00000000c5a00000, 0x00000000c5b00000|  0%| F|  |TAMS 0x00000000c5a00000| PB 0x00000000c5a00000| Untracked 
|  91|0x00000000c5b00000, 0x00000000c5b00000, 0x00000000c5c00000|  0%| F|  |TAMS 0x00000000c5b00000| PB 0x00000000c5b00000| Untracked 
|  92|0x00000000c5c00000, 0x00000000c5c5fd58, 0x00000000c5d00000| 37%| E|  |TAMS 0x00000000c5c00000| PB 0x00000000c5c00000| Complete 
|  93|0x00000000c5d00000, 0x00000000c5e00000, 0x00000000c5e00000|100%| E|CS|TAMS 0x00000000c5d00000| PB 0x00000000c5d00000| Complete 

Card table byte_map: [0x0000020896590000,0x0000020896790000] _byte_map_base: 0x0000020895f90000

Marking Bits: (CMBitMap*) 0x0000020882c6c210
 Bits: [0x0000020896790000, 0x0000020897790000)

Polling page: 0x00000208809b0000

Metaspace:

Usage:
  Non-class:     12.40 MB used.
      Class:      2.02 MB used.
       Both:     14.42 MB used.

Virtual space:
  Non-class space:       64.00 MB reserved,      12.62 MB ( 20%) committed,  1 nodes.
      Class space:      416.00 MB reserved,       2.19 MB ( <1%) committed,  1 nodes.
             Both:      480.00 MB reserved,      14.81 MB (  3%) committed. 

Chunk freelists:
   Non-Class:  3.25 MB
       Class:  13.80 MB
        Both:  17.05 MB

MaxMetaspaceSize: 512.00 MB
CompressedClassSpaceSize: 416.00 MB
Initial GC threshold: 21.00 MB
Current GC threshold: 21.00 MB
CDS: on
 - commit_granule_bytes: 65536.
 - commit_granule_words: 8192.
 - virtual_space_node_default_size: 8388608.
 - enlarge_chunks_in_place: 1.
 - use_allocation_guard: 0.


Internal statistics:

num_allocs_failed_limit: 0.
num_arena_births: 470.
num_arena_deaths: 0.
num_vsnodes_births: 2.
num_vsnodes_deaths: 0.
num_space_committed: 237.
num_space_uncommitted: 0.
num_chunks_returned_to_freelist: 0.
num_chunks_taken_from_freelist: 959.
num_chunk_merges: 0.
num_chunk_splits: 635.
num_chunks_enlarged: 441.
num_inconsistent_stats: 0.

CodeHeap 'non-profiled nmethods': size=128192Kb used=1266Kb max_used=1266Kb free=126926Kb
 bounds [0x000002088e100000, 0x000002088e370000, 0x0000020895e30000]
CodeHeap 'profiled nmethods': size=128192Kb used=5465Kb max_used=5465Kb free=122726Kb
 bounds [0x0000020885e30000, 0x0000020886390000, 0x000002088db60000]
CodeHeap 'non-nmethods': size=5760Kb used=1392Kb max_used=1410Kb free=4367Kb
 bounds [0x000002088db60000, 0x000002088ddd0000, 0x000002088e100000]
CodeCache: size=262144Kb, used=8123Kb, max_used=8141Kb, free=254019Kb
 total_blobs=3271, nmethods=2717, adapters=458, full_count=0
Compilation: enabled, stopped_count=0, restarted_count=0

Compilation events (20 events):
Event: 12.657 Thread 0x000002089a410340 2511       3       java.lang.invoke.MemberName::isProtected (8 bytes)
Event: 12.658 Thread 0x000002089a410340 nmethod 2511 0x0000020886305a90 code [0x0000020886305c40, 0x0000020886305e00]
Event: 12.658 Thread 0x000002089a410340 2512       3       java.util.HashMap::newHashMap (44 bytes)
Event: 12.659 Thread 0x000002089a410340 nmethod 2512 0x0000020886305e90 code [0x0000020886306120, 0x0000020886306908]
Event: 12.939 Thread 0x000002089a410340 2513       1       java.util.concurrent.atomic.AtomicInteger::get (5 bytes)
Event: 12.939 Thread 0x000002089a410340 nmethod 2513 0x000002088e224a90 code [0x000002088e224c20, 0x000002088e224ce8]
Event: 14.130 Thread 0x000002089a410340 2514       3       java.util.concurrent.TimeUnit::toNanos (45 bytes)
Event: 14.131 Thread 0x000002089a410340 nmethod 2514 0x0000020886306c90 code [0x0000020886306e40, 0x0000020886307090]
Event: 14.178 Thread 0x000002089a410340 2516       3       java.util.concurrent.locks.AbstractQueuedSynchronizer$ConditionObject::canReacquire (38 bytes)
Event: 14.179 Thread 0x000002089a410340 nmethod 2516 0x0000020886307110 code [0x00000208863072e0, 0x0000020886307628]
Event: 14.179 Thread 0x000002089a410340 2517       3       jdk.internal.misc.Unsafe::putReferenceOpaque (9 bytes)
Event: 14.179 Thread 0x000002089a410340 nmethod 2517 0x0000020886307790 code [0x0000020886307920, 0x0000020886307a80]
Event: 14.224 Thread 0x000002089a410340 2518       3       java.util.concurrent.locks.LockSupport::setBlocker (12 bytes)
Event: 14.225 Thread 0x000002089a410340 nmethod 2518 0x0000020886307b10 code [0x0000020886307cc0, 0x0000020886307ec8]
Event: 14.240 Thread 0x000002089a410340 2519       3       jdk.internal.misc.Unsafe::weakCompareAndSetInt (11 bytes)
Event: 14.240 Thread 0x000002089a410340 nmethod 2519 0x0000020886307f90 code [0x0000020886308120, 0x0000020886308248]
Event: 14.286 Thread 0x000002089a410340 2521       1       jdk.internal.event.ThreadSleepEvent::isEnabled (2 bytes)
Event: 14.286 Thread 0x000002089a410340 nmethod 2521 0x000002088e225990 code [0x000002088e225b20, 0x000002088e225be8]
Event: 14.301 Thread 0x000002089a410340 2523       1       org.gradle.launcher.daemon.server.exec.DaemonConnectionBackedEventConsumer::access$000 (5 bytes)
Event: 14.301 Thread 0x000002089a410340 nmethod 2523 0x000002088e225c90 code [0x000002088e225e20, 0x000002088e225ed0]

GC Heap History (6 events):
Event: 2.792 GC heap before
{Heap before GC invocations=0 (full 0):
 garbage-first heap   total 96256K, used 22528K [0x00000000c0000000, 0x0000000100000000)
  region size 1024K, 23 young (23552K), 0 survivors (0K)
 Metaspace       used 944K, committed 1088K, reserved 491520K
  class space    used 73K, committed 128K, reserved 425984K
}
Event: 2.835 GC heap after
{Heap after GC invocations=1 (full 0):
 garbage-first heap   total 96256K, used 1504K [0x00000000c0000000, 0x0000000100000000)
  region size 1024K, 2 young (2048K), 2 survivors (2048K)
 Metaspace       used 944K, committed 1088K, reserved 491520K
  class space    used 73K, committed 128K, reserved 425984K
}
Event: 7.836 GC heap before
{Heap before GC invocations=1 (full 0):
 garbage-first heap   total 96256K, used 38368K [0x00000000c0000000, 0x0000000100000000)
  region size 1024K, 36 young (36864K), 2 survivors (2048K)
 Metaspace       used 4351K, committed 4544K, reserved 491520K
  class space    used 557K, committed 640K, reserved 425984K
}
Event: 7.849 GC heap after
{Heap after GC invocations=2 (full 0):
 garbage-first heap   total 96256K, used 10755K [0x00000000c0000000, 0x0000000100000000)
  region size 1024K, 5 young (5120K), 5 survivors (5120K)
 Metaspace       used 4351K, committed 4544K, reserved 491520K
  class space    used 557K, committed 640K, reserved 425984K
}
Event: 10.153 GC heap before
{Heap before GC invocations=2 (full 0):
 garbage-first heap   total 96256K, used 53763K [0x00000000c0000000, 0x0000000100000000)
  region size 1024K, 46 young (47104K), 5 survivors (5120K)
 Metaspace       used 4444K, committed 4608K, reserved 491520K
  class space    used 559K, committed 640K, reserved 425984K
}
Event: 10.207 GC heap after
{Heap after GC invocations=3 (full 0):
 garbage-first heap   total 96256K, used 16182K [0x00000000c0000000, 0x0000000100000000)
  region size 1024K, 4 young (4096K), 4 survivors (4096K)
 Metaspace       used 4444K, committed 4608K, reserved 491520K
  class space    used 559K, committed 640K, reserved 425984K
}

Dll operation events (14 events):
Event: 0.705 Loaded shared library C:\Users\aavi7\.antigravity\extensions\redhat.java-1.53.0-win32-x64\jre\21.0.10-win32-x86_64\bin\java.dll
Event: 1.132 Loaded shared library C:\Users\aavi7\.antigravity\extensions\redhat.java-1.53.0-win32-x64\jre\21.0.10-win32-x86_64\bin\zip.dll
Event: 1.273 Loaded shared library C:\Users\aavi7\.antigravity\extensions\redhat.java-1.53.0-win32-x64\jre\21.0.10-win32-x86_64\bin\instrument.dll
Event: 1.282 Loaded shared library C:\Users\aavi7\.antigravity\extensions\redhat.java-1.53.0-win32-x64\jre\21.0.10-win32-x86_64\bin\net.dll
Event: 1.285 Loaded shared library C:\Users\aavi7\.antigravity\extensions\redhat.java-1.53.0-win32-x64\jre\21.0.10-win32-x86_64\bin\nio.dll
Event: 1.291 Loaded shared library C:\Users\aavi7\.antigravity\extensions\redhat.java-1.53.0-win32-x64\jre\21.0.10-win32-x86_64\bin\zip.dll
Event: 2.642 Loaded shared library C:\Users\aavi7\.antigravity\extensions\redhat.java-1.53.0-win32-x64\jre\21.0.10-win32-x86_64\bin\jimage.dll
Event: 3.771 Loaded shared library C:\Users\aavi7\.antigravity\extensions\redhat.java-1.53.0-win32-x64\jre\21.0.10-win32-x86_64\bin\verify.dll
Event: 4.006 Loaded shared library C:\Users\aavi7\.gradle\native\1def1411415f61bf3af743bc5b6707747c0891f09f0c88961ee8f79bc544acac\windows-amd64\native-platform.dll
Event: 6.462 Loaded shared library C:\Users\aavi7\.gradle\native\0.2.7\x86_64-windows-gnu\gradle-fileevents.dll
Event: 11.039 Loaded shared library C:\Users\aavi7\.antigravity\extensions\redhat.java-1.53.0-win32-x64\jre\21.0.10-win32-x86_64\bin\management.dll
Event: 11.045 Loaded shared library C:\Users\aavi7\.antigravity\extensions\redhat.java-1.53.0-win32-x64\jre\21.0.10-win32-x86_64\bin\management_ext.dll
Event: 11.393 Loaded shared library C:\Users\aavi7\.antigravity\extensions\redhat.java-1.53.0-win32-x64\jre\21.0.10-win32-x86_64\bin\extnet.dll
Event: 12.099 Loaded shared library C:\Users\aavi7\.antigravity\extensions\redhat.java-1.53.0-win32-x64\jre\21.0.10-win32-x86_64\bin\sunmscapi.dll

Deoptimization events (20 events):
Event: 12.215 Thread 0x00000208bac968f0 Uncommon trap: trap_request=0xffffff45 fr.pc=0x000002088e127518 relative=0x00000000000001d8
Event: 12.215 Thread 0x00000208bac968f0 Uncommon trap: reason=unstable_if action=reinterpret pc=0x000002088e127518 method=java.util.regex.Matcher.reset()Ljava/util/regex/Matcher; @ 47 c2
Event: 12.215 Thread 0x00000208bac968f0 DEOPT PACKING pc=0x000002088e127518 sp=0x00000049fc2fe050
Event: 12.215 Thread 0x00000208bac968f0 DEOPT UNPACKING pc=0x000002088dbb4422 sp=0x00000049fc2fdfe0 mode 2
Event: 12.275 Thread 0x00000208bac97610 Uncommon trap: trap_request=0xffffff6e fr.pc=0x000002088e1c14ac relative=0x00000000000003ec
Event: 12.275 Thread 0x00000208bac97610 Uncommon trap: reason=loop_limit_check action=maybe_recompile pc=0x000002088e1c14ac method=java.lang.StringLatin1.indexOf([BI[BII)I @ 37 c2
Event: 12.275 Thread 0x00000208bac97610 DEOPT PACKING pc=0x000002088e1c14ac sp=0x00000049fc4fea60
Event: 12.275 Thread 0x00000208bac97610 DEOPT UNPACKING pc=0x000002088dbb4422 sp=0x00000049fc4fe9c0 mode 2
Event: 12.282 Thread 0x00000208bac97610 Uncommon trap: trap_request=0xffffffc6 fr.pc=0x000002088e206d7c relative=0x00000000000007fc
Event: 12.282 Thread 0x00000208bac97610 Uncommon trap: reason=bimorphic_or_optimized_type_check action=maybe_recompile pc=0x000002088e206d7c method=java.util.HashMap.putVal(ILjava/lang/Object;Ljava/lang/Object;ZZ)Ljava/lang/Object; @ 253 c2
Event: 12.282 Thread 0x00000208bac97610 DEOPT PACKING pc=0x000002088e206d7c sp=0x00000049fc4fe780
Event: 12.282 Thread 0x00000208bac97610 DEOPT UNPACKING pc=0x000002088dbb4422 sp=0x00000049fc4fe720 mode 2
Event: 12.283 Thread 0x00000208bac97610 Uncommon trap: trap_request=0xffffffc6 fr.pc=0x000002088e206d7c relative=0x00000000000007fc
Event: 12.283 Thread 0x00000208bac97610 Uncommon trap: reason=bimorphic_or_optimized_type_check action=maybe_recompile pc=0x000002088e206d7c method=java.util.HashMap.putVal(ILjava/lang/Object;Ljava/lang/Object;ZZ)Ljava/lang/Object; @ 253 c2
Event: 12.283 Thread 0x00000208bac97610 DEOPT PACKING pc=0x000002088e206d7c sp=0x00000049fc4fe870
Event: 12.283 Thread 0x00000208bac97610 DEOPT UNPACKING pc=0x000002088dbb4422 sp=0x00000049fc4fe810 mode 2
Event: 12.655 Thread 0x00000208bac97610 Uncommon trap: trap_request=0xffffffcc fr.pc=0x000002088e222afc relative=0x000000000000033c
Event: 12.655 Thread 0x00000208bac97610 Uncommon trap: reason=intrinsic_or_type_checked_inlining action=make_not_entrant pc=0x000002088e222afc method=java.util.Arrays.copyOf([Ljava/lang/Object;ILjava/lang/Class;)[Ljava/lang/Object; @ 35 c2
Event: 12.655 Thread 0x00000208bac97610 DEOPT PACKING pc=0x000002088e222afc sp=0x00000049fc4fca50
Event: 12.655 Thread 0x00000208bac97610 DEOPT UNPACKING pc=0x000002088dbb4422 sp=0x00000049fc4fc9e0 mode 2

Classes loaded (20 events):
Event: 12.273 Loading class java/util/Collections$UnmodifiableMap$UnmodifiableEntrySet$UnmodifiableEntry
Event: 12.273 Loading class java/util/Collections$UnmodifiableMap$UnmodifiableEntrySet$UnmodifiableEntry done
Event: 12.282 Loading class java/lang/invoke/DirectMethodHandle$StaticAccessor
Event: 12.283 Loading class java/lang/invoke/DirectMethodHandle$StaticAccessor done
Event: 12.291 Loading class java/util/concurrent/CountDownLatch
Event: 12.291 Loading class java/util/concurrent/CountDownLatch done
Event: 12.291 Loading class java/util/concurrent/CountDownLatch$Sync
Event: 12.291 Loading class java/util/concurrent/CountDownLatch$Sync done
Event: 12.294 Loading class jdk/internal/event/ThreadSleepEvent
Event: 12.295 Loading class jdk/internal/event/ThreadSleepEvent done
Event: 12.295 Loading class java/math/MathContext
Event: 12.296 Loading class java/math/MathContext done
Event: 12.296 Loading class java/math/BigDecimal
Event: 12.298 Loading class java/math/BigDecimal done
Event: 12.321 Loading class sun/reflect/generics/tree/VoidDescriptor
Event: 12.321 Loading class sun/reflect/generics/tree/VoidDescriptor done
Event: 12.593 Loading class java/util/concurrent/atomic/AtomicReferenceArray
Event: 12.593 Loading class java/util/concurrent/atomic/AtomicReferenceArray done
Event: 12.594 Loading class java/lang/invoke/VarHandleReferences$Array
Event: 12.594 Loading class java/lang/invoke/VarHandleReferences$Array done

Classes unloaded (0 events):
No events

Classes redefined (0 events):
No events

Internal exceptions (20 events):
Event: 11.087 Thread 0x0000020882c313c0 Exception <a 'java/lang/NoSuchMethodError'{0x00000000c517ccc0}: 'java.lang.Object java.lang.invoke.DirectMethodHandle$Holder.invokeInterface(java.lang.Object, java.lang.Object)'> (0x00000000c517ccc0) 
thrown [s\src\hotspot\share\interpreter\linkResolver.cpp, line 773]
Event: 11.100 Thread 0x0000020882c313c0 Exception <a 'java/lang/NoSuchMethodError'{0x00000000c51a4818}: 'java.lang.Object java.lang.invoke.DirectMethodHandle$Holder.invokeVirtual(java.lang.Object, java.lang.Object, java.lang.Object, java.lang.Object, java.lang.Object)'> (0x00000000c51a4818) 
thrown [s\src\hotspot\share\interpreter\linkResolver.cpp, line 773]
Event: 11.105 Thread 0x0000020882c313c0 Exception <a 'java/lang/NoSuchMethodError'{0x00000000c51b7a08}: 'java.lang.Object java.lang.invoke.Invokers$Holder.invokeExact_MT(java.lang.Object, java.lang.Object, java.lang.Object, java.lang.Object, java.lang.Object, java.lang.Object)'> (0x00000000c51b7a08) 
thrown [s\src\hotspot\share\interpreter\linkResolver.cpp, line 773]
Event: 11.152 Thread 0x0000020882c313c0 Exception <a 'java/lang/NoSuchMethodError'{0x00000000c5046dd0}: 'java.lang.Object java.lang.invoke.DelegatingMethodHandle$Holder.reinvoke_L(java.lang.Object, java.lang.Object, java.lang.Object, java.lang.Object, java.lang.Object, java.lang.Object, java.lang.Object, java.lang.Object, java.lang.Object, java.lang.Object, java.lang.Object, java.lang.Object, java.lang.Object, java.lang.Object)'> (0x00000000c5046dd0) 
thrown [s\src\hotspot\share\interpreter\linkResolver.cpp, line 773]
Event: 11.168 Thread 0x0000020882c313c0 Exception <a 'java/lang/NoSuchMethodError'{0x00000000c50ecbb0}: 'java.lang.Object java.lang.invoke.DirectMethodHandle$Holder.invokeStatic(java.lang.Object, java.lang.Object, java.lang.Object, java.lang.Object, java.lang.Object, java.lang.Object, java.lang.Object, java.lang.Object, java.lang.Object, java.lang.Object, java.lang.Object, java.lang.Object, java.lang.Object)'> (0x00000000c50ecbb0) 
thrown [s\src\hotspot\share\interpreter\linkResolver.cpp, line 773]
Event: 11.172 Thread 0x0000020882c313c0 Exception <a 'java/lang/NoSuchMethodError'{0x00000000c4f0c400}: 'java.lang.Object java.lang.invoke.DirectMethodHandle$Holder.invokeStatic(java.lang.Object, java.lang.Object, java.lang.Object, java.lang.Object, java.lang.Object, java.lang.Object, java.lang.Object, java.lang.Object, java.lang.Object, java.lang.Object, java.lang.Object, java.lang.Object, java.lang.Object, java.lang.Object)'> (0x00000000c4f0c400) 
thrown [s\src\hotspot\share\interpreter\linkResolver.cpp, line 773]
Event: 11.176 Thread 0x0000020882c313c0 Exception <a 'java/lang/NoSuchMethodError'{0x00000000c4f2c9d0}: 'java.lang.Object java.lang.invoke.DirectMethodHandle$Holder.invokeStatic(java.lang.Object, java.lang.Object, java.lang.Object, java.lang.Object, java.lang.Object, java.lang.Object, java.lang.Object, java.lang.Object, java.lang.Object, java.lang.Object, java.lang.Object, java.lang.Object, java.lang.Object, java.lang.Object, java.lang.Object)'> (0x00000000c4f2c9d0) 
thrown [s\src\hotspot\share\interpreter\linkResolver.cpp, line 773]
Event: 11.181 Thread 0x0000020882c313c0 Exception <a 'java/lang/NoSuchMethodError'{0x00000000c4f4f5a0}: 'java.lang.Object java.lang.invoke.DirectMethodHandle$Holder.invokeStatic(java.lang.Object, java.lang.Object, java.lang.Object, java.lang.Object, java.lang.Object, java.lang.Object, java.lang.Object, java.lang.Object, java.lang.Object, java.lang.Object, java.lang.Object, java.lang.Object, java.lang.Object, java.lang.Object, java.lang.Object, java.lang.Object)'> (0x00000000c4f4f5a0) 
thrown [s\src\hotspot\share\interpreter\linkResolver.cpp, lin
Event: 11.431 Thread 0x0000020882c313c0 Exception <a 'java/lang/NoSuchMethodError'{0x00000000c4c3e5a8}: 'java.lang.Object java.lang.invoke.DirectMethodHandle$Holder.invokeVirtual(java.lang.Object, java.lang.Object, java.lang.Object, java.lang.Object, java.lang.Object, java.lang.Object, java.lang.Object)'> (0x00000000c4c3e5a8) 
thrown [s\src\hotspot\share\interpreter\linkResolver.cpp, line 773]
Event: 11.456 Thread 0x0000020882c313c0 Exception <a 'java/lang/NoSuchMethodError'{0x00000000c4ccef30}: 'java.lang.Object java.lang.invoke.DirectMethodHandle$Holder.invokeVirtual(java.lang.Object, java.lang.Object, java.lang.Object, java.lang.Object, java.lang.Object, java.lang.Object, java.lang.Object, java.lang.Object, java.lang.Object)'> (0x00000000c4ccef30) 
thrown [s\src\hotspot\share\interpreter\linkResolver.cpp, line 773]
Event: 11.557 Thread 0x0000020882c313c0 Exception <a 'java/lang/NoSuchMethodError'{0x00000000c4a69450}: 'java.lang.Object java.lang.invoke.DirectMethodHandle$Holder.invokeStaticInit(java.lang.Object, int, int, int, int)'> (0x00000000c4a69450) 
thrown [s\src\hotspot\share\interpreter\linkResolver.cpp, line 773]
Event: 11.805 Thread 0x0000020882c313c0 Exception <a 'java/lang/NoSuchMethodError'{0x00000000c4933c18}: 'java.lang.Object java.lang.invoke.DirectMethodHandle$Holder.invokeStaticInit(java.lang.Object, java.lang.Object, int, int, int, int)'> (0x00000000c4933c18) 
thrown [s\src\hotspot\share\interpreter\linkResolver.cpp, line 773]
Event: 11.985 Thread 0x0000020882c313c0 Exception <a 'java/io/IOException'{0x00000000c46031a8}> (0x00000000c46031a8) 
thrown [s\src\hotspot\share\prims\jni.cpp, line 520]
Event: 11.999 Thread 0x0000020882c313c0 Implicit null exception at 0x000002088e19df24 to 0x000002088e19e568
Event: 12.009 Thread 0x0000020882c313c0 Exception <a 'java/lang/NoSuchMethodError'{0x00000000c466f310}: 'java.lang.Object java.lang.invoke.DirectMethodHandle$Holder.newInvokeSpecial(java.lang.Object, java.lang.Object, java.lang.Object, java.lang.Object, java.lang.Object)'> (0x00000000c466f310) 
thrown [s\src\hotspot\share\interpreter\linkResolver.cpp, line 773]
Event: 12.267 Thread 0x00000208bac97ca0 Exception <a 'java/lang/NoSuchMethodError'{0x00000000c4011db0}: 'void java.lang.invoke.DirectMethodHandle$Holder.invokeSpecial(java.lang.Object, java.lang.Object, java.lang.Object)'> (0x00000000c4011db0) 
thrown [s\src\hotspot\share\interpreter\linkResolver.cpp, line 773]
Event: 12.424 Thread 0x00000208bac97610 Exception <a 'java/lang/NoSuchMethodError'{0x00000000c3c71a20}: 'long java.lang.invoke.DirectMethodHandle$Holder.invokeInterface(java.lang.Object, java.lang.Object)'> (0x00000000c3c71a20) 
thrown [s\src\hotspot\share\interpreter\linkResolver.cpp, line 773]
Event: 12.634 Thread 0x00000208bac97610 Exception <a 'java/lang/NoSuchMethodError'{0x00000000c38a60c0}: 'void java.lang.invoke.DirectMethodHandle$Holder.invokeStatic(java.lang.Object, java.lang.Object)'> (0x00000000c38a60c0) 
thrown [s\src\hotspot\share\interpreter\linkResolver.cpp, line 773]
Event: 12.648 Thread 0x00000208bac97610 Exception <a 'java/lang/NoSuchMethodError'{0x00000000c38ee820}: 'java.lang.Object java.lang.invoke.DirectMethodHandle$Holder.invokeVirtual(java.lang.Object, java.lang.Object, java.lang.Object, java.lang.Object, java.lang.Object, java.lang.Object, java.lang.Object, java.lang.Object, java.lang.Object, java.lang.Object, java.lang.Object, java.lang.Object)'> (0x00000000c38ee820) 
thrown [s\src\hotspot\share\interpreter\linkResolver.cpp, line 773]
Event: 12.649 Thread 0x00000208bac97610 Exception <a 'java/lang/NoSuchMethodError'{0x00000000c38f3848}: 'java.lang.Object java.lang.invoke.DirectMethodHandle$Holder.invokeSpecial(java.lang.Object, java.lang.Object, java.lang.Object, java.lang.Object, java.lang.Object, java.lang.Object, java.lang.Object, java.lang.Object, java.lang.Object, java.lang.Object, java.lang.Object, java.lang.Object, java.lang.Object)'> (0x00000000c38f3848) 
thrown [s\src\hotspot\share\interpreter\linkResolver.cpp, line 773]

ZGC Phase Switch (0 events):
No events

VM Operations (20 events):
Event: 11.136 Executing non-safepoint VM operation: HandshakeAllThreads (Deoptimize)
Event: 11.137 Executing non-safepoint VM operation: HandshakeAllThreads (Deoptimize) done
Event: 11.228 Executing non-safepoint VM operation: HandshakeAllThreads (Deoptimize)
Event: 11.228 Executing non-safepoint VM operation: HandshakeAllThreads (Deoptimize) done
Event: 11.228 Executing safepoint VM operation: Cleanup
Event: 11.229 Executing safepoint VM operation: Cleanup done
Event: 11.382 Executing non-safepoint VM operation: HandshakeAllThreads (Deoptimize)
Event: 11.382 Executing non-safepoint VM operation: HandshakeAllThreads (Deoptimize) done
Event: 11.427 Executing non-safepoint VM operation: HandshakeAllThreads (Deoptimize)
Event: 11.427 Executing non-safepoint VM operation: HandshakeAllThreads (Deoptimize) done
Event: 11.507 Executing non-safepoint VM operation: HandshakeAllThreads (Deoptimize)
Event: 11.507 Executing non-safepoint VM operation: HandshakeAllThreads (Deoptimize) done
Event: 11.590 Executing non-safepoint VM operation: HandshakeAllThreads (Deoptimize)
Event: 11.591 Executing non-safepoint VM operation: HandshakeAllThreads (Deoptimize) done
Event: 12.112 Executing non-safepoint VM operation: HandshakeAllThreads (Deoptimize)
Event: 12.112 Executing non-safepoint VM operation: HandshakeAllThreads (Deoptimize) done
Event: 13.126 Executing safepoint VM operation: Cleanup
Event: 13.127 Executing safepoint VM operation: Cleanup done
Event: 14.130 Executing safepoint VM operation: Cleanup
Event: 14.130 Executing safepoint VM operation: Cleanup done

Memory protections (0 events):
No events

Nmethod flushes (0 events):
No events

Events (20 events):
Event: 2.872 Thread 0x000002089a3eda00 Thread added: 0x000002089a6fe240
Event: 3.131 Thread 0x000002089a6fe240 Thread exited: 0x000002089a6fe240
Event: 3.784 Thread 0x000002089a410340 Thread added: 0x000002089a700b20
Event: 6.465 Thread 0x000002089a700b20 Thread exited: 0x000002089a700b20
Event: 7.200 Thread 0x000002089a410340 Thread added: 0x00000208bad0b5e0
Event: 8.020 Thread 0x00000208bad0b5e0 Thread exited: 0x00000208bad0b5e0
Event: 10.869 Thread 0x000002089a410340 Thread added: 0x00000208bb676210
Event: 11.138 Thread 0x0000020882c313c0 Thread added: 0x00000208bb82f4d0
Event: 11.460 Thread 0x00000208bb676210 Thread exited: 0x00000208bb676210
Event: 11.835 Thread 0x0000020882c313c0 Thread added: 0x00000208bb533660
Event: 11.861 Thread 0x000002089a410340 Thread added: 0x00000208bb8474c0
Event: 12.019 Thread 0x0000020882c313c0 Thread added: 0x000002089a7d1030
Event: 12.173 Thread 0x00000208bb533660 Thread added: 0x00000208bac97ca0
Event: 12.181 Thread 0x00000208bac97ca0 Thread added: 0x00000208bac968f0
Event: 12.252 Thread 0x00000208bac97ca0 Thread added: 0x00000208bac96f80
Event: 12.270 Thread 0x00000208bac97ca0 Thread added: 0x00000208bac97610
Event: 12.294 Thread 0x00000208bac97610 Thread added: 0x00000208bac98330
Event: 12.302 Thread 0x00000208bac97610 Thread added: 0x00000208bac99050
Event: 12.308 Thread 0x00000208bac97610 Thread added: 0x00000208bac989c0
Event: 12.619 Thread 0x00000208bb8474c0 Thread exited: 0x00000208bb8474c0


Dynamic libraries:
0x00007ff63eea0000 - 0x00007ff63eeae000 	C:\Users\aavi7\.antigravity\extensions\redhat.java-1.53.0-win32-x64\jre\21.0.10-win32-x86_64\bin\java.exe
0x00007ffff7da0000 - 0x00007ffff8007000 	C:\WINDOWS\SYSTEM32\ntdll.dll
0x00007ffff67c0000 - 0x00007ffff6889000 	C:\WINDOWS\System32\KERNEL32.DLL
0x00007ffff4940000 - 0x00007ffff4d31000 	C:\WINDOWS\System32\KERNELBASE.dll
0x00007ffff57c0000 - 0x00007ffff590b000 	C:\WINDOWS\System32\ucrtbase.dll
0x00007fffceeb0000 - 0x00007fffceec8000 	C:\Users\aavi7\.antigravity\extensions\redhat.java-1.53.0-win32-x64\jre\21.0.10-win32-x86_64\bin\jli.dll
0x00007fffcee90000 - 0x00007fffceeae000 	C:\Users\aavi7\.antigravity\extensions\redhat.java-1.53.0-win32-x64\jre\21.0.10-win32-x86_64\bin\VCRUNTIME140.dll
0x00007ffff5e30000 - 0x00007ffff5ff5000 	C:\WINDOWS\System32\USER32.dll
0x00007ffff4e70000 - 0x00007ffff4e97000 	C:\WINDOWS\System32\win32u.dll
0x00007fffe33e0000 - 0x00007fffe3673000 	C:\WINDOWS\WinSxS\amd64_microsoft.windows.common-controls_6595b64144ccf1df_6.0.26100.8037_none_3e092faae333b53b\COMCTL32.dll
0x00007ffff7b90000 - 0x00007ffff7c39000 	C:\WINDOWS\System32\msvcrt.dll
0x00007ffff6cd0000 - 0x00007ffff6cfb000 	C:\WINDOWS\System32\GDI32.dll
0x00007ffff4d40000 - 0x00007ffff4e6b000 	C:\WINDOWS\System32\gdi32full.dll
0x00007ffff4ea0000 - 0x00007ffff4f43000 	C:\WINDOWS\System32\msvcp_win.dll
0x00007ffff6700000 - 0x00007ffff6731000 	C:\WINDOWS\System32\IMM32.DLL
0x00007fffdb2f0000 - 0x00007fffdb2fc000 	C:\Users\aavi7\.antigravity\extensions\redhat.java-1.53.0-win32-x64\jre\21.0.10-win32-x86_64\bin\vcruntime140_1.dll
0x00007fffc7530000 - 0x00007fffc75bd000 	C:\Users\aavi7\.antigravity\extensions\redhat.java-1.53.0-win32-x64\jre\21.0.10-win32-x86_64\bin\msvcp140.dll
0x00007fff08940000 - 0x00007fff096e1000 	C:\Users\aavi7\.antigravity\extensions\redhat.java-1.53.0-win32-x64\jre\21.0.10-win32-x86_64\bin\server\jvm.dll
0x00007ffff5c50000 - 0x00007ffff5d0b000 	C:\WINDOWS\System32\ADVAPI32.dll
0x00007ffff5b40000 - 0x00007ffff5be7000 	C:\WINDOWS\System32\sechost.dll
0x00007ffff5d10000 - 0x00007ffff5e28000 	C:\WINDOWS\System32\RPCRT4.dll
0x00007ffff6740000 - 0x00007ffff67b4000 	C:\WINDOWS\System32\WS2_32.dll
0x00007ffff44e0000 - 0x00007ffff453e000 	C:\WINDOWS\SYSTEM32\POWRPROF.dll
0x00007fffeda10000 - 0x00007fffeda45000 	C:\WINDOWS\SYSTEM32\WINMM.dll
0x00007fffee790000 - 0x00007fffee79b000 	C:\WINDOWS\SYSTEM32\VERSION.dll
0x00007ffff44c0000 - 0x00007ffff44d4000 	C:\WINDOWS\SYSTEM32\UMPDC.dll
0x00007ffff3410000 - 0x00007ffff342b000 	C:\WINDOWS\SYSTEM32\kernel.appcore.dll
0x00007fffcee80000 - 0x00007fffcee8a000 	C:\Users\aavi7\.antigravity\extensions\redhat.java-1.53.0-win32-x64\jre\21.0.10-win32-x86_64\bin\jimage.dll
0x00007ffff26c0000 - 0x00007ffff2902000 	C:\WINDOWS\SYSTEM32\DBGHELP.DLL
0x00007ffff7800000 - 0x00007ffff7b82000 	C:\WINDOWS\System32\combase.dll
0x00007ffff6620000 - 0x00007ffff66f7000 	C:\WINDOWS\System32\OLEAUT32.dll
0x00007fffe3690000 - 0x00007fffe36cb000 	C:\WINDOWS\SYSTEM32\dbgcore.DLL
0x00007ffff5910000 - 0x00007ffff59b5000 	C:\WINDOWS\System32\bcryptPrimitives.dll
0x00007fffcee50000 - 0x00007fffcee5f000 	C:\Users\aavi7\.antigravity\extensions\redhat.java-1.53.0-win32-x64\jre\21.0.10-win32-x86_64\bin\instrument.dll
0x00007fffcee20000 - 0x00007fffcee40000 	C:\Users\aavi7\.antigravity\extensions\redhat.java-1.53.0-win32-x64\jre\21.0.10-win32-x86_64\bin\java.dll
0x00007ffff6ff0000 - 0x00007ffff774f000 	C:\WINDOWS\System32\SHELL32.dll
0x00007ffff47d0000 - 0x00007ffff493a000 	C:\WINDOWS\System32\wintypes.dll
0x00007ffff4f50000 - 0x00007ffff57b4000 	C:\WINDOWS\System32\windows.storage.dll
0x00007ffff6d00000 - 0x00007ffff6df7000 	C:\WINDOWS\System32\SHCORE.dll
0x00007ffff6010000 - 0x00007ffff6077000 	C:\WINDOWS\System32\shlwapi.dll
0x00007ffff45a0000 - 0x00007ffff45c9000 	C:\WINDOWS\SYSTEM32\profapi.dll
0x00007fffcee60000 - 0x00007fffcee78000 	C:\Users\aavi7\.antigravity\extensions\redhat.java-1.53.0-win32-x64\jre\21.0.10-win32-x86_64\bin\zip.dll
0x00007fffced50000 - 0x00007fffced60000 	C:\Users\aavi7\.antigravity\extensions\redhat.java-1.53.0-win32-x64\jre\21.0.10-win32-x86_64\bin\net.dll
0x00007fffed710000 - 0x00007fffed837000 	C:\WINDOWS\SYSTEM32\WINHTTP.dll
0x00007ffff3980000 - 0x00007ffff39eb000 	C:\WINDOWS\system32\mswsock.dll
0x00007fffc9f70000 - 0x00007fffc9f86000 	C:\Users\aavi7\.antigravity\extensions\redhat.java-1.53.0-win32-x64\jre\21.0.10-win32-x86_64\bin\nio.dll
0x00007fffcee40000 - 0x00007fffcee50000 	C:\Users\aavi7\.antigravity\extensions\redhat.java-1.53.0-win32-x64\jre\21.0.10-win32-x86_64\bin\verify.dll
0x00007fffc8b10000 - 0x00007fffc8b37000 	C:\Users\aavi7\.gradle\native\1def1411415f61bf3af743bc5b6707747c0891f09f0c88961ee8f79bc544acac\windows-amd64\native-platform.dll
0x00007fffcc5e0000 - 0x00007fffcc658000 	C:\Users\aavi7\.gradle\native\0.2.7\x86_64-windows-gnu\gradle-fileevents.dll
0x00007fffcc770000 - 0x00007fffcc77a000 	C:\Users\aavi7\.antigravity\extensions\redhat.java-1.53.0-win32-x64\jre\21.0.10-win32-x86_64\bin\management.dll
0x00007fffcc4a0000 - 0x00007fffcc4ac000 	C:\Users\aavi7\.antigravity\extensions\redhat.java-1.53.0-win32-x64\jre\21.0.10-win32-x86_64\bin\management_ext.dll
0x00007ffff6c40000 - 0x00007ffff6c48000 	C:\WINDOWS\System32\PSAPI.DLL
0x00007ffff2de0000 - 0x00007ffff2e13000 	C:\WINDOWS\SYSTEM32\IPHLPAPI.DLL
0x00007ffff7760000 - 0x00007ffff776a000 	C:\WINDOWS\System32\NSI.dll
0x00007fffd5d20000 - 0x00007fffd5d29000 	C:\Users\aavi7\.antigravity\extensions\redhat.java-1.53.0-win32-x64\jre\21.0.10-win32-x86_64\bin\extnet.dll
0x00007ffff3c70000 - 0x00007ffff3c8b000 	C:\WINDOWS\SYSTEM32\CRYPTSP.dll
0x00007ffff3370000 - 0x00007ffff33a9000 	C:\WINDOWS\system32\rsaenh.dll
0x00007ffff3a30000 - 0x00007ffff3a62000 	C:\WINDOWS\SYSTEM32\USERENV.dll
0x00007ffff4570000 - 0x00007ffff459a000 	C:\WINDOWS\SYSTEM32\bcrypt.dll
0x00007ffff3c60000 - 0x00007ffff3c6c000 	C:\WINDOWS\SYSTEM32\CRYPTBASE.dll
0x00007fffe6cf0000 - 0x00007fffe6cfe000 	C:\Users\aavi7\.antigravity\extensions\redhat.java-1.53.0-win32-x64\jre\21.0.10-win32-x86_64\bin\sunmscapi.dll
0x00007ffff59c0000 - 0x00007ffff5b37000 	C:\WINDOWS\System32\CRYPT32.dll
0x00007ffff3e80000 - 0x00007ffff3eb0000 	C:\WINDOWS\SYSTEM32\ncrypt.dll
0x00007ffff3e30000 - 0x00007ffff3e6f000 	C:\WINDOWS\SYSTEM32\NTASN1.dll
0x00007fffb65b0000 - 0x00007fffb65b8000 	C:\WINDOWS\system32\wshunix.dll

JVMTI agents:
C:\Users\aavi7\.gradle\wrapper\dists\gradle-8.14-all\c2qonpi39x1mddn7hk5gh9iqj\gradle-8.14\lib\agents\gradle-instrumentation-agent-8.14.jar path:C:\Users\aavi7\.antigravity\extensions\redhat.java-1.53.0-win32-x64\jre\21.0.10-win32-x86_64\bin\instrument.dll, loaded, initialized, instrumentlib options:none

dbghelp: loaded successfully - version: 4.0.5 - missing functions: none
symbol engine: initialized successfully - sym options: 0x614 - pdb path: .;C:\Users\aavi7\.antigravity\extensions\redhat.java-1.53.0-win32-x64\jre\21.0.10-win32-x86_64\bin;C:\WINDOWS\SYSTEM32;C:\WINDOWS\WinSxS\amd64_microsoft.windows.common-controls_6595b64144ccf1df_6.0.26100.8037_none_3e092faae333b53b;C:\Users\aavi7\.antigravity\extensions\redhat.java-1.53.0-win32-x64\jre\21.0.10-win32-x86_64\bin\server;C:\Users\aavi7\.gradle\native\1def1411415f61bf3af743bc5b6707747c0891f09f0c88961ee8f79bc544acac\windows-amd64;C:\Users\aavi7\.gradle\native\0.2.7\x86_64-windows-gnu

VM Arguments:
jvm_args: --add-opens=java.base/java.lang=ALL-UNNAMED --add-opens=java.base/java.lang.invoke=ALL-UNNAMED --add-opens=java.base/java.util=ALL-UNNAMED --add-opens=java.prefs/java.util.prefs=ALL-UNNAMED --add-exports=jdk.compiler/com.sun.tools.javac.api=ALL-UNNAMED --add-exports=jdk.compiler/com.sun.tools.javac.util=ALL-UNNAMED --add-opens=java.base/java.util=ALL-UNNAMED --add-opens=java.prefs/java.util.prefs=ALL-UNNAMED --add-opens=java.base/java.nio.charset=ALL-UNNAMED --add-opens=java.base/java.net=ALL-UNNAMED --add-opens=java.base/java.util.concurrent.atomic=ALL-UNNAMED --add-opens=java.xml/javax.xml.namespace=ALL-UNNAMED -XX:MaxMetaspaceSize=512m -XX:ReservedCodeCacheSize=256m -XX:+HeapDumpOnOutOfMemoryError -Xmx1024m -Dfile.encoding=UTF-8 -Duser.country=IN -Duser.language=en -Duser.variant -javaagent:C:\Users\aavi7\.gradle\wrapper\dists\gradle-8.14-all\c2qonpi39x1mddn7hk5gh9iqj\gradle-8.14\lib\agents\gradle-instrumentation-agent-8.14.jar 
java_command: org.gradle.launcher.daemon.bootstrap.GradleDaemon 8.14
java_class_path (initial): C:\Users\aavi7\.gradle\wrapper\dists\gradle-8.14-all\c2qonpi39x1mddn7hk5gh9iqj\gradle-8.14\lib\gradle-daemon-main-8.14.jar
Launcher Type: SUN_STANDARD

[Global flags]
     intx CICompilerCount                          = 4                                         {product} {ergonomic}
   size_t CompressedClassSpaceSize                 = 436207616                                 {product} {ergonomic}
     uint ConcGCThreads                            = 3                                         {product} {ergonomic}
     uint G1ConcRefinementThreads                  = 10                                        {product} {ergonomic}
   size_t G1HeapRegionSize                         = 1048576                                   {product} {ergonomic}
    uintx GCDrainStackTargetSize                   = 64                                        {product} {ergonomic}
     bool HeapDumpOnOutOfMemoryError               = true                                   {manageable} {command line}
   size_t InitialHeapSize                          = 98566144                                  {product} {ergonomic}
   size_t MarkStackSize                            = 4194304                                   {product} {ergonomic}
   size_t MaxHeapSize                              = 1073741824                                {product} {command line}
   size_t MaxMetaspaceSize                         = 536870912                                 {product} {command line}
   size_t MaxNewSize                               = 643825664                                 {product} {ergonomic}
   size_t MinHeapDeltaBytes                        = 1048576                                   {product} {ergonomic}
   size_t MinHeapSize                              = 8388608                                   {product} {ergonomic}
    uintx NonNMethodCodeHeapSize                   = 5839372                                {pd product} {ergonomic}
    uintx NonProfiledCodeHeapSize                  = 131298042                              {pd product} {ergonomic}
    uintx ProfiledCodeHeapSize                     = 131298042                              {pd product} {ergonomic}
    uintx ReservedCodeCacheSize                    = 268435456                              {pd product} {command line}
     bool SegmentedCodeCache                       = true                                      {product} {ergonomic}
   size_t SoftMaxHeapSize                          = 1073741824                             {manageable} {ergonomic}
     bool UseCompressedOops                        = true                           {product lp64_product} {ergonomic}
     bool UseG1GC                                  = true                                      {product} {ergonomic}
     bool UseLargePagesIndividualAllocation        = false                                  {pd product} {ergonomic}

Logging:
Log output configuration:
 #0: stdout all=warning uptime,level,tags foldmultilines=false
 #1: stderr all=off uptime,level,tags foldmultilines=false

Release file:
JAVA_VERSION="21.0.10" 
MODULES="java.base java.compiler java.datatransfer java.xml java.prefs java.desktop java.instrument java.logging java.management java.security.sasl java.naming java.rmi java.management.rmi java.net.http java.scripting java.security.jgss java.transaction.xa java.sql java.sql.rowset java.xml.crypto java.se java.smartcardio jdk.accessibility jdk.internal.jvmstat jdk.attach jdk.charsets jdk.internal.opt jdk.zipfs jdk.compiler jdk.crypto.ec jdk.crypto.cryptoki jdk.crypto.mscapi jdk.dynalink jdk.internal.ed jdk.editpad jdk.hotspot.agent jdk.httpserver jdk.internal.le jdk.internal.vm.ci jdk.internal.vm.compiler jdk.internal.vm.compiler.management jdk.jartool jdk.javadoc jdk.jcmd jdk.management jdk.management.agent jdk.jconsole jdk.jdeps jdk.jdwp.agent jdk.jdi jdk.jfr jdk.jshell jdk.jsobject jdk.jstatd jdk.localedata jdk.management.jfr jdk.naming.dns jdk.naming.rmi jdk.net jdk.nio.mapmode jdk.random jdk.sctp jdk.security.auth jdk.security.jgss jdk.unsupported jdk.unsupported.desktop jdk.xml.dom" 

Environment Variables:
JAVA_HOME=C:\Program Files\Java\jdk-17
PATH=C:\Ruby34-x64\bin;C:\Program Files\Java\jdk-17\bin;C:\oraclexe\app\oracle\product\10.2.0\server\bin;C:\WINDOWS\system32;C:\WINDOWS;C:\WINDOWS\System32\Wbem;C:\WINDOWS\System32\WindowsPowerShell\v1.0\;C:\WINDOWS\System32\OpenSSH\;C:\Program Files (x86)\Microsoft SQL Server\160\Tools\Binn\;C:\Program Files\Microsoft SQL Server\160\Tools\Binn\;C:\Program Files\Microsoft SQL Server\Client SDK\ODBC\170\Tools\Binn\;C:\Program Files\Microsoft SQL Server\160\DTS\Binn\;C:\Program Files\MongoDB\mongosh-2.2.6-win32-x64\bin;C:\Program Files\MongoDB\Server\7.0\bin\mongod.cfg;C:\Program Files\Git\cmd;C:\Program Files\MongoDB\Server\8.0\bin;C:\src\flutter\bin;C:\Users\aavi7\AppData\Local\nvm;C:\nvm4w\nodejs;C:\Users\aavi7\AppData\Local\Android\Sdk\platform-tools;C:\Ruby34-x64\bin;C:\Program Files\Java\jdk-17\bin;C:\oraclexe\app\oracle\product\10.2.0\server\bin;C:\WINDOWS\system32;C:\WINDOWS;C:\WINDOWS\System32\Wbem;C:\WINDOWS\System32\WindowsPowerShell\v1.0\;C:\WINDOWS\System32\OpenSSH\;C:\Program Files (x86)\Microsoft SQL Server\160\Tools\Binn\;C:\Program Files\Microsoft SQL Server\160\Tools\Binn\;C:\Program Files\Microsoft SQL Server\Client SDK\ODBC\170\Tools\Binn\;C:\Program Files\Microsoft SQL Server\160\DTS\Binn\;C:\Program Files\MongoDB\mongosh-2.2.6-win32-x64\bin;C:\Program Files\MongoDB\Server\7.0\bin\mongod.cfg;C:\Program Files\Git\cmd;C:\Program Files\MongoDB\Server\8.0\bin;C:\src\flutter\bin;C:\Users\aavi7\AppData\Local\nvm;C:\nvm4w\nodejs;C:\Users\aavi7\AppData\Local\Android\Sdk\platform-tools;;C:\Users\aavi7\AppData\Local\Pub\Cache\bin;C:\Users\aavi7\AppData\Local\Pub\Cache\bin;C:\Users\aavi7\AppData\Roaming\npm\node_modules\firebase-tools\lib\bin;C:\Users\aavi7\AppData\Roaming\npm\node_modules\firebase-tools\node_modules\.bin;C:\Users\aavi7\AppData\Local\nvm;C:\nvm4w\nodejs;C:\Users\aavi7\AppData\Local\nvm;C:\Users\aavi7\AppData\Local\Programs\Antigravity\bin;C:\Users\aavi7\AppData\Local\Android\Sdk\platform-tools;
USERNAME=aavi7
OS=Windows_NT
PROCESSOR_IDENTIFIER=AMD64 Family 23 Model 104 Stepping 1, AuthenticAMD
TMP=C:\Users\aavi7\AppData\Local\Temp
TEMP=C:\Users\aavi7\AppData\Local\Temp




Periodic native trim disabled

---------------  S Y S T E M  ---------------

OS:
 Windows 11 , 64 bit Build 26100 (10.0.26100.7920)
OS uptime: 0 days 19:06 hours
Hyper-V role detected

CPU: total 12 (initial active 12) (12 cores per cpu, 2 threads per core) family 23 model 104 stepping 1 microcode 0x8608109, cx8, cmov, fxsr, ht, mmx, 3dnowpref, sse, sse2, sse3, ssse3, sse4a, sse4.1, sse4.2, popcnt, lzcnt, tsc, tscinvbit, avx, avx2, aes, clmul, bmi1, bmi2, adx, sha, fma, vzeroupper, clflush, clflushopt, hv, rdtscp, rdpid, f16c
Processor Information for the first 12 processors :
  Max Mhz: 2100, Current Mhz: 1700, Mhz Limit: 2100

Memory: 4k page, system-wide physical 5989M (252M free)
TotalPageFile size 24421M (AvailPageFile size 0M)
current process WorkingSet (physical memory assigned to process): 161M, peak: 165M
current process commit charge ("private bytes"): 228M, peak: 228M

vm_info: OpenJDK 64-Bit Server VM (21.0.10+7-LTS) for windows-amd64 JRE (21.0.10+7-LTS), built on 2026-01-20T00:00:00Z by "admin" with MS VC++ 17.12 (VS2022)

END.
