#
# There is insufficient memory for the Java Runtime Environment to continue.
# Native memory allocation (malloc) failed to allocate 1236496 bytes. Error detail: Chunk::new
# Possible reasons:
#   The system is out of physical RAM or swap space
#   This process is running with CompressedOops enabled, and the Java Heap may be blocking the growth of the native heap
# Possible solutions:
#   Reduce memory load on the system
#   Increase physical memory or swap space
#   Check if swap backing store is full
#   Decrease Java heap size (-Xmx/-Xms)
#   Decrease number of Java threads
#   Decrease Java thread stack sizes (-Xss)
#   Set larger code cache with -XX:ReservedCodeCacheSize=
#   JVM is running with Unscaled Compressed Oops mode in which the Java heap is
#     placed in the first 4GB address space. The Java Heap base address is the
#     maximum limit for the native heap growth. Please use -XX:HeapBaseMinAddress
#     to set the Java Heap base and to place the Java Heap above 4GB virtual address.
# This output file may be truncated or incomplete.
#
#  Out of Memory Error (arena.cpp:168), pid=18200, tid=20456
#
# JRE version: OpenJDK Runtime Environment Temurin-21.0.10+7 (21.0.10+7) (build 21.0.10+7-LTS)
# Java VM: OpenJDK 64-Bit Server VM Temurin-21.0.10+7 (21.0.10+7-LTS, mixed mode, sharing, tiered, compressed oops, compressed class ptrs, g1 gc, windows-amd64)
# No core dump will be written. Minidumps are not enabled by default on client versions of Windows
#

---------------  S U M M A R Y ------------

Command Line: --add-opens=java.base/java.lang=ALL-UNNAMED --add-opens=java.base/java.lang.invoke=ALL-UNNAMED --add-opens=java.base/java.util=ALL-UNNAMED --add-opens=java.prefs/java.util.prefs=ALL-UNNAMED --add-exports=jdk.compiler/com.sun.tools.javac.api=ALL-UNNAMED --add-exports=jdk.compiler/com.sun.tools.javac.util=ALL-UNNAMED --add-opens=java.base/java.util=ALL-UNNAMED --add-opens=java.prefs/java.util.prefs=ALL-UNNAMED --add-opens=java.base/java.nio.charset=ALL-UNNAMED --add-opens=java.base/java.net=ALL-UNNAMED --add-opens=java.base/java.util.concurrent.atomic=ALL-UNNAMED --add-opens=java.xml/javax.xml.namespace=ALL-UNNAMED -XX:MaxMetaspaceSize=512m -XX:ReservedCodeCacheSize=256m -XX:+HeapDumpOnOutOfMemoryError -Xmx1024m -Dfile.encoding=UTF-8 -Duser.country=IN -Duser.language=en -Duser.variant -javaagent:C:\Users\aavi7\.gradle\wrapper\dists\gradle-8.14-all\c2qonpi39x1mddn7hk5gh9iqj\gradle-8.14\lib\agents\gradle-instrumentation-agent-8.14.jar org.gradle.launcher.daemon.bootstrap.GradleDaemon 8.14

Host: AMD Ryzen 5 5500U with Radeon Graphics         , 12 cores, 5G,  Windows 11 , 64 bit Build 26100 (10.0.26100.7920)
Time: Thu Apr  9 16:43:19 2026 India Standard Time elapsed time: 379.848619 seconds (0d 0h 6m 19s)

---------------  T H R E A D  ---------------

Current thread (0x0000016b03e22460):  JavaThread "C2 CompilerThread0" daemon [_thread_in_native, id=20456, stack(0x0000005df0700000,0x0000005df0800000) (1024K)]


Current CompileTask:
C2:379857 10557   !   4       com.google.common.cache.LocalCache$Segment::lockedGetOrLoad (447 bytes)

Stack: [0x0000005df0700000,0x0000005df0800000]
Native frames: (J=compiled Java code, j=interpreted, Vv=VM code, C=native code)
V  [jvm.dll+0x6d7a39]
V  [jvm.dll+0x8b4b26]
V  [jvm.dll+0x8b70de]
V  [jvm.dll+0x8b77c3]
V  [jvm.dll+0x284346]
V  [jvm.dll+0xc66ed]
V  [jvm.dll+0xc6c31]
V  [jvm.dll+0x3bec01]
V  [jvm.dll+0x38b162]
V  [jvm.dll+0x38a5aa]
V  [jvm.dll+0x24c560]
V  [jvm.dll+0x24bb40]
V  [jvm.dll+0x1cb34e]
V  [jvm.dll+0x25b85d]
V  [jvm.dll+0x259dea]
V  [jvm.dll+0x3f857e]
V  [jvm.dll+0x85f59d]
V  [jvm.dll+0x6d626d]
C  [ucrtbase.dll+0x37b0]
C  [KERNEL32.DLL+0x2e8d7]
C  [ntdll.dll+0x8c48c]


---------------  P R O C E S S  ---------------

Threads class SMR info:
_java_thread_list=0x0000016b26e531d0, length=46, elements={
0x0000016b6c5b4d30, 0x0000016b03e1a8a0, 0x0000016b03e1c020, 0x0000016b03e1d7a0,
0x0000016b03e1e200, 0x0000016b03e1ec60, 0x0000016b03e1f6c0, 0x0000016b03e22460,
0x0000016b03e23c20, 0x0000016b23216db0, 0x0000016b23100ae0, 0x0000016b24265160,
0x0000016b2492fc70, 0x0000016b23f39370, 0x0000016b23f6fbc0, 0x0000016b23f70230,
0x0000016b248f0680, 0x0000016b248ed200, 0x0000016b248ed890, 0x0000016b248edf20,
0x0000016b248ee5b0, 0x0000016b248ef2d0, 0x0000016b248eec40, 0x0000016b248efff0,
0x0000016b24b5ced0, 0x0000016b24b5e280, 0x0000016b24b5d560, 0x0000016b24b60350,
0x0000016b24b5f630, 0x0000016b24b5fcc0, 0x0000016b26760d10, 0x0000016b2675fff0,
0x0000016b26760680, 0x0000016b26764eb0, 0x0000016b26764820, 0x0000016b26765540,
0x0000016b26765bd0, 0x0000016b267668f0, 0x0000016b2704d520, 0x0000016b27051030,
0x0000016b270516c0, 0x0000016b2704ef60, 0x0000016b2704e240, 0x0000016b28124780,
0x0000016b281261c0, 0x0000016b28126850
}

Java Threads: ( => current thread )
  0x0000016b6c5b4d30 JavaThread "main"                              [_thread_blocked, id=11152, stack(0x0000005def900000,0x0000005defa00000) (1024K)]
  0x0000016b03e1a8a0 JavaThread "Reference Handler"          daemon [_thread_blocked, id=25288, stack(0x0000005df0100000,0x0000005df0200000) (1024K)]
  0x0000016b03e1c020 JavaThread "Finalizer"                  daemon [_thread_blocked, id=16992, stack(0x0000005df0200000,0x0000005df0300000) (1024K)]
  0x0000016b03e1d7a0 JavaThread "Signal Dispatcher"          daemon [_thread_blocked, id=24848, stack(0x0000005df0300000,0x0000005df0400000) (1024K)]
  0x0000016b03e1e200 JavaThread "Attach Listener"            daemon [_thread_blocked, id=15716, stack(0x0000005df0400000,0x0000005df0500000) (1024K)]
  0x0000016b03e1ec60 JavaThread "Service Thread"             daemon [_thread_blocked, id=20484, stack(0x0000005df0500000,0x0000005df0600000) (1024K)]
  0x0000016b03e1f6c0 JavaThread "Monitor Deflation Thread"   daemon [_thread_blocked, id=20680, stack(0x0000005df0600000,0x0000005df0700000) (1024K)]
=>0x0000016b03e22460 JavaThread "C2 CompilerThread0"         daemon [_thread_in_native, id=20456, stack(0x0000005df0700000,0x0000005df0800000) (1024K)]
  0x0000016b03e23c20 JavaThread "C1 CompilerThread0"         daemon [_thread_blocked, id=18884, stack(0x0000005df0800000,0x0000005df0900000) (1024K)]
  0x0000016b23216db0 JavaThread "Common-Cleaner"             daemon [_thread_blocked, id=13524, stack(0x0000005df0900000,0x0000005df0a00000) (1024K)]
  0x0000016b23100ae0 JavaThread "Notification Thread"        daemon [_thread_blocked, id=2572, stack(0x0000005df0a00000,0x0000005df0b00000) (1024K)]
  0x0000016b24265160 JavaThread "Daemon health stats"               [_thread_blocked, id=22516, stack(0x0000005df0f00000,0x0000005df1000000) (1024K)]
  0x0000016b2492fc70 JavaThread "Incoming local TCP Connector on port 63398"        [_thread_in_native, id=4696, stack(0x0000005df1000000,0x0000005df1100000) (1024K)]
  0x0000016b23f39370 JavaThread "Daemon periodic checks"            [_thread_blocked, id=23540, stack(0x0000005df1100000,0x0000005df1200000) (1024K)]
  0x0000016b23f6fbc0 JavaThread "Daemon"                            [_thread_blocked, id=24280, stack(0x0000005df1200000,0x0000005df1300000) (1024K)]
  0x0000016b23f70230 JavaThread "Handler for socket connection from /127.0.0.1:63398 to /127.0.0.1:63399"        [_thread_in_native, id=22568, stack(0x0000005df1300000,0x0000005df1400000) (1024K)]
  0x0000016b248f0680 JavaThread "Cancel handler"                    [_thread_blocked, id=3476, stack(0x0000005df1400000,0x0000005df1500000) (1024K)]
  0x0000016b248ed200 JavaThread "Daemon worker"                     [_thread_blocked, id=9584, stack(0x0000005df1500000,0x0000005df1600000) (1024K)]
  0x0000016b248ed890 JavaThread "Asynchronous log dispatcher for DefaultDaemonConnection: socket connection from /127.0.0.1:63398 to /127.0.0.1:63399"        [_thread_blocked, id=20360, stack(0x0000005df1600000,0x0000005df1700000) (1024K)]
  0x0000016b248edf20 JavaThread "Stdin handler"                     [_thread_blocked, id=18720, stack(0x0000005df1700000,0x0000005df1800000) (1024K)]
  0x0000016b248ee5b0 JavaThread "Daemon client event forwarder"        [_thread_blocked, id=3680, stack(0x0000005df1800000,0x0000005df1900000) (1024K)]
  0x0000016b248ef2d0 JavaThread "Cache worker for journal cache (C:\Users\aavi7\.gradle\caches\journal-1)"        [_thread_blocked, id=20452, stack(0x0000005df1e00000,0x0000005df1f00000) (1024K)]
  0x0000016b248eec40 JavaThread "File lock request listener"        [_thread_in_native, id=25024, stack(0x0000005df1f00000,0x0000005df2000000) (1024K)]
  0x0000016b248efff0 JavaThread "Cache worker for file hash cache (C:\Users\aavi7\.gradle\caches\8.14\fileHashes)"        [_thread_in_Java, id=20644, stack(0x0000005df2000000,0x0000005df2100000) (1024K)]
  0x0000016b24b5ced0 JavaThread "Cache worker for file hash cache (C:\Users\aavi7\OneDrive\Desktop\project\project_witspace\android\.gradle\8.14\fileHashes)"        [_thread_blocked, id=20544, stack(0x0000005df2200000,0x0000005df2300000) (1024K)]
  0x0000016b24b5e280 JavaThread "Cache worker for Build Output Cleanup Cache (C:\Users\aavi7\OneDrive\Desktop\project\project_witspace\android\.gradle\buildOutputCleanup)"        [_thread_blocked, id=25352, stack(0x0000005df2300000,0x0000005df2400000) (1024K)]
  0x0000016b24b5d560 JavaThread "File watcher server"        daemon [_thread_in_native, id=16440, stack(0x0000005df2400000,0x0000005df2500000) (1024K)]
  0x0000016b24b60350 JavaThread "File watcher consumer"      daemon [_thread_blocked, id=19000, stack(0x0000005df2500000,0x0000005df2600000) (1024K)]
  0x0000016b24b5f630 JavaThread "Cache worker for checksums cache (C:\Users\aavi7\OneDrive\Desktop\project\project_witspace\android\.gradle\8.14\checksums)"        [_thread_blocked, id=21544, stack(0x0000005df2600000,0x0000005df2700000) (1024K)]
  0x0000016b24b5fcc0 JavaThread "Cache worker for file content cache (C:\Users\aavi7\.gradle\caches\8.14\fileContent)"        [_thread_blocked, id=13744, stack(0x0000005df2700000,0x0000005df2800000) (1024K)]
  0x0000016b26760d10 JavaThread "Cache worker for cache directory md-supplier (C:\Users\aavi7\.gradle\caches\8.14\md-supplier)"        [_thread_blocked, id=25136, stack(0x0000005df2800000,0x0000005df2900000) (1024K)]
  0x0000016b2675fff0 JavaThread "Cache worker for cache directory md-rule (C:\Users\aavi7\.gradle\caches\8.14\md-rule)"        [_thread_blocked, id=21748, stack(0x0000005df2900000,0x0000005df2a00000) (1024K)]
  0x0000016b26760680 JavaThread "Cache worker for Build Output Cleanup Cache (C:\src\flutter\packages\flutter_tools\gradle\.gradle\buildOutputCleanup)"        [_thread_blocked, id=18652, stack(0x0000005def700000,0x0000005def800000) (1024K)]
  0x0000016b26764eb0 JavaThread "Unconstrained build operations"        [_thread_blocked, id=23736, stack(0x0000005def800000,0x0000005def900000) (1024K)]
  0x0000016b26764820 JavaThread "Unconstrained build operations Thread 2"        [_thread_blocked, id=2436, stack(0x0000005df2a00000,0x0000005df2b00000) (1024K)]
  0x0000016b26765540 JavaThread "Unconstrained build operations Thread 3"        [_thread_blocked, id=10012, stack(0x0000005df2b00000,0x0000005df2c00000) (1024K)]
  0x0000016b26765bd0 JavaThread "Memory manager"                    [_thread_blocked, id=25488, stack(0x0000005df2c00000,0x0000005df2d00000) (1024K)]
  0x0000016b267668f0 JavaThread "build event listener"              [_thread_blocked, id=15952, stack(0x0000005df2d00000,0x0000005df2e00000) (1024K)]
  0x0000016b2704d520 JavaThread "Cache worker for execution history cache (C:\src\flutter\packages\flutter_tools\gradle\.gradle\8.14\executionHistory)"        [_thread_blocked, id=21316, stack(0x0000005df3000000,0x0000005df3100000) (1024K)]
  0x0000016b27051030 JavaThread "Unconstrained build operations Thread 4"        [_thread_blocked, id=12248, stack(0x0000005df3100000,0x0000005df3200000) (1024K)]
  0x0000016b270516c0 JavaThread "Unconstrained build operations Thread 5"        [_thread_blocked, id=4940, stack(0x0000005df3200000,0x0000005df3300000) (1024K)]
  0x0000016b2704ef60 JavaThread "Unconstrained build operations Thread 6"        [_thread_blocked, id=10712, stack(0x0000005df3300000,0x0000005df3400000) (1024K)]
  0x0000016b2704e240 JavaThread "Unconstrained build operations Thread 7"        [_thread_blocked, id=24776, stack(0x0000005df3600000,0x0000005df3700000) (1024K)]
  0x0000016b28124780 JavaThread "Unconstrained build operations Thread 8"        [_thread_blocked, id=27608, stack(0x0000005df2e00000,0x0000005df2f00000) (1024K)]
  0x0000016b281261c0 JavaThread "Unconstrained build operations Thread 9"        [_thread_blocked, id=25764, stack(0x0000005df3700000,0x0000005df3800000) (1024K)]
  0x0000016b28126850 JavaThread "Unconstrained build operations Thread 10"        [_thread_blocked, id=27944, stack(0x0000005df3800000,0x0000005df3900000) (1024K)]
Total: 46

Other Threads:
  0x0000016b03df9f60 VMThread "VM Thread"                           [id=15960, stack(0x0000005df0000000,0x0000005df0100000) (1024K)]
  0x0000016b03de88f0 WatcherThread "VM Periodic Task Thread"        [id=14356, stack(0x0000005deff00000,0x0000005df0000000) (1024K)]
  0x0000016b6c5eef50 WorkerThread "GC Thread#0"                     [id=25372, stack(0x0000005defa00000,0x0000005defb00000) (1024K)]
  0x0000016b233f2b80 WorkerThread "GC Thread#1"                     [id=22520, stack(0x0000005df0b00000,0x0000005df0c00000) (1024K)]
  0x0000016b23316d30 WorkerThread "GC Thread#2"                     [id=21628, stack(0x0000005df0c00000,0x0000005df0d00000) (1024K)]
  0x0000016b233170e0 WorkerThread "GC Thread#3"                     [id=22904, stack(0x0000005df0d00000,0x0000005df0e00000) (1024K)]
  0x0000016b23b21c30 WorkerThread "GC Thread#4"                     [id=8924, stack(0x0000005df0e00000,0x0000005df0f00000) (1024K)]
  0x0000016b23b23250 WorkerThread "GC Thread#5"                     [id=21804, stack(0x0000005df1900000,0x0000005df1a00000) (1024K)]
  0x0000016b23d00850 WorkerThread "GC Thread#6"                     [id=12148, stack(0x0000005df1a00000,0x0000005df1b00000) (1024K)]
  0x0000016b23d01360 WorkerThread "GC Thread#7"                     [id=11236, stack(0x0000005df1b00000,0x0000005df1c00000) (1024K)]
  0x0000016b23cfee80 WorkerThread "GC Thread#8"                     [id=3924, stack(0x0000005df1c00000,0x0000005df1d00000) (1024K)]
  0x0000016b23cfe720 WorkerThread "GC Thread#9"                     [id=17540, stack(0x0000005df1d00000,0x0000005df1e00000) (1024K)]
  0x0000016b6c5f7d50 ConcurrentGCThread "G1 Main Marker"            [id=25264, stack(0x0000005defb00000,0x0000005defc00000) (1024K)]
  0x0000016b6c5fa3a0 WorkerThread "G1 Conc#0"                       [id=20792, stack(0x0000005defc00000,0x0000005defd00000) (1024K)]
  0x0000016b253e27d0 WorkerThread "G1 Conc#1"                       [id=8340, stack(0x0000005def600000,0x0000005def700000) (1024K)]
  0x0000016b253e2f30 WorkerThread "G1 Conc#2"                       [id=10644, stack(0x0000005df2100000,0x0000005df2200000) (1024K)]
  0x0000016b6c66e920 ConcurrentGCThread "G1 Refine#0"               [id=19876, stack(0x0000005defd00000,0x0000005defe00000) (1024K)]
  0x0000016b03cba4e0 ConcurrentGCThread "G1 Service"                [id=25452, stack(0x0000005defe00000,0x0000005deff00000) (1024K)]
Total: 18

Threads with active compile tasks:
C2 CompilerThread0  380477 10557   !   4       com.google.common.cache.LocalCache$Segment::lockedGetOrLoad (447 bytes)
Total: 1

VM state: not at safepoint (normal execution)

VM Mutex/Monitor currently owned by a thread: None

Heap address: 0x00000000c0000000, size: 1024 MB, Compressed Oops mode: 32-bit

CDS archive(s) mapped at: [0x0000016b04000000-0x0000016b04ba0000-0x0000016b04ba0000), size 12189696, SharedBaseAddress: 0x0000016b04000000, ArchiveRelocationMode: 1.
Compressed class space mapped at: 0x0000016b05000000-0x0000016b1f000000, reserved size: 436207616
Narrow klass base: 0x0000016b04000000, Narrow klass shift: 0, Narrow klass range: 0x100000000

GC Precious Log:
 CardTable entry size: 512
 Card Set container configuration: InlinePtr #cards 5 size 8 Array Of Cards #cards 12 size 40 Howl #buckets 4 coarsen threshold 1843 Howl Bitmap #cards 512 size 80 coarsen threshold 460 Card regions per heap region 1 cards per card region 2048
 CPUs: 12 total, 12 available
 Memory: 5989M
 Large Page Support: Disabled
 NUMA Support: Disabled
 Compressed Oops: Enabled (32-bit)
 Heap Region Size: 1M
 Heap Min Capacity: 8M
 Heap Initial Capacity: 94M
 Heap Max Capacity: 1G
 Pre-touch: Disabled
 Parallel Workers: 10
 Concurrent Workers: 3
 Concurrent Refinement Workers: 10
 Periodic GC: Disabled

Heap:
 garbage-first heap   total 135168K, used 90020K [0x00000000c0000000, 0x0000000100000000)
  region size 1024K, 15 young (15360K), 4 survivors (4096K)
 Metaspace       used 72358K, committed 74432K, reserved 491520K
  class space    used 10604K, committed 11648K, reserved 425984K

Heap Regions: E=young(eden), S=young(survivor), O=old, HS=humongous(starts), HC=humongous(continues), CS=collection set, F=free, TAMS=top-at-mark-start, PB=parsable bottom
|   0|0x00000000c0000000, 0x00000000c0100000, 0x00000000c0100000|100%|HS|  |TAMS 0x00000000c0000000| PB 0x00000000c0000000| Complete 
|   1|0x00000000c0100000, 0x00000000c0200000, 0x00000000c0200000|100%|HC|  |TAMS 0x00000000c0100000| PB 0x00000000c0100000| Complete 
|   2|0x00000000c0200000, 0x00000000c0300000, 0x00000000c0300000|100%|HC|  |TAMS 0x00000000c0200000| PB 0x00000000c0200000| Complete 
|   3|0x00000000c0300000, 0x00000000c0400000, 0x00000000c0400000|100%| O|  |TAMS 0x00000000c0300000| PB 0x00000000c0300000| Untracked 
|   4|0x00000000c0400000, 0x00000000c0500000, 0x00000000c0500000|100%| O|  |TAMS 0x00000000c0400000| PB 0x00000000c0400000| Untracked 
|   5|0x00000000c0500000, 0x00000000c0600000, 0x00000000c0600000|100%| O|  |TAMS 0x00000000c0500000| PB 0x00000000c0500000| Untracked 
|   6|0x00000000c0600000, 0x00000000c0700000, 0x00000000c0700000|100%|HS|  |TAMS 0x00000000c0600000| PB 0x00000000c0600000| Complete 
|   7|0x00000000c0700000, 0x00000000c0800000, 0x00000000c0800000|100%| O|  |TAMS 0x00000000c0700000| PB 0x00000000c0700000| Untracked 
|   8|0x00000000c0800000, 0x00000000c0900000, 0x00000000c0900000|100%| O|  |TAMS 0x00000000c0800000| PB 0x00000000c0800000| Untracked 
|   9|0x00000000c0900000, 0x00000000c0a00000, 0x00000000c0a00000|100%| O|  |TAMS 0x00000000c0900000| PB 0x00000000c0900000| Untracked 
|  10|0x00000000c0a00000, 0x00000000c0b00000, 0x00000000c0b00000|100%| O|  |TAMS 0x00000000c0a00000| PB 0x00000000c0a00000| Untracked 
|  11|0x00000000c0b00000, 0x00000000c0c00000, 0x00000000c0c00000|100%| O|  |TAMS 0x00000000c0b00000| PB 0x00000000c0b00000| Untracked 
|  12|0x00000000c0c00000, 0x00000000c0d00000, 0x00000000c0d00000|100%| O|  |TAMS 0x00000000c0c00000| PB 0x00000000c0c00000| Untracked 
|  13|0x00000000c0d00000, 0x00000000c0e00000, 0x00000000c0e00000|100%| O|  |TAMS 0x00000000c0d00000| PB 0x00000000c0d00000| Untracked 
|  14|0x00000000c0e00000, 0x00000000c0f00000, 0x00000000c0f00000|100%| O|  |TAMS 0x00000000c0e00000| PB 0x00000000c0e00000| Untracked 
|  15|0x00000000c0f00000, 0x00000000c1000000, 0x00000000c1000000|100%| O|  |TAMS 0x00000000c0f00000| PB 0x00000000c0f00000| Untracked 
|  16|0x00000000c1000000, 0x00000000c1100000, 0x00000000c1100000|100%| O|  |TAMS 0x00000000c1000000| PB 0x00000000c1000000| Untracked 
|  17|0x00000000c1100000, 0x00000000c1200000, 0x00000000c1200000|100%| O|  |TAMS 0x00000000c1100000| PB 0x00000000c1100000| Untracked 
|  18|0x00000000c1200000, 0x00000000c1300000, 0x00000000c1300000|100%| O|  |TAMS 0x00000000c1200000| PB 0x00000000c1200000| Untracked 
|  19|0x00000000c1300000, 0x00000000c1400000, 0x00000000c1400000|100%| O|  |TAMS 0x00000000c1300000| PB 0x00000000c1300000| Untracked 
|  20|0x00000000c1400000, 0x00000000c1500000, 0x00000000c1500000|100%| O|  |TAMS 0x00000000c1400000| PB 0x00000000c1400000| Untracked 
|  21|0x00000000c1500000, 0x00000000c1600000, 0x00000000c1600000|100%| O|  |TAMS 0x00000000c1500000| PB 0x00000000c1500000| Untracked 
|  22|0x00000000c1600000, 0x00000000c1700000, 0x00000000c1700000|100%| O|  |TAMS 0x00000000c1600000| PB 0x00000000c1600000| Untracked 
|  23|0x00000000c1700000, 0x00000000c1800000, 0x00000000c1800000|100%| O|  |TAMS 0x00000000c1700000| PB 0x00000000c1700000| Untracked 
|  24|0x00000000c1800000, 0x00000000c1900000, 0x00000000c1900000|100%| O|  |TAMS 0x00000000c1800000| PB 0x00000000c1800000| Untracked 
|  25|0x00000000c1900000, 0x00000000c1a00000, 0x00000000c1a00000|100%| O|  |TAMS 0x00000000c1900000| PB 0x00000000c1900000| Untracked 
|  26|0x00000000c1a00000, 0x00000000c1b00000, 0x00000000c1b00000|100%| O|  |TAMS 0x00000000c1a00000| PB 0x00000000c1a00000| Untracked 
|  27|0x00000000c1b00000, 0x00000000c1c00000, 0x00000000c1c00000|100%| O|  |TAMS 0x00000000c1b00000| PB 0x00000000c1b00000| Untracked 
|  28|0x00000000c1c00000, 0x00000000c1d00000, 0x00000000c1d00000|100%| O|  |TAMS 0x00000000c1c00000| PB 0x00000000c1c00000| Untracked 
|  29|0x00000000c1d00000, 0x00000000c1e00000, 0x00000000c1e00000|100%| O|  |TAMS 0x00000000c1d00000| PB 0x00000000c1d00000| Untracked 
|  30|0x00000000c1e00000, 0x00000000c1f00000, 0x00000000c1f00000|100%| O|  |TAMS 0x00000000c1e00000| PB 0x00000000c1e00000| Untracked 
|  31|0x00000000c1f00000, 0x00000000c2000000, 0x00000000c2000000|100%| O|  |TAMS 0x00000000c1f00000| PB 0x00000000c1f00000| Untracked 
|  32|0x00000000c2000000, 0x00000000c2100000, 0x00000000c2100000|100%| O|  |TAMS 0x00000000c2000000| PB 0x00000000c2000000| Untracked 
|  33|0x00000000c2100000, 0x00000000c2200000, 0x00000000c2200000|100%| O|  |TAMS 0x00000000c2100000| PB 0x00000000c2100000| Untracked 
|  34|0x00000000c2200000, 0x00000000c2300000, 0x00000000c2300000|100%| O|  |TAMS 0x00000000c2200000| PB 0x00000000c2200000| Untracked 
|  35|0x00000000c2300000, 0x00000000c2400000, 0x00000000c2400000|100%| O|  |TAMS 0x00000000c2300000| PB 0x00000000c2300000| Untracked 
|  36|0x00000000c2400000, 0x00000000c2500000, 0x00000000c2500000|100%| O|  |TAMS 0x00000000c2400000| PB 0x00000000c2400000| Untracked 
|  37|0x00000000c2500000, 0x00000000c2600000, 0x00000000c2600000|100%| O|  |TAMS 0x00000000c2500000| PB 0x00000000c2500000| Untracked 
|  38|0x00000000c2600000, 0x00000000c2600000, 0x00000000c2700000|  0%| F|  |TAMS 0x00000000c2600000| PB 0x00000000c2600000| Untracked 
|  39|0x00000000c2700000, 0x00000000c2800000, 0x00000000c2800000|100%| O|  |TAMS 0x00000000c2700000| PB 0x00000000c2700000| Untracked 
|  40|0x00000000c2800000, 0x00000000c2900000, 0x00000000c2900000|100%| O|  |TAMS 0x00000000c2800000| PB 0x00000000c2800000| Untracked 
|  41|0x00000000c2900000, 0x00000000c2a00000, 0x00000000c2a00000|100%| O|  |TAMS 0x00000000c2900000| PB 0x00000000c2900000| Untracked 
|  42|0x00000000c2a00000, 0x00000000c2b00000, 0x00000000c2b00000|100%| O|  |TAMS 0x00000000c2a00000| PB 0x00000000c2a00000| Untracked 
|  43|0x00000000c2b00000, 0x00000000c2c00000, 0x00000000c2c00000|100%| O|  |TAMS 0x00000000c2b00000| PB 0x00000000c2b00000| Untracked 
|  44|0x00000000c2c00000, 0x00000000c2d00000, 0x00000000c2d00000|100%| O|  |TAMS 0x00000000c2c00000| PB 0x00000000c2c00000| Untracked 
|  45|0x00000000c2d00000, 0x00000000c2e00000, 0x00000000c2e00000|100%|HS|  |TAMS 0x00000000c2d00000| PB 0x00000000c2d00000| Complete 
|  46|0x00000000c2e00000, 0x00000000c2f00000, 0x00000000c2f00000|100%|HC|  |TAMS 0x00000000c2e00000| PB 0x00000000c2e00000| Complete 
|  47|0x00000000c2f00000, 0x00000000c3000000, 0x00000000c3000000|100%|HS|  |TAMS 0x00000000c2f00000| PB 0x00000000c2f00000| Complete 
|  48|0x00000000c3000000, 0x00000000c3100000, 0x00000000c3100000|100%|HC|  |TAMS 0x00000000c3000000| PB 0x00000000c3000000| Complete 
|  49|0x00000000c3100000, 0x00000000c3200000, 0x00000000c3200000|100%|HS|  |TAMS 0x00000000c3100000| PB 0x00000000c3100000| Complete 
|  50|0x00000000c3200000, 0x00000000c3300000, 0x00000000c3300000|100%|HC|  |TAMS 0x00000000c3200000| PB 0x00000000c3200000| Complete 
|  51|0x00000000c3300000, 0x00000000c3400000, 0x00000000c3400000|100%|HC|  |TAMS 0x00000000c3300000| PB 0x00000000c3300000| Complete 
|  52|0x00000000c3400000, 0x00000000c3500000, 0x00000000c3500000|100%| O|  |TAMS 0x00000000c3400000| PB 0x00000000c3400000| Untracked 
|  53|0x00000000c3500000, 0x00000000c3600000, 0x00000000c3600000|100%| O|  |TAMS 0x00000000c3500000| PB 0x00000000c3500000| Untracked 
|  54|0x00000000c3600000, 0x00000000c3700000, 0x00000000c3700000|100%| O|  |TAMS 0x00000000c3600000| PB 0x00000000c3600000| Untracked 
|  55|0x00000000c3700000, 0x00000000c3800000, 0x00000000c3800000|100%| O|  |TAMS 0x00000000c3700000| PB 0x00000000c3700000| Untracked 
|  56|0x00000000c3800000, 0x00000000c3900000, 0x00000000c3900000|100%|HS|  |TAMS 0x00000000c3800000| PB 0x00000000c3800000| Complete 
|  57|0x00000000c3900000, 0x00000000c3a00000, 0x00000000c3a00000|100%|HC|  |TAMS 0x00000000c3900000| PB 0x00000000c3900000| Complete 
|  58|0x00000000c3a00000, 0x00000000c3b00000, 0x00000000c3b00000|100%|HC|  |TAMS 0x00000000c3a00000| PB 0x00000000c3a00000| Complete 
|  59|0x00000000c3b00000, 0x00000000c3c00000, 0x00000000c3c00000|100%| O|  |TAMS 0x00000000c3b00000| PB 0x00000000c3b00000| Untracked 
|  60|0x00000000c3c00000, 0x00000000c3d00000, 0x00000000c3d00000|100%| O|  |TAMS 0x00000000c3c00000| PB 0x00000000c3c00000| Untracked 
|  61|0x00000000c3d00000, 0x00000000c3e00000, 0x00000000c3e00000|100%| O|  |TAMS 0x00000000c3d00000| PB 0x00000000c3d00000| Untracked 
|  62|0x00000000c3e00000, 0x00000000c3f00000, 0x00000000c3f00000|100%| O|  |TAMS 0x00000000c3e00000| PB 0x00000000c3e00000| Untracked 
|  63|0x00000000c3f00000, 0x00000000c4000000, 0x00000000c4000000|100%| O|  |TAMS 0x00000000c3f00000| PB 0x00000000c3f00000| Untracked 
|  64|0x00000000c4000000, 0x00000000c4100000, 0x00000000c4100000|100%| O|  |TAMS 0x00000000c4000000| PB 0x00000000c4000000| Untracked 
|  65|0x00000000c4100000, 0x00000000c4100000, 0x00000000c4200000|  0%| F|  |TAMS 0x00000000c4100000| PB 0x00000000c4100000| Untracked 
|  66|0x00000000c4200000, 0x00000000c4300000, 0x00000000c4300000|100%| O|  |TAMS 0x00000000c4200000| PB 0x00000000c4200000| Untracked 
|  67|0x00000000c4300000, 0x00000000c4400000, 0x00000000c4400000|100%| O|  |TAMS 0x00000000c4300000| PB 0x00000000c4300000| Untracked 
|  68|0x00000000c4400000, 0x00000000c4500000, 0x00000000c4500000|100%| O|  |TAMS 0x00000000c4400000| PB 0x00000000c4400000| Untracked 
|  69|0x00000000c4500000, 0x00000000c4600000, 0x00000000c4600000|100%| O|  |TAMS 0x00000000c4500000| PB 0x00000000c4500000| Untracked 
|  70|0x00000000c4600000, 0x00000000c4700000, 0x00000000c4700000|100%| O|  |TAMS 0x00000000c4600000| PB 0x00000000c4600000| Untracked 
|  71|0x00000000c4700000, 0x00000000c4800000, 0x00000000c4800000|100%| O|  |TAMS 0x00000000c4700000| PB 0x00000000c4700000| Untracked 
|  72|0x00000000c4800000, 0x00000000c4900000, 0x00000000c4900000|100%| O|  |TAMS 0x00000000c4800000| PB 0x00000000c4800000| Untracked 
|  73|0x00000000c4900000, 0x00000000c4900000, 0x00000000c4a00000|  0%| F|  |TAMS 0x00000000c4900000| PB 0x00000000c4900000| Untracked 
|  74|0x00000000c4a00000, 0x00000000c4b00000, 0x00000000c4b00000|100%| O|  |TAMS 0x00000000c4a00000| PB 0x00000000c4a00000| Untracked 
|  75|0x00000000c4b00000, 0x00000000c4c00000, 0x00000000c4c00000|100%| O|  |TAMS 0x00000000c4b00000| PB 0x00000000c4b00000| Untracked 
|  76|0x00000000c4c00000, 0x00000000c4d00000, 0x00000000c4d00000|100%| O|  |TAMS 0x00000000c4c00000| PB 0x00000000c4c00000| Untracked 
|  77|0x00000000c4d00000, 0x00000000c4d47720, 0x00000000c4e00000| 27%| O|  |TAMS 0x00000000c4d00000| PB 0x00000000c4d00000| Untracked 
|  78|0x00000000c4e00000, 0x00000000c4e00000, 0x00000000c4f00000|  0%| F|  |TAMS 0x00000000c4e00000| PB 0x00000000c4e00000| Untracked 
|  79|0x00000000c4f00000, 0x00000000c4f00000, 0x00000000c5000000|  0%| F|  |TAMS 0x00000000c4f00000| PB 0x00000000c4f00000| Untracked 
|  80|0x00000000c5000000, 0x00000000c5000000, 0x00000000c5100000|  0%| F|  |TAMS 0x00000000c5000000| PB 0x00000000c5000000| Untracked 
|  81|0x00000000c5100000, 0x00000000c5100000, 0x00000000c5200000|  0%| F|  |TAMS 0x00000000c5100000| PB 0x00000000c5100000| Untracked 
|  82|0x00000000c5200000, 0x00000000c5200000, 0x00000000c5300000|  0%| F|  |TAMS 0x00000000c5200000| PB 0x00000000c5200000| Untracked 
|  83|0x00000000c5300000, 0x00000000c5300000, 0x00000000c5400000|  0%| F|  |TAMS 0x00000000c5300000| PB 0x00000000c5300000| Untracked 
|  84|0x00000000c5400000, 0x00000000c54a19f0, 0x00000000c5500000| 63%| S|CS|TAMS 0x00000000c5400000| PB 0x00000000c5400000| Complete 
|  85|0x00000000c5500000, 0x00000000c5600000, 0x00000000c5600000|100%| S|CS|TAMS 0x00000000c5500000| PB 0x00000000c5500000| Complete 
|  86|0x00000000c5600000, 0x00000000c5700000, 0x00000000c5700000|100%| S|CS|TAMS 0x00000000c5600000| PB 0x00000000c5600000| Complete 
|  87|0x00000000c5700000, 0x00000000c5800000, 0x00000000c5800000|100%| S|CS|TAMS 0x00000000c5700000| PB 0x00000000c5700000| Complete 
|  88|0x00000000c5800000, 0x00000000c5800000, 0x00000000c5900000|  0%| F|  |TAMS 0x00000000c5800000| PB 0x00000000c5800000| Untracked 
|  89|0x00000000c5900000, 0x00000000c5900000, 0x00000000c5a00000|  0%| F|  |TAMS 0x00000000c5900000| PB 0x00000000c5900000| Untracked 
|  90|0x00000000c5a00000, 0x00000000c5a00000, 0x00000000c5b00000|  0%| F|  |TAMS 0x00000000c5a00000| PB 0x00000000c5a00000| Untracked 
|  91|0x00000000c5b00000, 0x00000000c5b00000, 0x00000000c5c00000|  0%| F|  |TAMS 0x00000000c5b00000| PB 0x00000000c5b00000| Untracked 
|  92|0x00000000c5c00000, 0x00000000c5c00000, 0x00000000c5d00000|  0%| F|  |TAMS 0x00000000c5c00000| PB 0x00000000c5c00000| Untracked 
|  93|0x00000000c5d00000, 0x00000000c5d00000, 0x00000000c5e00000|  0%| F|  |TAMS 0x00000000c5d00000| PB 0x00000000c5d00000| Untracked 
|  94|0x00000000c5e00000, 0x00000000c5e00000, 0x00000000c5f00000|  0%| F|  |TAMS 0x00000000c5e00000| PB 0x00000000c5e00000| Untracked 
|  95|0x00000000c5f00000, 0x00000000c5f00000, 0x00000000c6000000|  0%| F|  |TAMS 0x00000000c5f00000| PB 0x00000000c5f00000| Untracked 
|  96|0x00000000c6000000, 0x00000000c6000000, 0x00000000c6100000|  0%| F|  |TAMS 0x00000000c6000000| PB 0x00000000c6000000| Untracked 
|  97|0x00000000c6100000, 0x00000000c6100000, 0x00000000c6200000|  0%| F|  |TAMS 0x00000000c6100000| PB 0x00000000c6100000| Untracked 
|  98|0x00000000c6200000, 0x00000000c6200000, 0x00000000c6300000|  0%| F|  |TAMS 0x00000000c6200000| PB 0x00000000c6200000| Untracked 
|  99|0x00000000c6300000, 0x00000000c6300000, 0x00000000c6400000|  0%| F|  |TAMS 0x00000000c6300000| PB 0x00000000c6300000| Untracked 
| 100|0x00000000c6400000, 0x00000000c6400000, 0x00000000c6500000|  0%| F|  |TAMS 0x00000000c6400000| PB 0x00000000c6400000| Untracked 
| 101|0x00000000c6500000, 0x00000000c6500000, 0x00000000c6600000|  0%| F|  |TAMS 0x00000000c6500000| PB 0x00000000c6500000| Untracked 
| 102|0x00000000c6600000, 0x00000000c6600000, 0x00000000c6700000|  0%| F|  |TAMS 0x00000000c6600000| PB 0x00000000c6600000| Untracked 
| 103|0x00000000c6700000, 0x00000000c6700000, 0x00000000c6800000|  0%| F|  |TAMS 0x00000000c6700000| PB 0x00000000c6700000| Untracked 
| 104|0x00000000c6800000, 0x00000000c6800000, 0x00000000c6900000|  0%| F|  |TAMS 0x00000000c6800000| PB 0x00000000c6800000| Untracked 
| 105|0x00000000c6900000, 0x00000000c6900000, 0x00000000c6a00000|  0%| F|  |TAMS 0x00000000c6900000| PB 0x00000000c6900000| Untracked 
| 106|0x00000000c6a00000, 0x00000000c6a00000, 0x00000000c6b00000|  0%| F|  |TAMS 0x00000000c6a00000| PB 0x00000000c6a00000| Untracked 
| 107|0x00000000c6b00000, 0x00000000c6b00000, 0x00000000c6c00000|  0%| F|  |TAMS 0x00000000c6b00000| PB 0x00000000c6b00000| Untracked 
| 108|0x00000000c6c00000, 0x00000000c6c00000, 0x00000000c6d00000|  0%| F|  |TAMS 0x00000000c6c00000| PB 0x00000000c6c00000| Untracked 
| 109|0x00000000c6d00000, 0x00000000c6d00000, 0x00000000c6e00000|  0%| F|  |TAMS 0x00000000c6d00000| PB 0x00000000c6d00000| Untracked 
| 110|0x00000000c6e00000, 0x00000000c6e00000, 0x00000000c6f00000|  0%| F|  |TAMS 0x00000000c6e00000| PB 0x00000000c6e00000| Untracked 
| 111|0x00000000c6f00000, 0x00000000c6f00000, 0x00000000c7000000|  0%| F|  |TAMS 0x00000000c6f00000| PB 0x00000000c6f00000| Untracked 
| 112|0x00000000c7000000, 0x00000000c7000000, 0x00000000c7100000|  0%| F|  |TAMS 0x00000000c7000000| PB 0x00000000c7000000| Untracked 
| 113|0x00000000c7100000, 0x00000000c7100000, 0x00000000c7200000|  0%| F|  |TAMS 0x00000000c7100000| PB 0x00000000c7100000| Untracked 
| 114|0x00000000c7200000, 0x00000000c7200000, 0x00000000c7300000|  0%| F|  |TAMS 0x00000000c7200000| PB 0x00000000c7200000| Untracked 
| 115|0x00000000c7300000, 0x00000000c7300000, 0x00000000c7400000|  0%| F|  |TAMS 0x00000000c7300000| PB 0x00000000c7300000| Untracked 
| 116|0x00000000c7400000, 0x00000000c7400000, 0x00000000c7500000|  0%| F|  |TAMS 0x00000000c7400000| PB 0x00000000c7400000| Untracked 
| 117|0x00000000c7500000, 0x00000000c7500000, 0x00000000c7600000|  0%| F|  |TAMS 0x00000000c7500000| PB 0x00000000c7500000| Untracked 
| 118|0x00000000c7600000, 0x00000000c7600000, 0x00000000c7700000|  0%| F|  |TAMS 0x00000000c7600000| PB 0x00000000c7600000| Untracked 
| 119|0x00000000c7700000, 0x00000000c7700000, 0x00000000c7800000|  0%| F|  |TAMS 0x00000000c7700000| PB 0x00000000c7700000| Untracked 
| 120|0x00000000c7800000, 0x00000000c7800000, 0x00000000c7900000|  0%| F|  |TAMS 0x00000000c7800000| PB 0x00000000c7800000| Untracked 
| 121|0x00000000c7900000, 0x00000000c7a00000, 0x00000000c7a00000|100%| E|  |TAMS 0x00000000c7900000| PB 0x00000000c7900000| Complete 
| 122|0x00000000c7a00000, 0x00000000c7b00000, 0x00000000c7b00000|100%| E|CS|TAMS 0x00000000c7a00000| PB 0x00000000c7a00000| Complete 
| 123|0x00000000c7b00000, 0x00000000c7c00000, 0x00000000c7c00000|100%| E|CS|TAMS 0x00000000c7b00000| PB 0x00000000c7b00000| Complete 
| 124|0x00000000c7c00000, 0x00000000c7d00000, 0x00000000c7d00000|100%| E|CS|TAMS 0x00000000c7c00000| PB 0x00000000c7c00000| Complete 
| 125|0x00000000c7d00000, 0x00000000c7e00000, 0x00000000c7e00000|100%| E|CS|TAMS 0x00000000c7d00000| PB 0x00000000c7d00000| Complete 
| 126|0x00000000c7e00000, 0x00000000c7f00000, 0x00000000c7f00000|100%| E|CS|TAMS 0x00000000c7e00000| PB 0x00000000c7e00000| Complete 
| 127|0x00000000c7f00000, 0x00000000c8000000, 0x00000000c8000000|100%| E|CS|TAMS 0x00000000c7f00000| PB 0x00000000c7f00000| Complete 
| 128|0x00000000c8000000, 0x00000000c8100000, 0x00000000c8100000|100%| E|CS|TAMS 0x00000000c8000000| PB 0x00000000c8000000| Complete 
| 129|0x00000000c8100000, 0x00000000c8200000, 0x00000000c8200000|100%| E|CS|TAMS 0x00000000c8100000| PB 0x00000000c8100000| Complete 
| 130|0x00000000c8200000, 0x00000000c8300000, 0x00000000c8300000|100%| E|CS|TAMS 0x00000000c8200000| PB 0x00000000c8200000| Complete 
| 131|0x00000000c8300000, 0x00000000c8400000, 0x00000000c8400000|100%| E|CS|TAMS 0x00000000c8300000| PB 0x00000000c8300000| Complete 

Card table byte_map: [0x0000016b00000000,0x0000016b00200000] _byte_map_base: 0x0000016affa00000

Marking Bits: (CMBitMap*) 0x0000016b6c5ef470
 Bits: [0x0000016b00200000, 0x0000016b01200000)

Polling page: 0x0000016b6bd70000

Metaspace:

Usage:
  Non-class:     60.31 MB used.
      Class:     10.36 MB used.
       Both:     70.66 MB used.

Virtual space:
  Non-class space:       64.00 MB reserved,      61.31 MB ( 96%) committed,  1 nodes.
      Class space:      416.00 MB reserved,      11.38 MB (  3%) committed,  1 nodes.
             Both:      480.00 MB reserved,      72.69 MB ( 15%) committed. 

Chunk freelists:
   Non-Class:  2.31 MB
       Class:  4.64 MB
        Both:  6.95 MB

MaxMetaspaceSize: 512.00 MB
CompressedClassSpaceSize: 416.00 MB
Initial GC threshold: 21.00 MB
Current GC threshold: 121.19 MB
CDS: on
 - commit_granule_bytes: 65536.
 - commit_granule_words: 8192.
 - virtual_space_node_default_size: 8388608.
 - enlarge_chunks_in_place: 1.
 - use_allocation_guard: 0.


Internal statistics:

num_allocs_failed_limit: 6.
num_arena_births: 3812.
num_arena_deaths: 0.
num_vsnodes_births: 2.
num_vsnodes_deaths: 0.
num_space_committed: 1163.
num_space_uncommitted: 0.
num_chunks_returned_to_freelist: 6.
num_chunks_taken_from_freelist: 7316.
num_chunk_merges: 6.
num_chunk_splits: 4717.
num_chunks_enlarged: 2872.
num_inconsistent_stats: 0.

CodeHeap 'non-profiled nmethods': size=128192Kb used=5326Kb max_used=5326Kb free=122865Kb
 bounds [0x0000016b77a80000, 0x0000016b77fc0000, 0x0000016b7f7b0000]
CodeHeap 'profiled nmethods': size=128192Kb used=16381Kb max_used=16721Kb free=111810Kb
 bounds [0x0000016b6f7b0000, 0x0000016b70810000, 0x0000016b774e0000]
CodeHeap 'non-nmethods': size=5760Kb used=1929Kb max_used=1990Kb free=3830Kb
 bounds [0x0000016b774e0000, 0x0000016b77750000, 0x0000016b77a80000]
CodeCache: size=262144Kb, used=23636Kb, max_used=24037Kb, free=238505Kb
 total_blobs=9828, nmethods=9031, adapters=701, full_count=0
Compilation: enabled, stopped_count=0, restarted_count=0

Compilation events (20 events):
Event: 353.628 Thread 0x0000016b03e22460 nmethod 10543 0x0000016b77fb1c90 code [0x0000016b77fb1e20, 0x0000016b77fb1fe8]
Event: 354.291 Thread 0x0000016b03e23c20 10546       3       org.gradle.cache.internal.DefaultCacheCoordinator::useCache (10 bytes)
Event: 354.358 Thread 0x0000016b03e23c20 nmethod 10546 0x0000016b6faeaa90 code [0x0000016b6faeaca0, 0x0000016b6faeb370]
Event: 354.744 Thread 0x0000016b03e23c20 10548   !   3       java.util.concurrent.ArrayBlockingQueue::take (46 bytes)
Event: 355.244 Thread 0x0000016b03e23c20 nmethod 10548 0x0000016b70103690 code [0x0000016b70103940, 0x0000016b70104690]
Event: 356.279 Thread 0x0000016b03e23c20 10549       3       org.gradle.cache.internal.ExclusiveCacheAccessingWorker::takeFromQueue (13 bytes)
Event: 356.747 Thread 0x0000016b03e23c20 nmethod 10549 0x0000016b6fc0f190 code [0x0000016b6fc0f340, 0x0000016b6fc0f620]
Event: 356.937 Thread 0x0000016b03e22460 10550       4       com.google.common.collect.ImmutableMap::entrySet (5 bytes)
Event: 359.671 Thread 0x0000016b03e22460 nmethod 10550 0x0000016b77fb2090 code [0x0000016b77fb2280, 0x0000016b77fb2938]
Event: 359.671 Thread 0x0000016b03e22460 10551       4       java.lang.StringConcatHelper::prepend (22 bytes)
Event: 360.047 Thread 0x0000016b03e23c20 10552       3       java.util.concurrent.CopyOnWriteArrayList::indexOfRange (63 bytes)
Event: 360.313 Thread 0x0000016b03e23c20 nmethod 10552 0x0000016b6fa37d10 code [0x0000016b6fa37f00, 0x0000016b6fa38378]
Event: 360.313 Thread 0x0000016b03e22460 nmethod 10551 0x0000016b77fb2c10 code [0x0000016b77fb2dc0, 0x0000016b77fb30b0]
Event: 364.448 Thread 0x0000016b03e23c20 10553   !   3       org.gradle.cache.internal.ExclusiveCacheAccessingWorker::flushOperations (109 bytes)
Event: 364.545 Thread 0x0000016b03e23c20 nmethod 10553 0x0000016b701db990 code [0x0000016b701dbc60, 0x0000016b701dcfa0]
Event: 367.083 Thread 0x0000016b03e22460 10555       4       java.nio.ByteBuffer::order (48 bytes)
Event: 367.091 Thread 0x0000016b03e22460 nmethod 10555 0x0000016b77fb3390 code [0x0000016b77fb3520, 0x0000016b77fb35d8]
Event: 367.143 Thread 0x0000016b03e22460 10556       4       java.lang.Enum::hashCode (21 bytes)
Event: 367.148 Thread 0x0000016b03e22460 nmethod 10556 0x0000016b77fb3690 code [0x0000016b77fb3820, 0x0000016b77fb3908]
Event: 367.157 Thread 0x0000016b03e22460 10557   !   4       com.google.common.cache.LocalCache$Segment::lockedGetOrLoad (447 bytes)

GC Heap History (20 events):
Event: 186.742 GC heap before
{Heap before GC invocations=22 (full 0):
 garbage-first heap   total 99328K, used 90795K [0x00000000c0000000, 0x0000000100000000)
  region size 1024K, 32 young (32768K), 3 survivors (3072K)
 Metaspace       used 64347K, committed 66304K, reserved 491520K
  class space    used 9428K, committed 10368K, reserved 425984K
}
Event: 186.752 GC heap after
{Heap after GC invocations=23 (full 0):
 garbage-first heap   total 99328K, used 62857K [0x00000000c0000000, 0x0000000100000000)
  region size 1024K, 3 young (3072K), 3 survivors (3072K)
 Metaspace       used 64347K, committed 66304K, reserved 491520K
  class space    used 9428K, committed 10368K, reserved 425984K
}
Event: 190.725 GC heap before
{Heap before GC invocations=23 (full 0):
 garbage-first heap   total 99328K, used 90505K [0x00000000c0000000, 0x0000000100000000)
  region size 1024K, 31 young (31744K), 3 survivors (3072K)
 Metaspace       used 65739K, committed 67648K, reserved 491520K
  class space    used 9619K, committed 10560K, reserved 425984K
}
Event: 190.739 GC heap after
{Heap after GC invocations=24 (full 0):
 garbage-first heap   total 99328K, used 66619K [0x00000000c0000000, 0x0000000100000000)
  region size 1024K, 4 young (4096K), 4 survivors (4096K)
 Metaspace       used 65739K, committed 67648K, reserved 491520K
  class space    used 9619K, committed 10560K, reserved 425984K
}
Event: 195.062 GC heap before
{Heap before GC invocations=25 (full 0):
 garbage-first heap   total 111616K, used 90171K [0x00000000c0000000, 0x0000000100000000)
  region size 1024K, 28 young (28672K), 4 survivors (4096K)
 Metaspace       used 67212K, committed 69184K, reserved 491520K
  class space    used 9830K, committed 10816K, reserved 425984K
}
Event: 195.071 GC heap after
{Heap after GC invocations=26 (full 0):
 garbage-first heap   total 111616K, used 67657K [0x00000000c0000000, 0x0000000100000000)
  region size 1024K, 3 young (3072K), 3 survivors (3072K)
 Metaspace       used 67212K, committed 69184K, reserved 491520K
  class space    used 9830K, committed 10816K, reserved 425984K
}
Event: 219.726 GC heap before
{Heap before GC invocations=26 (full 0):
 garbage-first heap   total 111616K, used 99401K [0x00000000c0000000, 0x0000000100000000)
  region size 1024K, 35 young (35840K), 3 survivors (3072K)
 Metaspace       used 69908K, committed 72000K, reserved 491520K
  class space    used 10272K, committed 11328K, reserved 425984K
}
Event: 219.762 GC heap after
{Heap after GC invocations=27 (full 0):
 garbage-first heap   total 111616K, used 68642K [0x00000000c0000000, 0x0000000100000000)
  region size 1024K, 5 young (5120K), 5 survivors (5120K)
 Metaspace       used 69908K, committed 72000K, reserved 491520K
  class space    used 10272K, committed 11328K, reserved 425984K
}
Event: 237.930 GC heap before
{Heap before GC invocations=27 (full 0):
 garbage-first heap   total 111616K, used 100386K [0x00000000c0000000, 0x0000000100000000)
  region size 1024K, 37 young (37888K), 5 survivors (5120K)
 Metaspace       used 71670K, committed 73792K, reserved 491520K
  class space    used 10581K, committed 11648K, reserved 425984K
}
Event: 238.023 GC heap after
{Heap after GC invocations=28 (full 0):
 garbage-first heap   total 111616K, used 73127K [0x00000000c0000000, 0x0000000100000000)
  region size 1024K, 5 young (5120K), 5 survivors (5120K)
 Metaspace       used 71670K, committed 73792K, reserved 491520K
  class space    used 10581K, committed 11648K, reserved 425984K
}
Event: 251.266 GC heap before
{Heap before GC invocations=29 (full 0):
 garbage-first heap   total 122880K, used 99751K [0x00000000c0000000, 0x0000000100000000)
  region size 1024K, 32 young (32768K), 5 survivors (5120K)
 Metaspace       used 72127K, committed 74240K, reserved 491520K
  class space    used 10602K, committed 11648K, reserved 425984K
}
Event: 251.309 GC heap after
{Heap after GC invocations=30 (full 0):
 garbage-first heap   total 122880K, used 77824K [0x00000000c0000000, 0x0000000100000000)
  region size 1024K, 4 young (4096K), 4 survivors (4096K)
 Metaspace       used 72127K, committed 74240K, reserved 491520K
  class space    used 10602K, committed 11648K, reserved 425984K
}
Event: 265.280 GC heap before
{Heap before GC invocations=30 (full 0):
 garbage-first heap   total 122880K, used 108544K [0x00000000c0000000, 0x0000000100000000)
  region size 1024K, 35 young (35840K), 4 survivors (4096K)
 Metaspace       used 72296K, committed 74432K, reserved 491520K
  class space    used 10604K, committed 11648K, reserved 425984K
}
Event: 265.348 GC heap after
{Heap after GC invocations=31 (full 0):
 garbage-first heap   total 122880K, used 78644K [0x00000000c0000000, 0x0000000100000000)
  region size 1024K, 4 young (4096K), 4 survivors (4096K)
 Metaspace       used 72296K, committed 74432K, reserved 491520K
  class space    used 10604K, committed 11648K, reserved 425984K
}
Event: 289.958 GC heap before
{Heap before GC invocations=31 (full 0):
 garbage-first heap   total 122880K, used 109364K [0x00000000c0000000, 0x0000000100000000)
  region size 1024K, 35 young (35840K), 4 survivors (4096K)
 Metaspace       used 72331K, committed 74432K, reserved 491520K
  class space    used 10604K, committed 11648K, reserved 425984K
}
Event: 290.026 GC heap after
{Heap after GC invocations=32 (full 0):
 garbage-first heap   total 122880K, used 79527K [0x00000000c0000000, 0x0000000100000000)
  region size 1024K, 4 young (4096K), 4 survivors (4096K)
 Metaspace       used 72331K, committed 74432K, reserved 491520K
  class space    used 10604K, committed 11648K, reserved 425984K
}
Event: 311.665 GC heap before
{Heap before GC invocations=33 (full 0):
 garbage-first heap   total 135168K, used 110247K [0x00000000c0000000, 0x0000000100000000)
  region size 1024K, 34 young (34816K), 4 survivors (4096K)
 Metaspace       used 72339K, committed 74432K, reserved 491520K
  class space    used 10604K, committed 11648K, reserved 425984K
}
Event: 311.681 GC heap after
{Heap after GC invocations=34 (full 0):
 garbage-first heap   total 135168K, used 80447K [0x00000000c0000000, 0x0000000100000000)
  region size 1024K, 4 young (4096K), 4 survivors (4096K)
 Metaspace       used 72339K, committed 74432K, reserved 491520K
  class space    used 10604K, committed 11648K, reserved 425984K
}
Event: 342.140 GC heap before
{Heap before GC invocations=34 (full 0):
 garbage-first heap   total 135168K, used 121407K [0x00000000c0000000, 0x0000000100000000)
  region size 1024K, 44 young (45056K), 4 survivors (4096K)
 Metaspace       used 72353K, committed 74432K, reserved 491520K
  class space    used 10604K, committed 11648K, reserved 425984K
}
Event: 342.232 GC heap after
{Heap after GC invocations=35 (full 0):
 garbage-first heap   total 135168K, used 79780K [0x00000000c0000000, 0x0000000100000000)
  region size 1024K, 4 young (4096K), 4 survivors (4096K)
 Metaspace       used 72353K, committed 74432K, reserved 491520K
  class space    used 10604K, committed 11648K, reserved 425984K
}

Dll operation events (14 events):
Event: 5.570 Loaded shared library C:\Users\aavi7\.antigravity\extensions\redhat.java-1.53.0-win32-x64\jre\21.0.10-win32-x86_64\bin\java.dll
Event: 6.319 Loaded shared library C:\Users\aavi7\.antigravity\extensions\redhat.java-1.53.0-win32-x64\jre\21.0.10-win32-x86_64\bin\zip.dll
Event: 6.540 Loaded shared library C:\Users\aavi7\.antigravity\extensions\redhat.java-1.53.0-win32-x64\jre\21.0.10-win32-x86_64\bin\instrument.dll
Event: 6.665 Loaded shared library C:\Users\aavi7\.antigravity\extensions\redhat.java-1.53.0-win32-x64\jre\21.0.10-win32-x86_64\bin\net.dll
Event: 6.681 Loaded shared library C:\Users\aavi7\.antigravity\extensions\redhat.java-1.53.0-win32-x64\jre\21.0.10-win32-x86_64\bin\nio.dll
Event: 6.697 Loaded shared library C:\Users\aavi7\.antigravity\extensions\redhat.java-1.53.0-win32-x64\jre\21.0.10-win32-x86_64\bin\zip.dll
Event: 8.845 Loaded shared library C:\Users\aavi7\.antigravity\extensions\redhat.java-1.53.0-win32-x64\jre\21.0.10-win32-x86_64\bin\jimage.dll
Event: 10.110 Loaded shared library C:\Users\aavi7\.antigravity\extensions\redhat.java-1.53.0-win32-x64\jre\21.0.10-win32-x86_64\bin\verify.dll
Event: 10.707 Loaded shared library C:\Users\aavi7\.gradle\native\1def1411415f61bf3af743bc5b6707747c0891f09f0c88961ee8f79bc544acac\windows-amd64\native-platform.dll
Event: 11.497 Loaded shared library C:\Users\aavi7\.gradle\native\0.2.7\x86_64-windows-gnu\gradle-fileevents.dll
Event: 18.426 Loaded shared library C:\Users\aavi7\.antigravity\extensions\redhat.java-1.53.0-win32-x64\jre\21.0.10-win32-x86_64\bin\management.dll
Event: 18.468 Loaded shared library C:\Users\aavi7\.antigravity\extensions\redhat.java-1.53.0-win32-x64\jre\21.0.10-win32-x86_64\bin\management_ext.dll
Event: 19.186 Loaded shared library C:\Users\aavi7\.antigravity\extensions\redhat.java-1.53.0-win32-x64\jre\21.0.10-win32-x86_64\bin\extnet.dll
Event: 20.456 Loaded shared library C:\Users\aavi7\.antigravity\extensions\redhat.java-1.53.0-win32-x64\jre\21.0.10-win32-x86_64\bin\sunmscapi.dll

Deoptimization events (20 events):
Event: 324.296 Thread 0x0000016b248ed200 Uncommon trap: trap_request=0xffffffd6 fr.pc=0x0000016b77e98ed8 relative=0x0000000000001b78
Event: 324.296 Thread 0x0000016b248ed200 Uncommon trap: reason=array_check action=maybe_recompile pc=0x0000016b77e98ed8 method=java.util.TimSort.reverseRange([Ljava/lang/Object;II)V @ 27 c2
Event: 324.296 Thread 0x0000016b248ed200 DEOPT PACKING pc=0x0000016b77e98ed8 sp=0x0000005df15f6a80
Event: 324.297 Thread 0x0000016b248ed200 DEOPT UNPACKING pc=0x0000016b77534422 sp=0x0000005df15f6928 mode 2
Event: 338.994 Thread 0x0000016b248ed200 Uncommon trap: trap_request=0xffffff45 fr.pc=0x0000016b77e9679c relative=0x000000000000079c
Event: 338.994 Thread 0x0000016b248ed200 Uncommon trap: reason=unstable_if action=reinterpret pc=0x0000016b77e9679c method=java.util.concurrent.locks.AbstractQueuedSynchronizer$ConditionObject.doSignal(Ljava/util/concurrent/locks/AbstractQueuedSynchronizer$ConditionNode;Z)V @ 38 c2
Event: 338.994 Thread 0x0000016b248ef2d0 Uncommon trap: trap_request=0xffffff45 fr.pc=0x0000016b77f95820 relative=0x00000000000013c0
Event: 338.994 Thread 0x0000016b248ef2d0 Uncommon trap: reason=unstable_if action=reinterpret pc=0x0000016b77f95820 method=java.util.concurrent.locks.ReentrantLock$FairSync.tryAcquire(I)Z @ 20 c2
Event: 338.995 Thread 0x0000016b248ed200 DEOPT PACKING pc=0x0000016b77e9679c sp=0x0000005df15f64e0
Event: 338.995 Thread 0x0000016b248ed200 DEOPT UNPACKING pc=0x0000016b77534422 sp=0x0000005df15f63b8 mode 2
Event: 339.035 Thread 0x0000016b248ef2d0 DEOPT PACKING pc=0x0000016b77f95820 sp=0x0000005df1efee80
Event: 339.037 Thread 0x0000016b248ef2d0 DEOPT UNPACKING pc=0x0000016b77534422 sp=0x0000005df1efedb0 mode 2
Event: 339.096 Thread 0x0000016b248ef2d0 Uncommon trap: trap_request=0xffffff45 fr.pc=0x0000016b77d5d2f0 relative=0x0000000000000d70
Event: 339.096 Thread 0x0000016b248ef2d0 Uncommon trap: reason=unstable_if action=reinterpret pc=0x0000016b77d5d2f0 method=java.util.concurrent.locks.AbstractQueuedSynchronizer$ConditionObject.unlinkCancelledWaiters(Ljava/util/concurrent/locks/AbstractQueuedSynchronizer$ConditionNode;)V @ 16 c2
Event: 339.096 Thread 0x0000016b248ef2d0 DEOPT PACKING pc=0x0000016b77d5d2f0 sp=0x0000005df1efef30
Event: 339.096 Thread 0x0000016b248ef2d0 DEOPT UNPACKING pc=0x0000016b77534422 sp=0x0000005df1efee40 mode 2
Event: 342.134 Thread 0x0000016b248ed200 Uncommon trap: trap_request=0xffffff45 fr.pc=0x0000016b77d879c8 relative=0x0000000000000588
Event: 342.134 Thread 0x0000016b248ed200 Uncommon trap: reason=unstable_if action=reinterpret pc=0x0000016b77d879c8 method=java.util.concurrent.locks.AbstractQueuedSynchronizer$ConditionObject.doSignal(Ljava/util/concurrent/locks/AbstractQueuedSynchronizer$ConditionNode;Z)V @ 38 c2
Event: 342.134 Thread 0x0000016b248ed200 DEOPT PACKING pc=0x0000016b77d879c8 sp=0x0000005df15f6410
Event: 342.137 Thread 0x0000016b248ed200 DEOPT UNPACKING pc=0x0000016b77534422 sp=0x0000005df15f63c0 mode 2

Classes loaded (20 events):
Event: 220.253 Loading class java/io/ObjectStreamClass$ExceptionInfo
Event: 220.260 Loading class java/io/ObjectStreamClass$ExceptionInfo done
Event: 220.281 Loading class java/util/HashMap$UnsafeHolder
Event: 220.283 Loading class java/util/HashMap$UnsafeHolder done
Event: 220.355 Loading class java/util/stream/ReferencePipeline$4
Event: 220.362 Loading class java/util/stream/IntPipeline$StatelessOp
Event: 220.371 Loading class java/util/stream/IntPipeline$StatelessOp done
Event: 220.371 Loading class java/util/stream/ReferencePipeline$4 done
Event: 220.372 Loading class java/util/stream/ReduceOps$6
Event: 220.375 Loading class java/util/stream/ReduceOps$6 done
Event: 220.375 Loading class java/util/stream/ReduceOps$5ReducingSink
Event: 220.378 Loading class java/util/stream/ReduceOps$5ReducingSink done
Event: 220.378 Loading class java/util/stream/ReferencePipeline$4$1
Event: 220.381 Loading class java/util/stream/ReferencePipeline$4$1 done
Event: 229.819 Loading class java/util/concurrent/ConcurrentLinkedQueue$Itr
Event: 229.826 Loading class java/util/concurrent/ConcurrentLinkedQueue$Itr done
Event: 242.764 Loading class java/util/Collections$ReverseComparator
Event: 242.783 Loading class java/util/Collections$ReverseComparator done
Event: 242.784 Loading class java/util/Collections$ReverseComparator2
Event: 242.789 Loading class java/util/Collections$ReverseComparator2 done

Classes unloaded (0 events):
No events

Classes redefined (0 events):
No events

Internal exceptions (20 events):
Event: 214.771 Thread 0x0000016b248ed200 Implicit null exception at 0x0000016b77e91eec to 0x0000016b77e99a40
Event: 219.226 Thread 0x0000016b27050310 Exception <a 'java/lang/NoSuchMethodError'{0x00000000c4b0fda8}: 'java.lang.Object java.lang.invoke.DirectMethodHandle$Holder.newInvokeSpecial(java.lang.Object, java.lang.Object, int, java.lang.Object, java.lang.Object)'> (0x00000000c4b0fda8) 
thrown [s\src\hotspot\share\interpreter\linkResolver.cpp, line 773]
Event: 219.227 Thread 0x0000016b27050310 Exception <a 'java/lang/NoSuchMethodError'{0x00000000c4b13c00}: 'java.lang.Object java.lang.invoke.DirectMethodHandle$Holder.invokeSpecial(java.lang.Object, java.lang.Object, java.lang.Object, int, java.lang.Object, java.lang.Object)'> (0x00000000c4b13c00) 
thrown [s\src\hotspot\share\interpreter\linkResolver.cpp, line 773]
Event: 219.842 Thread 0x0000016b27050310 Exception <a 'java/lang/NoSuchMethodError'{0x00000000c6c63028}: 'java.lang.Object java.lang.invoke.DirectMethodHandle$Holder.invokeVirtual(java.lang.Object, java.lang.Object, java.lang.Object, java.lang.Object, java.lang.Object, java.lang.Object, java.lang.Object, java.lang.Object, java.lang.Object, java.lang.Object, java.lang.Object, java.lang.Object, java.lang.Object, java.lang.Object, java.lang.Object, java.lang.Object, java.lang.Object, java.lang.Object, java.lang.Object)'> (0x00000000c6c63028) 
thrown
Event: 220.055 Thread 0x0000016b27050310 Exception <a 'java/lang/NoSuchMethodError'{0x00000000c6bfa758}: 'void java.lang.invoke.DirectMethodHandle$Holder.invokeSpecial(java.lang.Object, java.lang.Object, java.lang.Object, java.lang.Object, int, java.lang.Object, java.lang.Object)'> (0x00000000c6bfa758) 
thrown [s\src\hotspot\share\interpreter\linkResolver.cpp, line 773]
Event: 220.173 Thread 0x0000016b267668f0 Exception <a 'java/lang/NoSuchMethodError'{0x00000000c6961568}: static Ljava/lang/Object;.<clinit>()V> (0x00000000c6961568) 
thrown [s\src\hotspot\share\prims\jni.cpp, line 1111]
Event: 220.247 Thread 0x0000016b267668f0 Exception <a 'java/lang/NoSuchMethodError'{0x00000000c698b930}: static Lorg/jetbrains/kotlin/gradle/plugin/statistics/MetricContainer;.<clinit>()V> (0x00000000c698b930) 
thrown [s\src\hotspot\share\prims\jni.cpp, line 1111]
Event: 220.481 Thread 0x0000016b27050310 Exception <a 'java/lang/NoSuchMethodError'{0x00000000c677baa0}: 'int java.lang.invoke.DirectMethodHandle$Holder.invokeSpecial(java.lang.Object, java.lang.Object, java.lang.Object, java.lang.Object, java.lang.Object)'> (0x00000000c677baa0) 
thrown [s\src\hotspot\share\interpreter\linkResolver.cpp, line 773]
Event: 220.846 Thread 0x0000016b27050310 Exception <a 'java/lang/IncompatibleClassChangeError'{0x00000000c64e74d8}: Found class java.lang.Object, but interface was expected> (0x00000000c64e74d8) 
thrown [s\src\hotspot\share\interpreter\linkResolver.cpp, line 840]
Event: 223.226 Thread 0x0000016b27050310 Exception <a 'java/lang/NoSuchMethodError'{0x00000000c5d1b5a8}: static Ljava/lang/Object;.<clinit>()V> (0x00000000c5d1b5a8) 
thrown [s\src\hotspot\share\prims\jni.cpp, line 1111]
Event: 229.407 Thread 0x0000016b27050310 Exception <a 'java/lang/NoSuchMethodError'{0x00000000c53e51c0}: 'int java.lang.invoke.DirectMethodHandle$Holder.invokeStaticInit(java.lang.Object, java.lang.Object, java.lang.Object, java.lang.Object, java.lang.Object)'> (0x00000000c53e51c0) 
thrown [s\src\hotspot\share\interpreter\linkResolver.cpp, line 773]
Event: 229.631 Thread 0x0000016b27050310 Exception <a 'sun/nio/fs/WindowsException'{0x00000000c5192a10}> (0x00000000c5192a10) 
thrown [s\src\hotspot\share\prims\jni.cpp, line 520]
Event: 229.634 Thread 0x0000016b27050310 Exception <a 'sun/nio/fs/WindowsException'{0x00000000c5194f80}> (0x00000000c5194f80) 
thrown [s\src\hotspot\share\prims\jni.cpp, line 520]
Event: 229.635 Thread 0x0000016b27050310 Exception <a 'sun/nio/fs/WindowsException'{0x00000000c5197278}> (0x00000000c5197278) 
thrown [s\src\hotspot\share\prims\jni.cpp, line 520]
Event: 229.637 Thread 0x0000016b27050310 Exception <a 'sun/nio/fs/WindowsException'{0x00000000c5199278}> (0x00000000c5199278) 
thrown [s\src\hotspot\share\prims\jni.cpp, line 520]
Event: 229.659 Thread 0x0000016b27050310 Exception <a 'sun/nio/fs/WindowsException'{0x00000000c51cf538}> (0x00000000c51cf538) 
thrown [s\src\hotspot\share\prims\jni.cpp, line 520]
Event: 229.660 Thread 0x0000016b27050310 Exception <a 'sun/nio/fs/WindowsException'{0x00000000c51d1798}> (0x00000000c51d1798) 
thrown [s\src\hotspot\share\prims\jni.cpp, line 520]
Event: 229.661 Thread 0x0000016b27050310 Exception <a 'sun/nio/fs/WindowsException'{0x00000000c51d3650}> (0x00000000c51d3650) 
thrown [s\src\hotspot\share\prims\jni.cpp, line 520]
Event: 253.277 Thread 0x0000016b248ed200 Implicit null exception at 0x0000016b77f73969 to 0x0000016b77f73a18
Event: 297.190 Thread 0x0000016b248ed200 Implicit null exception at 0x0000016b77ee0d17 to 0x0000016b77ee1580

ZGC Phase Switch (0 events):
No events

VM Operations (20 events):
Event: 327.855 Executing safepoint VM operation: Cleanup
Event: 328.431 Executing safepoint VM operation: Cleanup done
Event: 329.433 Executing safepoint VM operation: Cleanup
Event: 329.433 Executing safepoint VM operation: Cleanup done
Event: 330.436 Executing safepoint VM operation: Cleanup
Event: 330.437 Executing safepoint VM operation: Cleanup done
Event: 331.452 Executing safepoint VM operation: Cleanup
Event: 331.499 Executing safepoint VM operation: Cleanup done
Event: 338.547 Executing safepoint VM operation: Cleanup
Event: 338.547 Executing safepoint VM operation: Cleanup done
Event: 340.565 Executing safepoint VM operation: Cleanup
Event: 340.596 Executing safepoint VM operation: Cleanup done
Event: 342.138 Executing safepoint VM operation: G1CollectForAllocation (G1 Evacuation Pause)
Event: 342.232 Executing safepoint VM operation: G1CollectForAllocation (G1 Evacuation Pause) done
Event: 343.244 Executing safepoint VM operation: Cleanup
Event: 343.244 Executing safepoint VM operation: Cleanup done
Event: 349.298 Executing safepoint VM operation: Cleanup
Event: 349.299 Executing safepoint VM operation: Cleanup done
Event: 362.431 Executing safepoint VM operation: Cleanup
Event: 362.431 Executing safepoint VM operation: Cleanup done

Memory protections (0 events):
No events

Nmethod flushes (20 events):
Event: 291.616 Thread 0x0000016b03df9f60 flushing  nmethod 0x0000016b6fdc2a10
Event: 291.616 Thread 0x0000016b03df9f60 flushing  nmethod 0x0000016b77aa2b10
Event: 291.616 Thread 0x0000016b03df9f60 flushing  nmethod 0x0000016b77b0f490
Event: 291.616 Thread 0x0000016b03df9f60 flushing  nmethod 0x0000016b6f7fa790
Event: 291.616 Thread 0x0000016b03df9f60 flushing  nmethod 0x0000016b6f8c5c90
Event: 291.616 Thread 0x0000016b03df9f60 flushing  nmethod 0x0000016b6fcc3f90
Event: 291.616 Thread 0x0000016b03df9f60 flushing  nmethod 0x0000016b6fd4b110
Event: 291.616 Thread 0x0000016b03df9f60 flushing  nmethod 0x0000016b6fead710
Event: 291.616 Thread 0x0000016b03df9f60 flushing  nmethod 0x0000016b6feadf90
Event: 291.616 Thread 0x0000016b03df9f60 flushing  nmethod 0x0000016b6fee1c10
Event: 291.616 Thread 0x0000016b03df9f60 flushing  nmethod 0x0000016b6fee4510
Event: 291.616 Thread 0x0000016b03df9f60 flushing  nmethod 0x0000016b6fee4e10
Event: 291.617 Thread 0x0000016b03df9f60 flushing  nmethod 0x0000016b6fee5b90
Event: 291.631 Thread 0x0000016b03df9f60 flushing  nmethod 0x0000016b6fee6b90
Event: 291.631 Thread 0x0000016b03df9f60 flushing  nmethod 0x0000016b6fee8110
Event: 291.647 Thread 0x0000016b03df9f60 flushing  nmethod 0x0000016b6ff9e010
Event: 291.647 Thread 0x0000016b03df9f60 flushing  nmethod 0x0000016b700bc490
Event: 291.647 Thread 0x0000016b03df9f60 flushing  nmethod 0x0000016b7023bd90
Event: 291.647 Thread 0x0000016b03df9f60 flushing  nmethod 0x0000016b70240a90
Event: 291.648 Thread 0x0000016b03df9f60 flushing  nmethod 0x0000016b705a4310

Events (20 events):
Event: 60.861 Thread 0x0000016b248ed200 Thread added: 0x0000016b26760680
Event: 120.894 Thread 0x0000016b248ed200 Thread added: 0x0000016b26764eb0
Event: 122.203 Thread 0x0000016b248ed200 Thread added: 0x0000016b26764820
Event: 124.853 Thread 0x0000016b248ed200 Thread added: 0x0000016b26765540
Event: 142.773 Thread 0x0000016b248ed200 Thread added: 0x0000016b26765bd0
Event: 162.456 Thread 0x0000016b248ed200 Thread added: 0x0000016b267668f0
Event: 219.077 Thread 0x0000016b248ed200 Thread added: 0x0000016b27050310
Event: 219.635 Thread 0x0000016b27050310 Thread added: 0x0000016b2704d520
Event: 219.873 Thread 0x0000016b03e23c20 Thread added: 0x0000016b28d610a0
Event: 220.216 Thread 0x0000016b28d610a0 Thread exited: 0x0000016b28d610a0
Event: 220.753 Thread 0x0000016b03e23c20 Thread added: 0x0000016b28d610a0
Event: 220.913 Thread 0x0000016b28d610a0 Thread exited: 0x0000016b28d610a0
Event: 222.249 Thread 0x0000016b27050310 Thread added: 0x0000016b27051030
Event: 223.139 Thread 0x0000016b27050310 Thread added: 0x0000016b270516c0
Event: 223.478 Thread 0x0000016b27050310 Thread added: 0x0000016b2704ef60
Event: 229.256 Thread 0x0000016b27050310 Thread added: 0x0000016b2704e240
Event: 246.367 Thread 0x0000016b248ed200 Thread added: 0x0000016b28124780
Event: 247.501 Thread 0x0000016b248ed200 Thread added: 0x0000016b281261c0
Event: 259.156 Thread 0x0000016b248ed200 Thread added: 0x0000016b28126850
Event: 289.948 Thread 0x0000016b27050310 Thread exited: 0x0000016b27050310


Dynamic libraries:
0x00007ff6a6510000 - 0x00007ff6a651e000 	C:\Users\aavi7\.antigravity\extensions\redhat.java-1.53.0-win32-x64\jre\21.0.10-win32-x86_64\bin\java.exe
0x00007ffd8d820000 - 0x00007ffd8da87000 	C:\WINDOWS\SYSTEM32\ntdll.dll
0x00007ffd8c3d0000 - 0x00007ffd8c499000 	C:\WINDOWS\System32\KERNEL32.DLL
0x00007ffd8ae70000 - 0x00007ffd8b261000 	C:\WINDOWS\System32\KERNELBASE.dll
0x00007ffd8aa00000 - 0x00007ffd8ab4b000 	C:\WINDOWS\System32\ucrtbase.dll
0x00007ffd58a00000 - 0x00007ffd58a18000 	C:\Users\aavi7\.antigravity\extensions\redhat.java-1.53.0-win32-x64\jre\21.0.10-win32-x86_64\bin\jli.dll
0x00007ffd5bc80000 - 0x00007ffd5bc9e000 	C:\Users\aavi7\.antigravity\extensions\redhat.java-1.53.0-win32-x64\jre\21.0.10-win32-x86_64\bin\VCRUNTIME140.dll
0x00007ffd8d5f0000 - 0x00007ffd8d7b5000 	C:\WINDOWS\System32\USER32.dll
0x00007ffd8ac00000 - 0x00007ffd8ac27000 	C:\WINDOWS\System32\win32u.dll
0x00007ffd8c160000 - 0x00007ffd8c18b000 	C:\WINDOWS\System32\GDI32.dll
0x00007ffd8b3e0000 - 0x00007ffd8b50b000 	C:\WINDOWS\System32\gdi32full.dll
0x00007ffd8b510000 - 0x00007ffd8b5b3000 	C:\WINDOWS\System32\msvcp_win.dll
0x00007ffd77b20000 - 0x00007ffd77db3000 	C:\WINDOWS\WinSxS\amd64_microsoft.windows.common-controls_6595b64144ccf1df_6.0.26100.8037_none_3e092faae333b53b\COMCTL32.dll
0x00007ffd8b770000 - 0x00007ffd8b819000 	C:\WINDOWS\System32\msvcrt.dll
0x00007ffd8cb60000 - 0x00007ffd8cb91000 	C:\WINDOWS\System32\IMM32.DLL
0x00007ffd851f0000 - 0x00007ffd851fc000 	C:\Users\aavi7\.antigravity\extensions\redhat.java-1.53.0-win32-x64\jre\21.0.10-win32-x86_64\bin\vcruntime140_1.dll
0x00007ffd1bad0000 - 0x00007ffd1bb5d000 	C:\Users\aavi7\.antigravity\extensions\redhat.java-1.53.0-win32-x64\jre\21.0.10-win32-x86_64\bin\msvcp140.dll
0x00007ffd0e820000 - 0x00007ffd0f5c1000 	C:\Users\aavi7\.antigravity\extensions\redhat.java-1.53.0-win32-x64\jre\21.0.10-win32-x86_64\bin\server\jvm.dll
0x00007ffd8b960000 - 0x00007ffd8ba1b000 	C:\WINDOWS\System32\ADVAPI32.dll
0x00007ffd8d4d0000 - 0x00007ffd8d577000 	C:\WINDOWS\System32\sechost.dll
0x00007ffd8b650000 - 0x00007ffd8b768000 	C:\WINDOWS\System32\RPCRT4.dll
0x00007ffd8b5c0000 - 0x00007ffd8b634000 	C:\WINDOWS\System32\WS2_32.dll
0x00007ffd89f60000 - 0x00007ffd89fbe000 	C:\WINDOWS\SYSTEM32\POWRPROF.dll
0x00007ffd82630000 - 0x00007ffd82665000 	C:\WINDOWS\SYSTEM32\WINMM.dll
0x00007ffd82670000 - 0x00007ffd8267b000 	C:\WINDOWS\SYSTEM32\VERSION.dll
0x00007ffd89f40000 - 0x00007ffd89f54000 	C:\WINDOWS\SYSTEM32\UMPDC.dll
0x00007ffd88df0000 - 0x00007ffd88e0b000 	C:\WINDOWS\SYSTEM32\kernel.appcore.dll
0x00007ffd65b90000 - 0x00007ffd65b9a000 	C:\Users\aavi7\.antigravity\extensions\redhat.java-1.53.0-win32-x64\jre\21.0.10-win32-x86_64\bin\jimage.dll
0x00007ffd882c0000 - 0x00007ffd88502000 	C:\WINDOWS\SYSTEM32\DBGHELP.DLL
0x00007ffd8c770000 - 0x00007ffd8caf2000 	C:\WINDOWS\System32\combase.dll
0x00007ffd8c690000 - 0x00007ffd8c767000 	C:\WINDOWS\System32\OLEAUT32.dll
0x00007ffd77a80000 - 0x00007ffd77abb000 	C:\WINDOWS\SYSTEM32\dbgcore.DLL
0x00007ffd8ab50000 - 0x00007ffd8abf5000 	C:\WINDOWS\System32\bcryptPrimitives.dll
0x00007ffd579d0000 - 0x00007ffd579df000 	C:\Users\aavi7\.antigravity\extensions\redhat.java-1.53.0-win32-x64\jre\21.0.10-win32-x86_64\bin\instrument.dll
0x00007ffd58570000 - 0x00007ffd58590000 	C:\Users\aavi7\.antigravity\extensions\redhat.java-1.53.0-win32-x64\jre\21.0.10-win32-x86_64\bin\java.dll
0x00007ffd8cbd0000 - 0x00007ffd8d32f000 	C:\WINDOWS\System32\SHELL32.dll
0x00007ffd8b270000 - 0x00007ffd8b3da000 	C:\WINDOWS\System32\wintypes.dll
0x00007ffd8a190000 - 0x00007ffd8a9f4000 	C:\WINDOWS\System32\windows.storage.dll
0x00007ffd8ba30000 - 0x00007ffd8bb27000 	C:\WINDOWS\System32\SHCORE.dll
0x00007ffd8d580000 - 0x00007ffd8d5e7000 	C:\WINDOWS\System32\shlwapi.dll
0x00007ffd8a020000 - 0x00007ffd8a049000 	C:\WINDOWS\SYSTEM32\profapi.dll
0x00007ffd571f0000 - 0x00007ffd57208000 	C:\Users\aavi7\.antigravity\extensions\redhat.java-1.53.0-win32-x64\jre\21.0.10-win32-x86_64\bin\zip.dll
0x00007ffd60190000 - 0x00007ffd601a0000 	C:\Users\aavi7\.antigravity\extensions\redhat.java-1.53.0-win32-x64\jre\21.0.10-win32-x86_64\bin\net.dll
0x00007ffd836a0000 - 0x00007ffd837c7000 	C:\WINDOWS\SYSTEM32\WINHTTP.dll
0x00007ffd89400000 - 0x00007ffd8946b000 	C:\WINDOWS\system32\mswsock.dll
0x00007ffd55fc0000 - 0x00007ffd55fd6000 	C:\Users\aavi7\.antigravity\extensions\redhat.java-1.53.0-win32-x64\jre\21.0.10-win32-x86_64\bin\nio.dll
0x00007ffd56220000 - 0x00007ffd56230000 	C:\Users\aavi7\.antigravity\extensions\redhat.java-1.53.0-win32-x64\jre\21.0.10-win32-x86_64\bin\verify.dll
0x00007ffcfffe0000 - 0x00007ffd00007000 	C:\Users\aavi7\.gradle\native\1def1411415f61bf3af743bc5b6707747c0891f09f0c88961ee8f79bc544acac\windows-amd64\native-platform.dll
0x00007ffcfe990000 - 0x00007ffcfea08000 	C:\Users\aavi7\.gradle\native\0.2.7\x86_64-windows-gnu\gradle-fileevents.dll
0x00007ffd4f4b0000 - 0x00007ffd4f4ba000 	C:\Users\aavi7\.antigravity\extensions\redhat.java-1.53.0-win32-x64\jre\21.0.10-win32-x86_64\bin\management.dll
0x00007ffd4f4a0000 - 0x00007ffd4f4ac000 	C:\Users\aavi7\.antigravity\extensions\redhat.java-1.53.0-win32-x64\jre\21.0.10-win32-x86_64\bin\management_ext.dll
0x00007ffd8ba20000 - 0x00007ffd8ba28000 	C:\WINDOWS\System32\PSAPI.DLL
0x00007ffd88850000 - 0x00007ffd88883000 	C:\WINDOWS\SYSTEM32\IPHLPAPI.DLL
0x00007ffd8d340000 - 0x00007ffd8d34a000 	C:\WINDOWS\System32\NSI.dll
0x00007ffd4e4b0000 - 0x00007ffd4e4b9000 	C:\Users\aavi7\.antigravity\extensions\redhat.java-1.53.0-win32-x64\jre\21.0.10-win32-x86_64\bin\extnet.dll
0x00007ffd896e0000 - 0x00007ffd896fb000 	C:\WINDOWS\SYSTEM32\CRYPTSP.dll
0x00007ffd88e10000 - 0x00007ffd88e49000 	C:\WINDOWS\system32\rsaenh.dll
0x00007ffd894b0000 - 0x00007ffd894e2000 	C:\WINDOWS\SYSTEM32\USERENV.dll
0x00007ffd89ff0000 - 0x00007ffd8a01a000 	C:\WINDOWS\SYSTEM32\bcrypt.dll
0x00007ffd89700000 - 0x00007ffd8970c000 	C:\WINDOWS\SYSTEM32\CRYPTBASE.dll
0x00007ffd4e4c0000 - 0x00007ffd4e4ce000 	C:\Users\aavi7\.antigravity\extensions\redhat.java-1.53.0-win32-x64\jre\21.0.10-win32-x86_64\bin\sunmscapi.dll
0x00007ffd8ac30000 - 0x00007ffd8ada7000 	C:\WINDOWS\System32\CRYPT32.dll
0x00007ffd89900000 - 0x00007ffd89930000 	C:\WINDOWS\SYSTEM32\ncrypt.dll
0x00007ffd898b0000 - 0x00007ffd898ef000 	C:\WINDOWS\SYSTEM32\NTASN1.dll
0x00007ffd2c720000 - 0x00007ffd2c728000 	C:\WINDOWS\system32\wshunix.dll
0x00007ffd6b150000 - 0x00007ffd6b168000 	C:\WINDOWS\system32\napinsp.dll
0x00007ffd888f0000 - 0x00007ffd88a1a000 	C:\WINDOWS\SYSTEM32\DNSAPI.dll
0x00007ffd6b0b0000 - 0x00007ffd6b0c2000 	C:\WINDOWS\System32\winrnr.dll
0x00007ffd6b080000 - 0x00007ffd6b0a2000 	C:\WINDOWS\system32\nlansp_c.dll
0x00007ffd6b060000 - 0x00007ffd6b076000 	C:\WINDOWS\system32\wshbth.dll
0x00007ffd7cb20000 - 0x00007ffd7cb2b000 	C:\Windows\System32\rasadhlp.dll
0x00007ffd824e0000 - 0x00007ffd82566000 	C:\WINDOWS\System32\fwpuclnt.dll

JVMTI agents:
C:\Users\aavi7\.gradle\wrapper\dists\gradle-8.14-all\c2qonpi39x1mddn7hk5gh9iqj\gradle-8.14\lib\agents\gradle-instrumentation-agent-8.14.jar path:C:\Users\aavi7\.antigravity\extensions\redhat.java-1.53.0-win32-x64\jre\21.0.10-win32-x86_64\bin\instrument.dll, loaded, initialized, instrumentlib options:none

dbghelp: loaded successfully - version: 4.0.5 - missing functions: none
symbol engine: initialized successfully - sym options: 0x614 - pdb path: .;C:\Users\aavi7\.antigravity\extensions\redhat.java-1.53.0-win32-x64\jre\21.0.10-win32-x86_64\bin;C:\WINDOWS\SYSTEM32;C:\WINDOWS\WinSxS\amd64_microsoft.windows.common-controls_6595b64144ccf1df_6.0.26100.8037_none_3e092faae333b53b;C:\Users\aavi7\.antigravity\extensions\redhat.java-1.53.0-win32-x64\jre\21.0.10-win32-x86_64\bin\server;C:\Users\aavi7\.gradle\native\1def1411415f61bf3af743bc5b6707747c0891f09f0c88961ee8f79bc544acac\windows-amd64;C:\Users\aavi7\.gradle\native\0.2.7\x86_64-windows-gnu

VM Arguments:
jvm_args: --add-opens=java.base/java.lang=ALL-UNNAMED --add-opens=java.base/java.lang.invoke=ALL-UNNAMED --add-opens=java.base/java.util=ALL-UNNAMED --add-opens=java.prefs/java.util.prefs=ALL-UNNAMED --add-exports=jdk.compiler/com.sun.tools.javac.api=ALL-UNNAMED --add-exports=jdk.compiler/com.sun.tools.javac.util=ALL-UNNAMED --add-opens=java.base/java.util=ALL-UNNAMED --add-opens=java.prefs/java.util.prefs=ALL-UNNAMED --add-opens=java.base/java.nio.charset=ALL-UNNAMED --add-opens=java.base/java.net=ALL-UNNAMED --add-opens=java.base/java.util.concurrent.atomic=ALL-UNNAMED --add-opens=java.xml/javax.xml.namespace=ALL-UNNAMED -XX:MaxMetaspaceSize=512m -XX:ReservedCodeCacheSize=256m -XX:+HeapDumpOnOutOfMemoryError -Xmx1024m -Dfile.encoding=UTF-8 -Duser.country=IN -Duser.language=en -Duser.variant -javaagent:C:\Users\aavi7\.gradle\wrapper\dists\gradle-8.14-all\c2qonpi39x1mddn7hk5gh9iqj\gradle-8.14\lib\agents\gradle-instrumentation-agent-8.14.jar 
java_command: org.gradle.launcher.daemon.bootstrap.GradleDaemon 8.14
java_class_path (initial): C:\Users\aavi7\.gradle\wrapper\dists\gradle-8.14-all\c2qonpi39x1mddn7hk5gh9iqj\gradle-8.14\lib\gradle-daemon-main-8.14.jar
Launcher Type: SUN_STANDARD

[Global flags]
     intx CICompilerCount                          = 4                                         {product} {ergonomic}
   size_t CompressedClassSpaceSize                 = 436207616                                 {product} {ergonomic}
     uint ConcGCThreads                            = 3                                         {product} {ergonomic}
     uint G1ConcRefinementThreads                  = 10                                        {product} {ergonomic}
   size_t G1HeapRegionSize                         = 1048576                                   {product} {ergonomic}
    uintx GCDrainStackTargetSize                   = 64                                        {product} {ergonomic}
     bool HeapDumpOnOutOfMemoryError               = true                                   {manageable} {command line}
   size_t InitialHeapSize                          = 98566144                                  {product} {ergonomic}
   size_t MarkStackSize                            = 4194304                                   {product} {ergonomic}
   size_t MaxHeapSize                              = 1073741824                                {product} {command line}
   size_t MaxMetaspaceSize                         = 536870912                                 {product} {command line}
   size_t MaxNewSize                               = 643825664                                 {product} {ergonomic}
   size_t MinHeapDeltaBytes                        = 1048576                                   {product} {ergonomic}
   size_t MinHeapSize                              = 8388608                                   {product} {ergonomic}
    uintx NonNMethodCodeHeapSize                   = 5839372                                {pd product} {ergonomic}
    uintx NonProfiledCodeHeapSize                  = 131298042                              {pd product} {ergonomic}
    uintx ProfiledCodeHeapSize                     = 131298042                              {pd product} {ergonomic}
    uintx ReservedCodeCacheSize                    = 268435456                              {pd product} {command line}
     bool SegmentedCodeCache                       = true                                      {product} {ergonomic}
   size_t SoftMaxHeapSize                          = 1073741824                             {manageable} {ergonomic}
     bool UseCompressedOops                        = true                           {product lp64_product} {ergonomic}
     bool UseG1GC                                  = true                                      {product} {ergonomic}
     bool UseLargePagesIndividualAllocation        = false                                  {pd product} {ergonomic}

Logging:
Log output configuration:
 #0: stdout all=warning uptime,level,tags foldmultilines=false
 #1: stderr all=off uptime,level,tags foldmultilines=false

Release file:
JAVA_VERSION="21.0.10" 
MODULES="java.base java.compiler java.datatransfer java.xml java.prefs java.desktop java.instrument java.logging java.management java.security.sasl java.naming java.rmi java.management.rmi java.net.http java.scripting java.security.jgss java.transaction.xa java.sql java.sql.rowset java.xml.crypto java.se java.smartcardio jdk.accessibility jdk.internal.jvmstat jdk.attach jdk.charsets jdk.internal.opt jdk.zipfs jdk.compiler jdk.crypto.ec jdk.crypto.cryptoki jdk.crypto.mscapi jdk.dynalink jdk.internal.ed jdk.editpad jdk.hotspot.agent jdk.httpserver jdk.internal.le jdk.internal.vm.ci jdk.internal.vm.compiler jdk.internal.vm.compiler.management jdk.jartool jdk.javadoc jdk.jcmd jdk.management jdk.management.agent jdk.jconsole jdk.jdeps jdk.jdwp.agent jdk.jdi jdk.jfr jdk.jshell jdk.jsobject jdk.jstatd jdk.localedata jdk.management.jfr jdk.naming.dns jdk.naming.rmi jdk.net jdk.nio.mapmode jdk.random jdk.sctp jdk.security.auth jdk.security.jgss jdk.unsupported jdk.unsupported.desktop jdk.xml.dom" 

Environment Variables:
JAVA_HOME=C:\Program Files\Java\jdk-17
PATH=C:\Ruby34-x64\bin;C:\Program Files\Java\jdk-17\bin;C:\oraclexe\app\oracle\product\10.2.0\server\bin;C:\WINDOWS\system32;C:\WINDOWS;C:\WINDOWS\System32\Wbem;C:\WINDOWS\System32\WindowsPowerShell\v1.0\;C:\WINDOWS\System32\OpenSSH\;C:\Program Files (x86)\Microsoft SQL Server\160\Tools\Binn\;C:\Program Files\Microsoft SQL Server\160\Tools\Binn\;C:\Program Files\Microsoft SQL Server\Client SDK\ODBC\170\Tools\Binn\;C:\Program Files\Microsoft SQL Server\160\DTS\Binn\;C:\Program Files\MongoDB\mongosh-2.2.6-win32-x64\bin;C:\Program Files\MongoDB\Server\7.0\bin\mongod.cfg;C:\Program Files\Git\cmd;C:\Program Files\MongoDB\Server\8.0\bin;C:\src\flutter\bin;C:\Users\aavi7\AppData\Local\nvm;C:\nvm4w\nodejs;C:\Users\aavi7\AppData\Local\Android\Sdk\platform-tools;C:\Ruby34-x64\bin;C:\Program Files\Java\jdk-17\bin;C:\oraclexe\app\oracle\product\10.2.0\server\bin;C:\WINDOWS\system32;C:\WINDOWS;C:\WINDOWS\System32\Wbem;C:\WINDOWS\System32\WindowsPowerShell\v1.0\;C:\WINDOWS\System32\OpenSSH\;C:\Program Files (x86)\Microsoft SQL Server\160\Tools\Binn\;C:\Program Files\Microsoft SQL Server\160\Tools\Binn\;C:\Program Files\Microsoft SQL Server\Client SDK\ODBC\170\Tools\Binn\;C:\Program Files\Microsoft SQL Server\160\DTS\Binn\;C:\Program Files\MongoDB\mongosh-2.2.6-win32-x64\bin;C:\Program Files\MongoDB\Server\7.0\bin\mongod.cfg;C:\Program Files\Git\cmd;C:\Program Files\MongoDB\Server\8.0\bin;C:\src\flutter\bin;C:\Users\aavi7\AppData\Local\nvm;C:\nvm4w\nodejs;C:\Users\aavi7\AppData\Local\Android\Sdk\platform-tools;;C:\Users\aavi7\AppData\Local\Pub\Cache\bin;C:\Users\aavi7\AppData\Local\Pub\Cache\bin;C:\Users\aavi7\AppData\Roaming\npm\node_modules\firebase-tools\lib\bin;C:\Users\aavi7\AppData\Roaming\npm\node_modules\firebase-tools\node_modules\.bin;C:\Users\aavi7\AppData\Local\nvm;C:\nvm4w\nodejs;C:\Users\aavi7\AppData\Local\nvm;C:\Users\aavi7\AppData\Local\Programs\Antigravity\bin;C:\Users\aavi7\AppData\Local\Android\Sdk\platform-tools;
USERNAME=aavi7
OS=Windows_NT
PROCESSOR_IDENTIFIER=AMD64 Family 23 Model 104 Stepping 1, AuthenticAMD
TMP=C:\Users\aavi7\AppData\Local\Temp
TEMP=C:\Users\aavi7\AppData\Local\Temp




Periodic native trim disabled

---------------  S Y S T E M  ---------------

OS:
 Windows 11 , 64 bit Build 26100 (10.0.26100.7920)
OS uptime: 0 days 0:18 hours
Hyper-V role detected

CPU: total 12 (initial active 12) (12 cores per cpu, 2 threads per core) family 23 model 104 stepping 1 microcode 0x8608109, cx8, cmov, fxsr, ht, mmx, 3dnowpref, sse, sse2, sse3, ssse3, sse4a, sse4.1, sse4.2, popcnt, lzcnt, tsc, tscinvbit, avx, avx2, aes, clmul, bmi1, bmi2, adx, sha, fma, vzeroupper, clflush, clflushopt, hv, rdtscp, rdpid, f16c
Processor Information for the first 12 processors :
  Max Mhz: 2100, Current Mhz: 2100, Mhz Limit: 2100

Memory: 4k page, system-wide physical 5989M (988M free)
TotalPageFile size 24421M (AvailPageFile size 17M)
current process WorkingSet (physical memory assigned to process): 57M, peak: 218M
current process commit charge ("private bytes"): 388M, peak: 389M

vm_info: OpenJDK 64-Bit Server VM (21.0.10+7-LTS) for windows-amd64 JRE (21.0.10+7-LTS), built on 2026-01-20T00:00:00Z by "admin" with MS VC++ 17.12 (VS2022)

END.
