#
# There is insufficient memory for the Java Runtime Environment to continue.
# Native memory allocation (malloc) failed to allocate 1655472 bytes. Error detail: Chunk::new
# Possible reasons:
#   The system is out of physical RAM or swap space
#   This process is running with CompressedOops enabled, and the Java Heap may be blocking the growth of the native heap
# Possible solutions:
#   Reduce memory load on the system
#   Increase physical memory or swap space
#   Check if swap backing store is full
#   Decrease Java heap size (-Xmx/-Xms)
#   Decrease number of Java threads
#   Decrease Java thread stack sizes (-Xss)
#   Set larger code cache with -XX:ReservedCodeCacheSize=
#   JVM is running with Unscaled Compressed Oops mode in which the Java heap is
#     placed in the first 4GB address space. The Java Heap base address is the
#     maximum limit for the native heap growth. Please use -XX:HeapBaseMinAddress
#     to set the Java Heap base and to place the Java Heap above 4GB virtual address.
# This output file may be truncated or incomplete.
#
#  Out of Memory Error (arena.cpp:168), pid=3616, tid=18296
#
# JRE version: OpenJDK Runtime Environment Temurin-21.0.10+7 (21.0.10+7) (build 21.0.10+7-LTS)
# Java VM: OpenJDK 64-Bit Server VM Temurin-21.0.10+7 (21.0.10+7-LTS, mixed mode, sharing, tiered, compressed oops, compressed class ptrs, parallel gc, windows-amd64)
# No core dump will be written. Minidumps are not enabled by default on client versions of Windows
#

---------------  S U M M A R Y ------------

Command Line: --add-modules=ALL-SYSTEM --add-opens=java.base/java.util=ALL-UNNAMED --add-opens=java.base/java.lang=ALL-UNNAMED --add-opens=java.base/sun.nio.fs=ALL-UNNAMED -Declipse.application=org.eclipse.jdt.ls.core.id1 -Dosgi.bundles.defaultStartLevel=4 -Declipse.product=org.eclipse.jdt.ls.core.product -Djava.import.generatesMetadataFilesAtProjectRoot=false -DDetectVMInstallationsJob.disabled=true -Dfile.encoding=utf8 -XX:+UseParallelGC -XX:GCTimeRatio=4 -XX:AdaptiveSizePolicyWeight=90 -Dsun.zip.disableMemoryMapping=true -Xmx2G -Xms100m -Xlog:disable -javaagent:c:\Users\aavi7\.antigravity\extensions\redhat.java-1.53.0-win32-x64\lombok\lombok-1.18.39-4050.jar c:\Users\aavi7\.antigravity\extensions\redhat.java-1.53.0-win32-x64\server\plugins\org.eclipse.equinox.launcher_1.7.100.v20251111-0406.jar -configuration c:\Users\aavi7\AppData\Roaming\Antigravity\User\globalStorage\redhat.java\1.53.0\config_ss_win -data c:\Users\aavi7\AppData\Roaming\Antigravity\User\workspaceStorage\63219e325d96d6721d783aea94bb91f9\redhat.java\ss_ws --pipe=\\.\pipe\lsp-9968d404a628b1d570a3fcc82ff67ccd-sock

Host: AMD Ryzen 5 5500U with Radeon Graphics         , 12 cores, 5G,  Windows 11 , 64 bit Build 26100 (10.0.26100.7920)
Time: Tue Mar 31 11:59:56 2026 India Standard Time elapsed time: 8.979069 seconds (0d 0h 0m 8s)

---------------  T H R E A D  ---------------

Current thread (0x00000190ccbc6850):  JavaThread "C2 CompilerThread0" daemon [_thread_in_native, id=18296, stack(0x0000008fe9c00000,0x0000008fe9d00000) (1024K)]


Current CompileTask:
C2:8979 2597       4       java.lang.invoke.MethodType::makeImpl (109 bytes)

Stack: [0x0000008fe9c00000,0x0000008fe9d00000]
Native frames: (J=compiled Java code, j=interpreted, Vv=VM code, C=native code)
V  [jvm.dll+0x6d7a39]
V  [jvm.dll+0x8b4b26]
V  [jvm.dll+0x8b70de]
V  [jvm.dll+0x8b77c3]
V  [jvm.dll+0x284346]
V  [jvm.dll+0xc66ed]
V  [jvm.dll+0xc6c31]
V  [jvm.dll+0x3bec3b]
V  [jvm.dll+0x38b162]
V  [jvm.dll+0x38a5aa]
V  [jvm.dll+0x24c560]
V  [jvm.dll+0x24bb40]
V  [jvm.dll+0x1cb34e]
V  [jvm.dll+0x25b85d]
V  [jvm.dll+0x259dea]
V  [jvm.dll+0x3f857e]
V  [jvm.dll+0x85f59d]
V  [jvm.dll+0x6d626d]
C  [ucrtbase.dll+0x37b0]
C  [KERNEL32.DLL+0x2e8d7]
C  [ntdll.dll+0x8c48c]


---------------  P R O C E S S  ---------------

Threads class SMR info:
_java_thread_list=0x00000190eada1760, length=21, elements={
0x00000190ccb0e3a0, 0x00000190ccabe4e0, 0x00000190ccbb4980, 0x00000190ccbb9170,
0x00000190ccbb9e50, 0x00000190ccbbbe10, 0x00000190ccbc49f0, 0x00000190ccbc6850,
0x00000190e4821f90, 0x00000190e4a2c380, 0x00000190e4a2b660, 0x00000190e4a28f00,
0x00000190e4a29590, 0x00000190e4a2bcf0, 0x00000190e4a2a940, 0x00000190e4a2a2b0,
0x00000190e4a2afd0, 0x00000190e49302b0, 0x00000190e4930940, 0x00000190e4931660,
0x00000190e491e6e0
}

Java Threads: ( => current thread )
  0x00000190ccb0e3a0 JavaThread "main"                              [_thread_blocked, id=10896, stack(0x0000008fe9200000,0x0000008fe9300000) (1024K)]
  0x00000190ccabe4e0 JavaThread "Reference Handler"          daemon [_thread_blocked, id=4724, stack(0x0000008fe9600000,0x0000008fe9700000) (1024K)]
  0x00000190ccbb4980 JavaThread "Finalizer"                  daemon [_thread_blocked, id=2208, stack(0x0000008fe9700000,0x0000008fe9800000) (1024K)]
  0x00000190ccbb9170 JavaThread "Signal Dispatcher"          daemon [_thread_blocked, id=12024, stack(0x0000008fe9800000,0x0000008fe9900000) (1024K)]
  0x00000190ccbb9e50 JavaThread "Attach Listener"            daemon [_thread_blocked, id=16112, stack(0x0000008fe9900000,0x0000008fe9a00000) (1024K)]
  0x00000190ccbbbe10 JavaThread "Service Thread"             daemon [_thread_blocked, id=18644, stack(0x0000008fe9a00000,0x0000008fe9b00000) (1024K)]
  0x00000190ccbc49f0 JavaThread "Monitor Deflation Thread"   daemon [_thread_blocked, id=18060, stack(0x0000008fe9b00000,0x0000008fe9c00000) (1024K)]
=>0x00000190ccbc6850 JavaThread "C2 CompilerThread0"         daemon [_thread_in_native, id=18296, stack(0x0000008fe9c00000,0x0000008fe9d00000) (1024K)]
  0x00000190e4821f90 JavaThread "C1 CompilerThread0"         daemon [_thread_blocked, id=12596, stack(0x0000008fe9d00000,0x0000008fe9e00000) (1024K)]
  0x00000190e4a2c380 JavaThread "Common-Cleaner"             daemon [_thread_blocked, id=8476, stack(0x0000008fe9e00000,0x0000008fe9f00000) (1024K)]
  0x00000190e4a2b660 JavaThread "Notification Thread"        daemon [_thread_blocked, id=8404, stack(0x0000008fea000000,0x0000008fea100000) (1024K)]
  0x00000190e4a28f00 JavaThread "Active Thread: Equinox Container: e3a7ab80-d81f-4c3d-a940-8886612df9bd"        [_thread_blocked, id=5020, stack(0x0000008fea700000,0x0000008fea800000) (1024K)]
  0x00000190e4a29590 JavaThread "Framework Event Dispatcher: Equinox Container: e3a7ab80-d81f-4c3d-a940-8886612df9bd" daemon [_thread_blocked, id=27208, stack(0x0000008fea800000,0x0000008fea900000) (1024K)]
  0x00000190e4a2bcf0 JavaThread "Start Level: Equinox Container: e3a7ab80-d81f-4c3d-a940-8886612df9bd" daemon [_thread_in_native, id=10840, stack(0x0000008fea900000,0x0000008feaa00000) (1024K)]
  0x00000190e4a2a940 JavaThread "SCR Component Actor"        daemon [_thread_blocked, id=25468, stack(0x0000008feaa00000,0x0000008feab00000) (1024K)]
  0x00000190e4a2a2b0 JavaThread "Worker-JM"                         [_thread_blocked, id=15888, stack(0x0000008feab00000,0x0000008feac00000) (1024K)]
  0x00000190e4a2afd0 JavaThread "JNA Cleaner"                daemon [_thread_blocked, id=24532, stack(0x0000008feae00000,0x0000008feaf00000) (1024K)]
  0x00000190e49302b0 JavaThread "Worker-0"                          [_thread_blocked, id=15616, stack(0x0000008feaf00000,0x0000008feb000000) (1024K)]
  0x00000190e4930940 JavaThread "Worker-1"                          [_thread_blocked, id=8812, stack(0x0000008feb000000,0x0000008feb100000) (1024K)]
  0x00000190e4931660 JavaThread "Worker-2"                          [_thread_blocked, id=2240, stack(0x0000008feb100000,0x0000008feb200000) (1024K)]
  0x00000190e491e6e0 JavaThread "C2 CompilerThread1"         daemon [_thread_in_native, id=8468, stack(0x0000008feb200000,0x0000008feb300000) (1024K)]
Total: 21

Other Threads:
  0x00000190ccbb08d0 VMThread "VM Thread"                           [id=23352, stack(0x0000008fe9500000,0x0000008fe9600000) (1024K)]
  0x00000190cc99ca00 WatcherThread "VM Periodic Task Thread"        [id=11516, stack(0x0000008fe9400000,0x0000008fe9500000) (1024K)]
  0x00000190ccb2ca80 WorkerThread "GC Thread#0"                     [id=22464, stack(0x0000008fe9300000,0x0000008fe9400000) (1024K)]
  0x00000190e5ae1ce0 WorkerThread "GC Thread#1"                     [id=16960, stack(0x0000008fea100000,0x0000008fea200000) (1024K)]
  0x00000190e5ae2090 WorkerThread "GC Thread#2"                     [id=15724, stack(0x0000008fea200000,0x0000008fea300000) (1024K)]
  0x00000190e5baf6e0 WorkerThread "GC Thread#3"                     [id=22824, stack(0x0000008fea300000,0x0000008fea400000) (1024K)]
  0x00000190e5bafa90 WorkerThread "GC Thread#4"                     [id=10752, stack(0x0000008fea400000,0x0000008fea500000) (1024K)]
  0x00000190e5bafe40 WorkerThread "GC Thread#5"                     [id=2156, stack(0x0000008fea500000,0x0000008fea600000) (1024K)]
  0x00000190e58b0d70 WorkerThread "GC Thread#6"                     [id=18368, stack(0x0000008fea600000,0x0000008fea700000) (1024K)]
  0x00000190e5d52490 WorkerThread "GC Thread#7"                     [id=2372, stack(0x0000008fe9f00000,0x0000008fea000000) (1024K)]
  0x00000190ea250920 WorkerThread "GC Thread#8"                     [id=28056, stack(0x0000008feac00000,0x0000008fead00000) (1024K)]
  0x00000190ea250cd0 WorkerThread "GC Thread#9"                     [id=4932, stack(0x0000008fead00000,0x0000008feae00000) (1024K)]
Total: 12

Threads with active compile tasks:
C2 CompilerThread0  9042 2597       4       java.lang.invoke.MethodType::makeImpl (109 bytes)
Total: 1

VM state: not at safepoint (normal execution)

VM Mutex/Monitor currently owned by a thread: None

Heap address: 0x0000000080000000, size: 2048 MB, Compressed Oops mode: 32-bit

CDS archive(s) mapped at: [0x0000019080000000-0x0000019080ba0000-0x0000019080ba0000), size 12189696, SharedBaseAddress: 0x0000019080000000, ArchiveRelocationMode: 1.
Compressed class space mapped at: 0x0000019081000000-0x00000190c1000000, reserved size: 1073741824
Narrow klass base: 0x0000019080000000, Narrow klass shift: 0, Narrow klass range: 0x100000000

GC Precious Log:
 CardTable entry size: 512
 CPUs: 12 total, 12 available
 Memory: 5989M
 Large Page Support: Disabled
 NUMA Support: Disabled
 Compressed Oops: Enabled (32-bit)
 Alignments: Space 512K, Generation 512K, Heap 2M
 Heap Min Capacity: 100M
 Heap Initial Capacity: 100M
 Heap Max Capacity: 2G
 Pre-touch: Disabled
 Parallel Workers: 10

Heap:
 PSYoungGen      total 29696K, used 20698K [0x00000000d5580000, 0x00000000d7680000, 0x0000000100000000)
  eden space 25600K, 64% used [0x00000000d5580000,0x00000000d65b75f0,0x00000000d6e80000)
  from space 4096K, 99% used [0x00000000d7280000,0x00000000d767f588,0x00000000d7680000)
  to   space 4096K, 0% used [0x00000000d6e80000,0x00000000d6e80000,0x00000000d7280000)
 ParOldGen       total 68608K, used 4557K [0x0000000080000000, 0x0000000084300000, 0x00000000d5580000)
  object space 68608K, 6% used [0x0000000080000000,0x00000000804736a8,0x0000000084300000)
 Metaspace       used 18539K, committed 19200K, reserved 1114112K
  class space    used 1875K, committed 2176K, reserved 1048576K

Card table byte_map: [0x00000190cc4b0000,0x00000190cc8c0000] _byte_map_base: 0x00000190cc0b0000

Marking Bits: (ParMarkBitMap*) 0x00007fff09603450
 Begin Bits: [0x00000190defc0000, 0x00000190e0fc0000)
 End Bits:   [0x00000190e0fc0000, 0x00000190e2fc0000)

Polling page: 0x00000190ca940000

Metaspace:

Usage:
  Non-class:     16.27 MB used.
      Class:      1.83 MB used.
       Both:     18.10 MB used.

Virtual space:
  Non-class space:       64.00 MB reserved,      16.62 MB ( 26%) committed,  1 nodes.
      Class space:        1.00 GB reserved,       2.12 MB ( <1%) committed,  1 nodes.
             Both:        1.06 GB reserved,      18.75 MB (  2%) committed. 

Chunk freelists:
   Non-Class:  14.98 MB
       Class:  13.70 MB
        Both:  28.69 MB

MaxMetaspaceSize: unlimited
CompressedClassSpaceSize: 1.00 GB
Initial GC threshold: 21.00 MB
Current GC threshold: 21.00 MB
CDS: on
 - commit_granule_bytes: 65536.
 - commit_granule_words: 8192.
 - virtual_space_node_default_size: 8388608.
 - enlarge_chunks_in_place: 1.
 - use_allocation_guard: 0.


Internal statistics:

num_allocs_failed_limit: 0.
num_arena_births: 500.
num_arena_deaths: 0.
num_vsnodes_births: 2.
num_vsnodes_deaths: 0.
num_space_committed: 300.
num_space_uncommitted: 0.
num_chunks_returned_to_freelist: 0.
num_chunks_taken_from_freelist: 1205.
num_chunk_merges: 0.
num_chunk_splits: 758.
num_chunks_enlarged: 478.
num_inconsistent_stats: 0.

CodeHeap 'non-profiled nmethods': size=120000Kb used=1143Kb max_used=1143Kb free=118857Kb
 bounds [0x00000190d77e0000, 0x00000190d7a50000, 0x00000190ded10000]
CodeHeap 'profiled nmethods': size=120000Kb used=5099Kb max_used=5099Kb free=114900Kb
 bounds [0x00000190cfd10000, 0x00000190d0210000, 0x00000190d7240000]
CodeHeap 'non-nmethods': size=5760Kb used=1271Kb max_used=1286Kb free=4488Kb
 bounds [0x00000190d7240000, 0x00000190d74b0000, 0x00000190d77e0000]
CodeCache: size=245760Kb, used=7513Kb, max_used=7528Kb, free=238245Kb
 total_blobs=3234, nmethods=2685, adapters=455, full_count=0
Compilation: enabled, stopped_count=0, restarted_count=0

Compilation events (20 events):
Event: 7.925 Thread 0x00000190e4821f90 nmethod 2679 0x00000190d0204110 code [0x00000190d02043a0, 0x00000190d0204e48]
Event: 7.925 Thread 0x00000190e4821f90 2680       3       java.lang.System$2::defineClass (21 bytes)
Event: 7.925 Thread 0x00000190e4821f90 nmethod 2680 0x00000190d0205390 code [0x00000190d0205540, 0x00000190d02056b8]
Event: 7.925 Thread 0x00000190e4821f90 2681       1       java.lang.invoke.MethodHandleImpl$IntrinsicMethodHandle::getTarget (5 bytes)
Event: 7.926 Thread 0x00000190e4821f90 nmethod 2681 0x00000190d78f7e90 code [0x00000190d78f8020, 0x00000190d78f80e8]
Event: 7.965 Thread 0x00000190e4821f90 2683       3       java.util.ArrayDeque::circularClear (43 bytes)
Event: 7.966 Thread 0x00000190e4821f90 nmethod 2683 0x00000190d0205790 code [0x00000190d0205960, 0x00000190d0205d60]
Event: 7.966 Thread 0x00000190e4821f90 2682       3       java.util.ArrayDeque::clear (26 bytes)
Event: 7.966 Thread 0x00000190e4821f90 nmethod 2682 0x00000190d0205f10 code [0x00000190d02060c0, 0x00000190d0206228]
Event: 7.968 Thread 0x00000190e4821f90 2684       3       org.lombokweb.asm.SymbolTable::addConstantIntegerOrFloat (21 bytes)
Event: 7.968 Thread 0x00000190e4821f90 nmethod 2684 0x00000190d0206310 code [0x00000190d02064e0, 0x00000190d0206748]
Event: 7.969 Thread 0x00000190e4821f90 2685       3       org.lombokweb.asm.SymbolTable::addConstant (317 bytes)
Event: 7.972 Thread 0x00000190e4821f90 nmethod 2685 0x00000190d0206890 code [0x00000190d0206e40, 0x00000190d0209f90]
Event: 7.972 Thread 0x00000190e4821f90 2686       1       lombok.patcher.scripts.AddFieldScript::access$0 (5 bytes)
Event: 7.972 Thread 0x00000190e4821f90 nmethod 2686 0x00000190d78f8190 code [0x00000190d78f8320, 0x00000190d78f83d0]
Event: 8.813 Thread 0x00000190e4821f90 2687       3       java.util.HashSet::isEmpty (8 bytes)
Event: 8.813 Thread 0x00000190e4821f90 nmethod 2687 0x00000190d020aa10 code [0x00000190d020abc0, 0x00000190d020ae08]
Event: 8.974 Thread 0x00000190e4821f90 2688       1       org.eclipse.core.internal.jobs.InternalJob::previous (5 bytes)
Event: 8.974 Thread 0x00000190e4821f90 nmethod 2688 0x00000190d78f8490 code [0x00000190d78f8620, 0x00000190d78f86e8]
Event: 8.974 Thread 0x00000190e491e6e0 2676       4       org.lombokweb.asm.SymbolTable::addConstantUtf8 (98 bytes)

GC Heap History (8 events):
Event: 2.011 GC heap before
{Heap before GC invocations=1 (full 0):
 PSYoungGen      total 29696K, used 25600K [0x00000000d5580000, 0x00000000d7680000, 0x0000000100000000)
  eden space 25600K, 100% used [0x00000000d5580000,0x00000000d6e80000,0x00000000d6e80000)
  from space 4096K, 0% used [0x00000000d7280000,0x00000000d7280000,0x00000000d7680000)
  to   space 4096K, 0% used [0x00000000d6e80000,0x00000000d6e80000,0x00000000d7280000)
 ParOldGen       total 68608K, used 0K [0x0000000080000000, 0x0000000084300000, 0x00000000d5580000)
  object space 68608K, 0% used [0x0000000080000000,0x0000000080000000,0x0000000084300000)
 Metaspace       used 4353K, committed 4608K, reserved 1114112K
  class space    used 474K, committed 576K, reserved 1048576K
}
Event: 2.030 GC heap after
{Heap after GC invocations=1 (full 0):
 PSYoungGen      total 29696K, used 3303K [0x00000000d5580000, 0x00000000d7680000, 0x0000000100000000)
  eden space 25600K, 0% used [0x00000000d5580000,0x00000000d5580000,0x00000000d6e80000)
  from space 4096K, 80% used [0x00000000d6e80000,0x00000000d71b9e98,0x00000000d7280000)
  to   space 4096K, 0% used [0x00000000d7280000,0x00000000d7280000,0x00000000d7680000)
 ParOldGen       total 68608K, used 0K [0x0000000080000000, 0x0000000084300000, 0x00000000d5580000)
  object space 68608K, 0% used [0x0000000080000000,0x0000000080000000,0x0000000084300000)
 Metaspace       used 4353K, committed 4608K, reserved 1114112K
  class space    used 474K, committed 576K, reserved 1048576K
}
Event: 3.882 GC heap before
{Heap before GC invocations=2 (full 0):
 PSYoungGen      total 29696K, used 28903K [0x00000000d5580000, 0x00000000d7680000, 0x0000000100000000)
  eden space 25600K, 100% used [0x00000000d5580000,0x00000000d6e80000,0x00000000d6e80000)
  from space 4096K, 80% used [0x00000000d6e80000,0x00000000d71b9e98,0x00000000d7280000)
  to   space 4096K, 0% used [0x00000000d7280000,0x00000000d7280000,0x00000000d7680000)
 ParOldGen       total 68608K, used 0K [0x0000000080000000, 0x0000000084300000, 0x00000000d5580000)
  object space 68608K, 0% used [0x0000000080000000,0x0000000080000000,0x0000000084300000)
 Metaspace       used 8163K, committed 8512K, reserved 1114112K
  class space    used 869K, committed 1024K, reserved 1048576K
}
Event: 3.893 GC heap after
{Heap after GC invocations=2 (full 0):
 PSYoungGen      total 29696K, used 4086K [0x00000000d5580000, 0x00000000d7680000, 0x0000000100000000)
  eden space 25600K, 0% used [0x00000000d5580000,0x00000000d5580000,0x00000000d6e80000)
  from space 4096K, 99% used [0x00000000d7280000,0x00000000d767d810,0x00000000d7680000)
  to   space 4096K, 0% used [0x00000000d6e80000,0x00000000d6e80000,0x00000000d7280000)
 ParOldGen       total 68608K, used 1123K [0x0000000080000000, 0x0000000084300000, 0x00000000d5580000)
  object space 68608K, 1% used [0x0000000080000000,0x0000000080118ec8,0x0000000084300000)
 Metaspace       used 8163K, committed 8512K, reserved 1114112K
  class space    used 869K, committed 1024K, reserved 1048576K
}
Event: 5.937 GC heap before
{Heap before GC invocations=3 (full 0):
 PSYoungGen      total 29696K, used 29685K [0x00000000d5580000, 0x00000000d7680000, 0x0000000100000000)
  eden space 25600K, 99% used [0x00000000d5580000,0x00000000d6e7fdd8,0x00000000d6e80000)
  from space 4096K, 99% used [0x00000000d7280000,0x00000000d767d810,0x00000000d7680000)
  to   space 4096K, 0% used [0x00000000d6e80000,0x00000000d6e80000,0x00000000d7280000)
 ParOldGen       total 68608K, used 1123K [0x0000000080000000, 0x0000000084300000, 0x00000000d5580000)
  object space 68608K, 1% used [0x0000000080000000,0x0000000080118ec8,0x0000000084300000)
 Metaspace       used 13045K, committed 13632K, reserved 1114112K
  class space    used 1381K, committed 1664K, reserved 1048576K
}
Event: 5.947 GC heap after
{Heap after GC invocations=3 (full 0):
 PSYoungGen      total 29696K, used 4090K [0x00000000d5580000, 0x00000000d7680000, 0x0000000100000000)
  eden space 25600K, 0% used [0x00000000d5580000,0x00000000d5580000,0x00000000d6e80000)
  from space 4096K, 99% used [0x00000000d6e80000,0x00000000d727e9d8,0x00000000d7280000)
  to   space 4096K, 0% used [0x00000000d7280000,0x00000000d7280000,0x00000000d7680000)
 ParOldGen       total 68608K, used 2889K [0x0000000080000000, 0x0000000084300000, 0x00000000d5580000)
  object space 68608K, 4% used [0x0000000080000000,0x00000000802d2458,0x0000000084300000)
 Metaspace       used 13045K, committed 13632K, reserved 1114112K
  class space    used 1381K, committed 1664K, reserved 1048576K
}
Event: 7.784 GC heap before
{Heap before GC invocations=4 (full 0):
 PSYoungGen      total 29696K, used 29671K [0x00000000d5580000, 0x00000000d7680000, 0x0000000100000000)
  eden space 25600K, 99% used [0x00000000d5580000,0x00000000d6e7b5c0,0x00000000d6e80000)
  from space 4096K, 99% used [0x00000000d6e80000,0x00000000d727e9d8,0x00000000d7280000)
  to   space 4096K, 0% used [0x00000000d7280000,0x00000000d7280000,0x00000000d7680000)
 ParOldGen       total 68608K, used 2889K [0x0000000080000000, 0x0000000084300000, 0x00000000d5580000)
  object space 68608K, 4% used [0x0000000080000000,0x00000000802d2458,0x0000000084300000)
 Metaspace       used 17088K, committed 17728K, reserved 1114112K
  class space    used 1804K, committed 2112K, reserved 1048576K
}
Event: 7.792 GC heap after
{Heap after GC invocations=4 (full 0):
 PSYoungGen      total 29696K, used 4093K [0x00000000d5580000, 0x00000000d7680000, 0x0000000100000000)
  eden space 25600K, 0% used [0x00000000d5580000,0x00000000d5580000,0x00000000d6e80000)
  from space 4096K, 99% used [0x00000000d7280000,0x00000000d767f588,0x00000000d7680000)
  to   space 4096K, 0% used [0x00000000d6e80000,0x00000000d6e80000,0x00000000d7280000)
 ParOldGen       total 68608K, used 4557K [0x0000000080000000, 0x0000000084300000, 0x00000000d5580000)
  object space 68608K, 6% used [0x0000000080000000,0x00000000804736a8,0x0000000084300000)
 Metaspace       used 17088K, committed 17728K, reserved 1114112K
  class space    used 1804K, committed 2112K, reserved 1048576K
}

Dll operation events (10 events):
Event: 0.033 Loaded shared library c:\Users\aavi7\.antigravity\extensions\redhat.java-1.53.0-win32-x64\jre\21.0.10-win32-x86_64\bin\java.dll
Event: 0.191 Loaded shared library c:\Users\aavi7\.antigravity\extensions\redhat.java-1.53.0-win32-x64\jre\21.0.10-win32-x86_64\bin\zip.dll
Event: 0.271 Loaded shared library C:\Users\aavi7\.antigravity\extensions\redhat.java-1.53.0-win32-x64\jre\21.0.10-win32-x86_64\bin\instrument.dll
Event: 0.282 Loaded shared library C:\Users\aavi7\.antigravity\extensions\redhat.java-1.53.0-win32-x64\jre\21.0.10-win32-x86_64\bin\net.dll
Event: 0.287 Loaded shared library C:\Users\aavi7\.antigravity\extensions\redhat.java-1.53.0-win32-x64\jre\21.0.10-win32-x86_64\bin\nio.dll
Event: 0.295 Loaded shared library C:\Users\aavi7\.antigravity\extensions\redhat.java-1.53.0-win32-x64\jre\21.0.10-win32-x86_64\bin\zip.dll
Event: 0.347 Loaded shared library C:\Users\aavi7\.antigravity\extensions\redhat.java-1.53.0-win32-x64\jre\21.0.10-win32-x86_64\bin\jimage.dll
Event: 0.536 Loaded shared library c:\Users\aavi7\.antigravity\extensions\redhat.java-1.53.0-win32-x64\jre\21.0.10-win32-x86_64\bin\verify.dll
Event: 3.645 Loaded shared library C:\Users\aavi7\AppData\Roaming\Antigravity\User\globalStorage\redhat.java\1.53.0\config_ss_win\org.eclipse.equinox.launcher\org.eclipse.equinox.launcher.win32.win32.x86_64_1.3.0.v20260203-2149\eclipse_11919.dll
Event: 7.373 Loaded shared library C:\Users\aavi7\AppData\Local\Temp\jna-92587972\jna12462060308611815759.dll

Deoptimization events (20 events):
Event: 7.683 Thread 0x00000190e4a2bcf0 DEOPT PACKING pc=0x00000190d78e8fc0 sp=0x0000008fea9f7bf0
Event: 7.684 Thread 0x00000190e4a2bcf0 DEOPT UNPACKING pc=0x00000190d7293aa2 sp=0x0000008fea9f7b78 mode 2
Event: 7.714 Thread 0x00000190e4a2bcf0 Uncommon trap: trap_request=0xffffffde fr.pc=0x00000190d78d6394 relative=0x00000000000003b4
Event: 7.714 Thread 0x00000190e4a2bcf0 Uncommon trap: reason=class_check action=maybe_recompile pc=0x00000190d78d6394 method=java.util.regex.Pattern$BmpCharPropertyGreedy.match(Ljava/util/regex/Matcher;ILjava/lang/CharSequence;)Z @ 70 c2
Event: 7.714 Thread 0x00000190e4a2bcf0 DEOPT PACKING pc=0x00000190d78d6394 sp=0x0000008fea9ef360
Event: 7.714 Thread 0x00000190e4a2bcf0 DEOPT UNPACKING pc=0x00000190d7293aa2 sp=0x0000008fea9ef308 mode 2
Event: 7.714 Thread 0x00000190e4a2bcf0 Uncommon trap: trap_request=0xffffffde fr.pc=0x00000190d78d6394 relative=0x00000000000003b4
Event: 7.714 Thread 0x00000190e4a2bcf0 Uncommon trap: reason=class_check action=maybe_recompile pc=0x00000190d78d6394 method=java.util.regex.Pattern$BmpCharPropertyGreedy.match(Ljava/util/regex/Matcher;ILjava/lang/CharSequence;)Z @ 70 c2
Event: 7.714 Thread 0x00000190e4a2bcf0 DEOPT PACKING pc=0x00000190d78d6394 sp=0x0000008fea9ef1b0
Event: 7.714 Thread 0x00000190e4a2bcf0 DEOPT UNPACKING pc=0x00000190d7293aa2 sp=0x0000008fea9ef158 mode 2
Event: 7.715 Thread 0x00000190e4a2bcf0 Uncommon trap: trap_request=0xffffffde fr.pc=0x00000190d78d6394 relative=0x00000000000003b4
Event: 7.715 Thread 0x00000190e4a2bcf0 Uncommon trap: reason=class_check action=maybe_recompile pc=0x00000190d78d6394 method=java.util.regex.Pattern$BmpCharPropertyGreedy.match(Ljava/util/regex/Matcher;ILjava/lang/CharSequence;)Z @ 70 c2
Event: 7.715 Thread 0x00000190e4a2bcf0 DEOPT PACKING pc=0x00000190d78d6394 sp=0x0000008fea9ef370
Event: 7.715 Thread 0x00000190e4a2bcf0 DEOPT UNPACKING pc=0x00000190d7293aa2 sp=0x0000008fea9ef318 mode 2
Event: 7.715 Thread 0x00000190e4a2bcf0 Uncommon trap: trap_request=0xffffffde fr.pc=0x00000190d78d6394 relative=0x00000000000003b4
Event: 7.715 Thread 0x00000190e4a2bcf0 Uncommon trap: reason=class_check action=maybe_recompile pc=0x00000190d78d6394 method=java.util.regex.Pattern$BmpCharPropertyGreedy.match(Ljava/util/regex/Matcher;ILjava/lang/CharSequence;)Z @ 70 c2
Event: 7.715 Thread 0x00000190e4a2bcf0 DEOPT PACKING pc=0x00000190d78d6394 sp=0x0000008fea9ef1c0
Event: 7.715 Thread 0x00000190e4a2bcf0 DEOPT UNPACKING pc=0x00000190d7293aa2 sp=0x0000008fea9ef168 mode 2
Event: 7.838 Thread 0x00000190e4a2bcf0 DEOPT PACKING pc=0x00000190cfe4e039 sp=0x0000008fea9eeca0
Event: 7.838 Thread 0x00000190e4a2bcf0 DEOPT UNPACKING pc=0x00000190d7294242 sp=0x0000008fea9ee1a0 mode 0

Classes loaded (20 events):
Event: 7.741 Loading class java/util/zip/GZIPInputStream
Event: 7.742 Loading class java/util/zip/GZIPInputStream done
Event: 7.744 Loading class java/util/zip/GZIPOutputStream
Event: 7.745 Loading class java/util/zip/GZIPOutputStream done
Event: 7.749 Loading class java/net/SocketTimeoutException
Event: 7.750 Loading class java/io/InterruptedIOException
Event: 7.750 Loading class java/io/InterruptedIOException done
Event: 7.750 Loading class java/net/SocketTimeoutException done
Event: 7.750 Loading class java/net/SocketException
Event: 7.750 Loading class java/net/SocketException done
Event: 7.750 Loading class java/net/UnknownHostException
Event: 7.750 Loading class java/net/UnknownHostException done
Event: 7.750 Loading class java/net/ProtocolException
Event: 7.750 Loading class java/net/ProtocolException done
Event: 7.783 Loading class java/lang/ThreadLocal$SuppliedThreadLocal
Event: 7.783 Loading class java/lang/ThreadLocal$SuppliedThreadLocal done
Event: 7.800 Loading class java/io/FileWriter
Event: 7.800 Loading class java/io/FileWriter done
Event: 7.813 Loading class java/lang/NegativeArraySizeException
Event: 7.813 Loading class java/lang/NegativeArraySizeException done

Classes unloaded (0 events):
No events

Classes redefined (0 events):
No events

Internal exceptions (20 events):
Event: 7.417 Thread 0x00000190e4a2bcf0 Exception <a 'java/lang/NoSuchMethodError'{0x00000000d63f3408}: 'void java.lang.invoke.DirectMethodHandle$Holder.invokeSpecial(java.lang.Object, java.lang.Object, java.lang.Object, int)'> (0x00000000d63f3408) 
thrown [s\src\hotspot\share\interpreter\linkResolver.cpp, line 773]
Event: 7.418 Thread 0x00000190e4a2bcf0 Exception <a 'java/lang/NoSuchMethodError'{0x00000000d63f6d98}: 'void java.lang.invoke.DelegatingMethodHandle$Holder.reinvoke_L(java.lang.Object, java.lang.Object, int)'> (0x00000000d63f6d98) 
thrown [s\src\hotspot\share\interpreter\linkResolver.cpp, line 773]
Event: 7.421 Thread 0x00000190e4a2bcf0 Exception <a 'java/lang/NoSuchMethodError'{0x00000000d63fdcc0}: 'int java.lang.invoke.Invokers$Holder.invokeExact_MT(java.lang.Object, java.lang.Object, java.lang.Object)'> (0x00000000d63fdcc0) 
thrown [s\src\hotspot\share\interpreter\linkResolver.cpp, line 773]
Event: 7.462 Thread 0x00000190e4a2bcf0 Exception <a 'java/lang/NoSuchMethodError'{0x00000000d6510898}: 'void java.lang.invoke.Invokers$Holder.invokeExact_MT(java.lang.Object, java.lang.Object, int, java.lang.Object)'> (0x00000000d6510898) 
thrown [s\src\hotspot\share\interpreter\linkResolver.cpp, line 773]
Event: 7.511 Thread 0x00000190e4a2bcf0 Exception <a 'java/lang/NoSuchMethodError'{0x00000000d65fe2b0}: 'java.lang.Object java.lang.invoke.DirectMethodHandle$Holder.invokeSpecial(java.lang.Object, java.lang.Object, java.lang.Object, long, java.lang.Object)'> (0x00000000d65fe2b0) 
thrown [s\src\hotspot\share\interpreter\linkResolver.cpp, line 773]
Event: 7.513 Thread 0x00000190e4a2bcf0 Exception <a 'java/lang/NoSuchMethodError'{0x00000000d6605af8}: 'java.lang.Object java.lang.invoke.DirectMethodHandle$Holder.newInvokeSpecial(java.lang.Object, java.lang.Object, java.lang.Object, long)'> (0x00000000d6605af8) 
thrown [s\src\hotspot\share\interpreter\linkResolver.cpp, line 773]
Event: 7.514 Thread 0x00000190e4a2bcf0 Exception <a 'java/lang/NoSuchMethodError'{0x00000000d6609ea8}: 'java.lang.Object java.lang.invoke.DirectMethodHandle$Holder.invokeSpecial(java.lang.Object, java.lang.Object, java.lang.Object, java.lang.Object, long)'> (0x00000000d6609ea8) 
thrown [s\src\hotspot\share\interpreter\linkResolver.cpp, line 773]
Event: 7.514 Thread 0x00000190e4a2bcf0 Exception <a 'java/lang/NoSuchMethodError'{0x00000000d660dac8}: 'java.lang.Object java.lang.invoke.Invokers$Holder.linkToTargetMethod(java.lang.Object, java.lang.Object, long, java.lang.Object)'> (0x00000000d660dac8) 
thrown [s\src\hotspot\share\interpreter\linkResolver.cpp, line 773]
Event: 7.533 Thread 0x00000190e4a2bcf0 Exception <a 'java/lang/NoSuchMethodError'{0x00000000d66661c8}: 'int java.lang.invoke.DirectMethodHandle$Holder.invokeStaticInit(java.lang.Object, java.lang.Object, java.lang.Object)'> (0x00000000d66661c8) 
thrown [s\src\hotspot\share\interpreter\linkResolver.cpp, line 773]
Event: 7.556 Thread 0x00000190e4a2bcf0 Exception <a 'java/lang/IncompatibleClassChangeError'{0x00000000d670edb8}: Found class java.lang.Object, but interface was expected> (0x00000000d670edb8) 
thrown [s\src\hotspot\share\interpreter\linkResolver.cpp, line 840]
Event: 7.573 Thread 0x00000190e4a2bcf0 Exception <a 'java/lang/NoSuchMethodError'{0x00000000d672d888}: 'java.lang.Object java.lang.invoke.DirectMethodHandle$Holder.invokeSpecial(java.lang.Object, java.lang.Object, java.lang.Object, int, java.lang.Object, java.lang.Object)'> (0x00000000d672d888) 
thrown [s\src\hotspot\share\interpreter\linkResolver.cpp, line 773]
Event: 7.575 Thread 0x00000190e4a2bcf0 Exception <a 'java/lang/NoSuchMethodError'{0x00000000d6735360}: 'java.lang.Object java.lang.invoke.DirectMethodHandle$Holder.newInvokeSpecial(java.lang.Object, java.lang.Object, java.lang.Object, int, java.lang.Object)'> (0x00000000d6735360) 
thrown [s\src\hotspot\share\interpreter\linkResolver.cpp, line 773]
Event: 7.576 Thread 0x00000190e4a2bcf0 Exception <a 'java/lang/NoSuchMethodError'{0x00000000d6739538}: 'java.lang.Object java.lang.invoke.DirectMethodHandle$Holder.invokeSpecial(java.lang.Object, java.lang.Object, java.lang.Object, java.lang.Object, int, java.lang.Object)'> (0x00000000d6739538) 
thrown [s\src\hotspot\share\interpreter\linkResolver.cpp, line 773]
Event: 7.576 Thread 0x00000190e4a2bcf0 Exception <a 'java/lang/NoSuchMethodError'{0x00000000d673d078}: 'java.lang.Object java.lang.invoke.Invokers$Holder.linkToTargetMethod(java.lang.Object, java.lang.Object, int, java.lang.Object, java.lang.Object)'> (0x00000000d673d078) 
thrown [s\src\hotspot\share\interpreter\linkResolver.cpp, line 773]
Event: 7.577 Thread 0x00000190e49302b0 Exception <a 'java/lang/NoSuchMethodError'{0x00000000d6667b30}: 'java.lang.Object java.lang.invoke.DirectMethodHandle$Holder.invokeSpecial(java.lang.Object, java.lang.Object, int, java.lang.Object, java.lang.Object)'> (0x00000000d6667b30) 
thrown [s\src\hotspot\share\interpreter\linkResolver.cpp, line 773]
Event: 7.578 Thread 0x00000190e49302b0 Exception <a 'java/lang/NoSuchMethodError'{0x00000000d666e868}: 'java.lang.Object java.lang.invoke.DirectMethodHandle$Holder.newInvokeSpecial(java.lang.Object, java.lang.Object, int, java.lang.Object)'> (0x00000000d666e868) 
thrown [s\src\hotspot\share\interpreter\linkResolver.cpp, line 773]
Event: 7.579 Thread 0x00000190e49302b0 Exception <a 'java/lang/NoSuchMethodError'{0x00000000d6672148}: 'java.lang.Object java.lang.invoke.DirectMethodHandle$Holder.invokeSpecial(java.lang.Object, java.lang.Object, java.lang.Object, int, java.lang.Object)'> (0x00000000d6672148) 
thrown [s\src\hotspot\share\interpreter\linkResolver.cpp, line 773]
Event: 7.622 Thread 0x00000190e4a2bcf0 Exception <a 'java/lang/NoSuchMethodError'{0x00000000d685bde8}: 'void java.lang.invoke.DirectMethodHandle$Holder.invokeSpecial(java.lang.Object, java.lang.Object, java.lang.Object, java.lang.Object, java.lang.Object)'> (0x00000000d685bde8) 
thrown [s\src\hotspot\share\interpreter\linkResolver.cpp, line 773]
Event: 7.683 Thread 0x00000190e4a2bcf0 Exception <a 'java/lang/NoSuchMethodError'{0x00000000d6a7a038}: 'double java.lang.invoke.DirectMethodHandle$Holder.invokeStatic(java.lang.Object, java.lang.Object)'> (0x00000000d6a7a038) 
thrown [s\src\hotspot\share\interpreter\linkResolver.cpp, line 773]
Event: 7.684 Thread 0x00000190e4a2bcf0 Exception <a 'java/lang/NoSuchMethodError'{0x00000000d6a7d6f8}: 'double java.lang.invoke.DirectMethodHandle$Holder.invokeStaticInit(java.lang.Object, java.lang.Object)'> (0x00000000d6a7d6f8) 
thrown [s\src\hotspot\share\interpreter\linkResolver.cpp, line 773]

ZGC Phase Switch (0 events):
No events

VM Operations (20 events):
Event: 5.401 Executing non-safepoint VM operation: HandshakeAllThreads (Deoptimize)
Event: 5.401 Executing non-safepoint VM operation: HandshakeAllThreads (Deoptimize) done
Event: 5.401 Executing safepoint VM operation: Cleanup
Event: 5.401 Executing safepoint VM operation: Cleanup done
Event: 5.937 Executing safepoint VM operation: ParallelGCFailedAllocation (Allocation Failure)
Event: 5.947 Executing safepoint VM operation: ParallelGCFailedAllocation (Allocation Failure) done
Event: 6.164 Executing non-safepoint VM operation: HandshakeAllThreads (Deoptimize)
Event: 6.165 Executing non-safepoint VM operation: HandshakeAllThreads (Deoptimize) done
Event: 6.174 Executing non-safepoint VM operation: HandshakeAllThreads (Deoptimize)
Event: 6.174 Executing non-safepoint VM operation: HandshakeAllThreads (Deoptimize) done
Event: 6.245 Executing non-safepoint VM operation: HandshakeAllThreads (Deoptimize)
Event: 6.245 Executing non-safepoint VM operation: HandshakeAllThreads (Deoptimize) done
Event: 7.259 Executing safepoint VM operation: Cleanup
Event: 7.259 Executing safepoint VM operation: Cleanup done
Event: 7.393 Executing non-safepoint VM operation: HandshakeAllThreads (Deoptimize)
Event: 7.393 Executing non-safepoint VM operation: HandshakeAllThreads (Deoptimize) done
Event: 7.783 Executing safepoint VM operation: ParallelGCFailedAllocation (Allocation Failure)
Event: 7.792 Executing safepoint VM operation: ParallelGCFailedAllocation (Allocation Failure) done
Event: 8.793 Executing safepoint VM operation: Cleanup
Event: 8.793 Executing safepoint VM operation: Cleanup done

Memory protections (0 events):
No events

Nmethod flushes (0 events):
No events

Events (20 events):
Event: 0.099 Thread 0x00000190ccb0e3a0 Thread added: 0x00000190ccbbbe10
Event: 0.100 Thread 0x00000190ccb0e3a0 Thread added: 0x00000190ccbc49f0
Event: 0.100 Thread 0x00000190ccb0e3a0 Thread added: 0x00000190ccbc6850
Event: 0.100 Thread 0x00000190ccb0e3a0 Thread added: 0x00000190e4821f90
Event: 0.276 Thread 0x00000190ccb0e3a0 Thread added: 0x00000190e4a2c380
Event: 0.524 Thread 0x00000190e4821f90 Thread added: 0x00000190e4aa3210
Event: 0.793 Thread 0x00000190ccb0e3a0 Thread added: 0x00000190e4a2b660
Event: 2.077 Thread 0x00000190e4aa3210 Thread exited: 0x00000190e4aa3210
Event: 2.490 Thread 0x00000190e4821f90 Thread added: 0x00000190e5c03890
Event: 3.012 Thread 0x00000190ccb0e3a0 Thread added: 0x00000190e4a28f00
Event: 3.610 Thread 0x00000190ccb0e3a0 Thread added: 0x00000190e4a29590
Event: 3.629 Thread 0x00000190ccb0e3a0 Thread added: 0x00000190e4a2bcf0
Event: 3.724 Thread 0x00000190e5c03890 Thread exited: 0x00000190e5c03890
Event: 4.400 Thread 0x00000190e4a2bcf0 Thread added: 0x00000190e4a2a940
Event: 5.513 Thread 0x00000190e4a2bcf0 Thread added: 0x00000190e4a2a2b0
Event: 7.435 Thread 0x00000190e4a2bcf0 Thread added: 0x00000190e4a2afd0
Event: 7.523 Thread 0x00000190e4a2bcf0 Thread added: 0x00000190e49302b0
Event: 7.579 Thread 0x00000190e4a2bcf0 Thread added: 0x00000190e4930940
Event: 7.760 Thread 0x00000190e49302b0 Thread added: 0x00000190e4931660
Event: 8.974 Thread 0x00000190e4821f90 Thread added: 0x00000190e491e6e0


Dynamic libraries:
0x00007ff63eea0000 - 0x00007ff63eeae000 	c:\Users\aavi7\.antigravity\extensions\redhat.java-1.53.0-win32-x64\jre\21.0.10-win32-x86_64\bin\java.exe
0x00007ffff7da0000 - 0x00007ffff8007000 	C:\WINDOWS\SYSTEM32\ntdll.dll
0x00007ffff67c0000 - 0x00007ffff6889000 	C:\WINDOWS\System32\KERNEL32.DLL
0x00007ffff4940000 - 0x00007ffff4d31000 	C:\WINDOWS\System32\KERNELBASE.dll
0x00007ffff57c0000 - 0x00007ffff590b000 	C:\WINDOWS\System32\ucrtbase.dll
0x00007fffceeb0000 - 0x00007fffceec8000 	c:\Users\aavi7\.antigravity\extensions\redhat.java-1.53.0-win32-x64\jre\21.0.10-win32-x86_64\bin\jli.dll
0x00007fffcee90000 - 0x00007fffceeae000 	c:\Users\aavi7\.antigravity\extensions\redhat.java-1.53.0-win32-x64\jre\21.0.10-win32-x86_64\bin\VCRUNTIME140.dll
0x00007ffff5e30000 - 0x00007ffff5ff5000 	C:\WINDOWS\System32\USER32.dll
0x00007fffe33e0000 - 0x00007fffe3673000 	C:\WINDOWS\WinSxS\amd64_microsoft.windows.common-controls_6595b64144ccf1df_6.0.26100.8037_none_3e092faae333b53b\COMCTL32.dll
0x00007ffff7b90000 - 0x00007ffff7c39000 	C:\WINDOWS\System32\msvcrt.dll
0x00007ffff4e70000 - 0x00007ffff4e97000 	C:\WINDOWS\System32\win32u.dll
0x00007ffff6cd0000 - 0x00007ffff6cfb000 	C:\WINDOWS\System32\GDI32.dll
0x00007ffff4d40000 - 0x00007ffff4e6b000 	C:\WINDOWS\System32\gdi32full.dll
0x00007ffff4ea0000 - 0x00007ffff4f43000 	C:\WINDOWS\System32\msvcp_win.dll
0x00007ffff6700000 - 0x00007ffff6731000 	C:\WINDOWS\System32\IMM32.DLL
0x00007fffdb2f0000 - 0x00007fffdb2fc000 	c:\Users\aavi7\.antigravity\extensions\redhat.java-1.53.0-win32-x64\jre\21.0.10-win32-x86_64\bin\vcruntime140_1.dll
0x00007fffc7530000 - 0x00007fffc75bd000 	c:\Users\aavi7\.antigravity\extensions\redhat.java-1.53.0-win32-x64\jre\21.0.10-win32-x86_64\bin\msvcp140.dll
0x00007fff08940000 - 0x00007fff096e1000 	c:\Users\aavi7\.antigravity\extensions\redhat.java-1.53.0-win32-x64\jre\21.0.10-win32-x86_64\bin\server\jvm.dll
0x00007ffff5c50000 - 0x00007ffff5d0b000 	C:\WINDOWS\System32\ADVAPI32.dll
0x00007ffff5b40000 - 0x00007ffff5be7000 	C:\WINDOWS\System32\sechost.dll
0x00007ffff5d10000 - 0x00007ffff5e28000 	C:\WINDOWS\System32\RPCRT4.dll
0x00007ffff6740000 - 0x00007ffff67b4000 	C:\WINDOWS\System32\WS2_32.dll
0x00007ffff44e0000 - 0x00007ffff453e000 	C:\WINDOWS\SYSTEM32\POWRPROF.dll
0x00007fffeda10000 - 0x00007fffeda45000 	C:\WINDOWS\SYSTEM32\WINMM.dll
0x00007fffee790000 - 0x00007fffee79b000 	C:\WINDOWS\SYSTEM32\VERSION.dll
0x00007ffff44c0000 - 0x00007ffff44d4000 	C:\WINDOWS\SYSTEM32\UMPDC.dll
0x00007ffff3410000 - 0x00007ffff342b000 	C:\WINDOWS\SYSTEM32\kernel.appcore.dll
0x00007fffcee80000 - 0x00007fffcee8a000 	c:\Users\aavi7\.antigravity\extensions\redhat.java-1.53.0-win32-x64\jre\21.0.10-win32-x86_64\bin\jimage.dll
0x00007ffff26c0000 - 0x00007ffff2902000 	C:\WINDOWS\SYSTEM32\DBGHELP.DLL
0x00007ffff7800000 - 0x00007ffff7b82000 	C:\WINDOWS\System32\combase.dll
0x00007ffff6620000 - 0x00007ffff66f7000 	C:\WINDOWS\System32\OLEAUT32.dll
0x00007fffe3690000 - 0x00007fffe36cb000 	C:\WINDOWS\SYSTEM32\dbgcore.DLL
0x00007ffff5910000 - 0x00007ffff59b5000 	C:\WINDOWS\System32\bcryptPrimitives.dll
0x00007fffcee50000 - 0x00007fffcee5f000 	c:\Users\aavi7\.antigravity\extensions\redhat.java-1.53.0-win32-x64\jre\21.0.10-win32-x86_64\bin\instrument.dll
0x00007fffcee20000 - 0x00007fffcee40000 	c:\Users\aavi7\.antigravity\extensions\redhat.java-1.53.0-win32-x64\jre\21.0.10-win32-x86_64\bin\java.dll
0x00007ffff6ff0000 - 0x00007ffff774f000 	C:\WINDOWS\System32\SHELL32.dll
0x00007ffff47d0000 - 0x00007ffff493a000 	C:\WINDOWS\System32\wintypes.dll
0x00007ffff4f50000 - 0x00007ffff57b4000 	C:\WINDOWS\System32\windows.storage.dll
0x00007ffff6d00000 - 0x00007ffff6df7000 	C:\WINDOWS\System32\SHCORE.dll
0x00007ffff6010000 - 0x00007ffff6077000 	C:\WINDOWS\System32\shlwapi.dll
0x00007ffff45a0000 - 0x00007ffff45c9000 	C:\WINDOWS\SYSTEM32\profapi.dll
0x00007fffcee60000 - 0x00007fffcee78000 	c:\Users\aavi7\.antigravity\extensions\redhat.java-1.53.0-win32-x64\jre\21.0.10-win32-x86_64\bin\zip.dll
0x00007fffced50000 - 0x00007fffced60000 	C:\Users\aavi7\.antigravity\extensions\redhat.java-1.53.0-win32-x64\jre\21.0.10-win32-x86_64\bin\net.dll
0x00007fffed710000 - 0x00007fffed837000 	C:\WINDOWS\SYSTEM32\WINHTTP.dll
0x00007ffff3980000 - 0x00007ffff39eb000 	C:\WINDOWS\system32\mswsock.dll
0x00007fffc9f70000 - 0x00007fffc9f86000 	C:\Users\aavi7\.antigravity\extensions\redhat.java-1.53.0-win32-x64\jre\21.0.10-win32-x86_64\bin\nio.dll
0x00007fffcee40000 - 0x00007fffcee50000 	c:\Users\aavi7\.antigravity\extensions\redhat.java-1.53.0-win32-x64\jre\21.0.10-win32-x86_64\bin\verify.dll
0x00007fffc7240000 - 0x00007fffc7285000 	C:\Users\aavi7\AppData\Roaming\Antigravity\User\globalStorage\redhat.java\1.53.0\config_ss_win\org.eclipse.equinox.launcher\org.eclipse.equinox.launcher.win32.win32.x86_64_1.3.0.v20260203-2149\eclipse_11919.dll
0x00007ffff6890000 - 0x00007ffff6a25000 	C:\WINDOWS\System32\ole32.dll
0x00007ffff3c70000 - 0x00007ffff3c8b000 	C:\WINDOWS\SYSTEM32\CRYPTSP.dll
0x00007ffff3370000 - 0x00007ffff33a9000 	C:\WINDOWS\system32\rsaenh.dll
0x00007ffff3a30000 - 0x00007ffff3a62000 	C:\WINDOWS\SYSTEM32\USERENV.dll
0x00007ffff4570000 - 0x00007ffff459a000 	C:\WINDOWS\SYSTEM32\bcrypt.dll
0x00007ffff3c60000 - 0x00007ffff3c6c000 	C:\WINDOWS\SYSTEM32\CRYPTBASE.dll
0x00007ffff2de0000 - 0x00007ffff2e13000 	C:\WINDOWS\SYSTEM32\IPHLPAPI.DLL
0x00007ffff7760000 - 0x00007ffff776a000 	C:\WINDOWS\System32\NSI.dll
0x00007fff8cbc0000 - 0x00007fff8cc09000 	C:\Users\aavi7\AppData\Local\Temp\jna-92587972\jna12462060308611815759.dll
0x00007ffff6c40000 - 0x00007ffff6c48000 	C:\WINDOWS\System32\PSAPI.DLL

JVMTI agents:
c:\Users\aavi7\.antigravity\extensions\redhat.java-1.53.0-win32-x64\lombok\lombok-1.18.39-4050.jar path:c:\Users\aavi7\.antigravity\extensions\redhat.java-1.53.0-win32-x64\jre\21.0.10-win32-x86_64\bin\instrument.dll, loaded, initialized, instrumentlib options:none

dbghelp: loaded successfully - version: 4.0.5 - missing functions: none
symbol engine: initialized successfully - sym options: 0x614 - pdb path: .;c:\Users\aavi7\.antigravity\extensions\redhat.java-1.53.0-win32-x64\jre\21.0.10-win32-x86_64\bin;C:\WINDOWS\SYSTEM32;C:\WINDOWS\WinSxS\amd64_microsoft.windows.common-controls_6595b64144ccf1df_6.0.26100.8037_none_3e092faae333b53b;c:\Users\aavi7\.antigravity\extensions\redhat.java-1.53.0-win32-x64\jre\21.0.10-win32-x86_64\bin\server;C:\Users\aavi7\AppData\Roaming\Antigravity\User\globalStorage\redhat.java\1.53.0\config_ss_win\org.eclipse.equinox.launcher\org.eclipse.equinox.launcher.win32.win32.x86_64_1.3.0.v20260203-2149;C:\Users\aavi7\AppData\Local\Temp\jna-92587972

VM Arguments:
jvm_args: --add-modules=ALL-SYSTEM --add-opens=java.base/java.util=ALL-UNNAMED --add-opens=java.base/java.lang=ALL-UNNAMED --add-opens=java.base/sun.nio.fs=ALL-UNNAMED -Declipse.application=org.eclipse.jdt.ls.core.id1 -Dosgi.bundles.defaultStartLevel=4 -Declipse.product=org.eclipse.jdt.ls.core.product -Djava.import.generatesMetadataFilesAtProjectRoot=false -DDetectVMInstallationsJob.disabled=true -Dfile.encoding=utf8 -XX:+UseParallelGC -XX:GCTimeRatio=4 -XX:AdaptiveSizePolicyWeight=90 -Dsun.zip.disableMemoryMapping=true -Xmx2G -Xms100m -Xlog:disable -javaagent:c:\Users\aavi7\.antigravity\extensions\redhat.java-1.53.0-win32-x64\lombok\lombok-1.18.39-4050.jar 
java_command: c:\Users\aavi7\.antigravity\extensions\redhat.java-1.53.0-win32-x64\server\plugins\org.eclipse.equinox.launcher_1.7.100.v20251111-0406.jar -configuration c:\Users\aavi7\AppData\Roaming\Antigravity\User\globalStorage\redhat.java\1.53.0\config_ss_win -data c:\Users\aavi7\AppData\Roaming\Antigravity\User\workspaceStorage\63219e325d96d6721d783aea94bb91f9\redhat.java\ss_ws --pipe=\\.\pipe\lsp-9968d404a628b1d570a3fcc82ff67ccd-sock
java_class_path (initial): c:\Users\aavi7\.antigravity\extensions\redhat.java-1.53.0-win32-x64\server\plugins\org.eclipse.equinox.launcher_1.7.100.v20251111-0406.jar
Launcher Type: SUN_STANDARD

[Global flags]
    uintx AdaptiveSizePolicyWeight                 = 90                                        {product} {command line}
     intx CICompilerCount                          = 4                                         {product} {ergonomic}
    uintx GCTimeRatio                              = 4                                         {product} {command line}
   size_t InitialHeapSize                          = 104857600                                 {product} {command line}
   size_t MaxHeapSize                              = 2147483648                                {product} {command line}
   size_t MaxNewSize                               = 715653120                                 {product} {ergonomic}
   size_t MinHeapDeltaBytes                        = 524288                                    {product} {ergonomic}
   size_t MinHeapSize                              = 104857600                                 {product} {command line}
   size_t NewSize                                  = 34603008                                  {product} {ergonomic}
    uintx NonNMethodCodeHeapSize                   = 5839372                                {pd product} {ergonomic}
    uintx NonProfiledCodeHeapSize                  = 122909434                              {pd product} {ergonomic}
   size_t OldSize                                  = 70254592                                  {product} {ergonomic}
    uintx ProfiledCodeHeapSize                     = 122909434                              {pd product} {ergonomic}
    uintx ReservedCodeCacheSize                    = 251658240                              {pd product} {ergonomic}
     bool SegmentedCodeCache                       = true                                      {product} {ergonomic}
   size_t SoftMaxHeapSize                          = 2147483648                             {manageable} {ergonomic}
     bool UseCompressedOops                        = true                           {product lp64_product} {ergonomic}
     bool UseLargePagesIndividualAllocation        = false                                  {pd product} {ergonomic}
     bool UseParallelGC                            = true                                      {product} {command line}

Logging:
Log output configuration:
 #0: stdout all=off uptime,level,tags foldmultilines=false
 #1: stderr all=off uptime,level,tags foldmultilines=false

Release file:
JAVA_VERSION="21.0.10" 
MODULES="java.base java.compiler java.datatransfer java.xml java.prefs java.desktop java.instrument java.logging java.management java.security.sasl java.naming java.rmi java.management.rmi java.net.http java.scripting java.security.jgss java.transaction.xa java.sql java.sql.rowset java.xml.crypto java.se java.smartcardio jdk.accessibility jdk.internal.jvmstat jdk.attach jdk.charsets jdk.internal.opt jdk.zipfs jdk.compiler jdk.crypto.ec jdk.crypto.cryptoki jdk.crypto.mscapi jdk.dynalink jdk.internal.ed jdk.editpad jdk.hotspot.agent jdk.httpserver jdk.internal.le jdk.internal.vm.ci jdk.internal.vm.compiler jdk.internal.vm.compiler.management jdk.jartool jdk.javadoc jdk.jcmd jdk.management jdk.management.agent jdk.jconsole jdk.jdeps jdk.jdwp.agent jdk.jdi jdk.jfr jdk.jshell jdk.jsobject jdk.jstatd jdk.localedata jdk.management.jfr jdk.naming.dns jdk.naming.rmi jdk.net jdk.nio.mapmode jdk.random jdk.sctp jdk.security.auth jdk.security.jgss jdk.unsupported jdk.unsupported.desktop jdk.xml.dom" 

Environment Variables:
JAVA_HOME=C:\Program Files\Java\jdk-17
PATH=C:\Ruby34-x64\bin;C:\Program Files\Java\jdk-17\bin;C:\oraclexe\app\oracle\product\10.2.0\server\bin;C:\WINDOWS\system32;C:\WINDOWS;C:\WINDOWS\System32\Wbem;C:\WINDOWS\System32\WindowsPowerShell\v1.0\;C:\WINDOWS\System32\OpenSSH\;C:\Program Files (x86)\Microsoft SQL Server\160\Tools\Binn\;C:\Program Files\Microsoft SQL Server\160\Tools\Binn\;C:\Program Files\Microsoft SQL Server\Client SDK\ODBC\170\Tools\Binn\;C:\Program Files\Microsoft SQL Server\160\DTS\Binn\;C:\Program Files\MongoDB\mongosh-2.2.6-win32-x64\bin;C:\Program Files\MongoDB\Server\7.0\bin\mongod.cfg;C:\Program Files\Git\cmd;C:\Program Files\MongoDB\Server\8.0\bin;C:\src\flutter\bin;C:\Users\aavi7\AppData\Local\nvm;C:\nvm4w\nodejs;C:\Users\aavi7\AppData\Local\Android\Sdk\platform-tools;C:\Ruby34-x64\bin;C:\Program Files\Java\jdk-17\bin;C:\oraclexe\app\oracle\product\10.2.0\server\bin;C:\WINDOWS\system32;C:\WINDOWS;C:\WINDOWS\System32\Wbem;C:\WINDOWS\System32\WindowsPowerShell\v1.0\;C:\WINDOWS\System32\OpenSSH\;C:\Program Files (x86)\Microsoft SQL Server\160\Tools\Binn\;C:\Program Files\Microsoft SQL Server\160\Tools\Binn\;C:\Program Files\Microsoft SQL Server\Client SDK\ODBC\170\Tools\Binn\;C:\Program Files\Microsoft SQL Server\160\DTS\Binn\;C:\Program Files\MongoDB\mongosh-2.2.6-win32-x64\bin;C:\Program Files\MongoDB\Server\7.0\bin\mongod.cfg;C:\Program Files\Git\cmd;C:\Program Files\MongoDB\Server\8.0\bin;C:\src\flutter\bin;C:\Users\aavi7\AppData\Local\nvm;C:\nvm4w\nodejs;C:\Users\aavi7\AppData\Local\Android\Sdk\platform-tools;;C:\Users\aavi7\AppData\Local\Pub\Cache\bin;C:\Users\aavi7\AppData\Local\Pub\Cache\bin;C:\Users\aavi7\AppData\Roaming\npm\node_modules\firebase-tools\lib\bin;C:\Users\aavi7\AppData\Roaming\npm\node_modules\firebase-tools\node_modules\.bin;C:\Users\aavi7\AppData\Local\nvm;C:\nvm4w\nodejs;C:\Users\aavi7\AppData\Local\nvm;C:\Users\aavi7\AppData\Local\Programs\Antigravity\bin;C:\Users\aavi7\AppData\Local\Android\Sdk\platform-tools;
USERNAME=aavi7
OS=Windows_NT
PROCESSOR_IDENTIFIER=AMD64 Family 23 Model 104 Stepping 1, AuthenticAMD
TMP=C:\Users\aavi7\AppData\Local\Temp
TEMP=C:\Users\aavi7\AppData\Local\Temp




Periodic native trim disabled

---------------  S Y S T E M  ---------------

OS:
 Windows 11 , 64 bit Build 26100 (10.0.26100.7920)
OS uptime: 0 days 19:05 hours
Hyper-V role detected

CPU: total 12 (initial active 12) (12 cores per cpu, 2 threads per core) family 23 model 104 stepping 1 microcode 0x8608109, cx8, cmov, fxsr, ht, mmx, 3dnowpref, sse, sse2, sse3, ssse3, sse4a, sse4.1, sse4.2, popcnt, lzcnt, tsc, tscinvbit, avx, avx2, aes, clmul, bmi1, bmi2, adx, sha, fma, vzeroupper, clflush, clflushopt, hv, rdtscp, rdpid, f16c
Processor Information for the first 12 processors :
  Max Mhz: 2100, Current Mhz: 1700, Mhz Limit: 2100

Memory: 4k page, system-wide physical 5989M (537M free)
TotalPageFile size 24421M (AvailPageFile size 28M)
current process WorkingSet (physical memory assigned to process): 122M, peak: 126M
current process commit charge ("private bytes"): 275M, peak: 275M

vm_info: OpenJDK 64-Bit Server VM (21.0.10+7-LTS) for windows-amd64 JRE (21.0.10+7-LTS), built on 2026-01-20T00:00:00Z by "admin" with MS VC++ 17.12 (VS2022)

END.
