#
# There is insufficient memory for the Java Runtime Environment to continue.
# Native memory allocation (mmap) failed to map 36700160 bytes for G1 virtual space
# Possible reasons:
#   The system is out of physical RAM or swap space
#   The process is running with CompressedOops enabled, and the Java Heap may be blocking the growth of the native heap
# Possible solutions:
#   Reduce memory load on the system
#   Increase physical memory or swap space
#   Check if swap backing store is full
#   Decrease Java heap size (-Xmx/-Xms)
#   Decrease number of Java threads
#   Decrease Java thread stack sizes (-Xss)
#   Set larger code cache with -XX:ReservedCodeCacheSize=
#   JVM is running with Unscaled Compressed Oops mode in which the Java heap is
#     placed in the first 4GB address space. The Java Heap base address is the
#     maximum limit for the native heap growth. Please use -XX:HeapBaseMinAddress
#     to set the Java Heap base and to place the Java Heap above 4GB virtual address.
# This output file may be truncated or incomplete.
#
#  Out of Memory Error (os_windows.cpp:3551), pid=20820, tid=23296
#
# JRE version: Java(TM) SE Runtime Environment (17.0.17+8) (build 17.0.17+8-LTS-360)
# Java VM: Java HotSpot(TM) 64-Bit Server VM (17.0.17+8-LTS-360, mixed mode, sharing, tiered, compressed oops, compressed class ptrs, g1 gc, windows-amd64)
# No core dump will be written. Minidumps are not enabled by default on client versions of Windows
#

---------------  S U M M A R Y ------------

Command Line: --add-opens=java.base/java.lang=ALL-UNNAMED --add-opens=java.base/java.lang.invoke=ALL-UNNAMED --add-opens=java.base/java.util=ALL-UNNAMED --add-opens=java.prefs/java.util.prefs=ALL-UNNAMED --add-exports=jdk.compiler/com.sun.tools.javac.api=ALL-UNNAMED --add-exports=jdk.compiler/com.sun.tools.javac.util=ALL-UNNAMED --add-opens=java.base/java.util=ALL-UNNAMED --add-opens=java.prefs/java.util.prefs=ALL-UNNAMED --add-opens=java.base/java.nio.charset=ALL-UNNAMED --add-opens=java.base/java.net=ALL-UNNAMED --add-opens=java.base/java.util.concurrent.atomic=ALL-UNNAMED --add-opens=java.xml/javax.xml.namespace=ALL-UNNAMED -XX:MaxMetaspaceSize=512m -XX:ReservedCodeCacheSize=256m -XX:+HeapDumpOnOutOfMemoryError -Xmx1024m -Dfile.encoding=UTF-8 -Duser.country=IN -Duser.language=en -Duser.variant -javaagent:C:\Users\aavi7\.gradle\wrapper\dists\gradle-8.14-all\c2qonpi39x1mddn7hk5gh9iqj\gradle-8.14\lib\agents\gradle-instrumentation-agent-8.14.jar org.gradle.launcher.daemon.bootstrap.GradleDaemon 8.14

Host: AMD Ryzen 5 5500U with Radeon Graphics         , 12 cores, 5G,  Windows 11 , 64 bit Build 26100 (10.0.26100.7920)
Time: Fri Apr  3 11:47:00 2026 India Standard Time elapsed time: 44.378486 seconds (0d 0h 0m 44s)

---------------  T H R E A D  ---------------

Current thread (0x000001d95ffa87d0):  VMThread "VM Thread" [stack: 0x000000afab900000,0x000000afaba00000] [id=23296]

Stack: [0x000000afab900000,0x000000afaba00000]
Native frames: (J=compiled Java code, j=interpreted, Vv=VM code, C=native code)
V  [jvm.dll+0x67a0ea]
V  [jvm.dll+0x7da56d]
V  [jvm.dll+0x7dbeb3]
V  [jvm.dll+0x7dc523]
V  [jvm.dll+0x2453af]
V  [jvm.dll+0x677119]
V  [jvm.dll+0x66bda2]
V  [jvm.dll+0x3022a6]
V  [jvm.dll+0x309846]
V  [jvm.dll+0x35a25e]
V  [jvm.dll+0x35a48f]
V  [jvm.dll+0x2d9378]
V  [jvm.dll+0x2dc3e6]
V  [jvm.dll+0x2e6aeb]
V  [jvm.dll+0x31ab70]
V  [jvm.dll+0x7e0e1b]
V  [jvm.dll+0x7e1b54]
V  [jvm.dll+0x7e206d]
V  [jvm.dll+0x7e2444]
V  [jvm.dll+0x7e2510]
V  [jvm.dll+0x78af4a]
V  [jvm.dll+0x678fd5]
C  [ucrtbase.dll+0x37b0]
C  [KERNEL32.DLL+0x2e8d7]
C  [ntdll.dll+0x8c48c]

VM_Operation (0x000000afab5ff9f0): G1Concurrent, mode: safepoint, requested by thread 0x000001d94105eb20


---------------  P R O C E S S  ---------------

Threads class SMR info:
_java_thread_list=0x000001d960c8bf70, length=51, elements={
0x000001d9410174f0, 0x000001d95ffac990, 0x000001d95ffadfc0, 0x000001d95ffd7f90,
0x000001d95ffd8850, 0x000001d95ffd9c80, 0x000001d95ffdb0b0, 0x000001d95ffdd430,
0x000001d95ffde950, 0x000001d95ffea760, 0x000001d95ff99900, 0x000001d96030cf30,
0x000001d900e6ef40, 0x000001d900cf75c0, 0x000001d90057e5e0, 0x000001d960d0bb60,
0x000001d96085d240, 0x000001d96045f950, 0x000001d9604a8f70, 0x000001d9604a9850,
0x000001d960983e50, 0x000001d960982fe0, 0x000001d960984320, 0x000001d9609847f0,
0x000001d960984cc0, 0x000001d9609834b0, 0x000001d960985190, 0x000001d960983980,
0x000001d960986000, 0x000001d960985b30, 0x000001d960985660, 0x000001d902f2d0f0,
0x000001d902f2b410, 0x000001d902f2c750, 0x000001d902f2b8e0, 0x000001d902f2cc20,
0x000001d902f2bdb0, 0x000001d902f2e900, 0x000001d902f2c280, 0x000001d902f2af40,
0x000001d902f30ab0, 0x000001d902f30f80, 0x000001d902f2f2a0, 0x000001d902f305e0,
0x000001d902f31920, 0x000001d902f322c0, 0x000001d902f2fc40, 0x000001d902f32790,
0x000001d902f30110, 0x000001d903ec7ed0, 0x000001d960858d00
}

Java Threads: ( => current thread )
  0x000001d9410174f0 JavaThread "main" [_thread_blocked, id=8944, stack(0x000000afab300000,0x000000afab400000)]
  0x000001d95ffac990 JavaThread "Reference Handler" daemon [_thread_blocked, id=24984, stack(0x000000afaba00000,0x000000afabb00000)]
  0x000001d95ffadfc0 JavaThread "Finalizer" daemon [_thread_blocked, id=19036, stack(0x000000afabb00000,0x000000afabc00000)]
  0x000001d95ffd7f90 JavaThread "Signal Dispatcher" daemon [_thread_blocked, id=25172, stack(0x000000afabc00000,0x000000afabd00000)]
  0x000001d95ffd8850 JavaThread "Attach Listener" daemon [_thread_blocked, id=15096, stack(0x000000afabd00000,0x000000afabe00000)]
  0x000001d95ffd9c80 JavaThread "Service Thread" daemon [_thread_blocked, id=9256, stack(0x000000afabe00000,0x000000afabf00000)]
  0x000001d95ffdb0b0 JavaThread "Monitor Deflation Thread" daemon [_thread_blocked, id=24876, stack(0x000000afabf00000,0x000000afac000000)]
  0x000001d95ffdd430 JavaThread "C2 CompilerThread0" daemon [_thread_blocked, id=26372, stack(0x000000afac000000,0x000000afac100000)]
  0x000001d95ffde950 JavaThread "C1 CompilerThread0" daemon [_thread_blocked, id=10764, stack(0x000000afac100000,0x000000afac200000)]
  0x000001d95ffea760 JavaThread "Sweeper thread" daemon [_thread_blocked, id=25476, stack(0x000000afac200000,0x000000afac300000)]
  0x000001d95ff99900 JavaThread "Common-Cleaner" daemon [_thread_blocked, id=19184, stack(0x000000afac300000,0x000000afac400000)]
  0x000001d96030cf30 JavaThread "Notification Thread" daemon [_thread_blocked, id=23648, stack(0x000000afac500000,0x000000afac600000)]
  0x000001d900e6ef40 JavaThread "Daemon health stats" [_thread_blocked, id=24456, stack(0x000000afac400000,0x000000afac500000)]
  0x000001d900cf75c0 JavaThread "Incoming local TCP Connector on port 57500" [_thread_in_native, id=23272, stack(0x000000afacb00000,0x000000afacc00000)]
  0x000001d90057e5e0 JavaThread "Daemon periodic checks" [_thread_blocked, id=19732, stack(0x000000afacc00000,0x000000afacd00000)]
  0x000001d960d0bb60 JavaThread "Daemon" [_thread_blocked, id=3200, stack(0x000000afacd00000,0x000000aface00000)]
  0x000001d96085d240 JavaThread "Handler for socket connection from /127.0.0.1:57500 to /127.0.0.1:57501" [_thread_in_native, id=7028, stack(0x000000aface00000,0x000000afacf00000)]
  0x000001d96045f950 JavaThread "Cancel handler" [_thread_blocked, id=18964, stack(0x000000afacf00000,0x000000afad000000)]
  0x000001d9604a8f70 JavaThread "Daemon worker" [_thread_blocked, id=19436, stack(0x000000afad000000,0x000000afad100000)]
  0x000001d9604a9850 JavaThread "Asynchronous log dispatcher for DefaultDaemonConnection: socket connection from /127.0.0.1:57500 to /127.0.0.1:57501" [_thread_blocked, id=5748, stack(0x000000afad100000,0x000000afad200000)]
  0x000001d960983e50 JavaThread "Stdin handler" [_thread_blocked, id=16408, stack(0x000000afad200000,0x000000afad300000)]
  0x000001d960982fe0 JavaThread "Daemon client event forwarder" [_thread_blocked, id=15240, stack(0x000000afad300000,0x000000afad400000)]
  0x000001d960984320 JavaThread "Cache worker for journal cache (C:\Users\aavi7\.gradle\caches\journal-1)" [_thread_blocked, id=26120, stack(0x000000afad900000,0x000000afada00000)]
  0x000001d9609847f0 JavaThread "File lock request listener" [_thread_in_native, id=8960, stack(0x000000afada00000,0x000000afadb00000)]
  0x000001d960984cc0 JavaThread "Cache worker for file hash cache (C:\Users\aavi7\.gradle\caches\8.14\fileHashes)" [_thread_blocked, id=2496, stack(0x000000afadb00000,0x000000afadc00000)]
  0x000001d9609834b0 JavaThread "Cache worker for file hash cache (C:\Users\aavi7\OneDrive\Desktop\project\project_witspace\android\.gradle\8.14\fileHashes)" [_thread_blocked, id=25280, stack(0x000000afadd00000,0x000000afade00000)]
  0x000001d960985190 JavaThread "Cache worker for Build Output Cleanup Cache (C:\Users\aavi7\OneDrive\Desktop\project\project_witspace\android\.gradle\buildOutputCleanup)" [_thread_blocked, id=16940, stack(0x000000afade00000,0x000000afadf00000)]
  0x000001d960983980 JavaThread "File watcher server" daemon [_thread_in_native, id=25444, stack(0x000000afae100000,0x000000afae200000)]
  0x000001d960986000 JavaThread "File watcher consumer" daemon [_thread_blocked, id=22620, stack(0x000000afae200000,0x000000afae300000)]
  0x000001d960985b30 JavaThread "jar transforms" [_thread_blocked, id=19160, stack(0x000000afae300000,0x000000afae400000)]
  0x000001d960985660 JavaThread "jar transforms Thread 2" [_thread_blocked, id=21096, stack(0x000000afae400000,0x000000afae500000)]
  0x000001d902f2d0f0 JavaThread "Cache worker for checksums cache (C:\Users\aavi7\OneDrive\Desktop\project\project_witspace\android\.gradle\8.14\checksums)" [_thread_blocked, id=23592, stack(0x000000afae600000,0x000000afae700000)]
  0x000001d902f2b410 JavaThread "Cache worker for file content cache (C:\Users\aavi7\.gradle\caches\8.14\fileContent)" [_thread_blocked, id=15868, stack(0x000000afae700000,0x000000afae800000)]
  0x000001d902f2c750 JavaThread "Cache worker for cache directory md-supplier (C:\Users\aavi7\.gradle\caches\8.14\md-supplier)" [_thread_blocked, id=19344, stack(0x000000afae800000,0x000000afae900000)]
  0x000001d902f2b8e0 JavaThread "Cache worker for cache directory md-rule (C:\Users\aavi7\.gradle\caches\8.14\md-rule)" [_thread_blocked, id=20524, stack(0x000000afae900000,0x000000afaea00000)]
  0x000001d902f2cc20 JavaThread "Cache worker for Build Output Cleanup Cache (C:\src\flutter\packages\flutter_tools\gradle\.gradle\buildOutputCleanup)" [_thread_blocked, id=26336, stack(0x000000afaea00000,0x000000afaeb00000)]
  0x000001d902f2bdb0 JavaThread "Unconstrained build operations" [_thread_blocked, id=24428, stack(0x000000afaeb00000,0x000000afaec00000)]
  0x000001d902f2e900 JavaThread "Unconstrained build operations Thread 2" [_thread_blocked, id=21088, stack(0x000000afaec00000,0x000000afaed00000)]
  0x000001d902f2c280 JavaThread "Unconstrained build operations Thread 3" [_thread_blocked, id=24344, stack(0x000000afaed00000,0x000000afaee00000)]
  0x000001d902f2af40 JavaThread "Memory manager" [_thread_blocked, id=2176, stack(0x000000afaee00000,0x000000afaef00000)]
  0x000001d902f30ab0 JavaThread "build event listener" [_thread_blocked, id=22660, stack(0x000000afadc00000,0x000000afadd00000)]
  0x000001d902f30f80 JavaThread "included builds" [_thread_blocked, id=24680, stack(0x000000afaef00000,0x000000afaf000000)]
  0x000001d902f2f2a0 JavaThread "Cache worker for execution history cache (C:\src\flutter\packages\flutter_tools\gradle\.gradle\8.14\executionHistory)" [_thread_blocked, id=14940, stack(0x000000afaf000000,0x000000afaf100000)]
  0x000001d902f305e0 JavaThread "Unconstrained build operations Thread 4" [_thread_blocked, id=21228, stack(0x000000afaf100000,0x000000afaf200000)]
  0x000001d902f31920 JavaThread "Unconstrained build operations Thread 5" [_thread_blocked, id=23664, stack(0x000000afaf200000,0x000000afaf300000)]
  0x000001d902f322c0 JavaThread "Unconstrained build operations Thread 6" [_thread_blocked, id=8560, stack(0x000000afaf300000,0x000000afaf400000)]
  0x000001d902f2fc40 JavaThread "Unconstrained build operations Thread 7" [_thread_blocked, id=26800, stack(0x000000afaf400000,0x000000afaf500000)]
  0x000001d902f32790 JavaThread "Unconstrained build operations Thread 8" [_thread_blocked, id=26816, stack(0x000000afaf500000,0x000000afaf600000)]
  0x000001d902f30110 JavaThread "Unconstrained build operations Thread 9" [_thread_blocked, id=26820, stack(0x000000afaf600000,0x000000afaf700000)]
  0x000001d903ec7ed0 JavaThread "Unconstrained build operations Thread 10" [_thread_blocked, id=26828, stack(0x000000afaf700000,0x000000afaf800000)]
  0x000001d960858d00 JavaThread "C2 CompilerThread1" daemon [_thread_blocked, id=27164, stack(0x000000afab200000,0x000000afab300000)]

Other Threads:
=>0x000001d95ffa87d0 VMThread "VM Thread" [stack: 0x000000afab900000,0x000000afaba00000] [id=23296]
  0x000001d94107fbf0 WatcherThread [stack: 0x000000afac600000,0x000000afac700000] [id=17724]
  0x000001d941055cc0 GCTaskThread "GC Thread#0" [stack: 0x000000afab400000,0x000000afab500000] [id=23652]
  0x000001d9608a1f70 GCTaskThread "GC Thread#1" [stack: 0x000000afac800000,0x000000afac900000] [id=22388]
  0x000001d9605b6840 GCTaskThread "GC Thread#2" [stack: 0x000000afac900000,0x000000afaca00000] [id=22380]
  0x000001d9009203c0 GCTaskThread "GC Thread#3" [stack: 0x000000afac700000,0x000000afac800000] [id=8628]
  0x000001d96094ab80 GCTaskThread "GC Thread#4" [stack: 0x000000afaca00000,0x000000afacb00000] [id=11728]
  0x000001d900138bc0 GCTaskThread "GC Thread#5" [stack: 0x000000afad400000,0x000000afad500000] [id=11952]
  0x000001d9007ee850 GCTaskThread "GC Thread#6" [stack: 0x000000afad500000,0x000000afad600000] [id=25724]
  0x000001d96090f6a0 GCTaskThread "GC Thread#7" [stack: 0x000000afad600000,0x000000afad700000] [id=10544]
  0x000001d96040fa60 GCTaskThread "GC Thread#8" [stack: 0x000000afad700000,0x000000afad800000] [id=19044]
  0x000001d9602ad6c0 GCTaskThread "GC Thread#9" [stack: 0x000000afad800000,0x000000afad900000] [id=25788]
  0x000001d94105eb20 ConcurrentGCThread "G1 Main Marker" [stack: 0x000000afab500000,0x000000afab600000] [id=6816]
  0x000001d941060110 ConcurrentGCThread "G1 Conc#0" [stack: 0x000000afab600000,0x000000afab700000] [id=16212]
  0x000001d902d71640 ConcurrentGCThread "G1 Conc#1" [stack: 0x000000afadf00000,0x000000afae000000] [id=15896]
  0x000001d9019b2310 ConcurrentGCThread "G1 Conc#2" [stack: 0x000000afae000000,0x000000afae100000] [id=25320]
  0x000001d95fe70090 ConcurrentGCThread "G1 Refine#0" [stack: 0x000000afab700000,0x000000afab800000] [id=2768]
  0x000001d900b1afb0 ConcurrentGCThread "G1 Refine#1" [stack: 0x000000afae500000,0x000000afae600000] [id=23624]
  0x000001d95fe71880 ConcurrentGCThread "G1 Service" [stack: 0x000000afab800000,0x000000afab900000] [id=15020]

Threads with active compile tasks:
C2 CompilerThread0    44448 10451       4       org.gradle.internal.instantiation.generator.AbstractClassGenerator$PropertyMetadata$$Lambda$137/0x000001d9621bb098::get (12 bytes)
C2 CompilerThread1    44449 10615   !   4       java.util.jar.Attributes::read (494 bytes)

VM state: at safepoint (normal execution)

VM Mutex/Monitor currently owned by a thread:  ([mutex/lock_event])
[0x000001d940d9a310] Threads_lock - owner thread: 0x000001d95ffa87d0
[0x000001d940d73d20] Heap_lock - owner thread: 0x000001d94105eb20

Heap address: 0x00000000c0000000, size: 1024 MB, Compressed Oops mode: 32-bit

CDS archive(s) mapped at: [0x000001d961000000-0x000001d961bd0000-0x000001d961bd0000), size 12386304, SharedBaseAddress: 0x000001d961000000, ArchiveRelocationMode: 1.
Compressed class space mapped at: 0x000001d962000000-0x000001d97c000000, reserved size: 436207616
Narrow klass base: 0x000001d961000000, Narrow klass shift: 0, Narrow klass range: 0x100000000

GC Precious Log:
 CPUs: 12 total, 12 available
 Memory: 5989M
 Large Page Support: Disabled
 NUMA Support: Disabled
 Compressed Oops: Enabled (32-bit)
 Heap Region Size: 1M
 Heap Min Capacity: 8M
 Heap Initial Capacity: 94M
 Heap Max Capacity: 1G
 Pre-touch: Disabled
 Parallel Workers: 10
 Concurrent Workers: 3
 Concurrent Refinement Workers: 10
 Periodic GC: Disabled

Heap:
 garbage-first heap   total 162816K, used 116680K [0x00000000c0000000, 0x0000000100000000)
  region size 1024K, 11 young (11264K), 4 survivors (4096K)
 Metaspace       used 77234K, committed 78080K, reserved 557056K
  class space    used 10757K, committed 11136K, reserved 425984K

Heap Regions: E=young(eden), S=young(survivor), O=old, HS=humongous(starts), HC=humongous(continues), CS=collection set, F=free, OA=open archive, CA=closed archive, TAMS=top-at-mark-start (previous, next)
|   0|0x00000000c0000000, 0x00000000c0100000, 0x00000000c0100000|100%|HS|  |TAMS 0x00000000c0100000, 0x00000000c0000000| Complete 
|   1|0x00000000c0100000, 0x00000000c0200000, 0x00000000c0200000|100%|HC|  |TAMS 0x00000000c0200000, 0x00000000c0100000| Complete 
|   2|0x00000000c0200000, 0x00000000c0300000, 0x00000000c0300000|100%|HC|  |TAMS 0x00000000c0300000, 0x00000000c0200000| Complete 
|   3|0x00000000c0300000, 0x00000000c0400000, 0x00000000c0400000|100%| O|  |TAMS 0x00000000c0400000, 0x00000000c0300000| Untracked 
|   4|0x00000000c0400000, 0x00000000c0500000, 0x00000000c0500000|100%| O|  |TAMS 0x00000000c0500000, 0x00000000c0400000| Untracked 
|   5|0x00000000c0500000, 0x00000000c0600000, 0x00000000c0600000|100%| O|  |TAMS 0x00000000c0600000, 0x00000000c0500000| Untracked 
|   6|0x00000000c0600000, 0x00000000c0700000, 0x00000000c0700000|100%|HS|  |TAMS 0x00000000c0700000, 0x00000000c0600000| Complete 
|   7|0x00000000c0700000, 0x00000000c0800000, 0x00000000c0800000|100%| O|  |TAMS 0x00000000c0800000, 0x00000000c0700000| Untracked 
|   8|0x00000000c0800000, 0x00000000c0900000, 0x00000000c0900000|100%| O|  |TAMS 0x00000000c0900000, 0x00000000c0800000| Untracked 
|   9|0x00000000c0900000, 0x00000000c0a00000, 0x00000000c0a00000|100%| O|  |TAMS 0x00000000c0a00000, 0x00000000c0900000| Untracked 
|  10|0x00000000c0a00000, 0x00000000c0b00000, 0x00000000c0b00000|100%| O|  |TAMS 0x00000000c0b00000, 0x00000000c0a00000| Untracked 
|  11|0x00000000c0b00000, 0x00000000c0c00000, 0x00000000c0c00000|100%| O|  |TAMS 0x00000000c0c00000, 0x00000000c0b00000| Untracked 
|  12|0x00000000c0c00000, 0x00000000c0d00000, 0x00000000c0d00000|100%| O|  |TAMS 0x00000000c0d00000, 0x00000000c0c00000| Untracked 
|  13|0x00000000c0d00000, 0x00000000c0e00000, 0x00000000c0e00000|100%| O|  |TAMS 0x00000000c0e00000, 0x00000000c0d00000| Untracked 
|  14|0x00000000c0e00000, 0x00000000c0f00000, 0x00000000c0f00000|100%| O|  |TAMS 0x00000000c0f00000, 0x00000000c0e00000| Untracked 
|  15|0x00000000c0f00000, 0x00000000c1000000, 0x00000000c1000000|100%| O|  |TAMS 0x00000000c1000000, 0x00000000c0f00000| Untracked 
|  16|0x00000000c1000000, 0x00000000c1100000, 0x00000000c1100000|100%| O|  |TAMS 0x00000000c1100000, 0x00000000c1000000| Untracked 
|  17|0x00000000c1100000, 0x00000000c1200000, 0x00000000c1200000|100%| O|  |TAMS 0x00000000c1200000, 0x00000000c1100000| Untracked 
|  18|0x00000000c1200000, 0x00000000c1300000, 0x00000000c1300000|100%| O|  |TAMS 0x00000000c1300000, 0x00000000c1200000| Untracked 
|  19|0x00000000c1300000, 0x00000000c1400000, 0x00000000c1400000|100%| O|  |TAMS 0x00000000c1400000, 0x00000000c1300000| Untracked 
|  20|0x00000000c1400000, 0x00000000c1500000, 0x00000000c1500000|100%| O|  |TAMS 0x00000000c1500000, 0x00000000c1400000| Untracked 
|  21|0x00000000c1500000, 0x00000000c1600000, 0x00000000c1600000|100%| O|  |TAMS 0x00000000c1600000, 0x00000000c1500000| Untracked 
|  22|0x00000000c1600000, 0x00000000c1700000, 0x00000000c1700000|100%| O|  |TAMS 0x00000000c1700000, 0x00000000c1600000| Untracked 
|  23|0x00000000c1700000, 0x00000000c1800000, 0x00000000c1800000|100%| O|  |TAMS 0x00000000c1800000, 0x00000000c1700000| Untracked 
|  24|0x00000000c1800000, 0x00000000c1900000, 0x00000000c1900000|100%| O|  |TAMS 0x00000000c1900000, 0x00000000c1800000| Untracked 
|  25|0x00000000c1900000, 0x00000000c1a00000, 0x00000000c1a00000|100%| O|  |TAMS 0x00000000c1a00000, 0x00000000c1900000| Updating 
|  26|0x00000000c1a00000, 0x00000000c1b00000, 0x00000000c1b00000|100%| O|  |TAMS 0x00000000c1b00000, 0x00000000c1a00000| Untracked 
|  27|0x00000000c1b00000, 0x00000000c1c00000, 0x00000000c1c00000|100%| O|  |TAMS 0x00000000c1c00000, 0x00000000c1b00000| Updating 
|  28|0x00000000c1c00000, 0x00000000c1d00000, 0x00000000c1d00000|100%| O|  |TAMS 0x00000000c1d00000, 0x00000000c1c00000| Updating 
|  29|0x00000000c1d00000, 0x00000000c1e00000, 0x00000000c1e00000|100%| O|  |TAMS 0x00000000c1e00000, 0x00000000c1d00000| Updating 
|  30|0x00000000c1e00000, 0x00000000c1f00000, 0x00000000c1f00000|100%| O|  |TAMS 0x00000000c1f00000, 0x00000000c1e00000| Untracked 
|  31|0x00000000c1f00000, 0x00000000c2000000, 0x00000000c2000000|100%| O|  |TAMS 0x00000000c2000000, 0x00000000c1f00000| Updating 
|  32|0x00000000c2000000, 0x00000000c2100000, 0x00000000c2100000|100%| O|  |TAMS 0x00000000c2100000, 0x00000000c2000000| Untracked 
|  33|0x00000000c2100000, 0x00000000c2200000, 0x00000000c2200000|100%| O|  |TAMS 0x00000000c2200000, 0x00000000c2100000| Untracked 
|  34|0x00000000c2200000, 0x00000000c2300000, 0x00000000c2300000|100%| O|  |TAMS 0x00000000c2300000, 0x00000000c2200000| Untracked 
|  35|0x00000000c2300000, 0x00000000c2400000, 0x00000000c2400000|100%| O|  |TAMS 0x00000000c2400000, 0x00000000c2300000| Untracked 
|  36|0x00000000c2400000, 0x00000000c2500000, 0x00000000c2500000|100%| O|  |TAMS 0x00000000c2500000, 0x00000000c2400000| Untracked 
|  37|0x00000000c2500000, 0x00000000c2600000, 0x00000000c2600000|100%| O|  |TAMS 0x00000000c2600000, 0x00000000c2500000| Untracked 
|  38|0x00000000c2600000, 0x00000000c2700000, 0x00000000c2700000|100%| O|  |TAMS 0x00000000c2700000, 0x00000000c2600000| Untracked 
|  39|0x00000000c2700000, 0x00000000c2800000, 0x00000000c2800000|100%| O|  |TAMS 0x00000000c2800000, 0x00000000c2700000| Untracked 
|  40|0x00000000c2800000, 0x00000000c2900000, 0x00000000c2900000|100%| O|  |TAMS 0x00000000c2900000, 0x00000000c2800000| Updating 
|  41|0x00000000c2900000, 0x00000000c2a00000, 0x00000000c2a00000|100%| O|  |TAMS 0x00000000c2a00000, 0x00000000c2900000| Updating 
|  42|0x00000000c2a00000, 0x00000000c2b00000, 0x00000000c2b00000|100%| O|  |TAMS 0x00000000c2b00000, 0x00000000c2a00000| Updating 
|  43|0x00000000c2b00000, 0x00000000c2c00000, 0x00000000c2c00000|100%| O|  |TAMS 0x00000000c2c00000, 0x00000000c2b00000| Updating 
|  44|0x00000000c2c00000, 0x00000000c2d00000, 0x00000000c2d00000|100%| O|  |TAMS 0x00000000c2d00000, 0x00000000c2c00000| Untracked 
|  45|0x00000000c2d00000, 0x00000000c2e00000, 0x00000000c2e00000|100%|HS|  |TAMS 0x00000000c2e00000, 0x00000000c2d00000| Complete 
|  46|0x00000000c2e00000, 0x00000000c2f00000, 0x00000000c2f00000|100%|HC|  |TAMS 0x00000000c2f00000, 0x00000000c2e00000| Complete 
|  47|0x00000000c2f00000, 0x00000000c3000000, 0x00000000c3000000|100%|HS|  |TAMS 0x00000000c3000000, 0x00000000c2f00000| Complete 
|  48|0x00000000c3000000, 0x00000000c3100000, 0x00000000c3100000|100%|HC|  |TAMS 0x00000000c3100000, 0x00000000c3000000| Complete 
|  49|0x00000000c3100000, 0x00000000c3200000, 0x00000000c3200000|100%|HS|  |TAMS 0x00000000c3200000, 0x00000000c3100000| Complete 
|  50|0x00000000c3200000, 0x00000000c3300000, 0x00000000c3300000|100%|HC|  |TAMS 0x00000000c3300000, 0x00000000c3200000| Complete 
|  51|0x00000000c3300000, 0x00000000c3400000, 0x00000000c3400000|100%|HC|  |TAMS 0x00000000c3400000, 0x00000000c3300000| Complete 
|  52|0x00000000c3400000, 0x00000000c3500000, 0x00000000c3500000|100%| O|  |TAMS 0x00000000c3500000, 0x00000000c3400000| Untracked 
|  53|0x00000000c3500000, 0x00000000c3600000, 0x00000000c3600000|100%| O|  |TAMS 0x00000000c3600000, 0x00000000c3500000| Untracked 
|  54|0x00000000c3600000, 0x00000000c3700000, 0x00000000c3700000|100%| O|  |TAMS 0x00000000c3700000, 0x00000000c3600000| Untracked 
|  55|0x00000000c3700000, 0x00000000c3800000, 0x00000000c3800000|100%|HS|  |TAMS 0x00000000c3800000, 0x00000000c3700000| Complete 
|  56|0x00000000c3800000, 0x00000000c3900000, 0x00000000c3900000|100%|HC|  |TAMS 0x00000000c3900000, 0x00000000c3800000| Complete 
|  57|0x00000000c3900000, 0x00000000c3a00000, 0x00000000c3a00000|100%|HC|  |TAMS 0x00000000c3a00000, 0x00000000c3900000| Complete 
|  58|0x00000000c3a00000, 0x00000000c3b00000, 0x00000000c3b00000|100%| O|  |TAMS 0x00000000c3b00000, 0x00000000c3a00000| Untracked 
|  59|0x00000000c3b00000, 0x00000000c3c00000, 0x00000000c3c00000|100%| O|  |TAMS 0x00000000c3c00000, 0x00000000c3b00000| Updating 
|  60|0x00000000c3c00000, 0x00000000c3d00000, 0x00000000c3d00000|100%| O|  |TAMS 0x00000000c3d00000, 0x00000000c3c00000| Updating 
|  61|0x00000000c3d00000, 0x00000000c3e00000, 0x00000000c3e00000|100%| O|  |TAMS 0x00000000c3e00000, 0x00000000c3d00000| Untracked 
|  62|0x00000000c3e00000, 0x00000000c3f00000, 0x00000000c3f00000|100%| O|  |TAMS 0x00000000c3f00000, 0x00000000c3e00000| Updating 
|  63|0x00000000c3f00000, 0x00000000c4000000, 0x00000000c4000000|100%| O|  |TAMS 0x00000000c4000000, 0x00000000c3f00000| Updating 
|  64|0x00000000c4000000, 0x00000000c4100000, 0x00000000c4100000|100%|HS|  |TAMS 0x00000000c4100000, 0x00000000c4000000| Complete 
|  65|0x00000000c4100000, 0x00000000c4200000, 0x00000000c4200000|100%| O|  |TAMS 0x00000000c4200000, 0x00000000c4100000| Updating 
|  66|0x00000000c4200000, 0x00000000c4300000, 0x00000000c4300000|100%| O|  |TAMS 0x00000000c4300000, 0x00000000c4200000| Untracked 
|  67|0x00000000c4300000, 0x00000000c4400000, 0x00000000c4400000|100%| O|  |TAMS 0x00000000c4400000, 0x00000000c4300000| Untracked 
|  68|0x00000000c4400000, 0x00000000c4500000, 0x00000000c4500000|100%| O|  |TAMS 0x00000000c4500000, 0x00000000c4400000| Updating 
|  69|0x00000000c4500000, 0x00000000c4600000, 0x00000000c4600000|100%| O|  |TAMS 0x00000000c4600000, 0x00000000c4500000| Updating 
|  70|0x00000000c4600000, 0x00000000c4700000, 0x00000000c4700000|100%| O|  |TAMS 0x00000000c4700000, 0x00000000c4600000| Untracked 
|  71|0x00000000c4700000, 0x00000000c4800000, 0x00000000c4800000|100%| O|  |TAMS 0x00000000c4800000, 0x00000000c4700000| Untracked 
|  72|0x00000000c4800000, 0x00000000c4900000, 0x00000000c4900000|100%| O|  |TAMS 0x00000000c4900000, 0x00000000c4800000| Updating 
|  73|0x00000000c4900000, 0x00000000c4a00000, 0x00000000c4a00000|100%| O|  |TAMS 0x00000000c4a00000, 0x00000000c4900000| Updating 
|  74|0x00000000c4a00000, 0x00000000c4b00000, 0x00000000c4b00000|100%| O|  |TAMS 0x00000000c4a68800, 0x00000000c4a00000| Untracked 
|  75|0x00000000c4b00000, 0x00000000c4c00000, 0x00000000c4c00000|100%| O|  |TAMS 0x00000000c4c00000, 0x00000000c4b00000| Updating 
|  76|0x00000000c4c00000, 0x00000000c4d00000, 0x00000000c4d00000|100%| O|  |TAMS 0x00000000c4d00000, 0x00000000c4c00000| Updating 
|  77|0x00000000c4d00000, 0x00000000c4e00000, 0x00000000c4e00000|100%| O|  |TAMS 0x00000000c4e00000, 0x00000000c4d00000| Updating 
|  78|0x00000000c4e00000, 0x00000000c4f00000, 0x00000000c4f00000|100%|HS|  |TAMS 0x00000000c4f00000, 0x00000000c4e00000| Complete 
|  79|0x00000000c4f00000, 0x00000000c5000000, 0x00000000c5000000|100%|HS|  |TAMS 0x00000000c5000000, 0x00000000c4f00000| Complete 
|  80|0x00000000c5000000, 0x00000000c5100000, 0x00000000c5100000|100%|HS|  |TAMS 0x00000000c5100000, 0x00000000c5000000| Complete 
|  81|0x00000000c5100000, 0x00000000c5200000, 0x00000000c5200000|100%|HC|  |TAMS 0x00000000c5200000, 0x00000000c5100000| Complete 
|  82|0x00000000c5200000, 0x00000000c5300000, 0x00000000c5300000|100%|HS|  |TAMS 0x00000000c5300000, 0x00000000c5200000| Complete 
|  83|0x00000000c5300000, 0x00000000c5400000, 0x00000000c5400000|100%| O|  |TAMS 0x00000000c5400000, 0x00000000c5300000| Updating 
|  84|0x00000000c5400000, 0x00000000c5500000, 0x00000000c5500000|100%| O|  |TAMS 0x00000000c5500000, 0x00000000c5400000| Updating 
|  85|0x00000000c5500000, 0x00000000c5600000, 0x00000000c5600000|100%| O|  |TAMS 0x00000000c5600000, 0x00000000c5500000| Updating 
|  86|0x00000000c5600000, 0x00000000c5700000, 0x00000000c5700000|100%| O|  |TAMS 0x00000000c5700000, 0x00000000c5600000| Updating 
|  87|0x00000000c5700000, 0x00000000c5800000, 0x00000000c5800000|100%|HS|  |TAMS 0x00000000c5800000, 0x00000000c5700000| Complete 
|  88|0x00000000c5800000, 0x00000000c5900000, 0x00000000c5900000|100%|HS|  |TAMS 0x00000000c5900000, 0x00000000c5800000| Complete 
|  89|0x00000000c5900000, 0x00000000c5a00000, 0x00000000c5a00000|100%| O|  |TAMS 0x00000000c5a00000, 0x00000000c5900000| Untracked 
|  90|0x00000000c5a00000, 0x00000000c5b00000, 0x00000000c5b00000|100%| O|  |TAMS 0x00000000c5b00000, 0x00000000c5a00000| Untracked 
|  91|0x00000000c5b00000, 0x00000000c5c00000, 0x00000000c5c00000|100%| O|  |TAMS 0x00000000c5c00000, 0x00000000c5b00000| Updating 
|  92|0x00000000c5c00000, 0x00000000c5d00000, 0x00000000c5d00000|100%| O|  |TAMS 0x00000000c5d00000, 0x00000000c5c00000| Untracked 
|  93|0x00000000c5d00000, 0x00000000c5e00000, 0x00000000c5e00000|100%| O|  |TAMS 0x00000000c5e00000, 0x00000000c5d00000| Updating 
|  94|0x00000000c5e00000, 0x00000000c5f00000, 0x00000000c5f00000|100%|HS|  |TAMS 0x00000000c5f00000, 0x00000000c5e00000| Complete 
|  95|0x00000000c5f00000, 0x00000000c6000000, 0x00000000c6000000|100%|HC|  |TAMS 0x00000000c6000000, 0x00000000c5f00000| Complete 
|  96|0x00000000c6000000, 0x00000000c6100000, 0x00000000c6100000|100%| O|  |TAMS 0x00000000c6100000, 0x00000000c6000000| Untracked 
|  97|0x00000000c6100000, 0x00000000c6200000, 0x00000000c6200000|100%| O|  |TAMS 0x00000000c6200000, 0x00000000c6100000| Untracked 
|  98|0x00000000c6200000, 0x00000000c6300000, 0x00000000c6300000|100%| O|  |TAMS 0x00000000c6300000, 0x00000000c6200000| Updating 
|  99|0x00000000c6300000, 0x00000000c6400000, 0x00000000c6400000|100%|HS|  |TAMS 0x00000000c6400000, 0x00000000c6300000| Complete 
| 100|0x00000000c6400000, 0x00000000c6500000, 0x00000000c6500000|100%|HS|  |TAMS 0x00000000c6500000, 0x00000000c6400000| Complete 
| 101|0x00000000c6500000, 0x00000000c6600000, 0x00000000c6600000|100%|HS|  |TAMS 0x00000000c6600000, 0x00000000c6500000| Complete 
| 102|0x00000000c6600000, 0x00000000c6700000, 0x00000000c6700000|100%| O|  |TAMS 0x00000000c6600000, 0x00000000c6600000| Untracked 
| 103|0x00000000c6700000, 0x00000000c6759000, 0x00000000c6800000| 34%| O|  |TAMS 0x00000000c6700000, 0x00000000c6700000| Updating 
| 104|0x00000000c6800000, 0x00000000c6900000, 0x00000000c6900000|100%|HS|  |TAMS 0x00000000c6800000, 0x00000000c6800000| Complete 
| 105|0x00000000c6900000, 0x00000000c6900000, 0x00000000c6a00000|  0%| F|  |TAMS 0x00000000c6900000, 0x00000000c6900000| Untracked 
| 106|0x00000000c6a00000, 0x00000000c6a00000, 0x00000000c6b00000|  0%| F|  |TAMS 0x00000000c6a00000, 0x00000000c6a00000| Untracked 
| 107|0x00000000c6b00000, 0x00000000c6b00000, 0x00000000c6c00000|  0%| F|  |TAMS 0x00000000c6b00000, 0x00000000c6b00000| Untracked 
| 108|0x00000000c6c00000, 0x00000000c6c00000, 0x00000000c6d00000|  0%| F|  |TAMS 0x00000000c6c00000, 0x00000000c6c00000| Untracked 
| 109|0x00000000c6d00000, 0x00000000c6d00000, 0x00000000c6e00000|  0%| F|  |TAMS 0x00000000c6d00000, 0x00000000c6d00000| Untracked 
| 110|0x00000000c6e00000, 0x00000000c6e00000, 0x00000000c6f00000|  0%| F|  |TAMS 0x00000000c6e00000, 0x00000000c6e00000| Untracked 
| 111|0x00000000c6f00000, 0x00000000c6f00000, 0x00000000c7000000|  0%| F|  |TAMS 0x00000000c6f00000, 0x00000000c6f00000| Untracked 
| 112|0x00000000c7000000, 0x00000000c7000000, 0x00000000c7100000|  0%| F|  |TAMS 0x00000000c7000000, 0x00000000c7000000| Untracked 
| 113|0x00000000c7100000, 0x00000000c7100000, 0x00000000c7200000|  0%| F|  |TAMS 0x00000000c7100000, 0x00000000c7100000| Untracked 
| 114|0x00000000c7200000, 0x00000000c7200000, 0x00000000c7300000|  0%| F|  |TAMS 0x00000000c7200000, 0x00000000c7200000| Untracked 
| 115|0x00000000c7300000, 0x00000000c7300000, 0x00000000c7400000|  0%| F|  |TAMS 0x00000000c7300000, 0x00000000c7300000| Untracked 
| 116|0x00000000c7400000, 0x00000000c7400000, 0x00000000c7500000|  0%| F|  |TAMS 0x00000000c7400000, 0x00000000c7400000| Untracked 
| 117|0x00000000c7500000, 0x00000000c7500000, 0x00000000c7600000|  0%| F|  |TAMS 0x00000000c7500000, 0x00000000c7500000| Untracked 
| 118|0x00000000c7600000, 0x00000000c7600000, 0x00000000c7700000|  0%| F|  |TAMS 0x00000000c7600000, 0x00000000c7600000| Untracked 
| 119|0x00000000c7700000, 0x00000000c7700000, 0x00000000c7800000|  0%| F|  |TAMS 0x00000000c7700000, 0x00000000c7700000| Untracked 
| 120|0x00000000c7800000, 0x00000000c7800000, 0x00000000c7900000|  0%| F|  |TAMS 0x00000000c7800000, 0x00000000c7800000| Untracked 
| 121|0x00000000c7900000, 0x00000000c7900000, 0x00000000c7a00000|  0%| F|  |TAMS 0x00000000c7900000, 0x00000000c7900000| Untracked 
| 122|0x00000000c7a00000, 0x00000000c7a00000, 0x00000000c7b00000|  0%| F|  |TAMS 0x00000000c7a00000, 0x00000000c7a00000| Untracked 
| 123|0x00000000c7b00000, 0x00000000c7b00000, 0x00000000c7c00000|  0%| F|  |TAMS 0x00000000c7b00000, 0x00000000c7b00000| Untracked 
| 124|0x00000000c7c00000, 0x00000000c7c00000, 0x00000000c7d00000|  0%| F|  |TAMS 0x00000000c7c00000, 0x00000000c7c00000| Untracked 
| 125|0x00000000c7d00000, 0x00000000c7d00000, 0x00000000c7e00000|  0%| F|  |TAMS 0x00000000c7d00000, 0x00000000c7d00000| Untracked 
| 126|0x00000000c7e00000, 0x00000000c7e00000, 0x00000000c7f00000|  0%| F|  |TAMS 0x00000000c7e00000, 0x00000000c7e00000| Untracked 
| 127|0x00000000c7f00000, 0x00000000c7f00000, 0x00000000c8000000|  0%| F|  |TAMS 0x00000000c7f00000, 0x00000000c7f00000| Untracked 
| 128|0x00000000c8000000, 0x00000000c8000000, 0x00000000c8100000|  0%| F|  |TAMS 0x00000000c8000000, 0x00000000c8000000| Untracked 
| 129|0x00000000c8100000, 0x00000000c8100000, 0x00000000c8200000|  0%| F|  |TAMS 0x00000000c8100000, 0x00000000c8100000| Untracked 
| 130|0x00000000c8200000, 0x00000000c8200000, 0x00000000c8300000|  0%| F|  |TAMS 0x00000000c8200000, 0x00000000c8200000| Untracked 
| 131|0x00000000c8300000, 0x00000000c8300000, 0x00000000c8400000|  0%| F|  |TAMS 0x00000000c8300000, 0x00000000c8300000| Untracked 
| 132|0x00000000c8400000, 0x00000000c8400000, 0x00000000c8500000|  0%| F|  |TAMS 0x00000000c8400000, 0x00000000c8400000| Untracked 
| 133|0x00000000c8500000, 0x00000000c8500000, 0x00000000c8600000|  0%| F|  |TAMS 0x00000000c8500000, 0x00000000c8500000| Untracked 
| 134|0x00000000c8600000, 0x00000000c8600000, 0x00000000c8700000|  0%| F|  |TAMS 0x00000000c8600000, 0x00000000c8600000| Untracked 
| 135|0x00000000c8700000, 0x00000000c8700000, 0x00000000c8800000|  0%| F|  |TAMS 0x00000000c8700000, 0x00000000c8700000| Untracked 
| 136|0x00000000c8800000, 0x00000000c8800000, 0x00000000c8900000|  0%| F|  |TAMS 0x00000000c8800000, 0x00000000c8800000| Untracked 
| 137|0x00000000c8900000, 0x00000000c8900000, 0x00000000c8a00000|  0%| F|  |TAMS 0x00000000c8900000, 0x00000000c8900000| Untracked 
| 138|0x00000000c8a00000, 0x00000000c8a00000, 0x00000000c8b00000|  0%| F|  |TAMS 0x00000000c8a00000, 0x00000000c8a00000| Untracked 
| 139|0x00000000c8b00000, 0x00000000c8b00000, 0x00000000c8c00000|  0%| F|  |TAMS 0x00000000c8b00000, 0x00000000c8b00000| Untracked 
| 140|0x00000000c8c00000, 0x00000000c8c00000, 0x00000000c8d00000|  0%| F|  |TAMS 0x00000000c8c00000, 0x00000000c8c00000| Untracked 
| 141|0x00000000c8d00000, 0x00000000c8d00000, 0x00000000c8e00000|  0%| F|  |TAMS 0x00000000c8d00000, 0x00000000c8d00000| Untracked 
| 142|0x00000000c8e00000, 0x00000000c8e00000, 0x00000000c8f00000|  0%| F|  |TAMS 0x00000000c8e00000, 0x00000000c8e00000| Untracked 
| 143|0x00000000c8f00000, 0x00000000c8f00000, 0x00000000c9000000|  0%| F|  |TAMS 0x00000000c8f00000, 0x00000000c8f00000| Untracked 
| 144|0x00000000c9000000, 0x00000000c9000000, 0x00000000c9100000|  0%| F|  |TAMS 0x00000000c9000000, 0x00000000c9000000| Untracked 
| 145|0x00000000c9100000, 0x00000000c9100000, 0x00000000c9200000|  0%| F|  |TAMS 0x00000000c9100000, 0x00000000c9100000| Untracked 
| 146|0x00000000c9200000, 0x00000000c9200000, 0x00000000c9300000|  0%| F|  |TAMS 0x00000000c9200000, 0x00000000c9200000| Untracked 
| 147|0x00000000c9300000, 0x00000000c93993c0, 0x00000000c9400000| 59%| S|CS|TAMS 0x00000000c9300000, 0x00000000c9300000| Complete 
| 148|0x00000000c9400000, 0x00000000c9500000, 0x00000000c9500000|100%| S|CS|TAMS 0x00000000c9400000, 0x00000000c9400000| Complete 
| 149|0x00000000c9500000, 0x00000000c9600000, 0x00000000c9600000|100%| S|CS|TAMS 0x00000000c9500000, 0x00000000c9500000| Complete 
| 150|0x00000000c9600000, 0x00000000c9700000, 0x00000000c9700000|100%| S|CS|TAMS 0x00000000c9600000, 0x00000000c9600000| Complete 
| 151|0x00000000c9700000, 0x00000000c9700000, 0x00000000c9800000|  0%| F|  |TAMS 0x00000000c9700000, 0x00000000c9700000| Untracked 
| 152|0x00000000c9800000, 0x00000000c98de2e8, 0x00000000c9900000| 86%| E|  |TAMS 0x00000000c9800000, 0x00000000c9800000| Complete 
| 153|0x00000000c9900000, 0x00000000c9a00000, 0x00000000c9a00000|100%| E|CS|TAMS 0x00000000c9900000, 0x00000000c9900000| Complete 
| 154|0x00000000c9a00000, 0x00000000c9b00000, 0x00000000c9b00000|100%| E|CS|TAMS 0x00000000c9a00000, 0x00000000c9a00000| Complete 
| 155|0x00000000c9b00000, 0x00000000c9c00000, 0x00000000c9c00000|100%| E|CS|TAMS 0x00000000c9b00000, 0x00000000c9b00000| Complete 
| 156|0x00000000c9c00000, 0x00000000c9d00000, 0x00000000c9d00000|100%| E|CS|TAMS 0x00000000c9c00000, 0x00000000c9c00000| Complete 
| 157|0x00000000c9d00000, 0x00000000c9e00000, 0x00000000c9e00000|100%| E|CS|TAMS 0x00000000c9d00000, 0x00000000c9d00000| Complete 
| 158|0x00000000c9e00000, 0x00000000c9f00000, 0x00000000c9f00000|100%| E|CS|TAMS 0x00000000c9e00000, 0x00000000c9e00000| Complete 

Card table byte_map: [0x000001d95afb0000,0x000001d95b1b0000] _byte_map_base: 0x000001d95a9b0000

Marking Bits (Prev, Next): (CMBitMap*) 0x000001d9410561f0, (CMBitMap*) 0x000001d941056230
 Prev Bits: [0x000001d95b3b0000, 0x000001d95c3b0000)
 Next Bits: [0x000001d95c3b0000, 0x000001d95d3b0000)

Polling page: 0x000001d940f50000

Metaspace:

Usage:
  Non-class:     64.92 MB used.
      Class:     10.51 MB used.
       Both:     75.42 MB used.

Virtual space:
  Non-class space:      128.00 MB reserved,      65.38 MB ( 51%) committed,  2 nodes.
      Class space:      416.00 MB reserved,      10.88 MB (  3%) committed,  1 nodes.
             Both:      544.00 MB reserved,      76.25 MB ( 14%) committed. 

Chunk freelists:
   Non-Class:  14.11 MB
       Class:  5.14 MB
        Both:  19.25 MB

MaxMetaspaceSize: 512.00 MB
CompressedClassSpaceSize: 416.00 MB
Initial GC threshold: 21.00 MB
Current GC threshold: 116.19 MB
CDS: on
MetaspaceReclaimPolicy: balanced
 - commit_granule_bytes: 65536.
 - commit_granule_words: 8192.
 - virtual_space_node_default_size: 8388608.
 - enlarge_chunks_in_place: 1.
 - new_chunks_are_fully_committed: 0.
 - uncommit_free_chunks: 1.
 - use_allocation_guard: 0.
 - handle_deallocations: 1.


Internal statistics:

num_allocs_failed_limit: 6.
num_arena_births: 1106.
num_arena_deaths: 0.
num_vsnodes_births: 3.
num_vsnodes_deaths: 0.
num_space_committed: 1220.
num_space_uncommitted: 0.
num_chunks_returned_to_freelist: 6.
num_chunks_taken_from_freelist: 4476.
num_chunk_merges: 6.
num_chunk_splits: 2865.
num_chunks_enlarged: 1829.
num_inconsistent_stats: 0.

CodeHeap 'non-profiled nmethods': size=128192Kb used=5645Kb max_used=5913Kb free=122546Kb
 bounds [0x000001d9523d0000, 0x000001d9529a0000, 0x000001d95a100000]
CodeHeap 'profiled nmethods': size=128192Kb used=16867Kb max_used=18161Kb free=111324Kb
 bounds [0x000001d94a100000, 0x000001d94b2c0000, 0x000001d951e30000]
CodeHeap 'non-nmethods': size=5760Kb used=2397Kb max_used=2461Kb free=3362Kb
 bounds [0x000001d951e30000, 0x000001d9520a0000, 0x000001d9523d0000]
 total_blobs=9920 nmethods=8989 adapters=843
 compilation: enabled
              stopped_count=0, restarted_count=0
 full_count=0

Compilation events (20 events):
Event: 42.319 Thread 0x000001d95ffde950 10622       3       sun.security.util.ObjectIdentifier::equals (33 bytes)
Event: 42.320 Thread 0x000001d95ffde950 nmethod 10622 0x000001d94a80df90 code [0x000001d94a80e160, 0x000001d94a80e568]
Event: 42.320 Thread 0x000001d95ffde950 10623       1       java.security.Provider::getName (5 bytes)
Event: 42.320 Thread 0x000001d95ffde950 nmethod 10623 0x000001d9528d2b10 code [0x000001d9528d2ca0, 0x000001d9528d2d78]
Event: 42.322 Thread 0x000001d95ffde950 10624  s    1       java.io.ByteArrayOutputStream::size (5 bytes)
Event: 42.322 Thread 0x000001d95ffde950 nmethod 10624 0x000001d9528d2790 code [0x000001d9528d2920, 0x000001d9528d2a98]
Event: 42.322 Thread 0x000001d95ffde950 10625       1       sun.security.util.DerOutputStream::buf (5 bytes)
Event: 42.322 Thread 0x000001d95ffde950 nmethod 10625 0x000001d9528d2490 code [0x000001d9528d2620, 0x000001d9528d26f8]
Event: 42.322 Thread 0x000001d95ffde950 10626       3       sun.security.provider.ByteArrayAccess::i2bBig4 (10 bytes)
Event: 42.323 Thread 0x000001d95ffde950 nmethod 10626 0x000001d94a333690 code [0x000001d94a3338c0, 0x000001d94a334098]
Event: 42.324 Thread 0x000001d95ffde950 10627       3       java.math.MutableBigInteger::normalize (91 bytes)
Event: 42.325 Thread 0x000001d95ffde950 nmethod 10627 0x000001d94a9ea910 code [0x000001d94a9eaac0, 0x000001d94a9eae58]
Event: 42.325 Thread 0x000001d95ffde950 10630       3       java.math.MutableBigInteger::primitiveLeftShift (89 bytes)
Event: 42.326 Thread 0x000001d95ffde950 nmethod 10630 0x000001d94aed4190 code [0x000001d94aed4340, 0x000001d94aed45b8]
Event: 42.326 Thread 0x000001d95ffde950 10628       3       java.math.MutableBigInteger::getLowestSetBit (74 bytes)
Event: 42.326 Thread 0x000001d95ffde950 nmethod 10628 0x000001d94aa3bf10 code [0x000001d94aa3c0e0, 0x000001d94aa3c448]
Event: 42.326 Thread 0x000001d95ffde950 10629       3       java.math.MutableBigInteger::isZero (13 bytes)
Event: 42.326 Thread 0x000001d95ffde950 nmethod 10629 0x000001d94a6b4f10 code [0x000001d94a6b50a0, 0x000001d94a6b5218]
Event: 42.337 Thread 0x000001d95ffde950 10634       3       java.math.BigInteger::multiplyToLenCheck (28 bytes)
Event: 42.337 Thread 0x000001d95ffde950 nmethod 10634 0x000001d94a962490 code [0x000001d94a962660, 0x000001d94a962a38]

GC Heap History (20 events):
Event: 37.421 GC heap before
{Heap before GC invocations=48 (full 0):
 garbage-first heap   total 133120K, used 108199K [0x00000000c0000000, 0x0000000100000000)
  region size 1024K, 32 young (32768K), 4 survivors (4096K)
 Metaspace       used 69814K, committed 70528K, reserved 491520K
  class space    used 9914K, committed 10240K, reserved 425984K
}
Event: 37.426 GC heap after
{Heap after GC invocations=49 (full 0):
 garbage-first heap   total 133120K, used 80461K [0x00000000c0000000, 0x0000000100000000)
  region size 1024K, 4 young (4096K), 4 survivors (4096K)
 Metaspace       used 69814K, committed 70528K, reserved 491520K
  class space    used 9914K, committed 10240K, reserved 425984K
}
Event: 38.176 GC heap before
{Heap before GC invocations=49 (full 0):
 garbage-first heap   total 133120K, used 109133K [0x00000000c0000000, 0x0000000100000000)
  region size 1024K, 32 young (32768K), 4 survivors (4096K)
 Metaspace       used 69815K, committed 70528K, reserved 491520K
  class space    used 9914K, committed 10240K, reserved 425984K
}
Event: 38.180 GC heap after
{Heap after GC invocations=50 (full 0):
 garbage-first heap   total 133120K, used 81230K [0x00000000c0000000, 0x0000000100000000)
  region size 1024K, 4 young (4096K), 4 survivors (4096K)
 Metaspace       used 69815K, committed 70528K, reserved 491520K
  class space    used 9914K, committed 10240K, reserved 425984K
}
Event: 38.894 GC heap before
{Heap before GC invocations=50 (full 0):
 garbage-first heap   total 133120K, used 108878K [0x00000000c0000000, 0x0000000100000000)
  region size 1024K, 31 young (31744K), 4 survivors (4096K)
 Metaspace       used 69818K, committed 70528K, reserved 491520K
  class space    used 9914K, committed 10240K, reserved 425984K
}
Event: 38.898 GC heap after
{Heap after GC invocations=51 (full 0):
 garbage-first heap   total 133120K, used 81902K [0x00000000c0000000, 0x0000000100000000)
  region size 1024K, 4 young (4096K), 4 survivors (4096K)
 Metaspace       used 69818K, committed 70528K, reserved 491520K
  class space    used 9914K, committed 10240K, reserved 425984K
}
Event: 39.607 GC heap before
{Heap before GC invocations=51 (full 0):
 garbage-first heap   total 133120K, used 109550K [0x00000000c0000000, 0x0000000100000000)
  region size 1024K, 31 young (31744K), 4 survivors (4096K)
 Metaspace       used 70385K, committed 71104K, reserved 491520K
  class space    used 9986K, committed 10304K, reserved 425984K
}
Event: 39.612 GC heap after
{Heap after GC invocations=52 (full 0):
 garbage-first heap   total 133120K, used 83411K [0x00000000c0000000, 0x0000000100000000)
  region size 1024K, 4 young (4096K), 4 survivors (4096K)
 Metaspace       used 70385K, committed 71104K, reserved 491520K
  class space    used 9986K, committed 10304K, reserved 425984K
}
Event: 39.933 GC heap before
{Heap before GC invocations=52 (full 0):
 garbage-first heap   total 133120K, used 93651K [0x00000000c0000000, 0x0000000100000000)
  region size 1024K, 11 young (11264K), 4 survivors (4096K)
 Metaspace       used 70612K, committed 71360K, reserved 491520K
  class space    used 10011K, committed 10368K, reserved 425984K
}
Event: 39.937 GC heap after
{Heap after GC invocations=53 (full 0):
 garbage-first heap   total 133120K, used 93007K [0x00000000c0000000, 0x0000000100000000)
  region size 1024K, 4 young (4096K), 4 survivors (4096K)
 Metaspace       used 70612K, committed 71360K, reserved 491520K
  class space    used 10011K, committed 10368K, reserved 425984K
}
Event: 40.357 GC heap before
{Heap before GC invocations=54 (full 0):
 garbage-first heap   total 162816K, used 109391K [0x00000000c0000000, 0x0000000100000000)
  region size 1024K, 18 young (18432K), 4 survivors (4096K)
 Metaspace       used 70792K, committed 71488K, reserved 491520K
  class space    used 10032K, committed 10368K, reserved 425984K
}
Event: 40.365 GC heap after
{Heap after GC invocations=55 (full 0):
 garbage-first heap   total 162816K, used 97524K [0x00000000c0000000, 0x0000000100000000)
  region size 1024K, 3 young (3072K), 3 survivors (3072K)
 Metaspace       used 70792K, committed 71488K, reserved 491520K
  class space    used 10032K, committed 10368K, reserved 425984K
}
Event: 40.497 GC heap before
{Heap before GC invocations=55 (full 0):
 garbage-first heap   total 162816K, used 103668K [0x00000000c0000000, 0x0000000100000000)
  region size 1024K, 7 young (7168K), 3 survivors (3072K)
 Metaspace       used 70975K, committed 71808K, reserved 491520K
  class space    used 10054K, committed 10432K, reserved 425984K
}
Event: 40.501 GC heap after
{Heap after GC invocations=56 (full 0):
 garbage-first heap   total 162816K, used 99998K [0x00000000c0000000, 0x0000000100000000)
  region size 1024K, 1 young (1024K), 1 survivors (1024K)
 Metaspace       used 70975K, committed 71808K, reserved 491520K
  class space    used 10054K, committed 10432K, reserved 425984K
}
Event: 41.266 GC heap before
{Heap before GC invocations=56 (full 0):
 garbage-first heap   total 162816K, used 132766K [0x00000000c0000000, 0x0000000100000000)
  region size 1024K, 33 young (33792K), 1 survivors (1024K)
 Metaspace       used 73408K, committed 74240K, reserved 491520K
  class space    used 10342K, committed 10752K, reserved 425984K
}
Event: 41.269 GC heap after
{Heap after GC invocations=57 (full 0):
 garbage-first heap   total 162816K, used 102724K [0x00000000c0000000, 0x0000000100000000)
  region size 1024K, 3 young (3072K), 3 survivors (3072K)
 Metaspace       used 73408K, committed 74240K, reserved 491520K
  class space    used 10342K, committed 10752K, reserved 425984K
}
Event: 42.036 GC heap before
{Heap before GC invocations=57 (full 0):
 garbage-first heap   total 162816K, used 134468K [0x00000000c0000000, 0x0000000100000000)
  region size 1024K, 34 young (34816K), 3 survivors (3072K)
 Metaspace       used 76308K, committed 77120K, reserved 557056K
  class space    used 10654K, committed 11008K, reserved 425984K
}
Event: 42.039 GC heap after
{Heap after GC invocations=58 (full 0):
 garbage-first heap   total 162816K, used 104421K [0x00000000c0000000, 0x0000000100000000)
  region size 1024K, 4 young (4096K), 4 survivors (4096K)
 Metaspace       used 76308K, committed 77120K, reserved 557056K
  class space    used 10654K, committed 11008K, reserved 425984K
}
Event: 42.271 GC heap before
{Heap before GC invocations=58 (full 0):
 garbage-first heap   total 162816K, used 114661K [0x00000000c0000000, 0x0000000100000000)
  region size 1024K, 12 young (12288K), 4 survivors (4096K)
 Metaspace       used 77227K, committed 78080K, reserved 557056K
  class space    used 10757K, committed 11136K, reserved 425984K
}
Event: 42.276 GC heap after
{Heap after GC invocations=59 (full 0):
 garbage-first heap   total 162816K, used 109512K [0x00000000c0000000, 0x0000000100000000)
  region size 1024K, 4 young (4096K), 4 survivors (4096K)
 Metaspace       used 77227K, committed 78080K, reserved 557056K
  class space    used 10757K, committed 11136K, reserved 425984K
}

Deoptimization events (20 events):
Event: 42.343 Thread 0x000001d9604a8f70 DEOPT PACKING pc=0x000001d94a78a8c8 sp=0x000000afad0ef570
Event: 42.343 Thread 0x000001d9604a8f70 DEOPT UNPACKING pc=0x000001d951e82b43 sp=0x000000afad0ee9f0 mode 0
Event: 42.343 Thread 0x000001d9604a8f70 DEOPT PACKING pc=0x000001d94a78a8c8 sp=0x000000afad0ef570
Event: 42.343 Thread 0x000001d9604a8f70 DEOPT UNPACKING pc=0x000001d951e82b43 sp=0x000000afad0ee9f0 mode 0
Event: 42.344 Thread 0x000001d9604a8f70 DEOPT PACKING pc=0x000001d94a78a8c8 sp=0x000000afad0ef570
Event: 42.344 Thread 0x000001d9604a8f70 DEOPT UNPACKING pc=0x000001d951e82b43 sp=0x000000afad0ee9f0 mode 0
Event: 42.344 Thread 0x000001d9604a8f70 DEOPT PACKING pc=0x000001d94a78a8c8 sp=0x000000afad0ef570
Event: 42.344 Thread 0x000001d9604a8f70 DEOPT UNPACKING pc=0x000001d951e82b43 sp=0x000000afad0ee9f0 mode 0
Event: 42.345 Thread 0x000001d9604a8f70 DEOPT PACKING pc=0x000001d94a78a8c8 sp=0x000000afad0ef570
Event: 42.345 Thread 0x000001d9604a8f70 DEOPT UNPACKING pc=0x000001d951e82b43 sp=0x000000afad0ee9f0 mode 0
Event: 42.345 Thread 0x000001d9604a8f70 DEOPT PACKING pc=0x000001d94a78a8c8 sp=0x000000afad0ef570
Event: 42.345 Thread 0x000001d9604a8f70 DEOPT UNPACKING pc=0x000001d951e82b43 sp=0x000000afad0ee9f0 mode 0
Event: 42.346 Thread 0x000001d9604a8f70 DEOPT PACKING pc=0x000001d94a78a8c8 sp=0x000000afad0ef570
Event: 42.346 Thread 0x000001d9604a8f70 DEOPT UNPACKING pc=0x000001d951e82b43 sp=0x000000afad0ee9f0 mode 0
Event: 42.346 Thread 0x000001d9604a8f70 DEOPT PACKING pc=0x000001d94a78a8c8 sp=0x000000afad0ef570
Event: 42.346 Thread 0x000001d9604a8f70 DEOPT UNPACKING pc=0x000001d951e82b43 sp=0x000000afad0ee9f0 mode 0
Event: 42.347 Thread 0x000001d9604a8f70 DEOPT PACKING pc=0x000001d94a78a8c8 sp=0x000000afad0ef570
Event: 42.347 Thread 0x000001d9604a8f70 DEOPT UNPACKING pc=0x000001d951e82b43 sp=0x000000afad0ee9f0 mode 0
Event: 42.347 Thread 0x000001d9604a8f70 DEOPT PACKING pc=0x000001d94a78a8c8 sp=0x000000afad0ef570
Event: 42.347 Thread 0x000001d9604a8f70 DEOPT UNPACKING pc=0x000001d951e82b43 sp=0x000000afad0ee9f0 mode 0

Classes unloaded (0 events):
No events

Classes redefined (0 events):
No events

Internal exceptions (20 events):
Event: 32.626 Thread 0x000001d902f30f80 Exception <a 'java/lang/NoSuchMethodError'{0x00000000c64ef430}: static Ljava/lang/Object;.<clinit>()V> (0x00000000c64ef430) 
thrown [s\open\src\hotspot\share\prims\jni.cpp, line 1112]
Event: 32.729 Thread 0x000001d902f30f80 Implicit null exception at 0x000001d95284c186 to 0x000001d95284d2a8
Event: 33.197 Thread 0x000001d902f30f80 Exception <a 'java/lang/NoSuchMethodError'{0x00000000c58baa50}: 'int java.lang.invoke.DirectMethodHandle$Holder.invokeStaticInit(java.lang.Object, java.lang.Object, java.lang.Object, java.lang.Object, java.lang.Object)'> (0x00000000c58baa50) 
thrown [s\open\src\hotspot\share\interpreter\linkResolver.cpp, line 759]
Event: 33.265 Thread 0x000001d960982fe0 Exception <a 'java/lang/NoSuchMethodError'{0x00000000c728b0f0}: static Lorg/gradle/internal/build/event/types/DefaultTaskSuccessResult;.<clinit>()V> (0x00000000c728b0f0) 
thrown [s\open\src\hotspot\share\prims\jni.cpp, line 1112]
Event: 33.272 Thread 0x000001d902f30f80 Exception <a 'sun/nio/fs/WindowsException'{0x00000000c72ad1f0}> (0x00000000c72ad1f0) 
thrown [s\open\src\hotspot\share\prims\jni.cpp, line 516]
Event: 33.275 Thread 0x000001d902f30f80 Exception <a 'sun/nio/fs/WindowsException'{0x00000000c72af778}> (0x00000000c72af778) 
thrown [s\open\src\hotspot\share\prims\jni.cpp, line 516]
Event: 33.277 Thread 0x000001d902f30f80 Exception <a 'sun/nio/fs/WindowsException'{0x00000000c72b1a70}> (0x00000000c72b1a70) 
thrown [s\open\src\hotspot\share\prims\jni.cpp, line 516]
Event: 33.278 Thread 0x000001d902f30f80 Exception <a 'sun/nio/fs/WindowsException'{0x00000000c72b3a70}> (0x00000000c72b3a70) 
thrown [s\open\src\hotspot\share\prims\jni.cpp, line 516]
Event: 33.287 Thread 0x000001d902f30f80 Exception <a 'sun/nio/fs/WindowsException'{0x00000000c72d1478}> (0x00000000c72d1478) 
thrown [s\open\src\hotspot\share\prims\jni.cpp, line 516]
Event: 33.288 Thread 0x000001d902f30f80 Exception <a 'sun/nio/fs/WindowsException'{0x00000000c72d36d8}> (0x00000000c72d36d8) 
thrown [s\open\src\hotspot\share\prims\jni.cpp, line 516]
Event: 33.289 Thread 0x000001d902f30f80 Exception <a 'sun/nio/fs/WindowsException'{0x00000000c7100328}> (0x00000000c7100328) 
thrown [s\open\src\hotspot\share\prims\jni.cpp, line 516]
Event: 34.612 Thread 0x000001d9604a8f70 Implicit null exception at 0x000001d9528dcdd1 to 0x000001d9528e0a30
Event: 39.637 Thread 0x000001d9604a8f70 Exception <a 'java/lang/NoSuchMethodError'{0x00000000c801b7a0}: 'java.lang.Object java.lang.invoke.Invokers$Holder.invokeExact_MT(java.lang.Object, java.lang.Object, java.lang.Object, int, java.lang.Object, java.lang.Object)'> (0x00000000c801b7a0) 
thrown [s\open\src\hotspot\share\interpreter\linkResolver.cpp, line 759]
Event: 40.378 Thread 0x000001d9604a8f70 Implicit null exception at 0x000001d95287aea0 to 0x000001d95287e2f8
Event: 40.438 Thread 0x000001d9604a8f70 Exception <a 'java/lang/ClassNotFoundException'{0x00000000c9c53ef0}: org/gradle/api/internal/plugins/DefaultObjectConfigurationActionBeanInfo> (0x00000000c9c53ef0) 
thrown [s\open\src\hotspot\share\classfile\systemDictionary.cpp, line 256]
Event: 40.440 Thread 0x000001d9604a8f70 Exception <a 'java/lang/ClassNotFoundException'{0x00000000c9c6dd90}: org/gradle/api/internal/plugins/DefaultObjectConfigurationActionCustomizer> (0x00000000c9c6dd90) 
thrown [s\open\src\hotspot\share\classfile\systemDictionary.cpp, line 256]
Event: 40.982 Thread 0x000001d9604a8f70 Exception <a 'java/lang/NoSuchMethodError'{0x00000000c87368a8}: 'java.lang.Object java.lang.invoke.DirectMethodHandle$Holder.invokeSpecial(java.lang.Object, java.lang.Object, long, java.lang.Object, java.lang.Object, java.lang.Object, java.lang.Object, java.lang.Object, java.lang.Object, java.lang.Object, java.lang.Object, java.lang.Object)'> (0x00000000c87368a8) 
thrown [s\open\src\hotspot\share\interpreter\linkResolver.cpp, line 759]
Event: 40.983 Thread 0x000001d9604a8f70 Exception <a 'java/lang/NoSuchMethodError'{0x00000000c873c838}: 'java.lang.Object java.lang.invoke.DelegatingMethodHandle$Holder.reinvoke_L(java.lang.Object, long, java.lang.Object, java.lang.Object, java.lang.Object, java.lang.Object, java.lang.Object, java.lang.Object, java.lang.Object, java.lang.Object, java.lang.Object)'> (0x00000000c873c838) 
thrown [s\open\src\hotspot\share\interpreter\linkResolver.cpp, line 759]
Event: 42.095 Thread 0x000001d9604a8f70 Implicit null exception at 0x000001d9525fcc0c to 0x000001d9525fcd3e
Event: 42.217 Thread 0x000001d9604a8f70 Implicit null exception at 0x000001d95288874a to 0x000001d952888fa0

VM Operations (20 events):
Event: 40.051 Executing VM operation: G1Concurrent done
Event: 40.106 Executing VM operation: HandshakeAllThreads
Event: 40.106 Executing VM operation: HandshakeAllThreads done
Event: 40.139 Executing VM operation: HandshakeAllThreads
Event: 40.139 Executing VM operation: HandshakeAllThreads done
Event: 40.357 Executing VM operation: G1CollectForAllocation
Event: 40.365 Executing VM operation: G1CollectForAllocation done
Event: 40.497 Executing VM operation: G1CollectForAllocation
Event: 40.501 Executing VM operation: G1CollectForAllocation done
Event: 41.266 Executing VM operation: G1CollectForAllocation
Event: 41.270 Executing VM operation: G1CollectForAllocation done
Event: 42.023 Executing VM operation: HandshakeAllThreads
Event: 42.023 Executing VM operation: HandshakeAllThreads done
Event: 42.035 Executing VM operation: G1CollectForAllocation
Event: 42.040 Executing VM operation: G1CollectForAllocation done
Event: 42.114 Executing VM operation: HandshakeAllThreads
Event: 42.115 Executing VM operation: HandshakeAllThreads done
Event: 42.271 Executing VM operation: G1TryInitiateConcMark
Event: 42.276 Executing VM operation: G1TryInitiateConcMark done
Event: 42.353 Executing VM operation: G1Concurrent

Events (20 events):
Event: 42.220 loading class java/security/interfaces/ECKey
Event: 42.220 loading class java/security/interfaces/ECKey done
Event: 42.220 loading class java/security/interfaces/XECKey
Event: 42.220 loading class java/security/interfaces/XECKey done
Event: 42.220 loading class sun/security/util/KeyUtil
Event: 42.221 loading class sun/security/util/KeyUtil done
Event: 42.221 loading class sun/security/util/Length
Event: 42.221 loading class sun/security/util/Length done
Event: 42.221 loading class javax/crypto/SecretKey
Event: 42.221 loading class javax/crypto/SecretKey done
Event: 42.222 loading class java/util/Base64
Event: 42.222 loading class java/util/Base64 done
Event: 42.222 loading class java/util/Base64$Decoder
Event: 42.223 loading class java/util/Base64$Decoder done
Event: 42.223 loading class java/util/Base64$Encoder
Event: 42.223 loading class java/util/Base64$Encoder done
Event: 42.225 loading class java/util/jar/JarVerifier$VerifierStream
Event: 42.226 loading class java/util/jar/JarVerifier$VerifierStream done
Event: 42.226 loading class sun/security/util/ManifestEntryVerifier$SunProviderHolder
Event: 42.227 loading class sun/security/util/ManifestEntryVerifier$SunProviderHolder done


Dynamic libraries:
0x00007ff71d960000 - 0x00007ff71d970000 	C:\Program Files\Java\jdk-17\bin\java.exe
0x00007ffd9ccc0000 - 0x00007ffd9cf27000 	C:\WINDOWS\SYSTEM32\ntdll.dll
0x00007ffd9c8e0000 - 0x00007ffd9c9a9000 	C:\WINDOWS\System32\KERNEL32.DLL
0x00007ffd99870000 - 0x00007ffd99c61000 	C:\WINDOWS\System32\KERNELBASE.dll
0x00007ffd9a910000 - 0x00007ffd9aa5b000 	C:\WINDOWS\System32\ucrtbase.dll
0x00007ffd78010000 - 0x00007ffd78029000 	C:\Program Files\Java\jdk-17\bin\jli.dll
0x00007ffd77c50000 - 0x00007ffd77c6b000 	C:\Program Files\Java\jdk-17\bin\VCRUNTIME140.dll
0x00007ffd9c9b0000 - 0x00007ffd9ca6b000 	C:\WINDOWS\System32\ADVAPI32.dll
0x00007ffd9cbd0000 - 0x00007ffd9cc79000 	C:\WINDOWS\System32\msvcrt.dll
0x00007ffd9c830000 - 0x00007ffd9c8d7000 	C:\WINDOWS\System32\sechost.dll
0x00007ffd9bbc0000 - 0x00007ffd9bcd8000 	C:\WINDOWS\System32\RPCRT4.dll
0x00007ffd9bfa0000 - 0x00007ffd9c165000 	C:\WINDOWS\System32\USER32.dll
0x00007ffd890b0000 - 0x00007ffd89343000 	C:\WINDOWS\WinSxS\amd64_microsoft.windows.common-controls_6595b64144ccf1df_6.0.26100.8037_none_3e092faae333b53b\COMCTL32.dll
0x00007ffd99c70000 - 0x00007ffd99c97000 	C:\WINDOWS\System32\win32u.dll
0x00007ffd9ad90000 - 0x00007ffd9adbb000 	C:\WINDOWS\System32\GDI32.dll
0x00007ffd9a730000 - 0x00007ffd9a85b000 	C:\WINDOWS\System32\gdi32full.dll
0x00007ffd99ca0000 - 0x00007ffd99d43000 	C:\WINDOWS\System32\msvcp_win.dll
0x00007ffd93520000 - 0x00007ffd9352b000 	C:\WINDOWS\SYSTEM32\VERSION.dll
0x00007ffd9ad50000 - 0x00007ffd9ad81000 	C:\WINDOWS\System32\IMM32.DLL
0x00007ffd948e0000 - 0x00007ffd948ec000 	C:\Program Files\Java\jdk-17\bin\vcruntime140_1.dll
0x00007ffd65370000 - 0x00007ffd653fe000 	C:\Program Files\Java\jdk-17\bin\msvcp140.dll
0x00007ffd1d3d0000 - 0x00007ffd1dfb0000 	C:\Program Files\Java\jdk-17\bin\server\jvm.dll
0x00007ffd9bbb0000 - 0x00007ffd9bbb8000 	C:\WINDOWS\System32\PSAPI.DLL
0x00007ffd91cb0000 - 0x00007ffd91cba000 	C:\WINDOWS\SYSTEM32\WSOCK32.dll
0x00007ffd92190000 - 0x00007ffd921c5000 	C:\WINDOWS\SYSTEM32\WINMM.dll
0x00007ffd9cb50000 - 0x00007ffd9cbc4000 	C:\WINDOWS\System32\WS2_32.dll
0x00007ffd98330000 - 0x00007ffd9834b000 	C:\WINDOWS\SYSTEM32\kernel.appcore.dll
0x00007ffd8a830000 - 0x00007ffd8a83a000 	C:\Program Files\Java\jdk-17\bin\jimage.dll
0x00007ffd97760000 - 0x00007ffd979a2000 	C:\WINDOWS\SYSTEM32\DBGHELP.DLL
0x00007ffd9b6d0000 - 0x00007ffd9ba52000 	C:\WINDOWS\System32\combase.dll
0x00007ffd9bce0000 - 0x00007ffd9bdb7000 	C:\WINDOWS\System32\OLEAUT32.dll
0x00007ffd88ed0000 - 0x00007ffd88f0b000 	C:\WINDOWS\SYSTEM32\dbgcore.DLL
0x00007ffd9a860000 - 0x00007ffd9a905000 	C:\WINDOWS\System32\bcryptPrimitives.dll
0x00007ffd8f2a0000 - 0x00007ffd8f2ae000 	C:\Program Files\Java\jdk-17\bin\instrument.dll
0x00007ffd65340000 - 0x00007ffd65365000 	C:\Program Files\Java\jdk-17\bin\java.dll
0x00007ffd2bbf0000 - 0x00007ffd2bcc7000 	C:\Program Files\Java\jdk-17\bin\jsvml.dll
0x00007ffd9adc0000 - 0x00007ffd9b51f000 	C:\WINDOWS\System32\SHELL32.dll
0x00007ffd9a5c0000 - 0x00007ffd9a72a000 	C:\WINDOWS\System32\wintypes.dll
0x00007ffd99d50000 - 0x00007ffd9a5b4000 	C:\WINDOWS\System32\windows.storage.dll
0x00007ffd9abc0000 - 0x00007ffd9acb7000 	C:\WINDOWS\System32\SHCORE.dll
0x00007ffd9ca90000 - 0x00007ffd9caf7000 	C:\WINDOWS\System32\shlwapi.dll
0x00007ffd994c0000 - 0x00007ffd994e9000 	C:\WINDOWS\SYSTEM32\profapi.dll
0x00007ffd6b700000 - 0x00007ffd6b718000 	C:\Program Files\Java\jdk-17\bin\zip.dll
0x00007ffd61e40000 - 0x00007ffd61e59000 	C:\Program Files\Java\jdk-17\bin\net.dll
0x00007ffd92630000 - 0x00007ffd92757000 	C:\WINDOWS\SYSTEM32\WINHTTP.dll
0x00007ffd988a0000 - 0x00007ffd9890b000 	C:\WINDOWS\system32\mswsock.dll
0x00007ffd61e20000 - 0x00007ffd61e36000 	C:\Program Files\Java\jdk-17\bin\nio.dll
0x00007ffd770f0000 - 0x00007ffd77100000 	C:\Program Files\Java\jdk-17\bin\verify.dll
0x00007ffd69960000 - 0x00007ffd69987000 	C:\Users\aavi7\.gradle\native\1def1411415f61bf3af743bc5b6707747c0891f09f0c88961ee8f79bc544acac\windows-amd64\native-platform.dll
0x00007ffd2be00000 - 0x00007ffd2be78000 	C:\Users\aavi7\.gradle\native\0.2.7\x86_64-windows-gnu\gradle-fileevents.dll
0x00007ffd6df60000 - 0x00007ffd6df6a000 	C:\Program Files\Java\jdk-17\bin\management.dll
0x00007ffd6b690000 - 0x00007ffd6b69b000 	C:\Program Files\Java\jdk-17\bin\management_ext.dll
0x00007ffd97d00000 - 0x00007ffd97d33000 	C:\WINDOWS\SYSTEM32\IPHLPAPI.DLL
0x00007ffd9ca70000 - 0x00007ffd9ca7a000 	C:\WINDOWS\System32\NSI.dll
0x00007ffd92990000 - 0x00007ffd929ad000 	C:\WINDOWS\SYSTEM32\dhcpcsvc6.DLL
0x00007ffd92920000 - 0x00007ffd92943000 	C:\WINDOWS\SYSTEM32\dhcpcsvc.DLL
0x00007ffd97d40000 - 0x00007ffd97e6a000 	C:\WINDOWS\SYSTEM32\DNSAPI.dll
0x00007ffd98b80000 - 0x00007ffd98b9b000 	C:\WINDOWS\SYSTEM32\CRYPTSP.dll
0x00007ffd98290000 - 0x00007ffd982c9000 	C:\WINDOWS\system32\rsaenh.dll
0x00007ffd98950000 - 0x00007ffd98982000 	C:\WINDOWS\SYSTEM32\USERENV.dll
0x00007ffd99490000 - 0x00007ffd994ba000 	C:\WINDOWS\SYSTEM32\bcrypt.dll
0x00007ffd98ba0000 - 0x00007ffd98bac000 	C:\WINDOWS\SYSTEM32\CRYPTBASE.dll
0x00007ffd7c1e0000 - 0x00007ffd7c1ee000 	C:\Program Files\Java\jdk-17\bin\sunmscapi.dll
0x00007ffd996f0000 - 0x00007ffd99867000 	C:\WINDOWS\System32\CRYPT32.dll
0x00007ffd98da0000 - 0x00007ffd98dd0000 	C:\WINDOWS\SYSTEM32\ncrypt.dll
0x00007ffd98d50000 - 0x00007ffd98d8f000 	C:\WINDOWS\SYSTEM32\NTASN1.dll
0x00007ffd5a030000 - 0x00007ffd5a038000 	C:\WINDOWS\system32\wshunix.dll
0x00007ffd7bcd0000 - 0x00007ffd7bce8000 	C:\WINDOWS\system32\napinsp.dll
0x00007ffd7b2d0000 - 0x00007ffd7b2e2000 	C:\WINDOWS\System32\winrnr.dll
0x00007ffd7b2a0000 - 0x00007ffd7b2c2000 	C:\WINDOWS\system32\nlansp_c.dll
0x00007ffd7b280000 - 0x00007ffd7b296000 	C:\WINDOWS\system32\wshbth.dll
0x00007ffd8c120000 - 0x00007ffd8c12b000 	C:\Windows\System32\rasadhlp.dll
0x00007ffd8f0c0000 - 0x00007ffd8f146000 	C:\WINDOWS\System32\fwpuclnt.dll

dbghelp: loaded successfully - version: 4.0.5 - missing functions: none
symbol engine: initialized successfully - sym options: 0x614 - pdb path: .;C:\Program Files\Java\jdk-17\bin;C:\WINDOWS\SYSTEM32;C:\WINDOWS\WinSxS\amd64_microsoft.windows.common-controls_6595b64144ccf1df_6.0.26100.8037_none_3e092faae333b53b;C:\Program Files\Java\jdk-17\bin\server;C:\Users\aavi7\.gradle\native\1def1411415f61bf3af743bc5b6707747c0891f09f0c88961ee8f79bc544acac\windows-amd64;C:\Users\aavi7\.gradle\native\0.2.7\x86_64-windows-gnu

VM Arguments:
jvm_args: --add-opens=java.base/java.lang=ALL-UNNAMED --add-opens=java.base/java.lang.invoke=ALL-UNNAMED --add-opens=java.base/java.util=ALL-UNNAMED --add-opens=java.prefs/java.util.prefs=ALL-UNNAMED --add-exports=jdk.compiler/com.sun.tools.javac.api=ALL-UNNAMED --add-exports=jdk.compiler/com.sun.tools.javac.util=ALL-UNNAMED --add-opens=java.base/java.util=ALL-UNNAMED --add-opens=java.prefs/java.util.prefs=ALL-UNNAMED --add-opens=java.base/java.nio.charset=ALL-UNNAMED --add-opens=java.base/java.net=ALL-UNNAMED --add-opens=java.base/java.util.concurrent.atomic=ALL-UNNAMED --add-opens=java.xml/javax.xml.namespace=ALL-UNNAMED -XX:MaxMetaspaceSize=512m -XX:ReservedCodeCacheSize=256m -XX:+HeapDumpOnOutOfMemoryError -Xmx1024m -Dfile.encoding=UTF-8 -Duser.country=IN -Duser.language=en -Duser.variant -javaagent:C:\Users\aavi7\.gradle\wrapper\dists\gradle-8.14-all\c2qonpi39x1mddn7hk5gh9iqj\gradle-8.14\lib\agents\gradle-instrumentation-agent-8.14.jar 
java_command: org.gradle.launcher.daemon.bootstrap.GradleDaemon 8.14
java_class_path (initial): C:\Users\aavi7\.gradle\wrapper\dists\gradle-8.14-all\c2qonpi39x1mddn7hk5gh9iqj\gradle-8.14\lib\gradle-daemon-main-8.14.jar
Launcher Type: SUN_STANDARD

[Global flags]
     intx CICompilerCount                          = 4                                         {product} {ergonomic}
   size_t CompressedClassSpaceSize                 = 436207616                                 {product} {ergonomic}
     uint ConcGCThreads                            = 3                                         {product} {ergonomic}
     uint G1ConcRefinementThreads                  = 10                                        {product} {ergonomic}
   size_t G1HeapRegionSize                         = 1048576                                   {product} {ergonomic}
    uintx GCDrainStackTargetSize                   = 64                                        {product} {ergonomic}
     bool HeapDumpOnOutOfMemoryError               = true                                   {manageable} {command line}
   size_t InitialHeapSize                          = 98566144                                  {product} {ergonomic}
   size_t MarkStackSize                            = 4194304                                   {product} {ergonomic}
   size_t MaxHeapSize                              = 1073741824                                {product} {command line}
   size_t MaxMetaspaceSize                         = 536870912                                 {product} {command line}
   size_t MaxNewSize                               = 643825664                                 {product} {ergonomic}
   size_t MinHeapDeltaBytes                        = 1048576                                   {product} {ergonomic}
   size_t MinHeapSize                              = 8388608                                   {product} {ergonomic}
    uintx NonNMethodCodeHeapSize                   = 5839372                                {pd product} {ergonomic}
    uintx NonProfiledCodeHeapSize                  = 131298042                              {pd product} {ergonomic}
    uintx ProfiledCodeHeapSize                     = 131298042                              {pd product} {ergonomic}
    uintx ReservedCodeCacheSize                    = 268435456                              {pd product} {command line}
     bool SegmentedCodeCache                       = true                                      {product} {ergonomic}
   size_t SoftMaxHeapSize                          = 1073741824                             {manageable} {ergonomic}
   double SweeperThreshold                         = 0.468750                                  {product} {ergonomic}
     bool UseCompressedClassPointers               = true                           {product lp64_product} {ergonomic}
     bool UseCompressedOops                        = true                           {product lp64_product} {ergonomic}
     bool UseG1GC                                  = true                                      {product} {ergonomic}
     bool UseLargePagesIndividualAllocation        = false                                  {pd product} {ergonomic}

Logging:
Log output configuration:
 #0: stdout all=warning uptime,level,tags
 #1: stderr all=off uptime,level,tags

Environment Variables:
JAVA_HOME=C:\Program Files\Java\jdk-17
PATH=C:\Ruby34-x64\bin;C:\Program Files\Java\jdk-17\bin;C:\oraclexe\app\oracle\product\10.2.0\server\bin;C:\WINDOWS\system32;C:\WINDOWS;C:\WINDOWS\System32\Wbem;C:\WINDOWS\System32\WindowsPowerShell\v1.0\;C:\WINDOWS\System32\OpenSSH\;C:\Program Files (x86)\Microsoft SQL Server\160\Tools\Binn\;C:\Program Files\Microsoft SQL Server\160\Tools\Binn\;C:\Program Files\Microsoft SQL Server\Client SDK\ODBC\170\Tools\Binn\;C:\Program Files\Microsoft SQL Server\160\DTS\Binn\;C:\Program Files\MongoDB\mongosh-2.2.6-win32-x64\bin;C:\Program Files\MongoDB\Server\7.0\bin\mongod.cfg;C:\Program Files\Git\cmd;C:\Program Files\MongoDB\Server\8.0\bin;C:\src\flutter\bin;C:\Users\aavi7\AppData\Local\nvm;C:\nvm4w\nodejs;C:\Users\aavi7\AppData\Local\Android\Sdk\platform-tools;C:\Ruby34-x64\bin;C:\Program Files\Java\jdk-17\bin;C:\oraclexe\app\oracle\product\10.2.0\server\bin;C:\WINDOWS\system32;C:\WINDOWS;C:\WINDOWS\System32\Wbem;C:\WINDOWS\System32\WindowsPowerShell\v1.0\;C:\WINDOWS\System32\OpenSSH\;C:\Program Files (x86)\Microsoft SQL Server\160\Tools\Binn\;C:\Program Files\Microsoft SQL Server\160\Tools\Binn\;C:\Program Files\Microsoft SQL Server\Client SDK\ODBC\170\Tools\Binn\;C:\Program Files\Microsoft SQL Server\160\DTS\Binn\;C:\Program Files\MongoDB\mongosh-2.2.6-win32-x64\bin;C:\Program Files\MongoDB\Server\7.0\bin\mongod.cfg;C:\Program Files\Git\cmd;C:\Program Files\MongoDB\Server\8.0\bin;C:\src\flutter\bin;C:\Users\aavi7\AppData\Local\nvm;C:\nvm4w\nodejs;C:\Users\aavi7\AppData\Local\Android\Sdk\platform-tools;;C:\Users\aavi7\AppData\Local\Pub\Cache\bin;C:\Users\aavi7\AppData\Local\Pub\Cache\bin;C:\Users\aavi7\AppData\Roaming\npm\node_modules\firebase-tools\lib\bin;C:\Users\aavi7\AppData\Roaming\npm\node_modules\firebase-tools\node_modules\.bin;C:\Users\aavi7\AppData\Local\nvm;C:\nvm4w\nodejs;C:\Users\aavi7\AppData\Local\nvm;C:\Users\aavi7\AppData\Local\Programs\Antigravity\bin;C:\Users\aavi7\AppData\Local\Android\Sdk\platform-tools;
USERNAME=aavi7
OS=Windows_NT
PROCESSOR_IDENTIFIER=AMD64 Family 23 Model 104 Stepping 1, AuthenticAMD



---------------  S Y S T E M  ---------------

OS:
 Windows 11 , 64 bit Build 26100 (10.0.26100.7920)
OS uptime: 0 days 1:15 hours
Hyper-V role detected

CPU: total 12 (initial active 12) (12 cores per cpu, 2 threads per core) family 23 model 104 stepping 1 microcode 0x8608109, cx8, cmov, fxsr, ht, mmx, 3dnowpref, sse, sse2, sse3, ssse3, sse4a, sse4.1, sse4.2, popcnt, lzcnt, tsc, tscinvbit, avx, avx2, aes, clmul, bmi1, bmi2, adx, sha, fma, vzeroupper, clflush, clflushopt, hv

Memory: 4k page, system-wide physical 5989M (220M free)
TotalPageFile size 24421M (AvailPageFile size 31M)
current process WorkingSet (physical memory assigned to process): 371M, peak: 380M
current process commit charge ("private bytes"): 445M, peak: 485M

vm_info: Java HotSpot(TM) 64-Bit Server VM (17.0.17+8-LTS-360) for windows-amd64 JRE (17.0.17+8-LTS-360), built on Sep 27 2025 05:17:01 by "mach5run" with MS VC++ 17.6 (VS2022)

END.
